# JRE version: Java(TM) SE Runtime Environment (7.0_76-b13) (build 1.7.0_76-b13)
# Java VM: Java HotSpot(TM) Server VM (24.76-b04 mixed mode linux-x86 )
Heap
 PSYoungGen      total 136960K, used 8698K [0x9ea80000, 0xa7980000, 0xb3540000)
  eden space 128256K, 0% used [0x9ea80000,0x9ea80000,0xa67c0000)
  from space 8704K, 99% used [0xa67c0000,0xa703e830,0xa7040000)
  to   space 7936K, 0% used [0xa7040000,0xa7040000,0xa7800000)
 ParOldGen       total 42240K, used 23013K [0x75540000, 0x77e80000, 0x9ea80000)
  object space 42240K, 54% used [0x75540000,0x76bb94f0,0x77e80000)
 PSPermGen       total 16384K, used 10062K [0x71540000, 0x72540000, 0x75540000)
  object space 16384K, 61% used [0x71540000,0x71f138d8,0x72540000)
GC Heap History (10 events):
Event: 0,716 GC heap after
Heap after GC invocations=2 (full 0):
 PSYoungGen      total 34816K, used 2062K [0x9ea80000, 0xa0f00000, 0xb3540000)
  eden space 32256K, 0% used [0x9ea80000,0x9ea80000,0xa0a00000)
  from space 2560K, 80% used [0xa0c80000,0xa0e83ba8,0xa0f00000)
  to   space 2560K, 0% used [0xa0a00000,0xa0a00000,0xa0c80000)
 ParOldGen       total 42240K, used 135K [0x75540000, 0x77e80000, 0x9ea80000)
  object space 42240K, 0% used [0x75540000,0x75561d38,0x77e80000)
 PSPermGen       total 16384K, used 4923K [0x71540000, 0x72540000, 0x75540000)
  object space 16384K, 30% used [0x71540000,0x71a0ee00,0x72540000)
}
Event: 1,618 GC heap before
{Heap before GC invocations=3 (full 0):
 PSYoungGen      total 34816K, used 34318K [0x9ea80000, 0xa0f00000, 0xb3540000)
  eden space 32256K, 100% used [0x9ea80000,0xa0a00000,0xa0a00000)
  from space 2560K, 80% used [0xa0c80000,0xa0e83ba8,0xa0f00000)
  to   space 2560K, 0% used [0xa0a00000,0xa0a00000,0xa0c80000)
 ParOldGen       total 42240K, used 135K [0x75540000, 0x77e80000, 0x9ea80000)
  object space 42240K, 0% used [0x75540000,0x75561d38,0x77e80000)
 PSPermGen       total 16384K, used 8001K [0x71540000, 0x72540000, 0x75540000)
  object space 16384K, 48% used [0x71540000,0x71d10718,0x72540000)
Event: 1,630 GC heap after
Heap after GC invocations=3 (full 0):
 PSYoungGen      total 34816K, used 2552K [0x9ea80000, 0xa2e80000, 0xb3540000)
  eden space 32256K, 0% used [0x9ea80000,0x9ea80000,0xa0a00000)
  from space 2560K, 99% used [0xa0a00000,0xa0c7e030,0xa0c80000)
  to   space 2560K, 0% used [0xa2c00000,0xa2c00000,0xa2e80000)
 ParOldGen       total 42240K, used 3650K [0x75540000, 0x77e80000, 0x9ea80000)
  object space 42240K, 8% used [0x75540000,0x758d0830,0x77e80000)
 PSPermGen       total 16384K, used 8001K [0x71540000, 0x72540000, 0x75540000)
  object space 16384K, 48% used [0x71540000,0x71d10718,0x72540000)
}
Event: 3,156 GC heap before
{Heap before GC invocations=4 (full 0):
 PSYoungGen      total 34816K, used 34808K [0x9ea80000, 0xa2e80000, 0xb3540000)
  eden space 32256K, 100% used [0x9ea80000,0xa0a00000,0xa0a00000)
  from space 2560K, 99% used [0xa0a00000,0xa0c7e030,0xa0c80000)
  to   space 2560K, 0% used [0xa2c00000,0xa2c00000,0xa2e80000)
 ParOldGen       total 42240K, used 3650K [0x75540000, 0x77e80000, 0x9ea80000)
  object space 42240K, 8% used [0x75540000,0x758d0830,0x77e80000)
 PSPermGen       total 16384K, used 8365K [0x71540000, 0x72540000, 0x75540000)
  object space 16384K, 51% used [0x71540000,0x71d6b550,0x72540000)
Event: 3,165 GC heap after
Heap after GC invocations=4 (full 0):
 PSYoungGen      total 67072K, used 2554K [0x9ea80000, 0xa2e80000, 0xb3540000)
  eden space 64512K, 0% used [0x9ea80000,0x9ea80000,0xa2980000)
  from space 2560K, 99% used [0xa2c00000,0xa2e7e810,0xa2e80000)
  to   space 2560K, 0% used [0xa2980000,0xa2980000,0xa2c00000)
 ParOldGen       total 42240K, used 6092K [0x75540000, 0x77e80000, 0x9ea80000)
  object space 42240K, 14% used [0x75540000,0x75b33008,0x77e80000)
 PSPermGen       total 16384K, used 8365K [0x71540000, 0x72540000, 0x75540000)
  object space 16384K, 51% used [0x71540000,0x71d6b550,0x72540000)
}
Event: 3,679 GC heap before
{Heap before GC invocations=5 (full 0):
 PSYoungGen      total 67072K, used 67066K [0x9ea80000, 0xa2e80000, 0xb3540000)
  eden space 64512K, 100% used [0x9ea80000,0xa2980000,0xa2980000)
  from space 2560K, 99% used [0xa2c00000,0xa2e7e810,0xa2e80000)
  to   space 2560K, 0% used [0xa2980000,0xa2980000,0xa2c00000)
 ParOldGen       total 42240K, used 6092K [0x75540000, 0x77e80000, 0x9ea80000)
  object space 42240K, 14% used [0x75540000,0x75b33008,0x77e80000)
 PSPermGen       total 16384K, used 8459K [0x71540000, 0x72540000, 0x75540000)
  object space 16384K, 51% used [0x71540000,0x71d82ec8,0x72540000)
Event: 3,691 GC heap after
Heap after GC invocations=5 (full 0):
 PSYoungGen      total 67072K, used 2560K [0x9ea80000, 0xa7800000, 0xb3540000)
  eden space 64512K, 0% used [0x9ea80000,0x9ea80000,0xa2980000)
  from space 2560K, 100% used [0xa2980000,0xa2c00000,0xa2c00000)
  to   space 7936K, 0% used [0xa7040000,0xa7040000,0xa7800000)
 ParOldGen       total 42240K, used 9916K [0x75540000, 0x77e80000, 0x9ea80000)
  object space 42240K, 23% used [0x75540000,0x75eef350,0x77e80000)
 PSPermGen       total 16384K, used 8459K [0x71540000, 0x72540000, 0x75540000)
  object space 16384K, 51% used [0x71540000,0x71d82ec8,0x72540000)
}
Event: 4,127 GC heap before
{Heap before GC invocations=6 (full 0):
 PSYoungGen      total 67072K, used 67072K [0x9ea80000, 0xa7800000, 0xb3540000)
  eden space 64512K, 100% used [0x9ea80000,0xa2980000,0xa2980000)
  from space 2560K, 100% used [0xa2980000,0xa2c00000,0xa2c00000)
  to   space 7936K, 0% used [0xa7040000,0xa7040000,0xa7800000)
 ParOldGen       total 42240K, used 9916K [0x75540000, 0x77e80000, 0x9ea80000)
  object space 42240K, 23% used [0x75540000,0x75eef350,0x77e80000)
 PSPermGen       total 16384K, used 8475K [0x71540000, 0x72540000, 0x75540000)
  object space 16384K, 51% used [0x71540000,0x71d86d58,0x72540000)
Event: 4,144 GC heap after
Heap after GC invocations=6 (full 0):
 PSYoungGen      total 136192K, used 6448K [0x9ea80000, 0xa7980000, 0xb3540000)
  eden space 128256K, 0% used [0x9ea80000,0x9ea80000,0xa67c0000)
  from space 7936K, 81% used [0xa7040000,0xa768c020,0xa7800000)
  to   space 8704K, 0% used [0xa67c0000,0xa67c0000,0xa7040000)
 ParOldGen       total 42240K, used 9916K [0x75540000, 0x77e80000, 0x9ea80000)
  object space 42240K, 23% used [0x75540000,0x75eef350,0x77e80000)
 PSPermGen       total 16384K, used 8475K [0x71540000, 0x72540000, 0x75540000)
  object space 16384K, 51% used [0x71540000,0x71d86d58,0x72540000)
}
Event: 8,342 GC heap before
{Heap before GC invocations=7 (full 0):
 PSYoungGen      total 136192K, used 134704K [0x9ea80000, 0xa7980000, 0xb3540000)
  eden space 128256K, 100% used [0x9ea80000,0xa67c0000,0xa67c0000)
  from space 7936K, 81% used [0xa7040000,0xa768c020,0xa7800000)
  to   space 8704K, 0% used [0xa67c0000,0xa67c0000,0xa7040000)
 ParOldGen       total 42240K, used 9916K [0x75540000, 0x77e80000, 0x9ea80000)
  object space 42240K, 23% used [0x75540000,0x75eef350,0x77e80000)
 PSPermGen       total 16384K, used 10062K [0x71540000, 0x72540000, 0x75540000)
  object space 16384K, 61% used [0x71540000,0x71f138d8,0x72540000)

