# JRE version: Java(TM) SE Runtime Environment (7.0_76-b13) (build 1.7.0_76-b13)
# Java VM: Java HotSpot(TM) Server VM (24.76-b04 mixed mode linux-x86 )
Heap
 PSYoungGen      total 135680K, used 9468K [0x9ea80000, 0xa7980000, 0xb3540000)
  eden space 126208K, 0% used [0x9ea80000,0x9ea80000,0xa65c0000)
  from space 9472K, 99% used [0xa65c0000,0xa6eff060,0xa6f00000)
  to   space 8192K, 0% used [0xa6f00000,0xa6f00000,0xa7700000)
 ParOldGen       total 42240K, used 22076K [0x75540000, 0x77e80000, 0x9ea80000)
  object space 42240K, 52% used [0x75540000,0x76acf388,0x77e80000)
 PSPermGen       total 16384K, used 10061K [0x71540000, 0x72540000, 0x75540000)
  object space 16384K, 61% used [0x71540000,0x71f136b0,0x72540000)
GC Heap History (10 events):
Event: 1,808 GC heap after
Heap after GC invocations=4 (full 0):
 PSYoungGen      total 34816K, used 2554K [0x9ea80000, 0xa0f00000, 0xb3540000)
  eden space 32256K, 0% used [0x9ea80000,0x9ea80000,0xa0a00000)
  from space 2560K, 99% used [0xa0c80000,0xa0efe850,0xa0f00000)
  to   space 2560K, 0% used [0xa0a00000,0xa0a00000,0xa0c80000)
 ParOldGen       total 42240K, used 2966K [0x75540000, 0x77e80000, 0x9ea80000)
  object space 42240K, 7% used [0x75540000,0x758258e8,0x77e80000)
 PSPermGen       total 16384K, used 8001K [0x71540000, 0x72540000, 0x75540000)
  object space 16384K, 48% used [0x71540000,0x71d10790,0x72540000)
}
Event: 2,711 GC heap before
{Heap before GC invocations=5 (full 0):
 PSYoungGen      total 34816K, used 34810K [0x9ea80000, 0xa0f00000, 0xb3540000)
  eden space 32256K, 100% used [0x9ea80000,0xa0a00000,0xa0a00000)
  from space 2560K, 99% used [0xa0c80000,0xa0efe850,0xa0f00000)
  to   space 2560K, 0% used [0xa0a00000,0xa0a00000,0xa0c80000)
 ParOldGen       total 42240K, used 2966K [0x75540000, 0x77e80000, 0x9ea80000)
  object space 42240K, 7% used [0x75540000,0x758258e8,0x77e80000)
 PSPermGen       total 16384K, used 8365K [0x71540000, 0x72540000, 0x75540000)
  object space 16384K, 51% used [0x71540000,0x71d6b5c0,0x72540000)
Event: 2,719 GC heap after
Heap after GC invocations=5 (full 0):
 PSYoungGen      total 34816K, used 2554K [0x9ea80000, 0xa3500000, 0xb3540000)
  eden space 32256K, 0% used [0x9ea80000,0x9ea80000,0xa0a00000)
  from space 2560K, 99% used [0xa0a00000,0xa0c7e820,0xa0c80000)
  to   space 5888K, 0% used [0xa2f40000,0xa2f40000,0xa3500000)
 ParOldGen       total 42240K, used 5545K [0x75540000, 0x77e80000, 0x9ea80000)
  object space 42240K, 13% used [0x75540000,0x75aaa7a8,0x77e80000)
 PSPermGen       total 16384K, used 8365K [0x71540000, 0x72540000, 0x75540000)
  object space 16384K, 51% used [0x71540000,0x71d6b5c0,0x72540000)
}
Event: 3,209 GC heap before
{Heap before GC invocations=6 (full 0):
 PSYoungGen      total 34816K, used 34810K [0x9ea80000, 0xa3500000, 0xb3540000)
  eden space 32256K, 100% used [0x9ea80000,0xa0a00000,0xa0a00000)
  from space 2560K, 99% used [0xa0a00000,0xa0c7e820,0xa0c80000)
  to   space 5888K, 0% used [0xa2f40000,0xa2f40000,0xa3500000)
 ParOldGen       total 42240K, used 5545K [0x75540000, 0x77e80000, 0x9ea80000)
  object space 42240K, 13% used [0x75540000,0x75aaa7a8,0x77e80000)
 PSPermGen       total 16384K, used 8431K [0x71540000, 0x72540000, 0x75540000)
  object space 16384K, 51% used [0x71540000,0x71d7bcd0,0x72540000)
Event: 3,233 GC heap after
Heap after GC invocations=6 (full 0):
 PSYoungGen      total 69632K, used 5440K [0x9ea80000, 0xa3680000, 0xb3540000)
  eden space 63744K, 0% used [0x9ea80000,0x9ea80000,0xa28c0000)
  from space 5888K, 92% used [0xa2f40000,0xa3490090,0xa3500000)
  to   space 6656K, 0% used [0xa28c0000,0xa28c0000,0xa2f40000)
 ParOldGen       total 42240K, used 5545K [0x75540000, 0x77e80000, 0x9ea80000)
  object space 42240K, 13% used [0x75540000,0x75aaa7a8,0x77e80000)
 PSPermGen       total 16384K, used 8431K [0x71540000, 0x72540000, 0x75540000)
  object space 16384K, 51% used [0x71540000,0x71d7bcd0,0x72540000)
}
Event: 3,877 GC heap before
{Heap before GC invocations=7 (full 0):
 PSYoungGen      total 69632K, used 69184K [0x9ea80000, 0xa3680000, 0xb3540000)
  eden space 63744K, 100% used [0x9ea80000,0xa28c0000,0xa28c0000)
  from space 5888K, 92% used [0xa2f40000,0xa3490090,0xa3500000)
  to   space 6656K, 0% used [0xa28c0000,0xa28c0000,0xa2f40000)
 ParOldGen       total 42240K, used 5545K [0x75540000, 0x77e80000, 0x9ea80000)
  object space 42240K, 13% used [0x75540000,0x75aaa7a8,0x77e80000)
 PSPermGen       total 16384K, used 8469K [0x71540000, 0x72540000, 0x75540000)
  object space 16384K, 51% used [0x71540000,0x71d85610,0x72540000)
Event: 3,902 GC heap after
Heap after GC invocations=7 (full 0):
 PSYoungGen      total 70400K, used 6656K [0x9ea80000, 0xa7700000, 0xb3540000)
  eden space 63744K, 0% used [0x9ea80000,0x9ea80000,0xa28c0000)
  from space 6656K, 100% used [0xa28c0000,0xa2f40000,0xa2f40000)
  to   space 8192K, 0% used [0xa6f00000,0xa6f00000,0xa7700000)
 ParOldGen       total 42240K, used 6848K [0x75540000, 0x77e80000, 0x9ea80000)
  object space 42240K, 16% used [0x75540000,0x75bf0078,0x77e80000)
 PSPermGen       total 16384K, used 8469K [0x71540000, 0x72540000, 0x75540000)
  object space 16384K, 51% used [0x71540000,0x71d85610,0x72540000)
}
Event: 4,675 GC heap before
{Heap before GC invocations=8 (full 0):
 PSYoungGen      total 70400K, used 70400K [0x9ea80000, 0xa7700000, 0xb3540000)
  eden space 63744K, 100% used [0x9ea80000,0xa28c0000,0xa28c0000)
  from space 6656K, 100% used [0xa28c0000,0xa2f40000,0xa2f40000)
  to   space 8192K, 0% used [0xa6f00000,0xa6f00000,0xa7700000)
 ParOldGen       total 42240K, used 6848K [0x75540000, 0x77e80000, 0x9ea80000)
  object space 42240K, 16% used [0x75540000,0x75bf0078,0x77e80000)
 PSPermGen       total 16384K, used 8489K [0x71540000, 0x72540000, 0x75540000)
  object space 16384K, 51% used [0x71540000,0x71d8a4c8,0x72540000)
Event: 4,718 GC heap after
Heap after GC invocations=8 (full 0):
 PSYoungGen      total 134400K, used 8176K [0x9ea80000, 0xa7980000, 0xb3540000)
  eden space 126208K, 0% used [0x9ea80000,0x9ea80000,0xa65c0000)
  from space 8192K, 99% used [0xa6f00000,0xa76fc000,0xa7700000)
  to   space 9472K, 0% used [0xa65c0000,0xa65c0000,0xa6f00000)
 ParOldGen       total 42240K, used 8028K [0x75540000, 0x77e80000, 0x9ea80000)
  object space 42240K, 19% used [0x75540000,0x75d17098,0x77e80000)
 PSPermGen       total 16384K, used 8489K [0x71540000, 0x72540000, 0x75540000)
  object space 16384K, 51% used [0x71540000,0x71d8a4c8,0x72540000)
}
Event: 12,211 GC heap before
{Heap before GC invocations=9 (full 0):
 PSYoungGen      total 134400K, used 134384K [0x9ea80000, 0xa7980000, 0xb3540000)
  eden space 126208K, 100% used [0x9ea80000,0xa65c0000,0xa65c0000)
  from space 8192K, 99% used [0xa6f00000,0xa76fc000,0xa7700000)
  to   space 9472K, 0% used [0xa65c0000,0xa65c0000,0xa6f00000)
 ParOldGen       total 42240K, used 8028K [0x75540000, 0x77e80000, 0x9ea80000)
  object space 42240K, 19% used [0x75540000,0x75d17098,0x77e80000)
 PSPermGen       total 16384K, used 10061K [0x71540000, 0x72540000, 0x75540000)
  object space 16384K, 61% used [0x71540000,0x71f136b0,0x72540000)

