<?xml version="1.0" encoding="UTF-8"?><testrun name="ServiceTest (2)" project="BirthTech" tests="1" started="1" failures="0" errors="1" ignored="0">
  <testsuite name="birthtech.service.tests.ServiceTest" time="0.231">
    <testcase name="test" classname="birthtech.service.tests.ServiceTest" time="0.231">
      <error>javax.persistence.PersistenceException: Invalid persistence.xml.
Error parsing XML (line-1 : column -1): cvc-complex-type.2.4.a: Invalid content was found starting with element 'shared-cache-mode'. One of '{"http://java.sun.com/xml/ns/persistence":class, "http://java.sun.com/xml/ns/persistence":exclude-unlisted-classes, "http://java.sun.com/xml/ns/persistence":properties}' is expected.
Error parsing XML (line-1 : column -1): cvc-complex-type.2.3: Element 'persistence' cannot have character [children], because the type's content type is element-only.

	at org.hibernate.ejb.packaging.PersistenceXmlLoader.loadURL(PersistenceXmlLoader.java:147)
	at org.hibernate.ejb.packaging.PersistenceXmlLoader.deploy(PersistenceXmlLoader.java:171)
	at org.hibernate.ejb.Ejb3Configuration.configure(Ejb3Configuration.java:325)
	at org.hibernate.ejb.HibernatePersistence.createEntityManagerFactory(HibernatePersistence.java:58)
	at javax.persistence.Persistence.createEntityManagerFactory(Persistence.java:55)
	at javax.persistence.Persistence.createEntityManagerFactory(Persistence.java:39)
	at birthtech.services.impl.ParentService.getEnitityManagerFactory(ParentService.java:62)
	at birthtech.services.impl.ParentService.&lt;init&gt;(ParentService.java:23)
	at birthtech.service.tests.ServiceTest.test(ServiceTest.java:17)
	at sun.reflect.NativeMethodAccessorImpl.invoke0(Native Method)
	at sun.reflect.NativeMethodAccessorImpl.invoke(NativeMethodAccessorImpl.java:57)
	at sun.reflect.DelegatingMethodAccessorImpl.invoke(DelegatingMethodAccessorImpl.java:43)
	at java.lang.reflect.Method.invoke(Method.java:606)
	at org.junit.runners.model.FrameworkMethod$1.runReflectiveCall(FrameworkMethod.java:47)
	at org.junit.internal.runners.model.ReflectiveCallable.run(ReflectiveCallable.java:12)
	at org.junit.runners.model.FrameworkMethod.invokeExplosively(FrameworkMethod.java:44)
	at org.junit.internal.runners.statements.InvokeMethod.evaluate(InvokeMethod.java:17)
	at org.junit.runners.ParentRunner.runLeaf(ParentRunner.java:271)
	at org.junit.runners.BlockJUnit4ClassRunner.runChild(BlockJUnit4ClassRunner.java:70)
	at org.junit.runners.BlockJUnit4ClassRunner.runChild(BlockJUnit4ClassRunner.java:50)
	at org.junit.runners.ParentRunner$3.run(ParentRunner.java:238)
	at org.junit.runners.ParentRunner$1.schedule(ParentRunner.java:63)
	at org.junit.runners.ParentRunner.runChildren(ParentRunner.java:236)
	at org.junit.runners.ParentRunner.access$000(ParentRunner.java:53)
	at org.junit.runners.ParentRunner$2.evaluate(ParentRunner.java:229)
	at org.junit.runners.ParentRunner.run(ParentRunner.java:309)
	at org.eclipse.jdt.internal.junit4.runner.JUnit4TestReference.run(JUnit4TestReference.java:50)
	at org.eclipse.jdt.internal.junit.runner.TestExecution.run(TestExecution.java:38)
	at org.eclipse.jdt.internal.junit.runner.RemoteTestRunner.runTests(RemoteTestRunner.java:459)
	at org.eclipse.jdt.internal.junit.runner.RemoteTestRunner.runTests(RemoteTestRunner.java:675)
	at org.eclipse.jdt.internal.junit.runner.RemoteTestRunner.run(RemoteTestRunner.java:382)
	at org.eclipse.jdt.internal.junit.runner.RemoteTestRunner.main(RemoteTestRunner.java:192)

</error>
    </testcase>
  </testsuite>
</testrun>
