<?xml version="1.0" encoding="UTF-8"?><testrun name="testing" project="userGate" tests="1" started="1" failures="0" errors="1" ignored="0">
  <testsuite name="userGate.testing" time="1.698">
    <testcase name="should_update_user_profile" classname="userGate.testing" time="1.698">
      <error>org.springframework.ldap.InvalidAttributeIdentifierException: [LDAP: error code 17 - cell: attribute type undefined]; nested exception is javax.naming.directory.InvalidAttributeIdentifierException: [LDAP: error code 17 - cell: attribute type undefined]; remaining name 'cn=lizo masikisiki,ou=users,ou=people,o=egoveSystem'
	at org.springframework.ldap.support.LdapUtils.convertLdapException(LdapUtils.java:116)
	at org.springframework.ldap.core.LdapTemplate.executeWithContext(LdapTemplate.java:809)
	at org.springframework.ldap.core.LdapTemplate.executeReadWrite(LdapTemplate.java:801)
	at org.springframework.ldap.core.LdapTemplate.modifyAttributes(LdapTemplate.java:981)
	at useraccount.soap.services.personImpl.updateUserAttribute(personImpl.java:403)
	at userGate.testing.should_update_user_profile(testing.java:36)
	at sun.reflect.NativeMethodAccessorImpl.invoke0(Native Method)
	at sun.reflect.NativeMethodAccessorImpl.invoke(NativeMethodAccessorImpl.java:57)
	at sun.reflect.DelegatingMethodAccessorImpl.invoke(DelegatingMethodAccessorImpl.java:43)
	at java.lang.reflect.Method.invoke(Method.java:606)
	at org.junit.runners.model.FrameworkMethod$1.runReflectiveCall(FrameworkMethod.java:47)
	at org.junit.internal.runners.model.ReflectiveCallable.run(ReflectiveCallable.java:12)
	at org.junit.runners.model.FrameworkMethod.invokeExplosively(FrameworkMethod.java:44)
	at org.junit.internal.runners.statements.InvokeMethod.evaluate(InvokeMethod.java:17)
	at org.junit.runners.ParentRunner.runLeaf(ParentRunner.java:271)
	at org.junit.runners.BlockJUnit4ClassRunner.runChild(BlockJUnit4ClassRunner.java:70)
	at org.junit.runners.BlockJUnit4ClassRunner.runChild(BlockJUnit4ClassRunner.java:50)
	at org.junit.runners.ParentRunner$3.run(ParentRunner.java:238)
	at org.junit.runners.ParentRunner$1.schedule(ParentRunner.java:63)
	at org.junit.runners.ParentRunner.runChildren(ParentRunner.java:236)
	at org.junit.runners.ParentRunner.access$000(ParentRunner.java:53)
	at org.junit.runners.ParentRunner$2.evaluate(ParentRunner.java:229)
	at org.junit.runners.ParentRunner.run(ParentRunner.java:309)
	at org.eclipse.jdt.internal.junit4.runner.JUnit4TestReference.run(JUnit4TestReference.java:50)
	at org.eclipse.jdt.internal.junit.runner.TestExecution.run(TestExecution.java:38)
	at org.eclipse.jdt.internal.junit.runner.RemoteTestRunner.runTests(RemoteTestRunner.java:459)
	at org.eclipse.jdt.internal.junit.runner.RemoteTestRunner.runTests(RemoteTestRunner.java:675)
	at org.eclipse.jdt.internal.junit.runner.RemoteTestRunner.run(RemoteTestRunner.java:382)
	at org.eclipse.jdt.internal.junit.runner.RemoteTestRunner.main(RemoteTestRunner.java:192)
Caused by: javax.naming.directory.InvalidAttributeIdentifierException: [LDAP: error code 17 - cell: attribute type undefined]; remaining name 'cn=lizo masikisiki,ou=users,ou=people,o=egoveSystem'
	at com.sun.jndi.ldap.LdapCtx.mapErrorCode(LdapCtx.java:3156)
	at com.sun.jndi.ldap.LdapCtx.processReturnCode(LdapCtx.java:3033)
	at com.sun.jndi.ldap.LdapCtx.processReturnCode(LdapCtx.java:2840)
	at com.sun.jndi.ldap.LdapCtx.c_modifyAttributes(LdapCtx.java:1478)
	at com.sun.jndi.toolkit.ctx.ComponentDirContext.p_modifyAttributes(ComponentDirContext.java:273)
	at com.sun.jndi.toolkit.ctx.PartialCompositeDirContext.modifyAttributes(PartialCompositeDirContext.java:190)
	at com.sun.jndi.toolkit.ctx.PartialCompositeDirContext.modifyAttributes(PartialCompositeDirContext.java:179)
	at javax.naming.directory.InitialDirContext.modifyAttributes(InitialDirContext.java:167)
	at org.springframework.ldap.core.LdapTemplate$20.executeWithContext(LdapTemplate.java:983)
	at org.springframework.ldap.core.LdapTemplate.executeWithContext(LdapTemplate.java:806)
	... 27 more

</error>
    </testcase>
  </testsuite>
</testrun>
