# JRE version: Java(TM) SE Runtime Environment (7.0_76-b13) (build 1.7.0_76-b13)
# Java VM: Java HotSpot(TM) Server VM (24.76-b04 mixed mode linux-x86 )
Heap
 PSYoungGen      total 15616K, used 14648K [0x9eb00000, 0xa0340000, 0xb35c0000)
  eden space 14080K, 94% used [0x9eb00000,0x9f80c818,0x9f8c0000)
  from space 1536K, 83% used [0x9fa40000,0x9fb81b60,0x9fbc0000)
  to   space 5376K, 0% used [0x9fe00000,0x9fe00000,0xa0340000)
 ParOldGen       total 42240K, used 11751K [0x755c0000, 0x77f00000, 0x9eb00000)
  object space 42240K, 27% used [0x755c0000,0x76139ca0,0x77f00000)
 PSPermGen       total 16384K, used 16360K [0x715c0000, 0x725c0000, 0x755c0000)
  object space 16384K, 99% used [0x715c0000,0x725ba0b0,0x725c0000)
GC Heap History (10 events):
Event: 8,837 GC heap before
{Heap before GC invocations=9 (full 0):
 PSYoungGen      total 20224K, used 18763K [0x9eb00000, 0xa0440000, 0xb35c0000)
  eden space 15104K, 100% used [0x9eb00000,0x9f9c0000,0x9f9c0000)
  from space 5120K, 71% used [0x9ff40000,0xa02d2f38,0xa0440000)
  to   space 5376K, 0% used [0x9f9c0000,0x9f9c0000,0x9ff00000)
 ParOldGen       total 42240K, used 6183K [0x755c0000, 0x77f00000, 0x9eb00000)
  object space 42240K, 14% used [0x755c0000,0x75bc9fa8,0x77f00000)
 PSPermGen       total 16384K, used 11332K [0x715c0000, 0x725c0000, 0x755c0000)
  object space 16384K, 69% used [0x715c0000,0x720d1168,0x725c0000)
Event: 8,843 GC heap after
Heap after GC invocations=9 (full 0):
 PSYoungGen      total 20480K, used 2651K [0x9eb00000, 0xa0d40000, 0xb35c0000)
  eden space 15104K, 0% used [0x9eb00000,0x9eb00000,0x9f9c0000)
  from space 5376K, 49% used [0x9f9c0000,0x9fc56ea0,0x9ff00000)
  to   space 5376K, 0% used [0xa0800000,0xa0800000,0xa0d40000)
 ParOldGen       total 42240K, used 7623K [0x755c0000, 0x77f00000, 0x9eb00000)
  object space 42240K, 18% used [0x755c0000,0x75d31fa8,0x77f00000)
 PSPermGen       total 16384K, used 11332K [0x715c0000, 0x725c0000, 0x755c0000)
  object space 16384K, 69% used [0x715c0000,0x720d1168,0x725c0000)
}
Event: 13,347 GC heap before
{Heap before GC invocations=10 (full 0):
 PSYoungGen      total 20480K, used 17755K [0x9eb00000, 0xa0d40000, 0xb35c0000)
  eden space 15104K, 100% used [0x9eb00000,0x9f9c0000,0x9f9c0000)
  from space 5376K, 49% used [0x9f9c0000,0x9fc56ea0,0x9ff00000)
  to   space 5376K, 0% used [0xa0800000,0xa0800000,0xa0d40000)
 ParOldGen       total 42240K, used 7623K [0x755c0000, 0x77f00000, 0x9eb00000)
  object space 42240K, 18% used [0x755c0000,0x75d31fa8,0x77f00000)
 PSPermGen       total 16384K, used 12466K [0x715c0000, 0x725c0000, 0x755c0000)
  object space 16384K, 76% used [0x715c0000,0x721ecb58,0x725c0000)
Event: 13,362 GC heap after
Heap after GC invocations=10 (full 0):
 PSYoungGen      total 16896K, used 2002K [0x9eb00000, 0xa0a00000, 0xb35c0000)
  eden space 14848K, 0% used [0x9eb00000,0x9eb00000,0x9f980000)
  from space 2048K, 97% used [0xa0800000,0xa09f4a78,0xa0a00000)
  to   space 5376K, 0% used [0x9ff80000,0x9ff80000,0xa04c0000)
 ParOldGen       total 42240K, used 9021K [0x755c0000, 0x77f00000, 0x9eb00000)
  object space 42240K, 21% used [0x755c0000,0x75e8f568,0x77f00000)
 PSPermGen       total 16384K, used 12466K [0x715c0000, 0x725c0000, 0x755c0000)
  object space 16384K, 76% used [0x715c0000,0x721ecb58,0x725c0000)
}
Event: 15,612 GC heap before
{Heap before GC invocations=11 (full 0):
 PSYoungGen      total 16896K, used 16850K [0x9eb00000, 0xa0a00000, 0xb35c0000)
  eden space 14848K, 100% used [0x9eb00000,0x9f980000,0x9f980000)
  from space 2048K, 97% used [0xa0800000,0xa09f4a78,0xa0a00000)
  to   space 5376K, 0% used [0x9ff80000,0x9ff80000,0xa04c0000)
 ParOldGen       total 42240K, used 9021K [0x755c0000, 0x77f00000, 0x9eb00000)
  object space 42240K, 21% used [0x755c0000,0x75e8f568,0x77f00000)
 PSPermGen       total 16384K, used 13892K [0x715c0000, 0x725c0000, 0x755c0000)
  object space 16384K, 84% used [0x715c0000,0x723511f0,0x725c0000)
Event: 15,615 GC heap after
Heap after GC invocations=11 (full 0):
 PSYoungGen      total 16384K, used 1572K [0x9eb00000, 0xa0840000, 0xb35c0000)
  eden space 14592K, 0% used [0x9eb00000,0x9eb00000,0x9f940000)
  from space 1792K, 87% used [0x9ff80000,0xa0109118,0xa0140000)
  to   space 5376K, 0% used [0xa0300000,0xa0300000,0xa0840000)
 ParOldGen       total 42240K, used 9917K [0x755c0000, 0x77f00000, 0x9eb00000)
  object space 42240K, 23% used [0x755c0000,0x75f6f568,0x77f00000)
 PSPermGen       total 16384K, used 13892K [0x715c0000, 0x725c0000, 0x755c0000)
  object space 16384K, 84% used [0x715c0000,0x723511f0,0x725c0000)
}
Event: 16,259 GC heap before
{Heap before GC invocations=12 (full 0):
 PSYoungGen      total 16384K, used 16164K [0x9eb00000, 0xa0840000, 0xb35c0000)
  eden space 14592K, 100% used [0x9eb00000,0x9f940000,0x9f940000)
  from space 1792K, 87% used [0x9ff80000,0xa0109118,0xa0140000)
  to   space 5376K, 0% used [0xa0300000,0xa0300000,0xa0840000)
 ParOldGen       total 42240K, used 9917K [0x755c0000, 0x77f00000, 0x9eb00000)
  object space 42240K, 23% used [0x755c0000,0x75f6f568,0x77f00000)
 PSPermGen       total 16384K, used 14414K [0x715c0000, 0x725c0000, 0x755c0000)
  object space 16384K, 87% used [0x715c0000,0x723d3840,0x725c0000)
Event: 16,264 GC heap after
Heap after GC invocations=12 (full 0):
 PSYoungGen      total 16128K, used 1675K [0x9eb00000, 0xa04c0000, 0xb35c0000)
  eden space 14336K, 0% used [0x9eb00000,0x9eb00000,0x9f900000)
  from space 1792K, 93% used [0xa0300000,0xa04a2d08,0xa04c0000)
  to   space 5376K, 0% used [0x9fa40000,0x9fa40000,0x9ff80000)
 ParOldGen       total 42240K, used 10672K [0x755c0000, 0x77f00000, 0x9eb00000)
  object space 42240K, 25% used [0x755c0000,0x7602c200,0x77f00000)
 PSPermGen       total 16384K, used 14414K [0x715c0000, 0x725c0000, 0x755c0000)
  object space 16384K, 87% used [0x715c0000,0x723d3840,0x725c0000)
}
Event: 17,220 GC heap before
{Heap before GC invocations=13 (full 0):
 PSYoungGen      total 16128K, used 16011K [0x9eb00000, 0xa04c0000, 0xb35c0000)
  eden space 14336K, 100% used [0x9eb00000,0x9f900000,0x9f900000)
  from space 1792K, 93% used [0xa0300000,0xa04a2d08,0xa04c0000)
  to   space 5376K, 0% used [0x9fa40000,0x9fa40000,0x9ff80000)
 ParOldGen       total 42240K, used 10672K [0x755c0000, 0x77f00000, 0x9eb00000)
  object space 42240K, 25% used [0x755c0000,0x7602c200,0x77f00000)
 PSPermGen       total 16384K, used 15368K [0x715c0000, 0x725c0000, 0x755c0000)
  object space 16384K, 93% used [0x715c0000,0x724c2190,0x725c0000)
Event: 17,224 GC heap after
Heap after GC invocations=13 (full 0):
 PSYoungGen      total 15616K, used 1286K [0x9eb00000, 0xa0340000, 0xb35c0000)
  eden space 14080K, 0% used [0x9eb00000,0x9eb00000,0x9f8c0000)
  from space 1536K, 83% used [0x9fa40000,0x9fb81b60,0x9fbc0000)
  to   space 5376K, 0% used [0x9fe00000,0x9fe00000,0xa0340000)
 ParOldGen       total 42240K, used 11751K [0x755c0000, 0x77f00000, 0x9eb00000)
  object space 42240K, 27% used [0x755c0000,0x76139ca0,0x77f00000)
 PSPermGen       total 16384K, used 15368K [0x715c0000, 0x725c0000, 0x755c0000)
  object space 16384K, 93% used [0x715c0000,0x724c2190,0x725c0000)
}

