# JRE version: Java(TM) SE Runtime Environment (7.0_76-b13) (build 1.7.0_76-b13)
# Java VM: Java HotSpot(TM) Server VM (24.76-b04 mixed mode linux-x86 )
Heap
 PSYoungGen      total 70656K, used 46319K [0x9eac0000, 0xa79c0000, 0xb3580000)
  eden space 63744K, 61% used [0x9eac0000,0xa113ee10,0xa2900000)
  from space 6912K, 99% used [0xa2900000,0xa2fbd080,0xa2fc0000)
  to   space 9472K, 0% used [0xa7080000,0xa7080000,0xa79c0000)
 ParOldGen       total 42240K, used 8415K [0x75580000, 0x77ec0000, 0x9eac0000)
  object space 42240K, 19% used [0x75580000,0x75db7c90,0x77ec0000)
 PSPermGen       total 16640K, used 16444K [0x71580000, 0x725c0000, 0x75580000)
  object space 16640K, 98% used [0x71580000,0x7258f3b8,0x725c0000)
GC Heap History (10 events):
Event: 1,221 GC heap before
{Heap before GC invocations=3 (full 0):
 PSYoungGen      total 18688K, used 18685K [0x9eac0000, 0xa0f40000, 0xb3580000)
  eden space 16128K, 100% used [0x9eac0000,0x9fa80000,0x9fa80000)
  from space 2560K, 99% used [0x9fd00000,0x9ff7f708,0x9ff80000)
  to   space 2560K, 0% used [0x9fa80000,0x9fa80000,0x9fd00000)
 ParOldGen       total 42240K, used 239K [0x75580000, 0x77ec0000, 0x9eac0000)
  object space 42240K, 0% used [0x75580000,0x755bbd68,0x77ec0000)
 PSPermGen       total 16384K, used 6500K [0x71580000, 0x72580000, 0x75580000)
  object space 16384K, 39% used [0x71580000,0x71bd9118,0x72580000)
Event: 1,230 GC heap after
Heap after GC invocations=3 (full 0):
 PSYoungGen      total 18688K, used 2547K [0x9eac0000, 0xa0f40000, 0xb3580000)
  eden space 16128K, 0% used [0x9eac0000,0x9eac0000,0x9fa80000)
  from space 2560K, 99% used [0x9fa80000,0x9fcfcef0,0x9fd00000)
  to   space 2560K, 0% used [0xa0cc0000,0xa0cc0000,0xa0f40000)
 ParOldGen       total 42240K, used 1179K [0x75580000, 0x77ec0000, 0x9eac0000)
  object space 42240K, 2% used [0x75580000,0x756a6fc8,0x77ec0000)
 PSPermGen       total 16384K, used 6500K [0x71580000, 0x72580000, 0x75580000)
  object space 16384K, 39% used [0x71580000,0x71bd9118,0x72580000)
}
Event: 1,388 GC heap before
{Heap before GC invocations=4 (full 0):
 PSYoungGen      total 18688K, used 18675K [0x9eac0000, 0xa0f40000, 0xb3580000)
  eden space 16128K, 100% used [0x9eac0000,0x9fa80000,0x9fa80000)
  from space 2560K, 99% used [0x9fa80000,0x9fcfcef0,0x9fd00000)
  to   space 2560K, 0% used [0xa0cc0000,0xa0cc0000,0xa0f40000)
 ParOldGen       total 42240K, used 1179K [0x75580000, 0x77ec0000, 0x9eac0000)
  object space 42240K, 2% used [0x75580000,0x756a6fc8,0x77ec0000)
 PSPermGen       total 16384K, used 7744K [0x71580000, 0x72580000, 0x75580000)
  object space 16384K, 47% used [0x71580000,0x71d103b0,0x72580000)
Event: 1,393 GC heap after
Heap after GC invocations=4 (full 0):
 PSYoungGen      total 34816K, used 2547K [0x9eac0000, 0xa0f40000, 0xb3580000)
  eden space 32256K, 0% used [0x9eac0000,0x9eac0000,0xa0a40000)
  from space 2560K, 99% used [0xa0cc0000,0xa0f3cd58,0xa0f40000)
  to   space 2560K, 0% used [0xa0a40000,0xa0a40000,0xa0cc0000)
 ParOldGen       total 42240K, used 2590K [0x75580000, 0x77ec0000, 0x9eac0000)
  object space 42240K, 6% used [0x75580000,0x75807b90,0x77ec0000)
 PSPermGen       total 16384K, used 7744K [0x71580000, 0x72580000, 0x75580000)
  object space 16384K, 47% used [0x71580000,0x71d103b0,0x72580000)
}
Event: 1,938 GC heap before
{Heap before GC invocations=5 (full 0):
 PSYoungGen      total 34816K, used 34803K [0x9eac0000, 0xa0f40000, 0xb3580000)
  eden space 32256K, 100% used [0x9eac0000,0xa0a40000,0xa0a40000)
  from space 2560K, 99% used [0xa0cc0000,0xa0f3cd58,0xa0f40000)
  to   space 2560K, 0% used [0xa0a40000,0xa0a40000,0xa0cc0000)
 ParOldGen       total 42240K, used 2590K [0x75580000, 0x77ec0000, 0x9eac0000)
  object space 42240K, 6% used [0x75580000,0x75807b90,0x77ec0000)
 PSPermGen       total 16384K, used 9522K [0x71580000, 0x72580000, 0x75580000)
  object space 16384K, 58% used [0x71580000,0x71eccac8,0x72580000)
Event: 1,945 GC heap after
Heap after GC invocations=5 (full 0):
 PSYoungGen      total 34816K, used 2552K [0x9eac0000, 0xa35c0000, 0xb3580000)
  eden space 32256K, 0% used [0x9eac0000,0x9eac0000,0xa0a40000)
  from space 2560K, 99% used [0xa0a40000,0xa0cbe098,0xa0cc0000)
  to   space 6144K, 0% used [0xa2fc0000,0xa2fc0000,0xa35c0000)
 ParOldGen       total 42240K, used 5489K [0x75580000, 0x77ec0000, 0x9eac0000)
  object space 42240K, 12% used [0x75580000,0x75adc618,0x77ec0000)
 PSPermGen       total 16384K, used 9522K [0x71580000, 0x72580000, 0x75580000)
  object space 16384K, 58% used [0x71580000,0x71eccac8,0x72580000)
}
Event: 2,374 GC heap before
{Heap before GC invocations=6 (full 0):
 PSYoungGen      total 34816K, used 34808K [0x9eac0000, 0xa35c0000, 0xb3580000)
  eden space 32256K, 100% used [0x9eac0000,0xa0a40000,0xa0a40000)
  from space 2560K, 99% used [0xa0a40000,0xa0cbe098,0xa0cc0000)
  to   space 6144K, 0% used [0xa2fc0000,0xa2fc0000,0xa35c0000)
 ParOldGen       total 42240K, used 5489K [0x75580000, 0x77ec0000, 0x9eac0000)
  object space 42240K, 12% used [0x75580000,0x75adc618,0x77ec0000)
 PSPermGen       total 16384K, used 10839K [0x71580000, 0x72580000, 0x75580000)
  object space 16384K, 66% used [0x71580000,0x72015f10,0x72580000)
Event: 2,381 GC heap after
Heap after GC invocations=6 (full 0):
 PSYoungGen      total 69888K, used 5385K [0x9eac0000, 0xa3740000, 0xb3580000)
  eden space 63744K, 0% used [0x9eac0000,0x9eac0000,0xa2900000)
  from space 6144K, 87% used [0xa2fc0000,0xa35026b8,0xa35c0000)
  to   space 6912K, 0% used [0xa2900000,0xa2900000,0xa2fc0000)
 ParOldGen       total 42240K, used 5493K [0x75580000, 0x77ec0000, 0x9eac0000)
  object space 42240K, 13% used [0x75580000,0x75add618,0x77ec0000)
 PSPermGen       total 16384K, used 10839K [0x71580000, 0x72580000, 0x75580000)
  object space 16384K, 66% used [0x71580000,0x72015f10,0x72580000)
}
Event: 3,382 GC heap before
{Heap before GC invocations=7 (full 0):
 PSYoungGen      total 69888K, used 69129K [0x9eac0000, 0xa3740000, 0xb3580000)
  eden space 63744K, 100% used [0x9eac0000,0xa2900000,0xa2900000)
  from space 6144K, 87% used [0xa2fc0000,0xa35026b8,0xa35c0000)
  to   space 6912K, 0% used [0xa2900000,0xa2900000,0xa2fc0000)
 ParOldGen       total 42240K, used 5493K [0x75580000, 0x77ec0000, 0x9eac0000)
  object space 42240K, 13% used [0x75580000,0x75add618,0x77ec0000)
 PSPermGen       total 16384K, used 14828K [0x71580000, 0x72580000, 0x75580000)
  object space 16384K, 90% used [0x71580000,0x723fb188,0x72580000)
Event: 3,427 GC heap after
Heap after GC invocations=7 (full 0):
 PSYoungGen      total 70656K, used 6900K [0x9eac0000, 0xa79c0000, 0xb3580000)
  eden space 63744K, 0% used [0x9eac0000,0x9eac0000,0xa2900000)
  from space 6912K, 99% used [0xa2900000,0xa2fbd080,0xa2fc0000)
  to   space 9472K, 0% used [0xa7080000,0xa7080000,0xa79c0000)
 ParOldGen       total 42240K, used 8415K [0x75580000, 0x77ec0000, 0x9eac0000)
  object space 42240K, 19% used [0x75580000,0x75db7c90,0x77ec0000)
 PSPermGen       total 16384K, used 14828K [0x71580000, 0x72580000, 0x75580000)
  object space 16384K, 90% used [0x71580000,0x723fb188,0x72580000)
}

