# JRE version: Java(TM) SE Runtime Environment (7.0_76-b13) (build 1.7.0_76-b13)
# Java VM: Java HotSpot(TM) Server VM (24.76-b04 mixed mode linux-x86 )
Heap
 PSYoungGen      total 70656K, used 39967K [0x9ea80000, 0xa7980000, 0xb3540000)
  eden space 63744K, 51% used [0x9ea80000,0xa0ac8898,0xa28c0000)
  from space 6912K, 99% used [0xa28c0000,0xa2f7f398,0xa2f80000)
  to   space 9472K, 0% used [0xa7040000,0xa7040000,0xa7980000)
 ParOldGen       total 42240K, used 8560K [0x75540000, 0x77e80000, 0x9ea80000)
  object space 42240K, 20% used [0x75540000,0x75d9c1c8,0x77e80000)
 PSPermGen       total 16640K, used 16445K [0x71540000, 0x72580000, 0x75540000)
  object space 16640K, 98% used [0x71540000,0x7254f6d8,0x72580000)
GC Heap History (10 events):
Event: 1,065 GC heap before
{Heap before GC invocations=3 (full 0):
 PSYoungGen      total 18688K, used 18683K [0x9ea80000, 0xa0f00000, 0xb3540000)
  eden space 16128K, 100% used [0x9ea80000,0x9fa40000,0x9fa40000)
  from space 2560K, 99% used [0x9fcc0000,0x9ff3ed88,0x9ff40000)
  to   space 2560K, 0% used [0x9fa40000,0x9fa40000,0x9fcc0000)
 ParOldGen       total 42240K, used 251K [0x75540000, 0x77e80000, 0x9ea80000)
  object space 42240K, 0% used [0x75540000,0x7557ed28,0x77e80000)
 PSPermGen       total 16384K, used 6506K [0x71540000, 0x72540000, 0x75540000)
  object space 16384K, 39% used [0x71540000,0x71b9aaa8,0x72540000)
Event: 1,076 GC heap after
Heap after GC invocations=3 (full 0):
 PSYoungGen      total 18688K, used 2552K [0x9ea80000, 0xa0f00000, 0xb3540000)
  eden space 16128K, 0% used [0x9ea80000,0x9ea80000,0x9fa40000)
  from space 2560K, 99% used [0x9fa40000,0x9fcbe270,0x9fcc0000)
  to   space 2560K, 0% used [0xa0c80000,0xa0c80000,0xa0f00000)
 ParOldGen       total 42240K, used 1217K [0x75540000, 0x77e80000, 0x9ea80000)
  object space 42240K, 2% used [0x75540000,0x756707c0,0x77e80000)
 PSPermGen       total 16384K, used 6506K [0x71540000, 0x72540000, 0x75540000)
  object space 16384K, 39% used [0x71540000,0x71b9aaa8,0x72540000)
}
Event: 1,220 GC heap before
{Heap before GC invocations=4 (full 0):
 PSYoungGen      total 18688K, used 18680K [0x9ea80000, 0xa0f00000, 0xb3540000)
  eden space 16128K, 100% used [0x9ea80000,0x9fa40000,0x9fa40000)
  from space 2560K, 99% used [0x9fa40000,0x9fcbe270,0x9fcc0000)
  to   space 2560K, 0% used [0xa0c80000,0xa0c80000,0xa0f00000)
 ParOldGen       total 42240K, used 1217K [0x75540000, 0x77e80000, 0x9ea80000)
  object space 42240K, 2% used [0x75540000,0x756707c0,0x77e80000)
 PSPermGen       total 16384K, used 7752K [0x71540000, 0x72540000, 0x75540000)
  object space 16384K, 47% used [0x71540000,0x71cd2048,0x72540000)
Event: 1,228 GC heap after
Heap after GC invocations=4 (full 0):
 PSYoungGen      total 34816K, used 2552K [0x9ea80000, 0xa0f00000, 0xb3540000)
  eden space 32256K, 0% used [0x9ea80000,0x9ea80000,0xa0a00000)
  from space 2560K, 99% used [0xa0c80000,0xa0efe0b8,0xa0f00000)
  to   space 2560K, 0% used [0xa0a00000,0xa0a00000,0xa0c80000)
 ParOldGen       total 42240K, used 2613K [0x75540000, 0x77e80000, 0x9ea80000)
  object space 42240K, 6% used [0x75540000,0x757cd488,0x77e80000)
 PSPermGen       total 16384K, used 7752K [0x71540000, 0x72540000, 0x75540000)
  object space 16384K, 47% used [0x71540000,0x71cd2048,0x72540000)
}
Event: 1,691 GC heap before
{Heap before GC invocations=5 (full 0):
 PSYoungGen      total 34816K, used 34808K [0x9ea80000, 0xa0f00000, 0xb3540000)
  eden space 32256K, 100% used [0x9ea80000,0xa0a00000,0xa0a00000)
  from space 2560K, 99% used [0xa0c80000,0xa0efe0b8,0xa0f00000)
  to   space 2560K, 0% used [0xa0a00000,0xa0a00000,0xa0c80000)
 ParOldGen       total 42240K, used 2613K [0x75540000, 0x77e80000, 0x9ea80000)
  object space 42240K, 6% used [0x75540000,0x757cd488,0x77e80000)
 PSPermGen       total 16384K, used 9526K [0x71540000, 0x72540000, 0x75540000)
  object space 16384K, 58% used [0x71540000,0x71e8db58,0x72540000)
Event: 1,703 GC heap after
Heap after GC invocations=5 (full 0):
 PSYoungGen      total 34816K, used 2544K [0x9ea80000, 0xa3580000, 0xb3540000)
  eden space 32256K, 0% used [0x9ea80000,0x9ea80000,0xa0a00000)
  from space 2560K, 99% used [0xa0a00000,0xa0c7c088,0xa0c80000)
  to   space 6144K, 0% used [0xa2f80000,0xa2f80000,0xa3580000)
 ParOldGen       total 42240K, used 5519K [0x75540000, 0x77e80000, 0x9ea80000)
  object space 42240K, 13% used [0x75540000,0x75aa3cf8,0x77e80000)
 PSPermGen       total 16384K, used 9526K [0x71540000, 0x72540000, 0x75540000)
  object space 16384K, 58% used [0x71540000,0x71e8db58,0x72540000)
}
Event: 2,078 GC heap before
{Heap before GC invocations=6 (full 0):
 PSYoungGen      total 34816K, used 34800K [0x9ea80000, 0xa3580000, 0xb3540000)
  eden space 32256K, 100% used [0x9ea80000,0xa0a00000,0xa0a00000)
  from space 2560K, 99% used [0xa0a00000,0xa0c7c088,0xa0c80000)
  to   space 6144K, 0% used [0xa2f80000,0xa2f80000,0xa3580000)
 ParOldGen       total 42240K, used 5519K [0x75540000, 0x77e80000, 0x9ea80000)
  object space 42240K, 13% used [0x75540000,0x75aa3cf8,0x77e80000)
 PSPermGen       total 16384K, used 10857K [0x71540000, 0x72540000, 0x75540000)
  object space 16384K, 66% used [0x71540000,0x71fda6a8,0x72540000)
Event: 2,086 GC heap after
Heap after GC invocations=6 (full 0):
 PSYoungGen      total 69888K, used 5481K [0x9ea80000, 0xa3700000, 0xb3540000)
  eden space 63744K, 0% used [0x9ea80000,0x9ea80000,0xa28c0000)
  from space 6144K, 89% used [0xa2f80000,0xa34da6e8,0xa3580000)
  to   space 6912K, 0% used [0xa28c0000,0xa28c0000,0xa2f80000)
 ParOldGen       total 42240K, used 5523K [0x75540000, 0x77e80000, 0x9ea80000)
  object space 42240K, 13% used [0x75540000,0x75aa4cf8,0x77e80000)
 PSPermGen       total 16384K, used 10857K [0x71540000, 0x72540000, 0x75540000)
  object space 16384K, 66% used [0x71540000,0x71fda6a8,0x72540000)
}
Event: 2,905 GC heap before
{Heap before GC invocations=7 (full 0):
 PSYoungGen      total 69888K, used 69225K [0x9ea80000, 0xa3700000, 0xb3540000)
  eden space 63744K, 100% used [0x9ea80000,0xa28c0000,0xa28c0000)
  from space 6144K, 89% used [0xa2f80000,0xa34da6e8,0xa3580000)
  to   space 6912K, 0% used [0xa28c0000,0xa28c0000,0xa2f80000)
 ParOldGen       total 42240K, used 5523K [0x75540000, 0x77e80000, 0x9ea80000)
  object space 42240K, 13% used [0x75540000,0x75aa4cf8,0x77e80000)
 PSPermGen       total 16384K, used 14861K [0x71540000, 0x72540000, 0x75540000)
  object space 16384K, 90% used [0x71540000,0x723c37f0,0x72540000)
Event: 2,920 GC heap after
Heap after GC invocations=7 (full 0):
 PSYoungGen      total 70656K, used 6908K [0x9ea80000, 0xa7980000, 0xb3540000)
  eden space 63744K, 0% used [0x9ea80000,0x9ea80000,0xa28c0000)
  from space 6912K, 99% used [0xa28c0000,0xa2f7f398,0xa2f80000)
  to   space 9472K, 0% used [0xa7040000,0xa7040000,0xa7980000)
 ParOldGen       total 42240K, used 8560K [0x75540000, 0x77e80000, 0x9ea80000)
  object space 42240K, 20% used [0x75540000,0x75d9c1c8,0x77e80000)
 PSPermGen       total 16384K, used 14861K [0x71540000, 0x72540000, 0x75540000)
  object space 16384K, 90% used [0x71540000,0x723c37f0,0x72540000)
}

