# JRE version: Java(TM) SE Runtime Environment (7.0_76-b13) (build 1.7.0_76-b13)
# Java VM: Java HotSpot(TM) Server VM (24.76-b04 mixed mode linux-x86 )
Heap
 PSYoungGen      total 137728K, used 16233K [0x9ea80000, 0xa7c80000, 0xb3540000)
  eden space 128256K, 6% used [0x9ea80000,0x9f2fa580,0xa67c0000)
  from space 9472K, 79% used [0xa71c0000,0xa791ffe0,0xa7b00000)
  to   space 10240K, 0% used [0xa67c0000,0xa67c0000,0xa71c0000)
 ParOldGen       total 42240K, used 11299K [0x75540000, 0x77e80000, 0x9ea80000)
  object space 42240K, 26% used [0x75540000,0x76048c90,0x77e80000)
 PSPermGen       total 16384K, used 16368K [0x71540000, 0x72540000, 0x75540000)
  object space 16384K, 99% used [0x71540000,0x7253c3f8,0x72540000)
GC Heap History (10 events):
Event: 0,605 GC heap before
{Heap before GC invocations=2 (full 0):
 PSYoungGen      total 18688K, used 17931K [0x9ea80000, 0xa0f00000, 0xb3540000)
  eden space 16128K, 100% used [0x9ea80000,0x9fa40000,0x9fa40000)
  from space 2560K, 70% used [0x9fa40000,0x9fc02fb8,0x9fcc0000)
  to   space 2560K, 0% used [0xa0c80000,0xa0c80000,0xa0f00000)
 ParOldGen       total 42240K, used 4K [0x75540000, 0x77e80000, 0x9ea80000)
  object space 42240K, 0% used [0x75540000,0x75541000,0x77e80000)
 PSPermGen       total 16384K, used 5744K [0x71540000, 0x72540000, 0x75540000)
  object space 16384K, 35% used [0x71540000,0x71adc300,0x72540000)
Event: 0,611 GC heap after
Heap after GC invocations=2 (full 0):
 PSYoungGen      total 34816K, used 2545K [0x9ea80000, 0xa0f00000, 0xb3540000)
  eden space 32256K, 0% used [0x9ea80000,0x9ea80000,0xa0a00000)
  from space 2560K, 99% used [0xa0c80000,0xa0efc558,0xa0f00000)
  to   space 2560K, 0% used [0xa0a00000,0xa0a00000,0xa0c80000)
 ParOldGen       total 42240K, used 265K [0x75540000, 0x77e80000, 0x9ea80000)
  object space 42240K, 0% used [0x75540000,0x75582450,0x77e80000)
 PSPermGen       total 16384K, used 5744K [0x71540000, 0x72540000, 0x75540000)
  object space 16384K, 35% used [0x71540000,0x71adc300,0x72540000)
}
Event: 1,189 GC heap before
{Heap before GC invocations=3 (full 0):
 PSYoungGen      total 34816K, used 34801K [0x9ea80000, 0xa0f00000, 0xb3540000)
  eden space 32256K, 100% used [0x9ea80000,0xa0a00000,0xa0a00000)
  from space 2560K, 99% used [0xa0c80000,0xa0efc558,0xa0f00000)
  to   space 2560K, 0% used [0xa0a00000,0xa0a00000,0xa0c80000)
 ParOldGen       total 42240K, used 265K [0x75540000, 0x77e80000, 0x9ea80000)
  object space 42240K, 0% used [0x75540000,0x75582450,0x77e80000)
 PSPermGen       total 16384K, used 7749K [0x71540000, 0x72540000, 0x75540000)
  object space 16384K, 47% used [0x71540000,0x71cd1408,0x72540000)
Event: 1,198 GC heap after
Heap after GC invocations=3 (full 0):
 PSYoungGen      total 34816K, used 2547K [0x9ea80000, 0xa2e80000, 0xb3540000)
  eden space 32256K, 0% used [0x9ea80000,0x9ea80000,0xa0a00000)
  from space 2560K, 99% used [0xa0a00000,0xa0c7cd58,0xa0c80000)
  to   space 2560K, 0% used [0xa2c00000,0xa2c00000,0xa2e80000)
 ParOldGen       total 42240K, used 2638K [0x75540000, 0x77e80000, 0x9ea80000)
  object space 42240K, 6% used [0x75540000,0x757d39f0,0x77e80000)
 PSPermGen       total 16384K, used 7749K [0x71540000, 0x72540000, 0x75540000)
  object space 16384K, 47% used [0x71540000,0x71cd1408,0x72540000)
}
Event: 1,655 GC heap before
{Heap before GC invocations=4 (full 0):
 PSYoungGen      total 34816K, used 34803K [0x9ea80000, 0xa2e80000, 0xb3540000)
  eden space 32256K, 100% used [0x9ea80000,0xa0a00000,0xa0a00000)
  from space 2560K, 99% used [0xa0a00000,0xa0c7cd58,0xa0c80000)
  to   space 2560K, 0% used [0xa2c00000,0xa2c00000,0xa2e80000)
 ParOldGen       total 42240K, used 2638K [0x75540000, 0x77e80000, 0x9ea80000)
  object space 42240K, 6% used [0x75540000,0x757d39f0,0x77e80000)
 PSPermGen       total 16384K, used 9524K [0x71540000, 0x72540000, 0x75540000)
  object space 16384K, 58% used [0x71540000,0x71e8d370,0x72540000)
Event: 1,675 GC heap after
Heap after GC invocations=4 (full 0):
 PSYoungGen      total 67072K, used 2544K [0x9ea80000, 0xa2e80000, 0xb3540000)
  eden space 64512K, 0% used [0x9ea80000,0x9ea80000,0xa2980000)
  from space 2560K, 99% used [0xa2c00000,0xa2e7c098,0xa2e80000)
  to   space 2560K, 0% used [0xa2980000,0xa2980000,0xa2c00000)
 ParOldGen       total 42240K, used 5505K [0x75540000, 0x77e80000, 0x9ea80000)
  object space 42240K, 13% used [0x75540000,0x75aa0680,0x77e80000)
 PSPermGen       total 16384K, used 9524K [0x71540000, 0x72540000, 0x75540000)
  object space 16384K, 58% used [0x71540000,0x71e8d370,0x72540000)
}
Event: 2,503 GC heap before
{Heap before GC invocations=5 (full 0):
 PSYoungGen      total 67072K, used 67056K [0x9ea80000, 0xa2e80000, 0xb3540000)
  eden space 64512K, 100% used [0x9ea80000,0xa2980000,0xa2980000)
  from space 2560K, 99% used [0xa2c00000,0xa2e7c098,0xa2e80000)
  to   space 2560K, 0% used [0xa2980000,0xa2980000,0xa2c00000)
 ParOldGen       total 42240K, used 5505K [0x75540000, 0x77e80000, 0x9ea80000)
  object space 42240K, 13% used [0x75540000,0x75aa0680,0x77e80000)
 PSPermGen       total 16384K, used 12711K [0x71540000, 0x72540000, 0x75540000)
  object space 16384K, 77% used [0x71540000,0x721a9e40,0x72540000)
Event: 2,513 GC heap after
Heap after GC invocations=5 (full 0):
 PSYoungGen      total 67072K, used 2549K [0x9ea80000, 0xa7b00000, 0xb3540000)
  eden space 64512K, 0% used [0x9ea80000,0x9ea80000,0xa2980000)
  from space 2560K, 99% used [0xa2980000,0xa2bfd4f8,0xa2c00000)
  to   space 9472K, 0% used [0xa71c0000,0xa71c0000,0xa7b00000)
 ParOldGen       total 42240K, used 11299K [0x75540000, 0x77e80000, 0x9ea80000)
  object space 42240K, 26% used [0x75540000,0x76048c90,0x77e80000)
 PSPermGen       total 16384K, used 12711K [0x71540000, 0x72540000, 0x75540000)
  object space 16384K, 77% used [0x71540000,0x721a9e40,0x72540000)
}
Event: 5198,774 GC heap before
{Heap before GC invocations=6 (full 0):
 PSYoungGen      total 67072K, used 67061K [0x9ea80000, 0xa7b00000, 0xb3540000)
  eden space 64512K, 100% used [0x9ea80000,0xa2980000,0xa2980000)
  from space 2560K, 99% used [0xa2980000,0xa2bfd4f8,0xa2c00000)
  to   space 9472K, 0% used [0xa71c0000,0xa71c0000,0xa7b00000)
 ParOldGen       total 42240K, used 11299K [0x75540000, 0x77e80000, 0x9ea80000)
  object space 42240K, 26% used [0x75540000,0x76048c90,0x77e80000)
 PSPermGen       total 16384K, used 16365K [0x71540000, 0x72540000, 0x75540000)
  object space 16384K, 99% used [0x71540000,0x7253b468,0x72540000)
Event: 5199,350 GC heap after
Heap after GC invocations=6 (full 0):
 PSYoungGen      total 137728K, used 7551K [0x9ea80000, 0xa7c80000, 0xb3540000)
  eden space 128256K, 0% used [0x9ea80000,0x9ea80000,0xa67c0000)
  from space 9472K, 79% used [0xa71c0000,0xa791ffe0,0xa7b00000)
  to   space 10240K, 0% used [0xa67c0000,0xa67c0000,0xa71c0000)
 ParOldGen       total 42240K, used 11299K [0x75540000, 0x77e80000, 0x9ea80000)
  object space 42240K, 26% used [0x75540000,0x76048c90,0x77e80000)
 PSPermGen       total 16384K, used 16365K [0x71540000, 0x72540000, 0x75540000)
  object space 16384K, 99% used [0x71540000,0x7253b468,0x72540000)
}

