# JRE version: Java(TM) SE Runtime Environment (7.0_76-b13) (build 1.7.0_76-b13)
# Java VM: Java HotSpot(TM) Server VM (24.76-b04 mixed mode linux-x86 )
Heap
 PSYoungGen      total 110592K, used 9423K [0x9eb00000, 0xa6200000, 0xb35c0000)
  eden space 100352K, 0% used [0x9eb00000,0x9eb00000,0xa4d00000)
  from space 10240K, 92% used [0xa4d00000,0xa5633e10,0xa5700000)
  to   space 9216K, 0% used [0xa5700000,0xa5700000,0xa6000000)
 ParOldGen       total 42240K, used 12156K [0x755c0000, 0x77f00000, 0x9eb00000)
  object space 42240K, 28% used [0x755c0000,0x7619f130,0x77f00000)
 PSPermGen       total 16384K, used 12525K [0x715c0000, 0x725c0000, 0x755c0000)
  object space 16384K, 76% used [0x715c0000,0x721fb540,0x725c0000)
GC Heap History (10 events):
Event: 3,504 GC heap after
Heap after GC invocations=6 (full 0):
 PSYoungGen      total 37120K, used 4255K [0x9eb00000, 0xa1500000, 0xb35c0000)
  eden space 32000K, 0% used [0x9eb00000,0x9eb00000,0xa0a40000)
  from space 5120K, 83% used [0xa0f80000,0xa13a7db8,0xa1480000)
  to   space 5376K, 0% used [0xa0a40000,0xa0a40000,0xa0f80000)
 ParOldGen       total 42240K, used 3811K [0x755c0000, 0x77f00000, 0x9eb00000)
  object space 42240K, 9% used [0x755c0000,0x75978ce0,0x77f00000)
 PSPermGen       total 16384K, used 9524K [0x715c0000, 0x725c0000, 0x755c0000)
  object space 16384K, 58% used [0x715c0000,0x71f0d3f0,0x725c0000)
}
Event: 4,243 GC heap before
{Heap before GC invocations=7 (full 0):
 PSYoungGen      total 37120K, used 36255K [0x9eb00000, 0xa1500000, 0xb35c0000)
  eden space 32000K, 100% used [0x9eb00000,0xa0a40000,0xa0a40000)
  from space 5120K, 83% used [0xa0f80000,0xa13a7db8,0xa1480000)
  to   space 5376K, 0% used [0xa0a40000,0xa0a40000,0xa0f80000)
 ParOldGen       total 42240K, used 3811K [0x755c0000, 0x77f00000, 0x9eb00000)
  object space 42240K, 9% used [0x755c0000,0x75978ce0,0x77f00000)
 PSPermGen       total 16384K, used 10836K [0x715c0000, 0x725c0000, 0x755c0000)
  object space 16384K, 66% used [0x715c0000,0x720552b0,0x725c0000)
Event: 4,261 GC heap after
Heap after GC invocations=7 (full 0):
 PSYoungGen      total 37376K, used 5370K [0x9eb00000, 0xa3680000, 0xb35c0000)
  eden space 32000K, 0% used [0x9eb00000,0x9eb00000,0xa0a40000)
  from space 5376K, 99% used [0xa0a40000,0xa0f7e8e0,0xa0f80000)
  to   space 6656K, 0% used [0xa3000000,0xa3000000,0xa3680000)
 ParOldGen       total 42240K, used 5086K [0x755c0000, 0x77f00000, 0x9eb00000)
  object space 42240K, 12% used [0x755c0000,0x75ab78c0,0x77f00000)
 PSPermGen       total 16384K, used 10836K [0x715c0000, 0x725c0000, 0x755c0000)
  object space 16384K, 66% used [0x715c0000,0x720552b0,0x725c0000)
}
Event: 4,963 GC heap before
{Heap before GC invocations=8 (full 0):
 PSYoungGen      total 37376K, used 37370K [0x9eb00000, 0xa3680000, 0xb35c0000)
  eden space 32000K, 100% used [0x9eb00000,0xa0a40000,0xa0a40000)
  from space 5376K, 99% used [0xa0a40000,0xa0f7e8e0,0xa0f80000)
  to   space 6656K, 0% used [0xa3000000,0xa3000000,0xa3680000)
 ParOldGen       total 42240K, used 5086K [0x755c0000, 0x77f00000, 0x9eb00000)
  object space 42240K, 12% used [0x755c0000,0x75ab78c0,0x77f00000)
 PSPermGen       total 16384K, used 12293K [0x715c0000, 0x725c0000, 0x755c0000)
  object space 16384K, 75% used [0x715c0000,0x721c1570,0x725c0000)
Event: 4,974 GC heap after
Heap after GC invocations=8 (full 0):
 PSYoungGen      total 69888K, used 5905K [0x9eb00000, 0xa3800000, 0xb35c0000)
  eden space 63232K, 0% used [0x9eb00000,0x9eb00000,0xa28c0000)
  from space 6656K, 88% used [0xa3000000,0xa35c46a8,0xa3680000)
  to   space 7424K, 0% used [0xa28c0000,0xa28c0000,0xa3000000)
 ParOldGen       total 42240K, used 6190K [0x755c0000, 0x77f00000, 0x9eb00000)
  object space 42240K, 14% used [0x755c0000,0x75bcba60,0x77f00000)
 PSPermGen       total 16384K, used 12293K [0x715c0000, 0x725c0000, 0x755c0000)
  object space 16384K, 75% used [0x715c0000,0x721c1570,0x725c0000)
}
Event: 6,003 GC heap before
{Heap before GC invocations=9 (full 0):
 PSYoungGen      total 69888K, used 69137K [0x9eb00000, 0xa3800000, 0xb35c0000)
  eden space 63232K, 100% used [0x9eb00000,0xa28c0000,0xa28c0000)
  from space 6656K, 88% used [0xa3000000,0xa35c46a8,0xa3680000)
  to   space 7424K, 0% used [0xa28c0000,0xa28c0000,0xa3000000)
 ParOldGen       total 42240K, used 6190K [0x755c0000, 0x77f00000, 0x9eb00000)
  object space 42240K, 14% used [0x755c0000,0x75bcba60,0x77f00000)
 PSPermGen       total 16384K, used 12387K [0x715c0000, 0x725c0000, 0x755c0000)
  object space 16384K, 75% used [0x715c0000,0x721d8eb0,0x725c0000)
Event: 6,036 GC heap after
Heap after GC invocations=9 (full 0):
 PSYoungGen      total 70656K, used 7421K [0x9eb00000, 0xa6000000, 0xb35c0000)
  eden space 63232K, 0% used [0x9eb00000,0x9eb00000,0xa28c0000)
  from space 7424K, 99% used [0xa28c0000,0xa2fff448,0xa3000000)
  to   space 9216K, 0% used [0xa5700000,0xa5700000,0xa6000000)
 ParOldGen       total 42240K, used 8580K [0x755c0000, 0x77f00000, 0x9eb00000)
  object space 42240K, 20% used [0x755c0000,0x75e21088,0x77f00000)
 PSPermGen       total 16384K, used 12387K [0x715c0000, 0x725c0000, 0x755c0000)
  object space 16384K, 75% used [0x715c0000,0x721d8eb0,0x725c0000)
}
Event: 6,918 GC heap before
{Heap before GC invocations=10 (full 0):
 PSYoungGen      total 70656K, used 70653K [0x9eb00000, 0xa6000000, 0xb35c0000)
  eden space 63232K, 100% used [0x9eb00000,0xa28c0000,0xa28c0000)
  from space 7424K, 99% used [0xa28c0000,0xa2fff448,0xa3000000)
  to   space 9216K, 0% used [0xa5700000,0xa5700000,0xa6000000)
 ParOldGen       total 42240K, used 8580K [0x755c0000, 0x77f00000, 0x9eb00000)
  object space 42240K, 20% used [0x755c0000,0x75e21088,0x77f00000)
 PSPermGen       total 16384K, used 12452K [0x715c0000, 0x725c0000, 0x755c0000)
  object space 16384K, 76% used [0x715c0000,0x721e9248,0x725c0000)
Event: 6,938 GC heap after
Heap after GC invocations=10 (full 0):
 PSYoungGen      total 109568K, used 8141K [0x9eb00000, 0xa6200000, 0xb35c0000)
  eden space 100352K, 0% used [0x9eb00000,0x9eb00000,0xa4d00000)
  from space 9216K, 88% used [0xa5700000,0xa5ef3660,0xa6000000)
  to   space 10240K, 0% used [0xa4d00000,0xa4d00000,0xa5700000)
 ParOldGen       total 42240K, used 10031K [0x755c0000, 0x77f00000, 0x9eb00000)
  object space 42240K, 23% used [0x755c0000,0x75f8bda0,0x77f00000)
 PSPermGen       total 16384K, used 12452K [0x715c0000, 0x725c0000, 0x755c0000)
  object space 16384K, 76% used [0x715c0000,0x721e9248,0x725c0000)
}
Event: 7,902 GC heap before
{Heap before GC invocations=11 (full 0):
 PSYoungGen      total 109568K, used 108493K [0x9eb00000, 0xa6200000, 0xb35c0000)
  eden space 100352K, 100% used [0x9eb00000,0xa4d00000,0xa4d00000)
  from space 9216K, 88% used [0xa5700000,0xa5ef3660,0xa6000000)
  to   space 10240K, 0% used [0xa4d00000,0xa4d00000,0xa5700000)
 ParOldGen       total 42240K, used 10031K [0x755c0000, 0x77f00000, 0x9eb00000)
  object space 42240K, 23% used [0x755c0000,0x75f8bda0,0x77f00000)
 PSPermGen       total 16384K, used 12525K [0x715c0000, 0x725c0000, 0x755c0000)
  object space 16384K, 76% used [0x715c0000,0x721fb540,0x725c0000)

