# JRE version: Java(TM) SE Runtime Environment (7.0_76-b13) (build 1.7.0_76-b13)
# Java VM: Java HotSpot(TM) Server VM (24.76-b04 mixed mode linux-x86 )
Heap
 PSYoungGen      total 34816K, used 2559K [0x9eb00000, 0xa0f80000, 0xb35c0000)
  eden space 32256K, 0% used [0x9eb00000,0x9eb00000,0xa0a80000)
  from space 2560K, 99% used [0xa0a80000,0xa0cfffb0,0xa0d00000)
  to   space 2560K, 0% used [0xa0d00000,0xa0d00000,0xa0f80000)
 ParOldGen       total 42240K, used 8075K [0x755c0000, 0x77f00000, 0x9eb00000)
  object space 42240K, 19% used [0x755c0000,0x75da2f20,0x77f00000)
 PSPermGen       total 16384K, used 10829K [0x715c0000, 0x725c0000, 0x755c0000)
  object space 16384K, 66% used [0x715c0000,0x720534d8,0x725c0000)
GC Heap History (9 events):
Event: 10,485 GC heap before
{Heap before GC invocations=1 (full 0):
 PSYoungGen      total 18688K, used 16128K [0x9eb00000, 0x9ffc0000, 0xb35c0000)
  eden space 16128K, 100% used [0x9eb00000,0x9fac0000,0x9fac0000)
  from space 2560K, 0% used [0x9fd40000,0x9fd40000,0x9ffc0000)
  to   space 2560K, 0% used [0x9fac0000,0x9fac0000,0x9fd40000)
 ParOldGen       total 42240K, used 0K [0x755c0000, 0x77f00000, 0x9eb00000)
  object space 42240K, 0% used [0x755c0000,0x755c0000,0x77f00000)
 PSPermGen       total 16384K, used 2738K [0x715c0000, 0x725c0000, 0x755c0000)
  object space 16384K, 16% used [0x715c0000,0x7186c930,0x725c0000)
Event: 10,663 GC heap after
Heap after GC invocations=1 (full 0):
 PSYoungGen      total 18688K, used 1826K [0x9eb00000, 0xa0f80000, 0xb35c0000)
  eden space 16128K, 0% used [0x9eb00000,0x9eb00000,0x9fac0000)
  from space 2560K, 71% used [0x9fac0000,0x9fc88ae8,0x9fd40000)
  to   space 2560K, 0% used [0xa0d00000,0xa0d00000,0xa0f80000)
 ParOldGen       total 42240K, used 4K [0x755c0000, 0x77f00000, 0x9eb00000)
  object space 42240K, 0% used [0x755c0000,0x755c1000,0x77f00000)
 PSPermGen       total 16384K, used 2738K [0x715c0000, 0x725c0000, 0x755c0000)
  object space 16384K, 16% used [0x715c0000,0x7186c930,0x725c0000)
}
Event: 23,056 GC heap before
{Heap before GC invocations=2 (full 0):
 PSYoungGen      total 18688K, used 17954K [0x9eb00000, 0xa0f80000, 0xb35c0000)
  eden space 16128K, 100% used [0x9eb00000,0x9fac0000,0x9fac0000)
  from space 2560K, 71% used [0x9fac0000,0x9fc88ae8,0x9fd40000)
  to   space 2560K, 0% used [0xa0d00000,0xa0d00000,0xa0f80000)
 ParOldGen       total 42240K, used 4K [0x755c0000, 0x77f00000, 0x9eb00000)
  object space 42240K, 0% used [0x755c0000,0x755c1000,0x77f00000)
 PSPermGen       total 16384K, used 5743K [0x715c0000, 0x725c0000, 0x755c0000)
  object space 16384K, 35% used [0x715c0000,0x71b5beb8,0x725c0000)
Event: 23,193 GC heap after
Heap after GC invocations=2 (full 0):
 PSYoungGen      total 34816K, used 2557K [0x9eb00000, 0xa0f80000, 0xb35c0000)
  eden space 32256K, 0% used [0x9eb00000,0x9eb00000,0xa0a80000)
  from space 2560K, 99% used [0xa0d00000,0xa0f7f7a0,0xa0f80000)
  to   space 2560K, 0% used [0xa0a80000,0xa0a80000,0xa0d00000)
 ParOldGen       total 42240K, used 261K [0x755c0000, 0x77f00000, 0x9eb00000)
  object space 42240K, 0% used [0x755c0000,0x75601528,0x77f00000)
 PSPermGen       total 16384K, used 5743K [0x715c0000, 0x725c0000, 0x755c0000)
  object space 16384K, 35% used [0x715c0000,0x71b5beb8,0x725c0000)
}
Event: 30,328 GC heap before
{Heap before GC invocations=3 (full 0):
 PSYoungGen      total 34816K, used 34813K [0x9eb00000, 0xa0f80000, 0xb35c0000)
  eden space 32256K, 100% used [0x9eb00000,0xa0a80000,0xa0a80000)
  from space 2560K, 99% used [0xa0d00000,0xa0f7f7a0,0xa0f80000)
  to   space 2560K, 0% used [0xa0a80000,0xa0a80000,0xa0d00000)
 ParOldGen       total 42240K, used 261K [0x755c0000, 0x77f00000, 0x9eb00000)
  object space 42240K, 0% used [0x755c0000,0x75601528,0x77f00000)
 PSPermGen       total 16384K, used 7729K [0x715c0000, 0x725c0000, 0x755c0000)
  object space 16384K, 47% used [0x715c0000,0x71d4c5a8,0x725c0000)
Event: 30,334 GC heap after
Heap after GC invocations=3 (full 0):
 PSYoungGen      total 34816K, used 2555K [0x9eb00000, 0xa0f80000, 0xb35c0000)
  eden space 32256K, 0% used [0x9eb00000,0x9eb00000,0xa0a80000)
  from space 2560K, 99% used [0xa0a80000,0xa0cfed28,0xa0d00000)
  to   space 2560K, 0% used [0xa0d00000,0xa0d00000,0xa0f80000)
 ParOldGen       total 42240K, used 2511K [0x755c0000, 0x77f00000, 0x9eb00000)
  object space 42240K, 5% used [0x755c0000,0x75833e20,0x77f00000)
 PSPermGen       total 16384K, used 7729K [0x715c0000, 0x725c0000, 0x755c0000)
  object space 16384K, 47% used [0x715c0000,0x71d4c5a8,0x725c0000)
}
Event: 52,698 GC heap before
{Heap before GC invocations=4 (full 0):
 PSYoungGen      total 34816K, used 34811K [0x9eb00000, 0xa0f80000, 0xb35c0000)
  eden space 32256K, 100% used [0x9eb00000,0xa0a80000,0xa0a80000)
  from space 2560K, 99% used [0xa0a80000,0xa0cfed28,0xa0d00000)
  to   space 2560K, 0% used [0xa0d00000,0xa0d00000,0xa0f80000)
 ParOldGen       total 42240K, used 2511K [0x755c0000, 0x77f00000, 0x9eb00000)
  object space 42240K, 5% used [0x755c0000,0x75833e20,0x77f00000)
 PSPermGen       total 16384K, used 9518K [0x715c0000, 0x725c0000, 0x755c0000)
  object space 16384K, 58% used [0x715c0000,0x71f0b890,0x725c0000)
Event: 52,739 GC heap after
Heap after GC invocations=4 (full 0):
 PSYoungGen      total 34816K, used 2559K [0x9eb00000, 0xa0f80000, 0xb35c0000)
  eden space 32256K, 0% used [0x9eb00000,0x9eb00000,0xa0a80000)
  from space 2560K, 99% used [0xa0d00000,0xa0f7ffd0,0xa0f80000)
  to   space 2560K, 0% used [0xa0a80000,0xa0a80000,0xa0d00000)
 ParOldGen       total 42240K, used 5390K [0x755c0000, 0x77f00000, 0x9eb00000)
  object space 42240K, 12% used [0x755c0000,0x75b03800,0x77f00000)
 PSPermGen       total 16384K, used 9518K [0x715c0000, 0x725c0000, 0x755c0000)
  object space 16384K, 58% used [0x715c0000,0x71f0b890,0x725c0000)
}
Event: 61,758 GC heap before
{Heap before GC invocations=5 (full 0):
 PSYoungGen      total 34816K, used 34815K [0x9eb00000, 0xa0f80000, 0xb35c0000)
  eden space 32256K, 100% used [0x9eb00000,0xa0a80000,0xa0a80000)
  from space 2560K, 99% used [0xa0d00000,0xa0f7ffd0,0xa0f80000)
  to   space 2560K, 0% used [0xa0a80000,0xa0a80000,0xa0d00000)
 ParOldGen       total 42240K, used 5390K [0x755c0000, 0x77f00000, 0x9eb00000)
  object space 42240K, 12% used [0x755c0000,0x75b03800,0x77f00000)
 PSPermGen       total 16384K, used 10829K [0x715c0000, 0x725c0000, 0x755c0000)
  object space 16384K, 66% used [0x715c0000,0x720534d8,0x725c0000)

