# JRE version: Java(TM) SE Runtime Environment (7.0_76-b13) (build 1.7.0_76-b13)
# Java VM: Java HotSpot(TM) Server VM (24.76-b04 mixed mode linux-x86 )
Heap
 PSYoungGen      total 70656K, used 45050K [0x9ea40000, 0xa7940000, 0xb3500000)
  eden space 63744K, 59% used [0x9ea40000,0xa0f81008,0xa2880000)
  from space 6912K, 99% used [0xa2880000,0xa2f3d988,0xa2f40000)
  to   space 9472K, 0% used [0xa7000000,0xa7000000,0xa7940000)
 ParOldGen       total 42240K, used 8537K [0x75500000, 0x77e40000, 0x9ea40000)
  object space 42240K, 20% used [0x75500000,0x75d56630,0x77e40000)
 PSPermGen       total 16640K, used 16385K [0x71500000, 0x72540000, 0x75500000)
  object space 16640K, 98% used [0x71500000,0x725005b8,0x72540000)
GC Heap History (10 events):
Event: 1,123 GC heap before
{Heap before GC invocations=3 (full 0):
 PSYoungGen      total 18688K, used 18679K [0x9ea40000, 0xa0ec0000, 0xb3500000)
  eden space 16128K, 100% used [0x9ea40000,0x9fa00000,0x9fa00000)
  from space 2560K, 99% used [0x9fc80000,0x9fefdf80,0x9ff00000)
  to   space 2560K, 0% used [0x9fa00000,0x9fa00000,0x9fc80000)
 ParOldGen       total 42240K, used 239K [0x75500000, 0x77e40000, 0x9ea40000)
  object space 42240K, 0% used [0x75500000,0x7553bd68,0x77e40000)
 PSPermGen       total 16384K, used 6505K [0x71500000, 0x72500000, 0x75500000)
  object space 16384K, 39% used [0x71500000,0x71b5a5e8,0x72500000)
Event: 1,128 GC heap after
Heap after GC invocations=3 (full 0):
 PSYoungGen      total 18688K, used 2544K [0x9ea40000, 0xa0ec0000, 0xb3500000)
  eden space 16128K, 0% used [0x9ea40000,0x9ea40000,0x9fa00000)
  from space 2560K, 99% used [0x9fa00000,0x9fc7c280,0x9fc80000)
  to   space 2560K, 0% used [0xa0c40000,0xa0c40000,0xa0ec0000)
 ParOldGen       total 42240K, used 1180K [0x75500000, 0x77e40000, 0x9ea40000)
  object space 42240K, 2% used [0x75500000,0x756273f8,0x77e40000)
 PSPermGen       total 16384K, used 6505K [0x71500000, 0x72500000, 0x75500000)
  object space 16384K, 39% used [0x71500000,0x71b5a5e8,0x72500000)
}
Event: 1,246 GC heap before
{Heap before GC invocations=4 (full 0):
 PSYoungGen      total 18688K, used 18672K [0x9ea40000, 0xa0ec0000, 0xb3500000)
  eden space 16128K, 100% used [0x9ea40000,0x9fa00000,0x9fa00000)
  from space 2560K, 99% used [0x9fa00000,0x9fc7c280,0x9fc80000)
  to   space 2560K, 0% used [0xa0c40000,0xa0c40000,0xa0ec0000)
 ParOldGen       total 42240K, used 1180K [0x75500000, 0x77e40000, 0x9ea40000)
  object space 42240K, 2% used [0x75500000,0x756273f8,0x77e40000)
 PSPermGen       total 16384K, used 7751K [0x71500000, 0x72500000, 0x75500000)
  object space 16384K, 47% used [0x71500000,0x71c91fb0,0x72500000)
Event: 1,254 GC heap after
Heap after GC invocations=4 (full 0):
 PSYoungGen      total 34816K, used 2559K [0x9ea40000, 0xa0ec0000, 0xb3500000)
  eden space 32256K, 0% used [0x9ea40000,0x9ea40000,0xa09c0000)
  from space 2560K, 99% used [0xa0c40000,0xa0ebfdc0,0xa0ec0000)
  to   space 2560K, 0% used [0xa09c0000,0xa09c0000,0xa0c40000)
 ParOldGen       total 42240K, used 2600K [0x75500000, 0x77e40000, 0x9ea40000)
  object space 42240K, 6% used [0x75500000,0x7578a068,0x77e40000)
 PSPermGen       total 16384K, used 7751K [0x71500000, 0x72500000, 0x75500000)
  object space 16384K, 47% used [0x71500000,0x71c91fb0,0x72500000)
}
Event: 1,714 GC heap before
{Heap before GC invocations=5 (full 0):
 PSYoungGen      total 34816K, used 34815K [0x9ea40000, 0xa0ec0000, 0xb3500000)
  eden space 32256K, 100% used [0x9ea40000,0xa09c0000,0xa09c0000)
  from space 2560K, 99% used [0xa0c40000,0xa0ebfdc0,0xa0ec0000)
  to   space 2560K, 0% used [0xa09c0000,0xa09c0000,0xa0c40000)
 ParOldGen       total 42240K, used 2600K [0x75500000, 0x77e40000, 0x9ea40000)
  object space 42240K, 6% used [0x75500000,0x7578a068,0x77e40000)
 PSPermGen       total 16384K, used 9525K [0x71500000, 0x72500000, 0x75500000)
  object space 16384K, 58% used [0x71500000,0x71e4d588,0x72500000)
Event: 1,721 GC heap after
Heap after GC invocations=5 (full 0):
 PSYoungGen      total 34816K, used 2552K [0x9ea40000, 0xa3540000, 0xb3500000)
  eden space 32256K, 0% used [0x9ea40000,0x9ea40000,0xa09c0000)
  from space 2560K, 99% used [0xa09c0000,0xa0c3e0a8,0xa0c40000)
  to   space 6144K, 0% used [0xa2f40000,0xa2f40000,0xa3540000)
 ParOldGen       total 42240K, used 5513K [0x75500000, 0x77e40000, 0x9ea40000)
  object space 42240K, 13% used [0x75500000,0x75a624f8,0x77e40000)
 PSPermGen       total 16384K, used 9525K [0x71500000, 0x72500000, 0x75500000)
  object space 16384K, 58% used [0x71500000,0x71e4d588,0x72500000)
}
Event: 2,059 GC heap before
{Heap before GC invocations=6 (full 0):
 PSYoungGen      total 34816K, used 34808K [0x9ea40000, 0xa3540000, 0xb3500000)
  eden space 32256K, 100% used [0x9ea40000,0xa09c0000,0xa09c0000)
  from space 2560K, 99% used [0xa09c0000,0xa0c3e0a8,0xa0c40000)
  to   space 6144K, 0% used [0xa2f40000,0xa2f40000,0xa3540000)
 ParOldGen       total 42240K, used 5513K [0x75500000, 0x77e40000, 0x9ea40000)
  object space 42240K, 13% used [0x75500000,0x75a624f8,0x77e40000)
 PSPermGen       total 16384K, used 10857K [0x71500000, 0x72500000, 0x75500000)
  object space 16384K, 66% used [0x71500000,0x71f9a618,0x72500000)
Event: 2,075 GC heap after
Heap after GC invocations=6 (full 0):
 PSYoungGen      total 69888K, used 5462K [0x9ea40000, 0xa36c0000, 0xb3500000)
  eden space 63744K, 0% used [0x9ea40000,0x9ea40000,0xa2880000)
  from space 6144K, 88% used [0xa2f40000,0xa34958f0,0xa3540000)
  to   space 6912K, 0% used [0xa2880000,0xa2880000,0xa2f40000)
 ParOldGen       total 42240K, used 5517K [0x75500000, 0x77e40000, 0x9ea40000)
  object space 42240K, 13% used [0x75500000,0x75a634f8,0x77e40000)
 PSPermGen       total 16384K, used 10857K [0x71500000, 0x72500000, 0x75500000)
  object space 16384K, 66% used [0x71500000,0x71f9a618,0x72500000)
}
Event: 2,892 GC heap before
{Heap before GC invocations=7 (full 0):
 PSYoungGen      total 69888K, used 69206K [0x9ea40000, 0xa36c0000, 0xb3500000)
  eden space 63744K, 100% used [0x9ea40000,0xa2880000,0xa2880000)
  from space 6144K, 88% used [0xa2f40000,0xa34958f0,0xa3540000)
  to   space 6912K, 0% used [0xa2880000,0xa2880000,0xa2f40000)
 ParOldGen       total 42240K, used 5517K [0x75500000, 0x77e40000, 0x9ea40000)
  object space 42240K, 13% used [0x75500000,0x75a634f8,0x77e40000)
 PSPermGen       total 16384K, used 14861K [0x71500000, 0x72500000, 0x75500000)
  object space 16384K, 90% used [0x71500000,0x72383468,0x72500000)
Event: 2,906 GC heap after
Heap after GC invocations=7 (full 0):
 PSYoungGen      total 70656K, used 6902K [0x9ea40000, 0xa7940000, 0xb3500000)
  eden space 63744K, 0% used [0x9ea40000,0x9ea40000,0xa2880000)
  from space 6912K, 99% used [0xa2880000,0xa2f3d988,0xa2f40000)
  to   space 9472K, 0% used [0xa7000000,0xa7000000,0xa7940000)
 ParOldGen       total 42240K, used 8537K [0x75500000, 0x77e40000, 0x9ea40000)
  object space 42240K, 20% used [0x75500000,0x75d56630,0x77e40000)
 PSPermGen       total 16384K, used 14861K [0x71500000, 0x72500000, 0x75500000)
  object space 16384K, 90% used [0x71500000,0x72383468,0x72500000)
}

