# JRE version: Java(TM) SE Runtime Environment (7.0_76-b13) (build 1.7.0_76-b13)
# Java VM: Java HotSpot(TM) Server VM (24.76-b04 mixed mode linux-x86 )
Heap
 PSYoungGen      total 70656K, used 45062K [0x9ea80000, 0xa7980000, 0xb3540000)
  eden space 63744K, 59% used [0x9ea80000,0xa0fc21d0,0xa28c0000)
  from space 6912K, 99% used [0xa28c0000,0xa2f7f800,0xa2f80000)
  to   space 9472K, 0% used [0xa7040000,0xa7040000,0xa7980000)
 ParOldGen       total 42240K, used 8522K [0x75540000, 0x77e80000, 0x9ea80000)
  object space 42240K, 20% used [0x75540000,0x75d92ab8,0x77e80000)
 PSPermGen       total 16640K, used 16460K [0x71540000, 0x72580000, 0x75540000)
  object space 16640K, 98% used [0x71540000,0x72553228,0x72580000)
GC Heap History (10 events):
Event: 1,082 GC heap before
{Heap before GC invocations=3 (full 0):
 PSYoungGen      total 18688K, used 18675K [0x9ea80000, 0xa0f00000, 0xb3540000)
  eden space 16128K, 100% used [0x9ea80000,0x9fa40000,0x9fa40000)
  from space 2560K, 99% used [0x9fcc0000,0x9ff3cdb8,0x9ff40000)
  to   space 2560K, 0% used [0x9fa40000,0x9fa40000,0x9fcc0000)
 ParOldGen       total 42240K, used 255K [0x75540000, 0x77e80000, 0x9ea80000)
  object space 42240K, 0% used [0x75540000,0x7557fd28,0x77e80000)
 PSPermGen       total 16384K, used 6504K [0x71540000, 0x72540000, 0x75540000)
  object space 16384K, 39% used [0x71540000,0x71b9a3c8,0x72540000)
Event: 1,087 GC heap after
Heap after GC invocations=3 (full 0):
 PSYoungGen      total 18688K, used 2547K [0x9ea80000, 0xa0f00000, 0xb3540000)
  eden space 16128K, 0% used [0x9ea80000,0x9ea80000,0x9fa40000)
  from space 2560K, 99% used [0x9fa40000,0x9fcbced0,0x9fcc0000)
  to   space 2560K, 0% used [0xa0c80000,0xa0c80000,0xa0f00000)
 ParOldGen       total 42240K, used 1192K [0x75540000, 0x77e80000, 0x9ea80000)
  object space 42240K, 2% used [0x75540000,0x7566a208,0x77e80000)
 PSPermGen       total 16384K, used 6504K [0x71540000, 0x72540000, 0x75540000)
  object space 16384K, 39% used [0x71540000,0x71b9a3c8,0x72540000)
}
Event: 1,201 GC heap before
{Heap before GC invocations=4 (full 0):
 PSYoungGen      total 18688K, used 18675K [0x9ea80000, 0xa0f00000, 0xb3540000)
  eden space 16128K, 100% used [0x9ea80000,0x9fa40000,0x9fa40000)
  from space 2560K, 99% used [0x9fa40000,0x9fcbced0,0x9fcc0000)
  to   space 2560K, 0% used [0xa0c80000,0xa0c80000,0xa0f00000)
 ParOldGen       total 42240K, used 1192K [0x75540000, 0x77e80000, 0x9ea80000)
  object space 42240K, 2% used [0x75540000,0x7566a208,0x77e80000)
 PSPermGen       total 16384K, used 7751K [0x71540000, 0x72540000, 0x75540000)
  object space 16384K, 47% used [0x71540000,0x71cd1fc0,0x72540000)
Event: 1,207 GC heap after
Heap after GC invocations=4 (full 0):
 PSYoungGen      total 34816K, used 2552K [0x9ea80000, 0xa0f00000, 0xb3540000)
  eden space 32256K, 0% used [0x9ea80000,0x9ea80000,0xa0a00000)
  from space 2560K, 99% used [0xa0c80000,0xa0efe0b8,0xa0f00000)
  to   space 2560K, 0% used [0xa0a00000,0xa0a00000,0xa0c80000)
 ParOldGen       total 42240K, used 2625K [0x75540000, 0x77e80000, 0x9ea80000)
  object space 42240K, 6% used [0x75540000,0x757d0538,0x77e80000)
 PSPermGen       total 16384K, used 7751K [0x71540000, 0x72540000, 0x75540000)
  object space 16384K, 47% used [0x71540000,0x71cd1fc0,0x72540000)
}
Event: 1,643 GC heap before
{Heap before GC invocations=5 (full 0):
 PSYoungGen      total 34816K, used 34808K [0x9ea80000, 0xa0f00000, 0xb3540000)
  eden space 32256K, 100% used [0x9ea80000,0xa0a00000,0xa0a00000)
  from space 2560K, 99% used [0xa0c80000,0xa0efe0b8,0xa0f00000)
  to   space 2560K, 0% used [0xa0a00000,0xa0a00000,0xa0c80000)
 ParOldGen       total 42240K, used 2625K [0x75540000, 0x77e80000, 0x9ea80000)
  object space 42240K, 6% used [0x75540000,0x757d0538,0x77e80000)
 PSPermGen       total 16384K, used 9524K [0x71540000, 0x72540000, 0x75540000)
  object space 16384K, 58% used [0x71540000,0x71e8d3e0,0x72540000)
Event: 1,651 GC heap after
Heap after GC invocations=5 (full 0):
 PSYoungGen      total 34816K, used 2551K [0x9ea80000, 0xa3580000, 0xb3540000)
  eden space 32256K, 0% used [0x9ea80000,0x9ea80000,0xa0a00000)
  from space 2560K, 99% used [0xa0a00000,0xa0c7dd50,0xa0c80000)
  to   space 6144K, 0% used [0xa2f80000,0xa2f80000,0xa3580000)
 ParOldGen       total 42240K, used 5518K [0x75540000, 0x77e80000, 0x9ea80000)
  object space 42240K, 13% used [0x75540000,0x75aa3bc0,0x77e80000)
 PSPermGen       total 16384K, used 9524K [0x71540000, 0x72540000, 0x75540000)
  object space 16384K, 58% used [0x71540000,0x71e8d3e0,0x72540000)
}
Event: 2,007 GC heap before
{Heap before GC invocations=6 (full 0):
 PSYoungGen      total 34816K, used 34807K [0x9ea80000, 0xa3580000, 0xb3540000)
  eden space 32256K, 100% used [0x9ea80000,0xa0a00000,0xa0a00000)
  from space 2560K, 99% used [0xa0a00000,0xa0c7dd50,0xa0c80000)
  to   space 6144K, 0% used [0xa2f80000,0xa2f80000,0xa3580000)
 ParOldGen       total 42240K, used 5518K [0x75540000, 0x77e80000, 0x9ea80000)
  object space 42240K, 13% used [0x75540000,0x75aa3bc0,0x77e80000)
 PSPermGen       total 16384K, used 10857K [0x71540000, 0x72540000, 0x75540000)
  object space 16384K, 66% used [0x71540000,0x71fda518,0x72540000)
Event: 2,018 GC heap after
Heap after GC invocations=6 (full 0):
 PSYoungGen      total 69888K, used 5491K [0x9ea80000, 0xa3700000, 0xb3540000)
  eden space 63744K, 0% used [0x9ea80000,0x9ea80000,0xa28c0000)
  from space 6144K, 89% used [0xa2f80000,0xa34dcdf8,0xa3580000)
  to   space 6912K, 0% used [0xa28c0000,0xa28c0000,0xa2f80000)
 ParOldGen       total 42240K, used 5522K [0x75540000, 0x77e80000, 0x9ea80000)
  object space 42240K, 13% used [0x75540000,0x75aa4bc0,0x77e80000)
 PSPermGen       total 16384K, used 10857K [0x71540000, 0x72540000, 0x75540000)
  object space 16384K, 66% used [0x71540000,0x71fda518,0x72540000)
}
Event: 2,839 GC heap before
{Heap before GC invocations=7 (full 0):
 PSYoungGen      total 69888K, used 69235K [0x9ea80000, 0xa3700000, 0xb3540000)
  eden space 63744K, 100% used [0x9ea80000,0xa28c0000,0xa28c0000)
  from space 6144K, 89% used [0xa2f80000,0xa34dcdf8,0xa3580000)
  to   space 6912K, 0% used [0xa28c0000,0xa28c0000,0xa2f80000)
 ParOldGen       total 42240K, used 5522K [0x75540000, 0x77e80000, 0x9ea80000)
  object space 42240K, 13% used [0x75540000,0x75aa4bc0,0x77e80000)
 PSPermGen       total 16384K, used 14860K [0x71540000, 0x72540000, 0x75540000)
  object space 16384K, 90% used [0x71540000,0x723c3380,0x72540000)
Event: 2,853 GC heap after
Heap after GC invocations=7 (full 0):
 PSYoungGen      total 70656K, used 6910K [0x9ea80000, 0xa7980000, 0xb3540000)
  eden space 63744K, 0% used [0x9ea80000,0x9ea80000,0xa28c0000)
  from space 6912K, 99% used [0xa28c0000,0xa2f7f800,0xa2f80000)
  to   space 9472K, 0% used [0xa7040000,0xa7040000,0xa7980000)
 ParOldGen       total 42240K, used 8522K [0x75540000, 0x77e80000, 0x9ea80000)
  object space 42240K, 20% used [0x75540000,0x75d92ab8,0x77e80000)
 PSPermGen       total 16384K, used 14860K [0x71540000, 0x72540000, 0x75540000)
  object space 16384K, 90% used [0x71540000,0x723c3380,0x72540000)
}

