# JRE version: Java(TM) SE Runtime Environment (7.0_76-b13) (build 1.7.0_76-b13)
# Java VM: Java HotSpot(TM) Server VM (24.76-b04 mixed mode linux-x86 )
Heap
 PSYoungGen      total 70656K, used 37400K [0x9ea40000, 0xa7940000, 0xb3500000)
  eden space 63744K, 47% used [0x9ea40000,0xa08095e0,0xa2880000)
  from space 6912K, 99% used [0xa2880000,0xa2f3cb40,0xa2f40000)
  to   space 9472K, 0% used [0xa7000000,0xa7000000,0xa7940000)
 ParOldGen       total 42240K, used 8591K [0x75500000, 0x77e40000, 0x9ea40000)
  object space 42240K, 20% used [0x75500000,0x75d63ff8,0x77e40000)
 PSPermGen       total 16384K, used 16377K [0x71500000, 0x72500000, 0x75500000)
  object space 16384K, 99% used [0x71500000,0x724fe710,0x72500000)
GC Heap History (10 events):
Event: 1,025 GC heap before
{Heap before GC invocations=3 (full 0):
 PSYoungGen      total 18688K, used 18684K [0x9ea40000, 0xa0ec0000, 0xb3500000)
  eden space 16128K, 100% used [0x9ea40000,0x9fa00000,0x9fa00000)
  from space 2560K, 99% used [0x9fc80000,0x9feff058,0x9ff00000)
  to   space 2560K, 0% used [0x9fa00000,0x9fa00000,0x9fc80000)
 ParOldGen       total 42240K, used 239K [0x75500000, 0x77e40000, 0x9ea40000)
  object space 42240K, 0% used [0x75500000,0x7553bd68,0x77e40000)
 PSPermGen       total 16384K, used 6506K [0x71500000, 0x72500000, 0x75500000)
  object space 16384K, 39% used [0x71500000,0x71b5aab0,0x72500000)
Event: 1,031 GC heap after
Heap after GC invocations=3 (full 0):
 PSYoungGen      total 18688K, used 2552K [0x9ea40000, 0xa0ec0000, 0xb3500000)
  eden space 16128K, 0% used [0x9ea40000,0x9ea40000,0x9fa00000)
  from space 2560K, 99% used [0x9fa00000,0x9fc7e280,0x9fc80000)
  to   space 2560K, 0% used [0xa0c40000,0xa0c40000,0xa0ec0000)
 ParOldGen       total 42240K, used 1171K [0x75500000, 0x77e40000, 0x9ea40000)
  object space 42240K, 2% used [0x75500000,0x75624ca0,0x77e40000)
 PSPermGen       total 16384K, used 6506K [0x71500000, 0x72500000, 0x75500000)
  object space 16384K, 39% used [0x71500000,0x71b5aab0,0x72500000)
}
Event: 1,199 GC heap before
{Heap before GC invocations=4 (full 0):
 PSYoungGen      total 18688K, used 18680K [0x9ea40000, 0xa0ec0000, 0xb3500000)
  eden space 16128K, 100% used [0x9ea40000,0x9fa00000,0x9fa00000)
  from space 2560K, 99% used [0x9fa00000,0x9fc7e280,0x9fc80000)
  to   space 2560K, 0% used [0xa0c40000,0xa0c40000,0xa0ec0000)
 ParOldGen       total 42240K, used 1171K [0x75500000, 0x77e40000, 0x9ea40000)
  object space 42240K, 2% used [0x75500000,0x75624ca0,0x77e40000)
 PSPermGen       total 16384K, used 7750K [0x71500000, 0x72500000, 0x75500000)
  object space 16384K, 47% used [0x71500000,0x71c91990,0x72500000)
Event: 1,203 GC heap after
Heap after GC invocations=4 (full 0):
 PSYoungGen      total 34816K, used 2554K [0x9ea40000, 0xa0ec0000, 0xb3500000)
  eden space 32256K, 0% used [0x9ea40000,0x9ea40000,0xa09c0000)
  from space 2560K, 99% used [0xa0c40000,0xa0ebea20,0xa0ec0000)
  to   space 2560K, 0% used [0xa09c0000,0xa09c0000,0xa0c40000)
 ParOldGen       total 42240K, used 2585K [0x75500000, 0x77e40000, 0x9ea40000)
  object space 42240K, 6% used [0x75500000,0x75786740,0x77e40000)
 PSPermGen       total 16384K, used 7750K [0x71500000, 0x72500000, 0x75500000)
  object space 16384K, 47% used [0x71500000,0x71c91990,0x72500000)
}
Event: 1,661 GC heap before
{Heap before GC invocations=5 (full 0):
 PSYoungGen      total 34816K, used 34810K [0x9ea40000, 0xa0ec0000, 0xb3500000)
  eden space 32256K, 100% used [0x9ea40000,0xa09c0000,0xa09c0000)
  from space 2560K, 99% used [0xa0c40000,0xa0ebea20,0xa0ec0000)
  to   space 2560K, 0% used [0xa09c0000,0xa09c0000,0xa0c40000)
 ParOldGen       total 42240K, used 2585K [0x75500000, 0x77e40000, 0x9ea40000)
  object space 42240K, 6% used [0x75500000,0x75786740,0x77e40000)
 PSPermGen       total 16384K, used 9526K [0x71500000, 0x72500000, 0x75500000)
  object space 16384K, 58% used [0x71500000,0x71e4d8f8,0x72500000)
Event: 1,669 GC heap after
Heap after GC invocations=5 (full 0):
 PSYoungGen      total 34816K, used 2547K [0x9ea40000, 0xa3540000, 0xb3500000)
  eden space 32256K, 0% used [0x9ea40000,0x9ea40000,0xa09c0000)
  from space 2560K, 99% used [0xa09c0000,0xa0c3ccc8,0xa0c40000)
  to   space 6144K, 0% used [0xa2f40000,0xa2f40000,0xa3540000)
 ParOldGen       total 42240K, used 5508K [0x75500000, 0x77e40000, 0x9ea40000)
  object space 42240K, 13% used [0x75500000,0x75a612f0,0x77e40000)
 PSPermGen       total 16384K, used 9526K [0x71500000, 0x72500000, 0x75500000)
  object space 16384K, 58% used [0x71500000,0x71e4d8f8,0x72500000)
}
Event: 2,048 GC heap before
{Heap before GC invocations=6 (full 0):
 PSYoungGen      total 34816K, used 34803K [0x9ea40000, 0xa3540000, 0xb3500000)
  eden space 32256K, 100% used [0x9ea40000,0xa09c0000,0xa09c0000)
  from space 2560K, 99% used [0xa09c0000,0xa0c3ccc8,0xa0c40000)
  to   space 6144K, 0% used [0xa2f40000,0xa2f40000,0xa3540000)
 ParOldGen       total 42240K, used 5508K [0x75500000, 0x77e40000, 0x9ea40000)
  object space 42240K, 13% used [0x75500000,0x75a612f0,0x77e40000)
 PSPermGen       total 16384K, used 10848K [0x71500000, 0x72500000, 0x75500000)
  object space 16384K, 66% used [0x71500000,0x71f983f0,0x72500000)
Event: 2,061 GC heap after
Heap after GC invocations=6 (full 0):
 PSYoungGen      total 69888K, used 5486K [0x9ea40000, 0xa36c0000, 0xb3500000)
  eden space 63744K, 0% used [0x9ea40000,0x9ea40000,0xa2880000)
  from space 6144K, 89% used [0xa2f40000,0xa349ba90,0xa3540000)
  to   space 6912K, 0% used [0xa2880000,0xa2880000,0xa2f40000)
 ParOldGen       total 42240K, used 5512K [0x75500000, 0x77e40000, 0x9ea40000)
  object space 42240K, 13% used [0x75500000,0x75a622f0,0x77e40000)
 PSPermGen       total 16384K, used 10848K [0x71500000, 0x72500000, 0x75500000)
  object space 16384K, 66% used [0x71500000,0x71f983f0,0x72500000)
}
Event: 2,899 GC heap before
{Heap before GC invocations=7 (full 0):
 PSYoungGen      total 69888K, used 69230K [0x9ea40000, 0xa36c0000, 0xb3500000)
  eden space 63744K, 100% used [0x9ea40000,0xa2880000,0xa2880000)
  from space 6144K, 89% used [0xa2f40000,0xa349ba90,0xa3540000)
  to   space 6912K, 0% used [0xa2880000,0xa2880000,0xa2f40000)
 ParOldGen       total 42240K, used 5512K [0x75500000, 0x77e40000, 0x9ea40000)
  object space 42240K, 13% used [0x75500000,0x75a622f0,0x77e40000)
 PSPermGen       total 16384K, used 14873K [0x71500000, 0x72500000, 0x75500000)
  object space 16384K, 90% used [0x71500000,0x72386708,0x72500000)
Event: 2,914 GC heap after
Heap after GC invocations=7 (full 0):
 PSYoungGen      total 70656K, used 6898K [0x9ea40000, 0xa7940000, 0xb3500000)
  eden space 63744K, 0% used [0x9ea40000,0x9ea40000,0xa2880000)
  from space 6912K, 99% used [0xa2880000,0xa2f3cb40,0xa2f40000)
  to   space 9472K, 0% used [0xa7000000,0xa7000000,0xa7940000)
 ParOldGen       total 42240K, used 8591K [0x75500000, 0x77e40000, 0x9ea40000)
  object space 42240K, 20% used [0x75500000,0x75d63ff8,0x77e40000)
 PSPermGen       total 16384K, used 14873K [0x71500000, 0x72500000, 0x75500000)
  object space 16384K, 90% used [0x71500000,0x72386708,0x72500000)
}

