# JRE version: Java(TM) SE Runtime Environment (7.0_76-b13) (build 1.7.0_76-b13)
# Java VM: Java HotSpot(TM) Server VM (24.76-b04 mixed mode linux-x86 )
Heap
 PSYoungGen      total 70656K, used 13159K [0x9e8c0000, 0xa5d80000, 0xb3380000)
  eden space 63488K, 9% used [0x9e8c0000,0x9ee9c8d0,0xa26c0000)
  from space 7168K, 99% used [0xa26c0000,0xa2dbd510,0xa2dc0000)
  to   space 8960K, 0% used [0xa54c0000,0xa54c0000,0xa5d80000)
 ParOldGen       total 42240K, used 7994K [0x75380000, 0x77cc0000, 0x9e8c0000)
  object space 42240K, 18% used [0x75380000,0x75b4ea18,0x77cc0000)
 PSPermGen       total 16896K, used 16719K [0x71380000, 0x72400000, 0x75380000)
  object space 16896K, 98% used [0x71380000,0x723d3fa8,0x72400000)
GC Heap History (10 events):
Event: 1,982 GC heap before
{Heap before GC invocations=5 (full 0):
 PSYoungGen      total 18688K, used 18672K [0x9e8c0000, 0xa0d40000, 0xb3380000)
  eden space 16128K, 100% used [0x9e8c0000,0x9f880000,0x9f880000)
  from space 2560K, 99% used [0x9fb00000,0x9fd7c0e8,0x9fd80000)
  to   space 2560K, 0% used [0x9f880000,0x9f880000,0x9fb00000)
 ParOldGen       total 42240K, used 2465K [0x75380000, 0x77cc0000, 0x9e8c0000)
  object space 42240K, 5% used [0x75380000,0x755e8690,0x77cc0000)
 PSPermGen       total 16384K, used 9081K [0x71380000, 0x72380000, 0x75380000)
  object space 16384K, 55% used [0x71380000,0x71c5e5d0,0x72380000)
Event: 1,987 GC heap after
Heap after GC invocations=5 (full 0):
 PSYoungGen      total 18688K, used 2544K [0x9e8c0000, 0xa1240000, 0xb3380000)
  eden space 16128K, 0% used [0x9e8c0000,0x9e8c0000,0x9f880000)
  from space 2560K, 99% used [0x9f880000,0x9fafc098,0x9fb00000)
  to   space 5120K, 0% used [0xa0d40000,0xa0d40000,0xa1240000)
 ParOldGen       total 42240K, used 3682K [0x75380000, 0x77cc0000, 0x9e8c0000)
  object space 42240K, 8% used [0x75380000,0x75718838,0x77cc0000)
 PSPermGen       total 16384K, used 9081K [0x71380000, 0x72380000, 0x75380000)
  object space 16384K, 55% used [0x71380000,0x71c5e5d0,0x72380000)
}
Event: 2,465 GC heap before
{Heap before GC invocations=6 (full 0):
 PSYoungGen      total 18688K, used 18672K [0x9e8c0000, 0xa1240000, 0xb3380000)
  eden space 16128K, 100% used [0x9e8c0000,0x9f880000,0x9f880000)
  from space 2560K, 99% used [0x9f880000,0x9fafc098,0x9fb00000)
  to   space 5120K, 0% used [0xa0d40000,0xa0d40000,0xa1240000)
 ParOldGen       total 42240K, used 3682K [0x75380000, 0x77cc0000, 0x9e8c0000)
  object space 42240K, 8% used [0x75380000,0x75718838,0x77cc0000)
 PSPermGen       total 16384K, used 9661K [0x71380000, 0x72380000, 0x75380000)
  object space 16384K, 58% used [0x71380000,0x71cef4e0,0x72380000)
Event: 2,474 GC heap after
Heap after GC invocations=6 (full 0):
 PSYoungGen      total 37120K, used 4222K [0x9e8c0000, 0xa12c0000, 0xb3380000)
  eden space 32000K, 0% used [0x9e8c0000,0x9e8c0000,0xa0800000)
  from space 5120K, 82% used [0xa0d40000,0xa115f848,0xa1240000)
  to   space 5376K, 0% used [0xa0800000,0xa0800000,0xa0d40000)
 ParOldGen       total 42240K, used 3682K [0x75380000, 0x77cc0000, 0x9e8c0000)
  object space 42240K, 8% used [0x75380000,0x75718838,0x77cc0000)
 PSPermGen       total 16384K, used 9661K [0x71380000, 0x72380000, 0x75380000)
  object space 16384K, 58% used [0x71380000,0x71cef4e0,0x72380000)
}
Event: 3,014 GC heap before
{Heap before GC invocations=7 (full 0):
 PSYoungGen      total 37120K, used 36222K [0x9e8c0000, 0xa12c0000, 0xb3380000)
  eden space 32000K, 100% used [0x9e8c0000,0xa0800000,0xa0800000)
  from space 5120K, 82% used [0xa0d40000,0xa115f848,0xa1240000)
  to   space 5376K, 0% used [0xa0800000,0xa0800000,0xa0d40000)
 ParOldGen       total 42240K, used 3682K [0x75380000, 0x77cc0000, 0x9e8c0000)
  object space 42240K, 8% used [0x75380000,0x75718838,0x77cc0000)
 PSPermGen       total 16384K, used 10960K [0x71380000, 0x72380000, 0x75380000)
  object space 16384K, 66% used [0x71380000,0x71e34148,0x72380000)
Event: 3,025 GC heap after
Heap after GC invocations=7 (full 0):
 PSYoungGen      total 37376K, used 5362K [0x9e8c0000, 0xa3440000, 0xb3380000)
  eden space 32000K, 0% used [0x9e8c0000,0x9e8c0000,0xa0800000)
  from space 5376K, 99% used [0xa0800000,0xa0d3cb28,0xa0d40000)
  to   space 6656K, 0% used [0xa2dc0000,0xa2dc0000,0xa3440000)
 ParOldGen       total 42240K, used 4908K [0x75380000, 0x77cc0000, 0x9e8c0000)
  object space 42240K, 11% used [0x75380000,0x7584b0e8,0x77cc0000)
 PSPermGen       total 16384K, used 10960K [0x71380000, 0x72380000, 0x75380000)
  object space 16384K, 66% used [0x71380000,0x71e34148,0x72380000)
}
Event: 3,460 GC heap before
{Heap before GC invocations=8 (full 0):
 PSYoungGen      total 37376K, used 37362K [0x9e8c0000, 0xa3440000, 0xb3380000)
  eden space 32000K, 100% used [0x9e8c0000,0xa0800000,0xa0800000)
  from space 5376K, 99% used [0xa0800000,0xa0d3cb28,0xa0d40000)
  to   space 6656K, 0% used [0xa2dc0000,0xa2dc0000,0xa3440000)
 ParOldGen       total 42240K, used 4908K [0x75380000, 0x77cc0000, 0x9e8c0000)
  object space 42240K, 11% used [0x75380000,0x7584b0e8,0x77cc0000)
 PSPermGen       total 16384K, used 12832K [0x71380000, 0x72380000, 0x75380000)
  object space 16384K, 78% used [0x71380000,0x72008300,0x72380000)
Event: 3,468 GC heap after
Heap after GC invocations=8 (full 0):
 PSYoungGen      total 70144K, used 5660K [0x9e8c0000, 0xa3540000, 0xb3380000)
  eden space 63488K, 0% used [0x9e8c0000,0x9e8c0000,0xa26c0000)
  from space 6656K, 85% used [0xa2dc0000,0xa3347318,0xa3440000)
  to   space 7168K, 0% used [0xa26c0000,0xa26c0000,0xa2dc0000)
 ParOldGen       total 42240K, used 6112K [0x75380000, 0x77cc0000, 0x9e8c0000)
  object space 42240K, 14% used [0x75380000,0x75978200,0x77cc0000)
 PSPermGen       total 16384K, used 12832K [0x71380000, 0x72380000, 0x75380000)
  object space 16384K, 78% used [0x71380000,0x72008300,0x72380000)
}
Event: 437,361 GC heap before
{Heap before GC invocations=9 (full 0):
 PSYoungGen      total 70144K, used 69148K [0x9e8c0000, 0xa3540000, 0xb3380000)
  eden space 63488K, 100% used [0x9e8c0000,0xa26c0000,0xa26c0000)
  from space 6656K, 85% used [0xa2dc0000,0xa3347318,0xa3440000)
  to   space 7168K, 0% used [0xa26c0000,0xa26c0000,0xa2dc0000)
 ParOldGen       total 42240K, used 6112K [0x75380000, 0x77cc0000, 0x9e8c0000)
  object space 42240K, 14% used [0x75380000,0x75978200,0x77cc0000)
 PSPermGen       total 16896K, used 16658K [0x71380000, 0x72400000, 0x75380000)
  object space 16896K, 98% used [0x71380000,0x723c4b90,0x72400000)
Event: 437,371 GC heap after
Heap after GC invocations=9 (full 0):
 PSYoungGen      total 70656K, used 7157K [0x9e8c0000, 0xa5d80000, 0xb3380000)
  eden space 63488K, 0% used [0x9e8c0000,0x9e8c0000,0xa26c0000)
  from space 7168K, 99% used [0xa26c0000,0xa2dbd510,0xa2dc0000)
  to   space 8960K, 0% used [0xa54c0000,0xa54c0000,0xa5d80000)
 ParOldGen       total 42240K, used 7994K [0x75380000, 0x77cc0000, 0x9e8c0000)
  object space 42240K, 18% used [0x75380000,0x75b4ea18,0x77cc0000)
 PSPermGen       total 16896K, used 16658K [0x71380000, 0x72400000, 0x75380000)
  object space 16896K, 98% used [0x71380000,0x723c4b90,0x72400000)
}

