# JRE version: Java(TM) SE Runtime Environment (7.0_76-b13) (build 1.7.0_76-b13)
# Java VM: Java HotSpot(TM) Server VM (24.76-b04 mixed mode linux-x86 )
Heap
 PSYoungGen      total 70656K, used 6648K [0x9ea40000, 0xa35c0000, 0xb3500000)
  eden space 64000K, 0% used [0x9ea40000,0x9ea40000,0xa28c0000)
  from space 6656K, 99% used [0xa28c0000,0xa2f3e160,0xa2f40000)
  to   space 6656K, 0% used [0xa2f40000,0xa2f40000,0xa35c0000)
 ParOldGen       total 42240K, used 7246K [0x75500000, 0x77e40000, 0x9ea40000)
  object space 42240K, 17% used [0x75500000,0x75c13b88,0x77e40000)
 PSPermGen       total 16384K, used 16360K [0x71500000, 0x72500000, 0x75500000)
  object space 16384K, 99% used [0x71500000,0x724fa088,0x72500000)
GC Heap History (10 events):
Event: 2,618 GC heap after
Heap after GC invocations=4 (full 0):
 PSYoungGen      total 18688K, used 2546K [0x9ea40000, 0xa0ec0000, 0xb3500000)
  eden space 16128K, 0% used [0x9ea40000,0x9ea40000,0x9fa00000)
  from space 2560K, 99% used [0x9fc80000,0x9fefca40,0x9ff00000)
  to   space 2560K, 0% used [0x9fa00000,0x9fa00000,0x9fc80000)
 ParOldGen       total 42240K, used 2601K [0x75500000, 0x77e40000, 0x9ea40000)
  object space 42240K, 6% used [0x75500000,0x7578a440,0x77e40000)
 PSPermGen       total 16384K, used 7748K [0x71500000, 0x72500000, 0x75500000)
  object space 16384K, 47% used [0x71500000,0x71c913c8,0x72500000)
}
Event: 2,868 GC heap before
{Heap before GC invocations=5 (full 0):
 PSYoungGen      total 18688K, used 18674K [0x9ea40000, 0xa0ec0000, 0xb3500000)
  eden space 16128K, 100% used [0x9ea40000,0x9fa00000,0x9fa00000)
  from space 2560K, 99% used [0x9fc80000,0x9fefca40,0x9ff00000)
  to   space 2560K, 0% used [0x9fa00000,0x9fa00000,0x9fc80000)
 ParOldGen       total 42240K, used 2601K [0x75500000, 0x77e40000, 0x9ea40000)
  object space 42240K, 6% used [0x75500000,0x7578a440,0x77e40000)
 PSPermGen       total 16384K, used 8952K [0x71500000, 0x72500000, 0x75500000)
  object space 16384K, 54% used [0x71500000,0x71dbe250,0x72500000)
Event: 2,875 GC heap after
Heap after GC invocations=5 (full 0):
 PSYoungGen      total 18688K, used 2554K [0x9ea40000, 0xa13c0000, 0xb3500000)
  eden space 16128K, 0% used [0x9ea40000,0x9ea40000,0x9fa00000)
  from space 2560K, 99% used [0x9fa00000,0x9fc7ea20,0x9fc80000)
  to   space 5120K, 0% used [0xa0ec0000,0xa0ec0000,0xa13c0000)
 ParOldGen       total 42240K, used 3810K [0x75500000, 0x77e40000, 0x9ea40000)
  object space 42240K, 9% used [0x75500000,0x758b8be0,0x77e40000)
 PSPermGen       total 16384K, used 8952K [0x71500000, 0x72500000, 0x75500000)
  object space 16384K, 54% used [0x71500000,0x71dbe250,0x72500000)
}
Event: 3,249 GC heap before
{Heap before GC invocations=6 (full 0):
 PSYoungGen      total 18688K, used 18682K [0x9ea40000, 0xa13c0000, 0xb3500000)
  eden space 16128K, 100% used [0x9ea40000,0x9fa00000,0x9fa00000)
  from space 2560K, 99% used [0x9fa00000,0x9fc7ea20,0x9fc80000)
  to   space 5120K, 0% used [0xa0ec0000,0xa0ec0000,0xa13c0000)
 ParOldGen       total 42240K, used 3810K [0x75500000, 0x77e40000, 0x9ea40000)
  object space 42240K, 9% used [0x75500000,0x758b8be0,0x77e40000)
 PSPermGen       total 16384K, used 9524K [0x71500000, 0x72500000, 0x75500000)
  object space 16384K, 58% used [0x71500000,0x71e4d240,0x72500000)
Event: 3,256 GC heap after
Heap after GC invocations=6 (full 0):
 PSYoungGen      total 37120K, used 4245K [0x9ea40000, 0xa1440000, 0xb3500000)
  eden space 32000K, 0% used [0x9ea40000,0x9ea40000,0xa0980000)
  from space 5120K, 82% used [0xa0ec0000,0xa12e55b8,0xa13c0000)
  to   space 5376K, 0% used [0xa0980000,0xa0980000,0xa0ec0000)
 ParOldGen       total 42240K, used 3810K [0x75500000, 0x77e40000, 0x9ea40000)
  object space 42240K, 9% used [0x75500000,0x758b8be0,0x77e40000)
 PSPermGen       total 16384K, used 9524K [0x71500000, 0x72500000, 0x75500000)
  object space 16384K, 58% used [0x71500000,0x71e4d240,0x72500000)
}
Event: 3,772 GC heap before
{Heap before GC invocations=7 (full 0):
 PSYoungGen      total 37120K, used 36245K [0x9ea40000, 0xa1440000, 0xb3500000)
  eden space 32000K, 100% used [0x9ea40000,0xa0980000,0xa0980000)
  from space 5120K, 82% used [0xa0ec0000,0xa12e55b8,0xa13c0000)
  to   space 5376K, 0% used [0xa0980000,0xa0980000,0xa0ec0000)
 ParOldGen       total 42240K, used 3810K [0x75500000, 0x77e40000, 0x9ea40000)
  object space 42240K, 9% used [0x75500000,0x758b8be0,0x77e40000)
 PSPermGen       total 16384K, used 10833K [0x71500000, 0x72500000, 0x75500000)
  object space 16384K, 66% used [0x71500000,0x71f944b8,0x72500000)
Event: 3,782 GC heap after
Heap after GC invocations=7 (full 0):
 PSYoungGen      total 37376K, used 5360K [0x9ea40000, 0xa35c0000, 0xb3500000)
  eden space 32000K, 0% used [0x9ea40000,0x9ea40000,0xa0980000)
  from space 5376K, 99% used [0xa0980000,0xa0ebc228,0xa0ec0000)
  to   space 6656K, 0% used [0xa2f40000,0xa2f40000,0xa35c0000)
 ParOldGen       total 42240K, used 5034K [0x75500000, 0x77e40000, 0x9ea40000)
  object space 42240K, 11% used [0x75500000,0x759eaa28,0x77e40000)
 PSPermGen       total 16384K, used 10833K [0x71500000, 0x72500000, 0x75500000)
  object space 16384K, 66% used [0x71500000,0x71f944b8,0x72500000)
}
Event: 4,487 GC heap before
{Heap before GC invocations=8 (full 0):
 PSYoungGen      total 37376K, used 37360K [0x9ea40000, 0xa35c0000, 0xb3500000)
  eden space 32000K, 100% used [0x9ea40000,0xa0980000,0xa0980000)
  from space 5376K, 99% used [0xa0980000,0xa0ebc228,0xa0ec0000)
  to   space 6656K, 0% used [0xa2f40000,0xa2f40000,0xa35c0000)
 ParOldGen       total 42240K, used 5034K [0x75500000, 0x77e40000, 0x9ea40000)
  object space 42240K, 11% used [0x75500000,0x759eaa28,0x77e40000)
 PSPermGen       total 16384K, used 12653K [0x71500000, 0x72500000, 0x75500000)
  object space 16384K, 77% used [0x71500000,0x7215b5d8,0x72500000)
Event: 4,494 GC heap after
Heap after GC invocations=8 (full 0):
 PSYoungGen      total 70656K, used 4431K [0x9ea40000, 0xa35c0000, 0xb3500000)
  eden space 64000K, 0% used [0x9ea40000,0x9ea40000,0xa28c0000)
  from space 6656K, 66% used [0xa2f40000,0xa3393d98,0xa35c0000)
  to   space 6656K, 0% used [0xa28c0000,0xa28c0000,0xa2f40000)
 ParOldGen       total 42240K, used 6196K [0x75500000, 0x77e40000, 0x9ea40000)
  object space 42240K, 14% used [0x75500000,0x75b0d0d8,0x77e40000)
 PSPermGen       total 16384K, used 12653K [0x71500000, 0x72500000, 0x75500000)
  object space 16384K, 77% used [0x71500000,0x7215b5d8,0x72500000)
}
Event: 1941,781 GC heap before
{Heap before GC invocations=9 (full 0):
 PSYoungGen      total 70656K, used 68431K [0x9ea40000, 0xa35c0000, 0xb3500000)
  eden space 64000K, 100% used [0x9ea40000,0xa28c0000,0xa28c0000)
  from space 6656K, 66% used [0xa2f40000,0xa3393d98,0xa35c0000)
  to   space 6656K, 0% used [0xa28c0000,0xa28c0000,0xa2f40000)
 ParOldGen       total 42240K, used 6196K [0x75500000, 0x77e40000, 0x9ea40000)
  object space 42240K, 14% used [0x75500000,0x75b0d0d8,0x77e40000)
 PSPermGen       total 16384K, used 16360K [0x71500000, 0x72500000, 0x75500000)
  object space 16384K, 99% used [0x71500000,0x724fa088,0x72500000)

