# JRE version: Java(TM) SE Runtime Environment (7.0_76-b13) (build 1.7.0_76-b13)
# Java VM: Java HotSpot(TM) Server VM (24.76-b04 mixed mode linux-x86 )
Heap
 PSYoungGen      total 70656K, used 6648K [0x9ea80000, 0xa3600000, 0xb3540000)
  eden space 64000K, 0% used [0x9ea80000,0x9ea80000,0xa2900000)
  from space 6656K, 99% used [0xa2900000,0xa2f7e2b0,0xa2f80000)
  to   space 6656K, 0% used [0xa2f80000,0xa2f80000,0xa3600000)
 ParOldGen       total 42240K, used 7216K [0x75540000, 0x77e80000, 0x9ea80000)
  object space 42240K, 17% used [0x75540000,0x75c4c328,0x77e80000)
 PSPermGen       total 16384K, used 16360K [0x71540000, 0x72540000, 0x75540000)
  object space 16384K, 99% used [0x71540000,0x7253a380,0x72540000)
GC Heap History (10 events):
Event: 3,092 GC heap after
Heap after GC invocations=4 (full 0):
 PSYoungGen      total 18688K, used 2546K [0x9ea80000, 0xa0f00000, 0xb3540000)
  eden space 16128K, 0% used [0x9ea80000,0x9ea80000,0x9fa40000)
  from space 2560K, 99% used [0x9fcc0000,0x9ff3ca10,0x9ff40000)
  to   space 2560K, 0% used [0x9fa40000,0x9fa40000,0x9fcc0000)
 ParOldGen       total 42240K, used 2605K [0x75540000, 0x77e80000, 0x9ea80000)
  object space 42240K, 6% used [0x75540000,0x757cb4a0,0x77e80000)
 PSPermGen       total 16384K, used 7751K [0x71540000, 0x72540000, 0x75540000)
  object space 16384K, 47% used [0x71540000,0x71cd1fc0,0x72540000)
}
Event: 3,222 GC heap before
{Heap before GC invocations=5 (full 0):
 PSYoungGen      total 18688K, used 18674K [0x9ea80000, 0xa0f00000, 0xb3540000)
  eden space 16128K, 100% used [0x9ea80000,0x9fa40000,0x9fa40000)
  from space 2560K, 99% used [0x9fcc0000,0x9ff3ca10,0x9ff40000)
  to   space 2560K, 0% used [0x9fa40000,0x9fa40000,0x9fcc0000)
 ParOldGen       total 42240K, used 2605K [0x75540000, 0x77e80000, 0x9ea80000)
  object space 42240K, 6% used [0x75540000,0x757cb4a0,0x77e80000)
 PSPermGen       total 16384K, used 8961K [0x71540000, 0x72540000, 0x75540000)
  object space 16384K, 54% used [0x71540000,0x71e006c0,0x72540000)
Event: 3,230 GC heap after
Heap after GC invocations=5 (full 0):
 PSYoungGen      total 18688K, used 2547K [0x9ea80000, 0xa1400000, 0xb3540000)
  eden space 16128K, 0% used [0x9ea80000,0x9ea80000,0x9fa40000)
  from space 2560K, 99% used [0x9fa40000,0x9fcbccf8,0x9fcc0000)
  to   space 5120K, 0% used [0xa0f00000,0xa0f00000,0xa1400000)
 ParOldGen       total 42240K, used 3831K [0x75540000, 0x77e80000, 0x9ea80000)
  object space 42240K, 9% used [0x75540000,0x758fdd78,0x77e80000)
 PSPermGen       total 16384K, used 8961K [0x71540000, 0x72540000, 0x75540000)
  object space 16384K, 54% used [0x71540000,0x71e006c0,0x72540000)
}
Event: 3,539 GC heap before
{Heap before GC invocations=6 (full 0):
 PSYoungGen      total 18688K, used 18675K [0x9ea80000, 0xa1400000, 0xb3540000)
  eden space 16128K, 100% used [0x9ea80000,0x9fa40000,0x9fa40000)
  from space 2560K, 99% used [0x9fa40000,0x9fcbccf8,0x9fcc0000)
  to   space 5120K, 0% used [0xa0f00000,0xa0f00000,0xa1400000)
 ParOldGen       total 42240K, used 3831K [0x75540000, 0x77e80000, 0x9ea80000)
  object space 42240K, 9% used [0x75540000,0x758fdd78,0x77e80000)
 PSPermGen       total 16384K, used 9524K [0x71540000, 0x72540000, 0x75540000)
  object space 16384K, 58% used [0x71540000,0x71e8d3f0,0x72540000)
Event: 3,546 GC heap after
Heap after GC invocations=6 (full 0):
 PSYoungGen      total 37120K, used 4255K [0x9ea80000, 0xa1480000, 0xb3540000)
  eden space 32000K, 0% used [0x9ea80000,0x9ea80000,0xa09c0000)
  from space 5120K, 83% used [0xa0f00000,0xa1327c70,0xa1400000)
  to   space 5376K, 0% used [0xa09c0000,0xa09c0000,0xa0f00000)
 ParOldGen       total 42240K, used 3835K [0x75540000, 0x77e80000, 0x9ea80000)
  object space 42240K, 9% used [0x75540000,0x758fed78,0x77e80000)
 PSPermGen       total 16384K, used 9524K [0x71540000, 0x72540000, 0x75540000)
  object space 16384K, 58% used [0x71540000,0x71e8d3f0,0x72540000)
}
Event: 3,986 GC heap before
{Heap before GC invocations=7 (full 0):
 PSYoungGen      total 37120K, used 36255K [0x9ea80000, 0xa1480000, 0xb3540000)
  eden space 32000K, 100% used [0x9ea80000,0xa09c0000,0xa09c0000)
  from space 5120K, 83% used [0xa0f00000,0xa1327c70,0xa1400000)
  to   space 5376K, 0% used [0xa09c0000,0xa09c0000,0xa0f00000)
 ParOldGen       total 42240K, used 3835K [0x75540000, 0x77e80000, 0x9ea80000)
  object space 42240K, 9% used [0x75540000,0x758fed78,0x77e80000)
 PSPermGen       total 16384K, used 10838K [0x71540000, 0x72540000, 0x75540000)
  object space 16384K, 66% used [0x71540000,0x71fd5b48,0x72540000)
Event: 4,003 GC heap after
Heap after GC invocations=7 (full 0):
 PSYoungGen      total 37376K, used 5360K [0x9ea80000, 0xa3600000, 0xb3540000)
  eden space 32000K, 0% used [0x9ea80000,0x9ea80000,0xa09c0000)
  from space 5376K, 99% used [0xa09c0000,0xa0efc2a8,0xa0f00000)
  to   space 6656K, 0% used [0xa2f80000,0xa2f80000,0xa3600000)
 ParOldGen       total 42240K, used 5032K [0x75540000, 0x77e80000, 0x9ea80000)
  object space 42240K, 11% used [0x75540000,0x75a2a340,0x77e80000)
 PSPermGen       total 16384K, used 10838K [0x71540000, 0x72540000, 0x75540000)
  object space 16384K, 66% used [0x71540000,0x71fd5b48,0x72540000)
}
Event: 4,392 GC heap before
{Heap before GC invocations=8 (full 0):
 PSYoungGen      total 37376K, used 37360K [0x9ea80000, 0xa3600000, 0xb3540000)
  eden space 32000K, 100% used [0x9ea80000,0xa09c0000,0xa09c0000)
  from space 5376K, 99% used [0xa09c0000,0xa0efc2a8,0xa0f00000)
  to   space 6656K, 0% used [0xa2f80000,0xa2f80000,0xa3600000)
 ParOldGen       total 42240K, used 5032K [0x75540000, 0x77e80000, 0x9ea80000)
  object space 42240K, 11% used [0x75540000,0x75a2a340,0x77e80000)
 PSPermGen       total 16384K, used 12667K [0x71540000, 0x72540000, 0x75540000)
  object space 16384K, 77% used [0x71540000,0x7219ed10,0x72540000)
Event: 4,399 GC heap after
Heap after GC invocations=8 (full 0):
 PSYoungGen      total 70656K, used 4463K [0x9ea80000, 0xa3600000, 0xb3540000)
  eden space 64000K, 0% used [0x9ea80000,0x9ea80000,0xa2900000)
  from space 6656K, 67% used [0xa2f80000,0xa33dbe00,0xa3600000)
  to   space 6656K, 0% used [0xa2900000,0xa2900000,0xa2f80000)
 ParOldGen       total 42240K, used 6167K [0x75540000, 0x77e80000, 0x9ea80000)
  object space 42240K, 14% used [0x75540000,0x75b45c20,0x77e80000)
 PSPermGen       total 16384K, used 12667K [0x71540000, 0x72540000, 0x75540000)
  object space 16384K, 77% used [0x71540000,0x7219ed10,0x72540000)
}
Event: 4956,583 GC heap before
{Heap before GC invocations=9 (full 0):
 PSYoungGen      total 70656K, used 68463K [0x9ea80000, 0xa3600000, 0xb3540000)
  eden space 64000K, 100% used [0x9ea80000,0xa2900000,0xa2900000)
  from space 6656K, 67% used [0xa2f80000,0xa33dbe00,0xa3600000)
  to   space 6656K, 0% used [0xa2900000,0xa2900000,0xa2f80000)
 ParOldGen       total 42240K, used 6167K [0x75540000, 0x77e80000, 0x9ea80000)
  object space 42240K, 14% used [0x75540000,0x75b45c20,0x77e80000)
 PSPermGen       total 16384K, used 16360K [0x71540000, 0x72540000, 0x75540000)
  object space 16384K, 99% used [0x71540000,0x7253a380,0x72540000)

