# JRE version: Java(TM) SE Runtime Environment (7.0_76-b13) (build 1.7.0_76-b13)
# Java VM: Java HotSpot(TM) Server VM (24.76-b04 mixed mode linux-x86 )
Heap
 PSYoungGen      total 70912K, used 6908K [0x9eb00000, 0xa3780000, 0xb35c0000)
  eden space 64000K, 0% used [0x9eb00000,0x9eb00000,0xa2980000)
  from space 6912K, 99% used [0xa2980000,0xa303f130,0xa3040000)
  to   space 6400K, 0% used [0xa3040000,0xa3040000,0xa3680000)
 ParOldGen       total 42240K, used 9384K [0x755c0000, 0x77f00000, 0x9eb00000)
  object space 42240K, 22% used [0x755c0000,0x75eea378,0x77f00000)
 PSPermGen       total 16384K, used 15287K [0x715c0000, 0x725c0000, 0x755c0000)
  object space 16384K, 93% used [0x715c0000,0x724add10,0x725c0000)
GC Heap History (10 events):
Event: 1,243 GC heap after
Heap after GC invocations=2 (full 0):
 PSYoungGen      total 18688K, used 2545K [0x9eb00000, 0xa0f80000, 0xb35c0000)
  eden space 16128K, 0% used [0x9eb00000,0x9eb00000,0x9fac0000)
  from space 2560K, 99% used [0x9fd40000,0x9ffbc7e0,0x9ffc0000)
  to   space 2560K, 0% used [0x9fac0000,0x9fac0000,0x9fd40000)
 ParOldGen       total 42240K, used 694K [0x755c0000, 0x77f00000, 0x9eb00000)
  object space 42240K, 1% used [0x755c0000,0x7566da80,0x77f00000)
 PSPermGen       total 16384K, used 5453K [0x715c0000, 0x725c0000, 0x755c0000)
  object space 16384K, 33% used [0x715c0000,0x71b13430,0x725c0000)
}
Event: 1,653 GC heap before
{Heap before GC invocations=3 (full 0):
 PSYoungGen      total 18688K, used 18673K [0x9eb00000, 0xa0f80000, 0xb35c0000)
  eden space 16128K, 100% used [0x9eb00000,0x9fac0000,0x9fac0000)
  from space 2560K, 99% used [0x9fd40000,0x9ffbc7e0,0x9ffc0000)
  to   space 2560K, 0% used [0x9fac0000,0x9fac0000,0x9fd40000)
 ParOldGen       total 42240K, used 694K [0x755c0000, 0x77f00000, 0x9eb00000)
  object space 42240K, 1% used [0x755c0000,0x7566da80,0x77f00000)
 PSPermGen       total 16384K, used 6244K [0x715c0000, 0x725c0000, 0x755c0000)
  object space 16384K, 38% used [0x715c0000,0x71bd9370,0x725c0000)
Event: 1,659 GC heap after
Heap after GC invocations=3 (full 0):
 PSYoungGen      total 18688K, used 2549K [0x9eb00000, 0xa0f80000, 0xb35c0000)
  eden space 16128K, 0% used [0x9eb00000,0x9eb00000,0x9fac0000)
  from space 2560K, 99% used [0x9fac0000,0x9fd3d418,0x9fd40000)
  to   space 2560K, 0% used [0xa0d00000,0xa0d00000,0xa0f80000)
 ParOldGen       total 42240K, used 1485K [0x755c0000, 0x77f00000, 0x9eb00000)
  object space 42240K, 3% used [0x755c0000,0x757337e0,0x77f00000)
 PSPermGen       total 16384K, used 6244K [0x715c0000, 0x725c0000, 0x755c0000)
  object space 16384K, 38% used [0x715c0000,0x71bd9370,0x725c0000)
}
Event: 1,783 GC heap before
{Heap before GC invocations=4 (full 0):
 PSYoungGen      total 18688K, used 18677K [0x9eb00000, 0xa0f80000, 0xb35c0000)
  eden space 16128K, 100% used [0x9eb00000,0x9fac0000,0x9fac0000)
  from space 2560K, 99% used [0x9fac0000,0x9fd3d418,0x9fd40000)
  to   space 2560K, 0% used [0xa0d00000,0xa0d00000,0xa0f80000)
 ParOldGen       total 42240K, used 1485K [0x755c0000, 0x77f00000, 0x9eb00000)
  object space 42240K, 3% used [0x755c0000,0x757337e0,0x77f00000)
 PSPermGen       total 16384K, used 7534K [0x715c0000, 0x725c0000, 0x755c0000)
  object space 16384K, 45% used [0x715c0000,0x71d1b818,0x725c0000)
Event: 1,790 GC heap after
Heap after GC invocations=4 (full 0):
 PSYoungGen      total 34816K, used 2552K [0x9eb00000, 0xa0f80000, 0xb35c0000)
  eden space 32256K, 0% used [0x9eb00000,0x9eb00000,0xa0a80000)
  from space 2560K, 99% used [0xa0d00000,0xa0f7e2f8,0xa0f80000)
  to   space 2560K, 0% used [0xa0a80000,0xa0a80000,0xa0d00000)
 ParOldGen       total 42240K, used 2855K [0x755c0000, 0x77f00000, 0x9eb00000)
  object space 42240K, 6% used [0x755c0000,0x75889d10,0x77f00000)
 PSPermGen       total 16384K, used 7534K [0x715c0000, 0x725c0000, 0x755c0000)
  object space 16384K, 45% used [0x715c0000,0x71d1b818,0x725c0000)
}
Event: 2,630 GC heap before
{Heap before GC invocations=5 (full 0):
 PSYoungGen      total 34816K, used 34808K [0x9eb00000, 0xa0f80000, 0xb35c0000)
  eden space 32256K, 100% used [0x9eb00000,0xa0a80000,0xa0a80000)
  from space 2560K, 99% used [0xa0d00000,0xa0f7e2f8,0xa0f80000)
  to   space 2560K, 0% used [0xa0a80000,0xa0a80000,0xa0d00000)
 ParOldGen       total 42240K, used 2855K [0x755c0000, 0x77f00000, 0x9eb00000)
  object space 42240K, 6% used [0x755c0000,0x75889d10,0x77f00000)
 PSPermGen       total 16384K, used 9350K [0x715c0000, 0x725c0000, 0x755c0000)
  object space 16384K, 57% used [0x715c0000,0x71ee19f8,0x725c0000)
Event: 2,638 GC heap after
Heap after GC invocations=5 (full 0):
 PSYoungGen      total 34816K, used 2544K [0x9eb00000, 0xa3680000, 0xb35c0000)
  eden space 32256K, 0% used [0x9eb00000,0x9eb00000,0xa0a80000)
  from space 2560K, 99% used [0xa0a80000,0xa0cfc2e8,0xa0d00000)
  to   space 6400K, 0% used [0xa3040000,0xa3040000,0xa3680000)
 ParOldGen       total 42240K, used 6068K [0x755c0000, 0x77f00000, 0x9eb00000)
  object space 42240K, 14% used [0x755c0000,0x75bad268,0x77f00000)
 PSPermGen       total 16384K, used 9350K [0x715c0000, 0x725c0000, 0x755c0000)
  object space 16384K, 57% used [0x715c0000,0x71ee19f8,0x725c0000)
}
Event: 4,353 GC heap before
{Heap before GC invocations=6 (full 0):
 PSYoungGen      total 34816K, used 34800K [0x9eb00000, 0xa3680000, 0xb35c0000)
  eden space 32256K, 100% used [0x9eb00000,0xa0a80000,0xa0a80000)
  from space 2560K, 99% used [0xa0a80000,0xa0cfc2e8,0xa0d00000)
  to   space 6400K, 0% used [0xa3040000,0xa3040000,0xa3680000)
 ParOldGen       total 42240K, used 6068K [0x755c0000, 0x77f00000, 0x9eb00000)
  object space 42240K, 14% used [0x755c0000,0x75bad268,0x77f00000)
 PSPermGen       total 16384K, used 10840K [0x715c0000, 0x725c0000, 0x755c0000)
  object space 16384K, 66% used [0x715c0000,0x72056068,0x725c0000)
Event: 4,364 GC heap after
Heap after GC invocations=6 (full 0):
 PSYoungGen      total 70400K, used 5434K [0x9eb00000, 0xa3780000, 0xb35c0000)
  eden space 64000K, 0% used [0x9eb00000,0x9eb00000,0xa2980000)
  from space 6400K, 84% used [0xa3040000,0xa358e8b8,0xa3680000)
  to   space 6912K, 0% used [0xa2980000,0xa2980000,0xa3040000)
 ParOldGen       total 42240K, used 6072K [0x755c0000, 0x77f00000, 0x9eb00000)
  object space 42240K, 14% used [0x755c0000,0x75bae268,0x77f00000)
 PSPermGen       total 16384K, used 10840K [0x715c0000, 0x725c0000, 0x755c0000)
  object space 16384K, 66% used [0x715c0000,0x72056068,0x725c0000)
}
Event: 8,741 GC heap before
{Heap before GC invocations=7 (full 0):
 PSYoungGen      total 70400K, used 69434K [0x9eb00000, 0xa3780000, 0xb35c0000)
  eden space 64000K, 100% used [0x9eb00000,0xa2980000,0xa2980000)
  from space 6400K, 84% used [0xa3040000,0xa358e8b8,0xa3680000)
  to   space 6912K, 0% used [0xa2980000,0xa2980000,0xa3040000)
 ParOldGen       total 42240K, used 6072K [0x755c0000, 0x77f00000, 0x9eb00000)
  object space 42240K, 14% used [0x755c0000,0x75bae268,0x77f00000)
 PSPermGen       total 16384K, used 15287K [0x715c0000, 0x725c0000, 0x755c0000)
  object space 16384K, 93% used [0x715c0000,0x724add10,0x725c0000)

