# JRE version: Java(TM) SE Runtime Environment (7.0_76-b13) (build 1.7.0_76-b13)
# Java VM: Java HotSpot(TM) Server VM (24.76-b04 mixed mode linux-x86 )
Heap
 PSYoungGen      total 71168K, used 7161K [0x9ea80000, 0xa3700000, 0xb3540000)
  eden space 64000K, 0% used [0x9ea80000,0x9ea80000,0xa2900000)
  from space 7168K, 99% used [0xa2900000,0xa2ffe700,0xa3000000)
  to   space 7168K, 0% used [0xa3000000,0xa3000000,0xa3700000)
 ParOldGen       total 42240K, used 9645K [0x75540000, 0x77e80000, 0x9ea80000)
  object space 42240K, 22% used [0x75540000,0x75eab570,0x77e80000)
 PSPermGen       total 17152K, used 16975K [0x71540000, 0x72600000, 0x75540000)
  object space 17152K, 98% used [0x71540000,0x725d3dc8,0x72600000)
GC Heap History (10 events):
Event: 3,059 GC heap after
Heap after GC invocations=4 (full 0):
 PSYoungGen      total 18688K, used 2557K [0x9ea80000, 0xa0f00000, 0xb3540000)
  eden space 16128K, 0% used [0x9ea80000,0x9ea80000,0x9fa40000)
  from space 2560K, 99% used [0x9fcc0000,0x9ff3f758,0x9ff40000)
  to   space 2560K, 0% used [0x9fa40000,0x9fa40000,0x9fcc0000)
 ParOldGen       total 42240K, used 2542K [0x75540000, 0x77e80000, 0x9ea80000)
  object space 42240K, 6% used [0x75540000,0x757bb8e0,0x77e80000)
 PSPermGen       total 16384K, used 7448K [0x71540000, 0x72540000, 0x75540000)
  object space 16384K, 45% used [0x71540000,0x71c862f8,0x72540000)
}
Event: 3,202 GC heap before
{Heap before GC invocations=5 (full 0):
 PSYoungGen      total 18688K, used 18685K [0x9ea80000, 0xa0f00000, 0xb3540000)
  eden space 16128K, 100% used [0x9ea80000,0x9fa40000,0x9fa40000)
  from space 2560K, 99% used [0x9fcc0000,0x9ff3f758,0x9ff40000)
  to   space 2560K, 0% used [0x9fa40000,0x9fa40000,0x9fcc0000)
 ParOldGen       total 42240K, used 2542K [0x75540000, 0x77e80000, 0x9ea80000)
  object space 42240K, 6% used [0x75540000,0x757bb8e0,0x77e80000)
 PSPermGen       total 16384K, used 8737K [0x71540000, 0x72540000, 0x75540000)
  object space 16384K, 53% used [0x71540000,0x71dc86a8,0x72540000)
Event: 3,208 GC heap after
Heap after GC invocations=5 (full 0):
 PSYoungGen      total 18688K, used 2557K [0x9ea80000, 0xa1400000, 0xb3540000)
  eden space 16128K, 0% used [0x9ea80000,0x9ea80000,0x9fa40000)
  from space 2560K, 99% used [0x9fa40000,0x9fcbf748,0x9fcc0000)
  to   space 5120K, 0% used [0xa0f00000,0xa0f00000,0xa1400000)
 ParOldGen       total 42240K, used 3888K [0x75540000, 0x77e80000, 0x9ea80000)
  object space 42240K, 9% used [0x75540000,0x7590c228,0x77e80000)
 PSPermGen       total 16384K, used 8737K [0x71540000, 0x72540000, 0x75540000)
  object space 16384K, 53% used [0x71540000,0x71dc86a8,0x72540000)
}
Event: 3,505 GC heap before
{Heap before GC invocations=6 (full 0):
 PSYoungGen      total 18688K, used 18685K [0x9ea80000, 0xa1400000, 0xb3540000)
  eden space 16128K, 100% used [0x9ea80000,0x9fa40000,0x9fa40000)
  from space 2560K, 99% used [0x9fa40000,0x9fcbf748,0x9fcc0000)
  to   space 5120K, 0% used [0xa0f00000,0xa0f00000,0xa1400000)
 ParOldGen       total 42240K, used 3888K [0x75540000, 0x77e80000, 0x9ea80000)
  object space 42240K, 9% used [0x75540000,0x7590c228,0x77e80000)
 PSPermGen       total 16384K, used 9265K [0x71540000, 0x72540000, 0x75540000)
  object space 16384K, 56% used [0x71540000,0x71e4c678,0x72540000)
Event: 3,513 GC heap after
Heap after GC invocations=6 (full 0):
 PSYoungGen      total 37120K, used 4419K [0x9ea80000, 0xa1480000, 0xb3540000)
  eden space 32000K, 0% used [0x9ea80000,0x9ea80000,0xa09c0000)
  from space 5120K, 86% used [0xa0f00000,0xa1350e80,0xa1400000)
  to   space 5376K, 0% used [0xa09c0000,0xa09c0000,0xa0f00000)
 ParOldGen       total 42240K, used 3892K [0x75540000, 0x77e80000, 0x9ea80000)
  object space 42240K, 9% used [0x75540000,0x7590d228,0x77e80000)
 PSPermGen       total 16384K, used 9265K [0x71540000, 0x72540000, 0x75540000)
  object space 16384K, 56% used [0x71540000,0x71e4c678,0x72540000)
}
Event: 4,117 GC heap before
{Heap before GC invocations=7 (full 0):
 PSYoungGen      total 37120K, used 36419K [0x9ea80000, 0xa1480000, 0xb3540000)
  eden space 32000K, 100% used [0x9ea80000,0xa09c0000,0xa09c0000)
  from space 5120K, 86% used [0xa0f00000,0xa1350e80,0xa1400000)
  to   space 5376K, 0% used [0xa09c0000,0xa09c0000,0xa0f00000)
 ParOldGen       total 42240K, used 3892K [0x75540000, 0x77e80000, 0x9ea80000)
  object space 42240K, 9% used [0x75540000,0x7590d228,0x77e80000)
 PSPermGen       total 16384K, used 11679K [0x71540000, 0x72540000, 0x75540000)
  object space 16384K, 71% used [0x71540000,0x720a7c78,0x72540000)
Event: 4,131 GC heap after
Heap after GC invocations=7 (full 0):
 PSYoungGen      total 37376K, used 5367K [0x9ea80000, 0xa3700000, 0xb3540000)
  eden space 32000K, 0% used [0x9ea80000,0x9ea80000,0xa09c0000)
  from space 5376K, 99% used [0xa09c0000,0xa0efde40,0xa0f00000)
  to   space 7168K, 0% used [0xa3000000,0xa3000000,0xa3700000)
 ParOldGen       total 42240K, used 5718K [0x75540000, 0x77e80000, 0x9ea80000)
  object space 42240K, 13% used [0x75540000,0x75ad59d8,0x77e80000)
 PSPermGen       total 16384K, used 11679K [0x71540000, 0x72540000, 0x75540000)
  object space 16384K, 71% used [0x71540000,0x720a7c78,0x72540000)
}
Event: 4,912 GC heap before
{Heap before GC invocations=8 (full 0):
 PSYoungGen      total 37376K, used 37367K [0x9ea80000, 0xa3700000, 0xb3540000)
  eden space 32000K, 100% used [0x9ea80000,0xa09c0000,0xa09c0000)
  from space 5376K, 99% used [0xa09c0000,0xa0efde40,0xa0f00000)
  to   space 7168K, 0% used [0xa3000000,0xa3000000,0xa3700000)
 ParOldGen       total 42240K, used 5718K [0x75540000, 0x77e80000, 0x9ea80000)
  object space 42240K, 13% used [0x75540000,0x75ad59d8,0x77e80000)
 PSPermGen       total 16384K, used 13143K [0x71540000, 0x72540000, 0x75540000)
  object space 16384K, 80% used [0x71540000,0x72215f30,0x72540000)
Event: 4,922 GC heap after
Heap after GC invocations=8 (full 0):
 PSYoungGen      total 71168K, used 5072K [0x9ea80000, 0xa3700000, 0xb3540000)
  eden space 64000K, 0% used [0x9ea80000,0x9ea80000,0xa2900000)
  from space 7168K, 70% used [0xa3000000,0xa34f42b8,0xa3700000)
  to   space 7168K, 0% used [0xa2900000,0xa2900000,0xa3000000)
 ParOldGen       total 42240K, used 6786K [0x75540000, 0x77e80000, 0x9ea80000)
  object space 42240K, 16% used [0x75540000,0x75be08d0,0x77e80000)
 PSPermGen       total 16384K, used 13143K [0x71540000, 0x72540000, 0x75540000)
  object space 16384K, 80% used [0x71540000,0x72215f30,0x72540000)
}
Event: 7,089 GC heap before
{Heap before GC invocations=9 (full 0):
 PSYoungGen      total 71168K, used 69072K [0x9ea80000, 0xa3700000, 0xb3540000)
  eden space 64000K, 100% used [0x9ea80000,0xa2900000,0xa2900000)
  from space 7168K, 70% used [0xa3000000,0xa34f42b8,0xa3700000)
  to   space 7168K, 0% used [0xa2900000,0xa2900000,0xa3000000)
 ParOldGen       total 42240K, used 6786K [0x75540000, 0x77e80000, 0x9ea80000)
  object space 42240K, 16% used [0x75540000,0x75be08d0,0x77e80000)
 PSPermGen       total 17152K, used 16975K [0x71540000, 0x72600000, 0x75540000)
  object space 17152K, 98% used [0x71540000,0x725d3dc8,0x72600000)

