# JRE version: Java(TM) SE Runtime Environment (7.0_76-b13) (build 1.7.0_76-b13)
# Java VM: Java HotSpot(TM) Server VM (24.76-b04 mixed mode linux-x86 )
Heap
 PSYoungGen      total 70912K, used 7673K [0x9ea80000, 0xa3800000, 0xb3540000)
  eden space 63232K, 0% used [0x9ea80000,0x9ea80000,0xa2840000)
  from space 7680K, 99% used [0xa2840000,0xa2fbe7d8,0xa2fc0000)
  to   space 6912K, 0% used [0xa2fc0000,0xa2fc0000,0xa3680000)
 ParOldGen       total 42240K, used 8668K [0x75540000, 0x77e80000, 0x9ea80000)
  object space 42240K, 20% used [0x75540000,0x75db7190,0x77e80000)
 PSPermGen       total 16640K, used 16569K [0x71540000, 0x72580000, 0x75540000)
  object space 16640K, 99% used [0x71540000,0x7256e4b8,0x72580000)
GC Heap History (10 events):
Event: 3,028 GC heap after
Heap after GC invocations=4 (full 0):
 PSYoungGen      total 18688K, used 2555K [0x9ea80000, 0xa0f00000, 0xb3540000)
  eden space 16128K, 0% used [0x9ea80000,0x9ea80000,0x9fa40000)
  from space 2560K, 99% used [0x9fcc0000,0x9ff3ef48,0x9ff40000)
  to   space 2560K, 0% used [0x9fa40000,0x9fa40000,0x9fcc0000)
 ParOldGen       total 42240K, used 2850K [0x75540000, 0x77e80000, 0x9ea80000)
  object space 42240K, 6% used [0x75540000,0x75808b60,0x77e80000)
 PSPermGen       total 16384K, used 7534K [0x71540000, 0x72540000, 0x75540000)
  object space 16384K, 45% used [0x71540000,0x71c9b8e8,0x72540000)
}
Event: 3,316 GC heap before
{Heap before GC invocations=5 (full 0):
 PSYoungGen      total 18688K, used 18683K [0x9ea80000, 0xa0f00000, 0xb3540000)
  eden space 16128K, 100% used [0x9ea80000,0x9fa40000,0x9fa40000)
  from space 2560K, 99% used [0x9fcc0000,0x9ff3ef48,0x9ff40000)
  to   space 2560K, 0% used [0x9fa40000,0x9fa40000,0x9fcc0000)
 ParOldGen       total 42240K, used 2850K [0x75540000, 0x77e80000, 0x9ea80000)
  object space 42240K, 6% used [0x75540000,0x75808b60,0x77e80000)
 PSPermGen       total 16384K, used 8840K [0x71540000, 0x72540000, 0x75540000)
  object space 16384K, 53% used [0x71540000,0x71de22b0,0x72540000)
Event: 3,321 GC heap after
Heap after GC invocations=5 (full 0):
 PSYoungGen      total 18688K, used 2552K [0x9ea80000, 0xa1400000, 0xb3540000)
  eden space 16128K, 0% used [0x9ea80000,0x9ea80000,0x9fa40000)
  from space 2560K, 99% used [0x9fa40000,0x9fcbe298,0x9fcc0000)
  to   space 5120K, 0% used [0xa0f00000,0xa0f00000,0xa1400000)
 ParOldGen       total 42240K, used 4284K [0x75540000, 0x77e80000, 0x9ea80000)
  object space 42240K, 10% used [0x75540000,0x7596f050,0x77e80000)
 PSPermGen       total 16384K, used 8840K [0x71540000, 0x72540000, 0x75540000)
  object space 16384K, 53% used [0x71540000,0x71de22b0,0x72540000)
}
Event: 3,651 GC heap before
{Heap before GC invocations=6 (full 0):
 PSYoungGen      total 18688K, used 18680K [0x9ea80000, 0xa1400000, 0xb3540000)
  eden space 16128K, 100% used [0x9ea80000,0x9fa40000,0x9fa40000)
  from space 2560K, 99% used [0x9fa40000,0x9fcbe298,0x9fcc0000)
  to   space 5120K, 0% used [0xa0f00000,0xa0f00000,0xa1400000)
 ParOldGen       total 42240K, used 4284K [0x75540000, 0x77e80000, 0x9ea80000)
  object space 42240K, 10% used [0x75540000,0x7596f050,0x77e80000)
 PSPermGen       total 16384K, used 9349K [0x71540000, 0x72540000, 0x75540000)
  object space 16384K, 57% used [0x71540000,0x71e617f8,0x72540000)
Event: 3,661 GC heap after
Heap after GC invocations=6 (full 0):
 PSYoungGen      total 37120K, used 4357K [0x9ea80000, 0xa1480000, 0xb3540000)
  eden space 32000K, 0% used [0x9ea80000,0x9ea80000,0xa09c0000)
  from space 5120K, 85% used [0xa0f00000,0xa13416f0,0xa1400000)
  to   space 5376K, 0% used [0xa09c0000,0xa09c0000,0xa0f00000)
 ParOldGen       total 42240K, used 4288K [0x75540000, 0x77e80000, 0x9ea80000)
  object space 42240K, 10% used [0x75540000,0x75970050,0x77e80000)
 PSPermGen       total 16384K, used 9349K [0x71540000, 0x72540000, 0x75540000)
  object space 16384K, 57% used [0x71540000,0x71e617f8,0x72540000)
}
Event: 4,128 GC heap before
{Heap before GC invocations=7 (full 0):
 PSYoungGen      total 37120K, used 36357K [0x9ea80000, 0xa1480000, 0xb3540000)
  eden space 32000K, 100% used [0x9ea80000,0xa09c0000,0xa09c0000)
  from space 5120K, 85% used [0xa0f00000,0xa13416f0,0xa1400000)
  to   space 5376K, 0% used [0xa09c0000,0xa09c0000,0xa0f00000)
 ParOldGen       total 42240K, used 4288K [0x75540000, 0x77e80000, 0x9ea80000)
  object space 42240K, 10% used [0x75540000,0x75970050,0x77e80000)
 PSPermGen       total 16384K, used 10840K [0x71540000, 0x72540000, 0x75540000)
  object space 16384K, 66% used [0x71540000,0x71fd62e0,0x72540000)
Event: 4,137 GC heap after
Heap after GC invocations=7 (full 0):
 PSYoungGen      total 37376K, used 5362K [0x9ea80000, 0xa3680000, 0xb3540000)
  eden space 32000K, 0% used [0x9ea80000,0x9ea80000,0xa09c0000)
  from space 5376K, 99% used [0xa09c0000,0xa0efcb58,0xa0f00000)
  to   space 6912K, 0% used [0xa2fc0000,0xa2fc0000,0xa3680000)
 ParOldGen       total 42240K, used 5799K [0x75540000, 0x77e80000, 0x9ea80000)
  object space 42240K, 13% used [0x75540000,0x75ae9ee8,0x77e80000)
 PSPermGen       total 16384K, used 10840K [0x71540000, 0x72540000, 0x75540000)
  object space 16384K, 66% used [0x71540000,0x71fd62e0,0x72540000)
}
Event: 5,442 GC heap before
{Heap before GC invocations=8 (full 0):
 PSYoungGen      total 37376K, used 37362K [0x9ea80000, 0xa3680000, 0xb3540000)
  eden space 32000K, 100% used [0x9ea80000,0xa09c0000,0xa09c0000)
  from space 5376K, 99% used [0xa09c0000,0xa0efcb58,0xa0f00000)
  to   space 6912K, 0% used [0xa2fc0000,0xa2fc0000,0xa3680000)
 ParOldGen       total 42240K, used 5799K [0x75540000, 0x77e80000, 0x9ea80000)
  object space 42240K, 13% used [0x75540000,0x75ae9ee8,0x77e80000)
 PSPermGen       total 16384K, used 13559K [0x71540000, 0x72540000, 0x75540000)
  object space 16384K, 82% used [0x71540000,0x7227deb8,0x72540000)
Event: 5,549 GC heap after
Heap after GC invocations=8 (full 0):
 PSYoungGen      total 70144K, used 6387K [0x9ea80000, 0xa3800000, 0xb3540000)
  eden space 63232K, 0% used [0x9ea80000,0x9ea80000,0xa2840000)
  from space 6912K, 92% used [0xa2fc0000,0xa35fcf60,0xa3680000)
  to   space 7680K, 0% used [0xa2840000,0xa2840000,0xa2fc0000)
 ParOldGen       total 42240K, used 6735K [0x75540000, 0x77e80000, 0x9ea80000)
  object space 42240K, 15% used [0x75540000,0x75bd3de0,0x77e80000)
 PSPermGen       total 16384K, used 13559K [0x71540000, 0x72540000, 0x75540000)
  object space 16384K, 82% used [0x71540000,0x7227deb8,0x72540000)
}
Event: 16,765 GC heap before
{Heap before GC invocations=9 (full 0):
 PSYoungGen      total 70144K, used 69619K [0x9ea80000, 0xa3800000, 0xb3540000)
  eden space 63232K, 100% used [0x9ea80000,0xa2840000,0xa2840000)
  from space 6912K, 92% used [0xa2fc0000,0xa35fcf60,0xa3680000)
  to   space 7680K, 0% used [0xa2840000,0xa2840000,0xa2fc0000)
 ParOldGen       total 42240K, used 6735K [0x75540000, 0x77e80000, 0x9ea80000)
  object space 42240K, 15% used [0x75540000,0x75bd3de0,0x77e80000)
 PSPermGen       total 16640K, used 16569K [0x71540000, 0x72580000, 0x75540000)
  object space 16640K, 99% used [0x71540000,0x7256e4b8,0x72580000)

