# JRE version: Java(TM) SE Runtime Environment (7.0_76-b13) (build 1.7.0_76-b13)
# Java VM: Java HotSpot(TM) Server VM (24.76-b04 mixed mode linux-x86 )
Heap
 PSYoungGen      total 67072K, used 2560K [0x9ea40000, 0xa2e40000, 0xb3500000)
  eden space 64512K, 0% used [0x9ea40000,0x9ea40000,0xa2940000)
  from space 2560K, 100% used [0xa2940000,0xa2bc0000,0xa2bc0000)
  to   space 2560K, 0% used [0xa2bc0000,0xa2bc0000,0xa2e40000)
 ParOldGen       total 42240K, used 13338K [0x75500000, 0x77e40000, 0x9ea40000)
  object space 42240K, 31% used [0x75500000,0x76206b68,0x77e40000)
 PSPermGen       total 16384K, used 9587K [0x71500000, 0x72500000, 0x75500000)
  object space 16384K, 58% used [0x71500000,0x71e5ceb0,0x72500000)
GC Heap History (9 events):
Event: 0,618 GC heap before
{Heap before GC invocations=1 (full 0):
 PSYoungGen      total 18688K, used 16128K [0x9ea40000, 0x9ff00000, 0xb3500000)
  eden space 16128K, 100% used [0x9ea40000,0x9fa00000,0x9fa00000)
  from space 2560K, 0% used [0x9fc80000,0x9fc80000,0x9ff00000)
  to   space 2560K, 0% used [0x9fa00000,0x9fa00000,0x9fc80000)
 ParOldGen       total 42240K, used 0K [0x75500000, 0x77e40000, 0x9ea40000)
  object space 42240K, 0% used [0x75500000,0x75500000,0x77e40000)
 PSPermGen       total 16384K, used 4376K [0x71500000, 0x72500000, 0x75500000)
  object space 16384K, 26% used [0x71500000,0x719463c0,0x72500000)
Event: 0,628 GC heap after
Heap after GC invocations=1 (full 0):
 PSYoungGen      total 18688K, used 2547K [0x9ea40000, 0xa0ec0000, 0xb3500000)
  eden space 16128K, 0% used [0x9ea40000,0x9ea40000,0x9fa00000)
  from space 2560K, 99% used [0x9fa00000,0x9fc7cd98,0x9fc80000)
  to   space 2560K, 0% used [0xa0c40000,0xa0c40000,0xa0ec0000)
 ParOldGen       total 42240K, used 191K [0x75500000, 0x77e40000, 0x9ea40000)
  object space 42240K, 0% used [0x75500000,0x7552fdb8,0x77e40000)
 PSPermGen       total 16384K, used 4376K [0x71500000, 0x72500000, 0x75500000)
  object space 16384K, 26% used [0x71500000,0x719463c0,0x72500000)
}
Event: 0,926 GC heap before
{Heap before GC invocations=2 (full 0):
 PSYoungGen      total 18688K, used 18675K [0x9ea40000, 0xa0ec0000, 0xb3500000)
  eden space 16128K, 100% used [0x9ea40000,0x9fa00000,0x9fa00000)
  from space 2560K, 99% used [0x9fa00000,0x9fc7cd98,0x9fc80000)
  to   space 2560K, 0% used [0xa0c40000,0xa0c40000,0xa0ec0000)
 ParOldGen       total 42240K, used 191K [0x75500000, 0x77e40000, 0x9ea40000)
  object space 42240K, 0% used [0x75500000,0x7552fdb8,0x77e40000)
 PSPermGen       total 16384K, used 5187K [0x71500000, 0x72500000, 0x75500000)
  object space 16384K, 31% used [0x71500000,0x71a10f90,0x72500000)
Event: 0,931 GC heap after
Heap after GC invocations=2 (full 0):
 PSYoungGen      total 34816K, used 2260K [0x9ea40000, 0xa0ec0000, 0xb3500000)
  eden space 32256K, 0% used [0x9ea40000,0x9ea40000,0xa09c0000)
  from space 2560K, 88% used [0xa0c40000,0xa0e75120,0xa0ec0000)
  to   space 2560K, 0% used [0xa09c0000,0xa09c0000,0xa0c40000)
 ParOldGen       total 42240K, used 195K [0x75500000, 0x77e40000, 0x9ea40000)
  object space 42240K, 0% used [0x75500000,0x75530db8,0x77e40000)
 PSPermGen       total 16384K, used 5187K [0x71500000, 0x72500000, 0x75500000)
  object space 16384K, 31% used [0x71500000,0x71a10f90,0x72500000)
}
Event: 1,579 GC heap before
{Heap before GC invocations=3 (full 0):
 PSYoungGen      total 34816K, used 34516K [0x9ea40000, 0xa0ec0000, 0xb3500000)
  eden space 32256K, 100% used [0x9ea40000,0xa09c0000,0xa09c0000)
  from space 2560K, 88% used [0xa0c40000,0xa0e75120,0xa0ec0000)
  to   space 2560K, 0% used [0xa09c0000,0xa09c0000,0xa0c40000)
 ParOldGen       total 42240K, used 195K [0x75500000, 0x77e40000, 0x9ea40000)
  object space 42240K, 0% used [0x75500000,0x75530db8,0x77e40000)
 PSPermGen       total 16384K, used 7860K [0x71500000, 0x72500000, 0x75500000)
  object space 16384K, 47% used [0x71500000,0x71cad0c8,0x72500000)
Event: 1,780 GC heap after
Heap after GC invocations=3 (full 0):
 PSYoungGen      total 34816K, used 2552K [0x9ea40000, 0xa2e40000, 0xb3500000)
  eden space 32256K, 0% used [0x9ea40000,0x9ea40000,0xa09c0000)
  from space 2560K, 99% used [0xa09c0000,0xa0c3e030,0xa0c40000)
  to   space 2560K, 0% used [0xa2bc0000,0xa2bc0000,0xa2e40000)
 ParOldGen       total 42240K, used 3980K [0x75500000, 0x77e40000, 0x9ea40000)
  object space 42240K, 9% used [0x75500000,0x758e3368,0x77e40000)
 PSPermGen       total 16384K, used 7860K [0x71500000, 0x72500000, 0x75500000)
  object space 16384K, 47% used [0x71500000,0x71cad0c8,0x72500000)
}
Event: 8,897 GC heap before
{Heap before GC invocations=4 (full 0):
 PSYoungGen      total 34816K, used 34808K [0x9ea40000, 0xa2e40000, 0xb3500000)
  eden space 32256K, 100% used [0x9ea40000,0xa09c0000,0xa09c0000)
  from space 2560K, 99% used [0xa09c0000,0xa0c3e030,0xa0c40000)
  to   space 2560K, 0% used [0xa2bc0000,0xa2bc0000,0xa2e40000)
 ParOldGen       total 42240K, used 3980K [0x75500000, 0x77e40000, 0x9ea40000)
  object space 42240K, 9% used [0x75500000,0x758e3368,0x77e40000)
 PSPermGen       total 16384K, used 9506K [0x71500000, 0x72500000, 0x75500000)
  object space 16384K, 58% used [0x71500000,0x71e48b10,0x72500000)
Event: 8,914 GC heap after
Heap after GC invocations=4 (full 0):
 PSYoungGen      total 67072K, used 2544K [0x9ea40000, 0xa2e40000, 0xb3500000)
  eden space 64512K, 0% used [0x9ea40000,0x9ea40000,0xa2940000)
  from space 2560K, 99% used [0xa2bc0000,0xa2e3c118,0xa2e40000)
  to   space 2560K, 0% used [0xa2940000,0xa2940000,0xa2bc0000)
 ParOldGen       total 42240K, used 8456K [0x75500000, 0x77e40000, 0x9ea40000)
  object space 42240K, 20% used [0x75500000,0x75d42188,0x77e40000)
 PSPermGen       total 16384K, used 9506K [0x71500000, 0x72500000, 0x75500000)
  object space 16384K, 58% used [0x71500000,0x71e48b10,0x72500000)
}
Event: 17,170 GC heap before
{Heap before GC invocations=5 (full 0):
 PSYoungGen      total 67072K, used 67056K [0x9ea40000, 0xa2e40000, 0xb3500000)
  eden space 64512K, 100% used [0x9ea40000,0xa2940000,0xa2940000)
  from space 2560K, 99% used [0xa2bc0000,0xa2e3c118,0xa2e40000)
  to   space 2560K, 0% used [0xa2940000,0xa2940000,0xa2bc0000)
 ParOldGen       total 42240K, used 8456K [0x75500000, 0x77e40000, 0x9ea40000)
  object space 42240K, 20% used [0x75500000,0x75d42188,0x77e40000)
 PSPermGen       total 16384K, used 9587K [0x71500000, 0x72500000, 0x75500000)
  object space 16384K, 58% used [0x71500000,0x71e5ceb0,0x72500000)

