# JRE version: Java(TM) SE Runtime Environment (7.0_76-b13) (build 1.7.0_76-b13)
# Java VM: Java HotSpot(TM) Server VM (24.76-b04 mixed mode linux-x86 )
Heap
 PSYoungGen      total 57600K, used 6336K [0x9ea80000, 0xa3380000, 0xb3540000)
  eden space 50432K, 0% used [0x9ea80000,0x9ea80000,0xa1bc0000)
  from space 7168K, 88% used [0xa2c80000,0xa32b0000,0xa3380000)
  to   space 6912K, 0% used [0xa1bc0000,0xa1bc0000,0xa2280000)
 ParOldGen       total 42240K, used 10944K [0x75540000, 0x77e80000, 0x9ea80000)
  object space 42240K, 25% used [0x75540000,0x75ff0330,0x77e80000)
 PSPermGen       total 16384K, used 8474K [0x71540000, 0x72540000, 0x75540000)
  object space 16384K, 51% used [0x71540000,0x71d86bf0,0x72540000)
GC Heap History (10 events):
Event: 5,207 GC heap after
Heap after GC invocations=3 (full 0):
 PSYoungGen      total 34816K, used 2552K [0x9ea80000, 0xa2e80000, 0xb3540000)
  eden space 32256K, 0% used [0x9ea80000,0x9ea80000,0xa0a00000)
  from space 2560K, 99% used [0xa0a00000,0xa0c7e050,0xa0c80000)
  to   space 2560K, 0% used [0xa2c00000,0xa2c00000,0xa2e80000)
 ParOldGen       total 42240K, used 3652K [0x75540000, 0x77e80000, 0x9ea80000)
  object space 42240K, 8% used [0x75540000,0x758d1058,0x77e80000)
 PSPermGen       total 16384K, used 8000K [0x71540000, 0x72540000, 0x75540000)
  object space 16384K, 48% used [0x71540000,0x71d10258,0x72540000)
}
Event: 7,644 GC heap before
{Heap before GC invocations=4 (full 0):
 PSYoungGen      total 34816K, used 34808K [0x9ea80000, 0xa2e80000, 0xb3540000)
  eden space 32256K, 100% used [0x9ea80000,0xa0a00000,0xa0a00000)
  from space 2560K, 99% used [0xa0a00000,0xa0c7e050,0xa0c80000)
  to   space 2560K, 0% used [0xa2c00000,0xa2c00000,0xa2e80000)
 ParOldGen       total 42240K, used 3652K [0x75540000, 0x77e80000, 0x9ea80000)
  object space 42240K, 8% used [0x75540000,0x758d1058,0x77e80000)
 PSPermGen       total 16384K, used 8363K [0x71540000, 0x72540000, 0x75540000)
  object space 16384K, 51% used [0x71540000,0x71d6af98,0x72540000)
Event: 7,652 GC heap after
Heap after GC invocations=4 (full 0):
 PSYoungGen      total 34816K, used 2554K [0x9ea80000, 0xa2e80000, 0xb3540000)
  eden space 32256K, 0% used [0x9ea80000,0x9ea80000,0xa0a00000)
  from space 2560K, 99% used [0xa2c00000,0xa2e7e820,0xa2e80000)
  to   space 2560K, 0% used [0xa0a00000,0xa0a00000,0xa0c80000)
 ParOldGen       total 42240K, used 6286K [0x75540000, 0x77e80000, 0x9ea80000)
  object space 42240K, 14% used [0x75540000,0x75b63870,0x77e80000)
 PSPermGen       total 16384K, used 8363K [0x71540000, 0x72540000, 0x75540000)
  object space 16384K, 51% used [0x71540000,0x71d6af98,0x72540000)
}
Event: 9,611 GC heap before
{Heap before GC invocations=5 (full 0):
 PSYoungGen      total 34816K, used 34810K [0x9ea80000, 0xa2e80000, 0xb3540000)
  eden space 32256K, 100% used [0x9ea80000,0xa0a00000,0xa0a00000)
  from space 2560K, 99% used [0xa2c00000,0xa2e7e820,0xa2e80000)
  to   space 2560K, 0% used [0xa0a00000,0xa0a00000,0xa0c80000)
 ParOldGen       total 42240K, used 6286K [0x75540000, 0x77e80000, 0x9ea80000)
  object space 42240K, 14% used [0x75540000,0x75b63870,0x77e80000)
 PSPermGen       total 16384K, used 8429K [0x71540000, 0x72540000, 0x75540000)
  object space 16384K, 51% used [0x71540000,0x71d7b428,0x72540000)
Event: 9,619 GC heap after
Heap after GC invocations=5 (full 0):
 PSYoungGen      total 33792K, used 2544K [0x9ea80000, 0xa2c40000, 0xb3540000)
  eden space 31232K, 0% used [0x9ea80000,0x9ea80000,0xa0900000)
  from space 2560K, 99% used [0xa0a00000,0xa0c7c010,0xa0c80000)
  to   space 7424K, 0% used [0xa2500000,0xa2500000,0xa2c40000)
 ParOldGen       total 42240K, used 9232K [0x75540000, 0x77e80000, 0x9ea80000)
  object space 42240K, 21% used [0x75540000,0x75e44380,0x77e80000)
 PSPermGen       total 16384K, used 8429K [0x71540000, 0x72540000, 0x75540000)
  object space 16384K, 51% used [0x71540000,0x71d7b428,0x72540000)
}
Event: 10,407 GC heap before
{Heap before GC invocations=6 (full 0):
 PSYoungGen      total 33792K, used 33776K [0x9ea80000, 0xa2c40000, 0xb3540000)
  eden space 31232K, 100% used [0x9ea80000,0xa0900000,0xa0900000)
  from space 2560K, 99% used [0xa0a00000,0xa0c7c010,0xa0c80000)
  to   space 7424K, 0% used [0xa2500000,0xa2500000,0xa2c40000)
 ParOldGen       total 42240K, used 9232K [0x75540000, 0x77e80000, 0x9ea80000)
  object space 42240K, 21% used [0x75540000,0x75e44380,0x77e80000)
 PSPermGen       total 16384K, used 8458K [0x71540000, 0x72540000, 0x75540000)
  object space 16384K, 51% used [0x71540000,0x71d82888,0x72540000)
Event: 10,414 GC heap after
Heap after GC invocations=6 (full 0):
 PSYoungGen      total 34560K, used 4234K [0x9ea80000, 0xa2940000, 0xb3540000)
  eden space 30208K, 0% used [0x9ea80000,0x9ea80000,0xa0800000)
  from space 4352K, 97% used [0xa2500000,0xa2922820,0xa2940000)
  to   space 6912K, 0% used [0xa1bc0000,0xa1bc0000,0xa2280000)
 ParOldGen       total 42240K, used 9232K [0x75540000, 0x77e80000, 0x9ea80000)
  object space 42240K, 21% used [0x75540000,0x75e44380,0x77e80000)
 PSPermGen       total 16384K, used 8458K [0x71540000, 0x72540000, 0x75540000)
  object space 16384K, 51% used [0x71540000,0x71d82888,0x72540000)
}
Event: 10,917 GC heap before
{Heap before GC invocations=7 (full 0):
 PSYoungGen      total 34560K, used 34442K [0x9ea80000, 0xa2940000, 0xb3540000)
  eden space 30208K, 100% used [0x9ea80000,0xa0800000,0xa0800000)
  from space 4352K, 97% used [0xa2500000,0xa2922820,0xa2940000)
  to   space 6912K, 0% used [0xa1bc0000,0xa1bc0000,0xa2280000)
 ParOldGen       total 42240K, used 9232K [0x75540000, 0x77e80000, 0x9ea80000)
  object space 42240K, 21% used [0x75540000,0x75e44380,0x77e80000)
 PSPermGen       total 16384K, used 8466K [0x71540000, 0x72540000, 0x75540000)
  object space 16384K, 51% used [0x71540000,0x71d84b40,0x72540000)
Event: 10,942 GC heap after
Heap after GC invocations=7 (full 0):
 PSYoungGen      total 57344K, used 5328K [0x9ea80000, 0xa3380000, 0xb3540000)
  eden space 50432K, 0% used [0x9ea80000,0x9ea80000,0xa1bc0000)
  from space 6912K, 77% used [0xa1bc0000,0xa20f4000,0xa2280000)
  to   space 7168K, 0% used [0xa2c80000,0xa2c80000,0xa3380000)
 ParOldGen       total 42240K, used 9692K [0x75540000, 0x77e80000, 0x9ea80000)
  object space 42240K, 22% used [0x75540000,0x75eb73b0,0x77e80000)
 PSPermGen       total 16384K, used 8466K [0x71540000, 0x72540000, 0x75540000)
  object space 16384K, 51% used [0x71540000,0x71d84b40,0x72540000)
}
Event: 12,699 GC heap before
{Heap before GC invocations=8 (full 0):
 PSYoungGen      total 57344K, used 55760K [0x9ea80000, 0xa3380000, 0xb3540000)
  eden space 50432K, 100% used [0x9ea80000,0xa1bc0000,0xa1bc0000)
  from space 6912K, 77% used [0xa1bc0000,0xa20f4000,0xa2280000)
  to   space 7168K, 0% used [0xa2c80000,0xa2c80000,0xa3380000)
 ParOldGen       total 42240K, used 9692K [0x75540000, 0x77e80000, 0x9ea80000)
  object space 42240K, 22% used [0x75540000,0x75eb73b0,0x77e80000)
 PSPermGen       total 16384K, used 8474K [0x71540000, 0x72540000, 0x75540000)
  object space 16384K, 51% used [0x71540000,0x71d86bf0,0x72540000)

