# JRE version: Java(TM) SE Runtime Environment (7.0_76-b13) (build 1.7.0_76-b13)
# Java VM: Java HotSpot(TM) Server VM (24.76-b04 mixed mode linux-x86 )
Heap
 PSYoungGen      total 67072K, used 2552K [0x9eb00000, 0xa2f00000, 0xb35c0000)
  eden space 64512K, 0% used [0x9eb00000,0x9eb00000,0xa2a00000)
  from space 2560K, 99% used [0xa2a00000,0xa2c7e1c0,0xa2c80000)
  to   space 2560K, 0% used [0xa2c80000,0xa2c80000,0xa2f00000)
 ParOldGen       total 42240K, used 12112K [0x755c0000, 0x77f00000, 0x9eb00000)
  object space 42240K, 28% used [0x755c0000,0x761941d0,0x77f00000)
 PSPermGen       total 16384K, used 13557K [0x715c0000, 0x725c0000, 0x755c0000)
  object space 16384K, 82% used [0x715c0000,0x722fd470,0x725c0000)
GC Heap History (9 events):
Event: 0,487 GC heap before
{Heap before GC invocations=1 (full 0):
 PSYoungGen      total 18688K, used 16128K [0x9eb00000, 0x9ffc0000, 0xb35c0000)
  eden space 16128K, 100% used [0x9eb00000,0x9fac0000,0x9fac0000)
  from space 2560K, 0% used [0x9fd40000,0x9fd40000,0x9ffc0000)
  to   space 2560K, 0% used [0x9fac0000,0x9fac0000,0x9fd40000)
 ParOldGen       total 42240K, used 0K [0x755c0000, 0x77f00000, 0x9eb00000)
  object space 42240K, 0% used [0x755c0000,0x755c0000,0x77f00000)
 PSPermGen       total 16384K, used 2747K [0x715c0000, 0x725c0000, 0x755c0000)
  object space 16384K, 16% used [0x715c0000,0x7186edf8,0x725c0000)
Event: 0,491 GC heap after
Heap after GC invocations=1 (full 0):
 PSYoungGen      total 18688K, used 1811K [0x9eb00000, 0xa0f80000, 0xb35c0000)
  eden space 16128K, 0% used [0x9eb00000,0x9eb00000,0x9fac0000)
  from space 2560K, 70% used [0x9fac0000,0x9fc84dd8,0x9fd40000)
  to   space 2560K, 0% used [0xa0d00000,0xa0d00000,0xa0f80000)
 ParOldGen       total 42240K, used 4K [0x755c0000, 0x77f00000, 0x9eb00000)
  object space 42240K, 0% used [0x755c0000,0x755c1000,0x77f00000)
 PSPermGen       total 16384K, used 2747K [0x715c0000, 0x725c0000, 0x755c0000)
  object space 16384K, 16% used [0x715c0000,0x7186edf8,0x725c0000)
}
Event: 0,890 GC heap before
{Heap before GC invocations=2 (full 0):
 PSYoungGen      total 18688K, used 17939K [0x9eb00000, 0xa0f80000, 0xb35c0000)
  eden space 16128K, 100% used [0x9eb00000,0x9fac0000,0x9fac0000)
  from space 2560K, 70% used [0x9fac0000,0x9fc84dd8,0x9fd40000)
  to   space 2560K, 0% used [0xa0d00000,0xa0d00000,0xa0f80000)
 ParOldGen       total 42240K, used 4K [0x755c0000, 0x77f00000, 0x9eb00000)
  object space 42240K, 0% used [0x755c0000,0x755c1000,0x77f00000)
 PSPermGen       total 16384K, used 5453K [0x715c0000, 0x725c0000, 0x755c0000)
  object space 16384K, 33% used [0x715c0000,0x71b13518,0x725c0000)
Event: 0,896 GC heap after
Heap after GC invocations=2 (full 0):
 PSYoungGen      total 34816K, used 2546K [0x9eb00000, 0xa0f80000, 0xb35c0000)
  eden space 32256K, 0% used [0x9eb00000,0x9eb00000,0xa0a80000)
  from space 2560K, 99% used [0xa0d00000,0xa0f7c870,0xa0f80000)
  to   space 2560K, 0% used [0xa0a80000,0xa0a80000,0xa0d00000)
 ParOldGen       total 42240K, used 725K [0x755c0000, 0x77f00000, 0x9eb00000)
  object space 42240K, 1% used [0x755c0000,0x756757c8,0x77f00000)
 PSPermGen       total 16384K, used 5453K [0x715c0000, 0x725c0000, 0x755c0000)
  object space 16384K, 33% used [0x715c0000,0x71b13518,0x725c0000)
}
Event: 1,339 GC heap before
{Heap before GC invocations=3 (full 0):
 PSYoungGen      total 34816K, used 34802K [0x9eb00000, 0xa0f80000, 0xb35c0000)
  eden space 32256K, 100% used [0x9eb00000,0xa0a80000,0xa0a80000)
  from space 2560K, 99% used [0xa0d00000,0xa0f7c870,0xa0f80000)
  to   space 2560K, 0% used [0xa0a80000,0xa0a80000,0xa0d00000)
 ParOldGen       total 42240K, used 725K [0x755c0000, 0x77f00000, 0x9eb00000)
  object space 42240K, 1% used [0x755c0000,0x756757c8,0x77f00000)
 PSPermGen       total 16384K, used 7477K [0x715c0000, 0x725c0000, 0x755c0000)
  object space 16384K, 45% used [0x715c0000,0x71d0d440,0x725c0000)
Event: 1,344 GC heap after
Heap after GC invocations=3 (full 0):
 PSYoungGen      total 34816K, used 2544K [0x9eb00000, 0xa2f00000, 0xb35c0000)
  eden space 32256K, 0% used [0x9eb00000,0x9eb00000,0xa0a80000)
  from space 2560K, 99% used [0xa0a80000,0xa0cfc2f8,0xa0d00000)
  to   space 2560K, 0% used [0xa2c80000,0xa2c80000,0xa2f00000)
 ParOldGen       total 42240K, used 2862K [0x755c0000, 0x77f00000, 0x9eb00000)
  object space 42240K, 6% used [0x755c0000,0x7588ba28,0x77f00000)
 PSPermGen       total 16384K, used 7477K [0x715c0000, 0x725c0000, 0x755c0000)
  object space 16384K, 45% used [0x715c0000,0x71d0d440,0x725c0000)
}
Event: 2,056 GC heap before
{Heap before GC invocations=4 (full 0):
 PSYoungGen      total 34816K, used 34800K [0x9eb00000, 0xa2f00000, 0xb35c0000)
  eden space 32256K, 100% used [0x9eb00000,0xa0a80000,0xa0a80000)
  from space 2560K, 99% used [0xa0a80000,0xa0cfc2f8,0xa0d00000)
  to   space 2560K, 0% used [0xa2c80000,0xa2c80000,0xa2f00000)
 ParOldGen       total 42240K, used 2862K [0x755c0000, 0x77f00000, 0x9eb00000)
  object space 42240K, 6% used [0x755c0000,0x7588ba28,0x77f00000)
 PSPermGen       total 16384K, used 9325K [0x715c0000, 0x725c0000, 0x755c0000)
  object space 16384K, 56% used [0x715c0000,0x71edb6c0,0x725c0000)
Event: 2,068 GC heap after
Heap after GC invocations=4 (full 0):
 PSYoungGen      total 67072K, used 2544K [0x9eb00000, 0xa2f00000, 0xb35c0000)
  eden space 64512K, 0% used [0x9eb00000,0x9eb00000,0xa2a00000)
  from space 2560K, 99% used [0xa2c80000,0xa2efc1d0,0xa2f00000)
  to   space 2560K, 0% used [0xa2a00000,0xa2a00000,0xa2c80000)
 ParOldGen       total 42240K, used 6014K [0x755c0000, 0x77f00000, 0x9eb00000)
  object space 42240K, 14% used [0x755c0000,0x75b9f8f0,0x77f00000)
 PSPermGen       total 16384K, used 9325K [0x715c0000, 0x725c0000, 0x755c0000)
  object space 16384K, 56% used [0x715c0000,0x71edb6c0,0x725c0000)
}
Event: 5,802 GC heap before
{Heap before GC invocations=5 (full 0):
 PSYoungGen      total 67072K, used 67056K [0x9eb00000, 0xa2f00000, 0xb35c0000)
  eden space 64512K, 100% used [0x9eb00000,0xa2a00000,0xa2a00000)
  from space 2560K, 99% used [0xa2c80000,0xa2efc1d0,0xa2f00000)
  to   space 2560K, 0% used [0xa2a00000,0xa2a00000,0xa2c80000)
 ParOldGen       total 42240K, used 6014K [0x755c0000, 0x77f00000, 0x9eb00000)
  object space 42240K, 14% used [0x755c0000,0x75b9f8f0,0x77f00000)
 PSPermGen       total 16384K, used 13557K [0x715c0000, 0x725c0000, 0x755c0000)
  object space 16384K, 82% used [0x715c0000,0x722fd470,0x725c0000)

