# JRE version: Java(TM) SE Runtime Environment (7.0_76-b13) (build 1.7.0_76-b13)
# Java VM: Java HotSpot(TM) Server VM (24.76-b04 mixed mode linux-x86 )
Heap
 PSYoungGen      total 29952K, used 3576K [0x9eb40000, 0xa17c0000, 0xb3600000)
  eden space 26368K, 0% used [0x9eb40000,0x9eb40000,0xa0500000)
  from space 3584K, 99% used [0xa1440000,0xa17be198,0xa17c0000)
  to   space 5376K, 0% used [0xa0f00000,0xa0f00000,0xa1440000)
 ParOldGen       total 42240K, used 24659K [0x75600000, 0x77f40000, 0x9eb40000)
  object space 42240K, 58% used [0x75600000,0x76e14e68,0x77f40000)
 PSPermGen       total 16384K, used 10051K [0x71600000, 0x72600000, 0x75600000)
  object space 16384K, 61% used [0x71600000,0x71fd0de8,0x72600000)
GC Heap History (10 events):
Event: 10,999 GC heap after
Heap after GC invocations=11 (full 0):
 PSYoungGen      total 31488K, used 1936K [0x9eb40000, 0xa2180000, 0xb3600000)
  eden space 29440K, 0% used [0x9eb40000,0x9eb40000,0xa0800000)
  from space 2048K, 94% used [0xa1a80000,0xa1c64000,0xa1c80000)
  to   space 5120K, 0% used [0xa1c80000,0xa1c80000,0xa2180000)
 ParOldGen       total 42240K, used 12246K [0x75600000, 0x77f40000, 0x9eb40000)
  object space 42240K, 28% used [0x75600000,0x761f5950,0x77f40000)
 PSPermGen       total 16384K, used 8473K [0x71600000, 0x72600000, 0x75600000)
  object space 16384K, 51% used [0x71600000,0x71e46590,0x72600000)
}
Event: 12,008 GC heap before
{Heap before GC invocations=12 (full 0):
 PSYoungGen      total 31488K, used 31376K [0x9eb40000, 0xa2180000, 0xb3600000)
  eden space 29440K, 100% used [0x9eb40000,0xa0800000,0xa0800000)
  from space 2048K, 94% used [0xa1a80000,0xa1c64000,0xa1c80000)
  to   space 5120K, 0% used [0xa1c80000,0xa1c80000,0xa2180000)
 ParOldGen       total 42240K, used 12246K [0x75600000, 0x77f40000, 0x9eb40000)
  object space 42240K, 28% used [0x75600000,0x761f5950,0x77f40000)
 PSPermGen       total 16384K, used 8479K [0x71600000, 0x72600000, 0x75600000)
  object space 16384K, 51% used [0x71600000,0x71e47e68,0x72600000)
Event: 12,016 GC heap after
Heap after GC invocations=12 (full 0):
 PSYoungGen      total 30464K, used 1728K [0x9eb40000, 0xa1e40000, 0xb3600000)
  eden space 28672K, 0% used [0x9eb40000,0x9eb40000,0xa0740000)
  from space 1792K, 96% used [0xa1c80000,0xa1e30000,0xa1e40000)
  to   space 5376K, 0% used [0xa13c0000,0xa13c0000,0xa1900000)
 ParOldGen       total 42240K, used 13754K [0x75600000, 0x77f40000, 0x9eb40000)
  object space 42240K, 32% used [0x75600000,0x7636e950,0x77f40000)
 PSPermGen       total 16384K, used 8479K [0x71600000, 0x72600000, 0x75600000)
  object space 16384K, 51% used [0x71600000,0x71e47e68,0x72600000)
}
Event: 15,934 GC heap before
{Heap before GC invocations=13 (full 0):
 PSYoungGen      total 30464K, used 30400K [0x9eb40000, 0xa1e40000, 0xb3600000)
  eden space 28672K, 100% used [0x9eb40000,0xa0740000,0xa0740000)
  from space 1792K, 96% used [0xa1c80000,0xa1e30000,0xa1e40000)
  to   space 5376K, 0% used [0xa13c0000,0xa13c0000,0xa1900000)
 ParOldGen       total 42240K, used 13754K [0x75600000, 0x77f40000, 0x9eb40000)
  object space 42240K, 32% used [0x75600000,0x7636e950,0x77f40000)
 PSPermGen       total 16384K, used 8738K [0x71600000, 0x72600000, 0x75600000)
  object space 16384K, 53% used [0x71600000,0x71e88a80,0x72600000)
Event: 15,938 GC heap after
Heap after GC invocations=13 (full 0):
 PSYoungGen      total 29952K, used 1940K [0x9eb40000, 0xa1cc0000, 0xb3600000)
  eden space 27904K, 0% used [0x9eb40000,0x9eb40000,0xa0680000)
  from space 2048K, 94% used [0xa13c0000,0xa15a5348,0xa15c0000)
  to   space 5376K, 0% used [0xa1780000,0xa1780000,0xa1cc0000)
 ParOldGen       total 42240K, used 14936K [0x75600000, 0x77f40000, 0x9eb40000)
  object space 42240K, 35% used [0x75600000,0x764961f0,0x77f40000)
 PSPermGen       total 16384K, used 8738K [0x71600000, 0x72600000, 0x75600000)
  object space 16384K, 53% used [0x71600000,0x71e88a80,0x72600000)
}
Event: 19,875 GC heap before
{Heap before GC invocations=14 (full 0):
 PSYoungGen      total 29952K, used 29844K [0x9eb40000, 0xa1cc0000, 0xb3600000)
  eden space 27904K, 100% used [0x9eb40000,0xa0680000,0xa0680000)
  from space 2048K, 94% used [0xa13c0000,0xa15a5348,0xa15c0000)
  to   space 5376K, 0% used [0xa1780000,0xa1780000,0xa1cc0000)
 ParOldGen       total 42240K, used 14936K [0x75600000, 0x77f40000, 0x9eb40000)
  object space 42240K, 35% used [0x75600000,0x764961f0,0x77f40000)
 PSPermGen       total 16384K, used 9171K [0x71600000, 0x72600000, 0x75600000)
  object space 16384K, 55% used [0x71600000,0x71ef4d88,0x72600000)
Event: 19,884 GC heap after
Heap after GC invocations=14 (full 0):
 PSYoungGen      total 29184K, used 1821K [0x9eb40000, 0xa1980000, 0xb3600000)
  eden space 27136K, 0% used [0x9eb40000,0x9eb40000,0xa05c0000)
  from space 2048K, 88% used [0xa1780000,0xa1947720,0xa1980000)
  to   space 5376K, 0% used [0xa0f00000,0xa0f00000,0xa1440000)
 ParOldGen       total 42240K, used 16362K [0x75600000, 0x77f40000, 0x9eb40000)
  object space 42240K, 38% used [0x75600000,0x765faab0,0x77f40000)
 PSPermGen       total 16384K, used 9171K [0x71600000, 0x72600000, 0x75600000)
  object space 16384K, 55% used [0x71600000,0x71ef4d88,0x72600000)
}
Event: 24,723 GC heap before
{Heap before GC invocations=15 (full 0):
 PSYoungGen      total 29184K, used 28957K [0x9eb40000, 0xa1980000, 0xb3600000)
  eden space 27136K, 100% used [0x9eb40000,0xa05c0000,0xa05c0000)
  from space 2048K, 88% used [0xa1780000,0xa1947720,0xa1980000)
  to   space 5376K, 0% used [0xa0f00000,0xa0f00000,0xa1440000)
 ParOldGen       total 42240K, used 16362K [0x75600000, 0x77f40000, 0x9eb40000)
  object space 42240K, 38% used [0x75600000,0x765faab0,0x77f40000)
 PSPermGen       total 16384K, used 9798K [0x71600000, 0x72600000, 0x75600000)
  object space 16384K, 59% used [0x71600000,0x71f91a88,0x72600000)
Event: 24,734 GC heap after
Heap after GC invocations=15 (full 0):
 PSYoungGen      total 31744K, used 5364K [0x9eb40000, 0xa17c0000, 0xb3600000)
  eden space 26368K, 0% used [0x9eb40000,0x9eb40000,0xa0500000)
  from space 5376K, 99% used [0xa0f00000,0xa143d3f0,0xa1440000)
  to   space 3584K, 0% used [0xa1440000,0xa1440000,0xa17c0000)
 ParOldGen       total 42240K, used 17772K [0x75600000, 0x77f40000, 0x9eb40000)
  object space 42240K, 42% used [0x75600000,0x7675b3b0,0x77f40000)
 PSPermGen       total 16384K, used 9798K [0x71600000, 0x72600000, 0x75600000)
  object space 16384K, 59% used [0x71600000,0x71f91a88,0x72600000)
}
Event: 28,718 GC heap before
{Heap before GC invocations=16 (full 0):
 PSYoungGen      total 31744K, used 31720K [0x9eb40000, 0xa17c0000, 0xb3600000)
  eden space 26368K, 99% used [0x9eb40000,0xa04fcc80,0xa0500000)
  from space 5376K, 99% used [0xa0f00000,0xa143d3f0,0xa1440000)
  to   space 3584K, 0% used [0xa1440000,0xa1440000,0xa17c0000)
 ParOldGen       total 42240K, used 17772K [0x75600000, 0x77f40000, 0x9eb40000)
  object space 42240K, 42% used [0x75600000,0x7675b3b0,0x77f40000)
 PSPermGen       total 16384K, used 10051K [0x71600000, 0x72600000, 0x75600000)
  object space 16384K, 61% used [0x71600000,0x71fd0de8,0x72600000)

