# JRE version: Java(TM) SE Runtime Environment (7.0_76-b13) (build 1.7.0_76-b13)
# Java VM: Java HotSpot(TM) Server VM (24.76-b04 mixed mode linux-x86 )
Heap
 PSYoungGen      total 71168K, used 7154K [0x9eb00000, 0xa3800000, 0xb35c0000)
  eden space 64000K, 0% used [0x9eb00000,0x9eb00000,0xa2980000)
  from space 7168K, 99% used [0xa2980000,0xa307c928,0xa3080000)
  to   space 6656K, 0% used [0xa3080000,0xa3080000,0xa3700000)
 ParOldGen       total 42240K, used 8968K [0x755c0000, 0x77f00000, 0x9eb00000)
  object space 42240K, 21% used [0x755c0000,0x75e82220,0x77f00000)
 PSPermGen       total 16384K, used 9663K [0x715c0000, 0x725c0000, 0x755c0000)
  object space 16384K, 58% used [0x715c0000,0x71f2fc88,0x725c0000)
GC Heap History (10 events):
Event: 1,537 GC heap after
Heap after GC invocations=2 (full 0):
 PSYoungGen      total 18688K, used 2248K [0x9eb00000, 0x9ffc0000, 0xb35c0000)
  eden space 16128K, 0% used [0x9eb00000,0x9eb00000,0x9fac0000)
  from space 2560K, 87% used [0x9fd40000,0x9ff72198,0x9ffc0000)
  to   space 2560K, 0% used [0x9fac0000,0x9fac0000,0x9fd40000)
 ParOldGen       total 42240K, used 186K [0x755c0000, 0x77f00000, 0x9eb00000)
  object space 42240K, 0% used [0x755c0000,0x755eebf0,0x77f00000)
 PSPermGen       total 16384K, used 5188K [0x715c0000, 0x725c0000, 0x755c0000)
  object space 16384K, 31% used [0x715c0000,0x71ad1008,0x725c0000)
}
Event: 1,856 GC heap before
{Heap before GC invocations=3 (full 0):
 PSYoungGen      total 18688K, used 18376K [0x9eb00000, 0x9ffc0000, 0xb35c0000)
  eden space 16128K, 100% used [0x9eb00000,0x9fac0000,0x9fac0000)
  from space 2560K, 87% used [0x9fd40000,0x9ff72198,0x9ffc0000)
  to   space 2560K, 0% used [0x9fac0000,0x9fac0000,0x9fd40000)
 ParOldGen       total 42240K, used 186K [0x755c0000, 0x77f00000, 0x9eb00000)
  object space 42240K, 0% used [0x755c0000,0x755eebf0,0x77f00000)
 PSPermGen       total 16384K, used 6566K [0x715c0000, 0x725c0000, 0x755c0000)
  object space 16384K, 40% used [0x715c0000,0x71c299c8,0x725c0000)
Event: 1,861 GC heap after
Heap after GC invocations=3 (full 0):
 PSYoungGen      total 18688K, used 2554K [0x9eb00000, 0xa0f80000, 0xb35c0000)
  eden space 16128K, 0% used [0x9eb00000,0x9eb00000,0x9fac0000)
  from space 2560K, 99% used [0x9fac0000,0x9fd3ea20,0x9fd40000)
  to   space 2560K, 0% used [0xa0d00000,0xa0d00000,0xa0f80000)
 ParOldGen       total 42240K, used 1539K [0x755c0000, 0x77f00000, 0x9eb00000)
  object space 42240K, 3% used [0x755c0000,0x75740e48,0x77f00000)
 PSPermGen       total 16384K, used 6566K [0x715c0000, 0x725c0000, 0x755c0000)
  object space 16384K, 40% used [0x715c0000,0x71c299c8,0x725c0000)
}
Event: 2,220 GC heap before
{Heap before GC invocations=4 (full 0):
 PSYoungGen      total 18688K, used 18682K [0x9eb00000, 0xa0f80000, 0xb35c0000)
  eden space 16128K, 100% used [0x9eb00000,0x9fac0000,0x9fac0000)
  from space 2560K, 99% used [0x9fac0000,0x9fd3ea20,0x9fd40000)
  to   space 2560K, 0% used [0xa0d00000,0xa0d00000,0xa0f80000)
 ParOldGen       total 42240K, used 1539K [0x755c0000, 0x77f00000, 0x9eb00000)
  object space 42240K, 3% used [0x755c0000,0x75740e48,0x77f00000)
 PSPermGen       total 16384K, used 7860K [0x715c0000, 0x725c0000, 0x755c0000)
  object space 16384K, 47% used [0x715c0000,0x71d6d1c0,0x725c0000)
Event: 2,229 GC heap after
Heap after GC invocations=4 (full 0):
 PSYoungGen      total 34816K, used 2557K [0x9eb00000, 0xa0f80000, 0xb35c0000)
  eden space 32256K, 0% used [0x9eb00000,0x9eb00000,0xa0a80000)
  from space 2560K, 99% used [0xa0d00000,0xa0f7f500,0xa0f80000)
  to   space 2560K, 0% used [0xa0a80000,0xa0a80000,0xa0d00000)
 ParOldGen       total 42240K, used 3204K [0x755c0000, 0x77f00000, 0x9eb00000)
  object space 42240K, 7% used [0x755c0000,0x758e12e8,0x77f00000)
 PSPermGen       total 16384K, used 7860K [0x715c0000, 0x725c0000, 0x755c0000)
  object space 16384K, 47% used [0x715c0000,0x71d6d1c0,0x725c0000)
}
Event: 3,444 GC heap before
{Heap before GC invocations=5 (full 0):
 PSYoungGen      total 34816K, used 34813K [0x9eb00000, 0xa0f80000, 0xb35c0000)
  eden space 32256K, 100% used [0x9eb00000,0xa0a80000,0xa0a80000)
  from space 2560K, 99% used [0xa0d00000,0xa0f7f500,0xa0f80000)
  to   space 2560K, 0% used [0xa0a80000,0xa0a80000,0xa0d00000)
 ParOldGen       total 42240K, used 3204K [0x755c0000, 0x77f00000, 0x9eb00000)
  object space 42240K, 7% used [0x755c0000,0x758e12e8,0x77f00000)
 PSPermGen       total 16384K, used 9506K [0x715c0000, 0x725c0000, 0x755c0000)
  object space 16384K, 58% used [0x715c0000,0x71f08bd8,0x725c0000)
Event: 3,452 GC heap after
Heap after GC invocations=5 (full 0):
 PSYoungGen      total 34816K, used 2546K [0x9eb00000, 0xa3700000, 0xb35c0000)
  eden space 32256K, 0% used [0x9eb00000,0x9eb00000,0xa0a80000)
  from space 2560K, 99% used [0xa0a80000,0xa0cfc968,0xa0d00000)
  to   space 6656K, 0% used [0xa3080000,0xa3080000,0xa3700000)
 ParOldGen       total 42240K, used 6921K [0x755c0000, 0x77f00000, 0x9eb00000)
  object space 42240K, 16% used [0x755c0000,0x75c82640,0x77f00000)
 PSPermGen       total 16384K, used 9506K [0x715c0000, 0x725c0000, 0x755c0000)
  object space 16384K, 58% used [0x715c0000,0x71f08bd8,0x725c0000)
}
Event: 3,808 GC heap before
{Heap before GC invocations=6 (full 0):
 PSYoungGen      total 34816K, used 34802K [0x9eb00000, 0xa3700000, 0xb35c0000)
  eden space 32256K, 100% used [0x9eb00000,0xa0a80000,0xa0a80000)
  from space 2560K, 99% used [0xa0a80000,0xa0cfc968,0xa0d00000)
  to   space 6656K, 0% used [0xa3080000,0xa3080000,0xa3700000)
 ParOldGen       total 42240K, used 6921K [0x755c0000, 0x77f00000, 0x9eb00000)
  object space 42240K, 16% used [0x755c0000,0x75c82640,0x77f00000)
 PSPermGen       total 16384K, used 9565K [0x715c0000, 0x725c0000, 0x755c0000)
  object space 16384K, 58% used [0x715c0000,0x71f17608,0x725c0000)
Event: 3,827 GC heap after
Heap after GC invocations=6 (full 0):
 PSYoungGen      total 70656K, used 5346K [0x9eb00000, 0xa3800000, 0xb35c0000)
  eden space 64000K, 0% used [0x9eb00000,0x9eb00000,0xa2980000)
  from space 6656K, 80% used [0xa3080000,0xa35b8948,0xa3700000)
  to   space 7168K, 0% used [0xa2980000,0xa2980000,0xa3080000)
 ParOldGen       total 42240K, used 6925K [0x755c0000, 0x77f00000, 0x9eb00000)
  object space 42240K, 16% used [0x755c0000,0x75c83640,0x77f00000)
 PSPermGen       total 16384K, used 9565K [0x715c0000, 0x725c0000, 0x755c0000)
  object space 16384K, 58% used [0x715c0000,0x71f17608,0x725c0000)
}
Event: 5,686 GC heap before
{Heap before GC invocations=7 (full 0):
 PSYoungGen      total 70656K, used 69346K [0x9eb00000, 0xa3800000, 0xb35c0000)
  eden space 64000K, 100% used [0x9eb00000,0xa2980000,0xa2980000)
  from space 6656K, 80% used [0xa3080000,0xa35b8948,0xa3700000)
  to   space 7168K, 0% used [0xa2980000,0xa2980000,0xa3080000)
 ParOldGen       total 42240K, used 6925K [0x755c0000, 0x77f00000, 0x9eb00000)
  object space 42240K, 16% used [0x755c0000,0x75c83640,0x77f00000)
 PSPermGen       total 16384K, used 9663K [0x715c0000, 0x725c0000, 0x755c0000)
  object space 16384K, 58% used [0x715c0000,0x71f2fc88,0x725c0000)

