# JRE version: Java(TM) SE Runtime Environment (7.0_76-b13) (build 1.7.0_76-b13)
# Java VM: Java HotSpot(TM) Server VM (24.76-b04 mixed mode linux-x86 )
Heap
 PSYoungGen      total 50176K, used 31354K [0x9eb00000, 0xa3dc0000, 0xb35c0000)
  eden space 44544K, 57% used [0x9eb00000,0xa041fc50,0xa1680000)
  from space 5632K, 99% used [0xa1680000,0xa1bfec58,0xa1c00000)
  to   space 6656K, 0% used [0xa3740000,0xa3740000,0xa3dc0000)
 ParOldGen       total 42240K, used 7607K [0x755c0000, 0x77f00000, 0x9eb00000)
  object space 42240K, 18% used [0x755c0000,0x75d2dc80,0x77f00000)
 PSPermGen       total 16384K, used 16280K [0x715c0000, 0x725c0000, 0x755c0000)
  object space 16384K, 99% used [0x715c0000,0x725a60c8,0x725c0000)
GC Heap History (10 events):
Event: 5,912 GC heap before
{Heap before GC invocations=5 (full 0):
 PSYoungGen      total 18688K, used 18675K [0x9eb00000, 0xa0d40000, 0xb35c0000)
  eden space 16128K, 100% used [0x9eb00000,0x9fac0000,0x9fac0000)
  from space 2560K, 99% used [0xa0ac0000,0xa0d3cf58,0xa0d40000)
  to   space 2560K, 0% used [0x9fac0000,0x9fac0000,0x9fd40000)
 ParOldGen       total 42240K, used 2859K [0x755c0000, 0x77f00000, 0x9eb00000)
  object space 42240K, 6% used [0x755c0000,0x7588ac50,0x77f00000)
 PSPermGen       total 16384K, used 8839K [0x715c0000, 0x725c0000, 0x755c0000)
  object space 16384K, 53% used [0x715c0000,0x71e61cd8,0x725c0000)
Event: 5,916 GC heap after
Heap after GC invocations=5 (full 0):
 PSYoungGen      total 18432K, used 2555K [0x9eb00000, 0xa0b00000, 0xb35c0000)
  eden space 15872K, 0% used [0x9eb00000,0x9eb00000,0x9fa80000)
  from space 2560K, 99% used [0x9fac0000,0x9fd3ef68,0x9fd40000)
  to   space 5120K, 0% used [0xa0600000,0xa0600000,0xa0b00000)
 ParOldGen       total 42240K, used 4257K [0x755c0000, 0x77f00000, 0x9eb00000)
  object space 42240K, 10% used [0x755c0000,0x759e8788,0x77f00000)
 PSPermGen       total 16384K, used 8839K [0x715c0000, 0x725c0000, 0x755c0000)
  object space 16384K, 53% used [0x715c0000,0x71e61cd8,0x725c0000)
}
Event: 6,258 GC heap before
{Heap before GC invocations=6 (full 0):
 PSYoungGen      total 18432K, used 18427K [0x9eb00000, 0xa0b00000, 0xb35c0000)
  eden space 15872K, 100% used [0x9eb00000,0x9fa80000,0x9fa80000)
  from space 2560K, 99% used [0x9fac0000,0x9fd3ef68,0x9fd40000)
  to   space 5120K, 0% used [0xa0600000,0xa0600000,0xa0b00000)
 ParOldGen       total 42240K, used 4257K [0x755c0000, 0x77f00000, 0x9eb00000)
  object space 42240K, 10% used [0x755c0000,0x759e8788,0x77f00000)
 PSPermGen       total 16384K, used 9333K [0x715c0000, 0x725c0000, 0x755c0000)
  object space 16384K, 56% used [0x715c0000,0x71edd678,0x725c0000)
Event: 6,265 GC heap after
Heap after GC invocations=6 (full 0):
 PSYoungGen      total 27392K, used 4299K [0x9eb00000, 0xa1480000, 0xb35c0000)
  eden space 22272K, 0% used [0x9eb00000,0x9eb00000,0xa00c0000)
  from space 5120K, 83% used [0xa0600000,0xa0a32e50,0xa0b00000)
  to   space 5376K, 0% used [0xa00c0000,0xa00c0000,0xa0600000)
 ParOldGen       total 42240K, used 4257K [0x755c0000, 0x77f00000, 0x9eb00000)
  object space 42240K, 10% used [0x755c0000,0x759e8788,0x77f00000)
 PSPermGen       total 16384K, used 9333K [0x715c0000, 0x725c0000, 0x755c0000)
  object space 16384K, 56% used [0x715c0000,0x71edd678,0x725c0000)
}
Event: 6,932 GC heap before
{Heap before GC invocations=7 (full 0):
 PSYoungGen      total 27392K, used 26571K [0x9eb00000, 0xa1480000, 0xb35c0000)
  eden space 22272K, 100% used [0x9eb00000,0xa00c0000,0xa00c0000)
  from space 5120K, 83% used [0xa0600000,0xa0a32e50,0xa0b00000)
  to   space 5376K, 0% used [0xa00c0000,0xa00c0000,0xa0600000)
 ParOldGen       total 42240K, used 4257K [0x755c0000, 0x77f00000, 0x9eb00000)
  object space 42240K, 10% used [0x755c0000,0x759e8788,0x77f00000)
 PSPermGen       total 16384K, used 10500K [0x715c0000, 0x725c0000, 0x755c0000)
  object space 16384K, 64% used [0x715c0000,0x72001108,0x725c0000)
Event: 6,947 GC heap after
Heap after GC invocations=7 (full 0):
 PSYoungGen      total 27648K, used 4679K [0x9eb00000, 0xa2200000, 0xb35c0000)
  eden space 22272K, 0% used [0x9eb00000,0x9eb00000,0xa00c0000)
  from space 5376K, 87% used [0xa00c0000,0xa0551f10,0xa0600000)
  to   space 5888K, 0% used [0xa1c40000,0xa1c40000,0xa2200000)
 ParOldGen       total 42240K, used 5573K [0x755c0000, 0x77f00000, 0x9eb00000)
  object space 42240K, 13% used [0x755c0000,0x75b31690,0x77f00000)
 PSPermGen       total 16384K, used 10500K [0x715c0000, 0x725c0000, 0x755c0000)
  object space 16384K, 64% used [0x715c0000,0x72001108,0x725c0000)
}
Event: 7,678 GC heap before
{Heap before GC invocations=8 (full 0):
 PSYoungGen      total 27648K, used 26951K [0x9eb00000, 0xa2200000, 0xb35c0000)
  eden space 22272K, 100% used [0x9eb00000,0xa00c0000,0xa00c0000)
  from space 5376K, 87% used [0xa00c0000,0xa0551f10,0xa0600000)
  to   space 5888K, 0% used [0xa1c40000,0xa1c40000,0xa2200000)
 ParOldGen       total 42240K, used 5573K [0x755c0000, 0x77f00000, 0x9eb00000)
  object space 42240K, 13% used [0x755c0000,0x75b31690,0x77f00000)
 PSPermGen       total 16384K, used 11718K [0x715c0000, 0x725c0000, 0x755c0000)
  object space 16384K, 71% used [0x715c0000,0x72131af0,0x725c0000)
Event: 7,685 GC heap after
Heap after GC invocations=8 (full 0):
 PSYoungGen      total 49920K, used 3425K [0x9eb00000, 0xa2180000, 0xb35c0000)
  eden space 44544K, 0% used [0x9eb00000,0x9eb00000,0xa1680000)
  from space 5376K, 63% used [0xa1c40000,0xa1f98480,0xa2180000)
  to   space 5632K, 0% used [0xa1680000,0xa1680000,0xa1c00000)
 ParOldGen       total 42240K, used 6317K [0x755c0000, 0x77f00000, 0x9eb00000)
  object space 42240K, 14% used [0x755c0000,0x75beb5b8,0x77f00000)
 PSPermGen       total 16384K, used 11718K [0x715c0000, 0x725c0000, 0x755c0000)
  object space 16384K, 71% used [0x715c0000,0x72131af0,0x725c0000)
}
Event: 11,077 GC heap before
{Heap before GC invocations=9 (full 0):
 PSYoungGen      total 49920K, used 47969K [0x9eb00000, 0xa2180000, 0xb35c0000)
  eden space 44544K, 100% used [0x9eb00000,0xa1680000,0xa1680000)
  from space 5376K, 63% used [0xa1c40000,0xa1f98480,0xa2180000)
  to   space 5632K, 0% used [0xa1680000,0xa1680000,0xa1c00000)
 ParOldGen       total 42240K, used 6317K [0x755c0000, 0x77f00000, 0x9eb00000)
  object space 42240K, 14% used [0x755c0000,0x75beb5b8,0x77f00000)
 PSPermGen       total 16384K, used 14626K [0x715c0000, 0x725c0000, 0x755c0000)
  object space 16384K, 89% used [0x715c0000,0x72408a58,0x725c0000)
Event: 11,182 GC heap after
Heap after GC invocations=9 (full 0):
 PSYoungGen      total 50176K, used 5627K [0x9eb00000, 0xa3dc0000, 0xb35c0000)
  eden space 44544K, 0% used [0x9eb00000,0x9eb00000,0xa1680000)
  from space 5632K, 99% used [0xa1680000,0xa1bfec58,0xa1c00000)
  to   space 6656K, 0% used [0xa3740000,0xa3740000,0xa3dc0000)
 ParOldGen       total 42240K, used 7607K [0x755c0000, 0x77f00000, 0x9eb00000)
  object space 42240K, 18% used [0x755c0000,0x75d2dc80,0x77f00000)
 PSPermGen       total 16384K, used 14626K [0x715c0000, 0x725c0000, 0x755c0000)
  object space 16384K, 89% used [0x715c0000,0x72408a58,0x725c0000)
}

