# JRE version: Java(TM) SE Runtime Environment (7.0_76-b13) (build 1.7.0_76-b13)
# Java VM: Java HotSpot(TM) Server VM (24.76-b04 mixed mode linux-x86 )
Heap
 PSYoungGen      total 65792K, used 5115K [0x9ea40000, 0xa2f80000, 0xb3500000)
  eden space 60672K, 0% used [0x9ea40000,0x9ea40000,0xa2580000)
  from space 5120K, 99% used [0xa2580000,0xa2a7ef38,0xa2a80000)
  to   space 4864K, 0% used [0xa2ac0000,0xa2ac0000,0xa2f80000)
 ParOldGen       total 42240K, used 23787K [0x75500000, 0x77e40000, 0x9ea40000)
  object space 42240K, 56% used [0x75500000,0x76c3ad70,0x77e40000)
 PSPermGen       total 16384K, used 10060K [0x71500000, 0x72500000, 0x75500000)
  object space 16384K, 61% used [0x71500000,0x71ed3060,0x72500000)
GC Heap History (10 events):
Event: 10,127 GC heap after
Heap after GC invocations=12 (full 0):
 PSYoungGen      total 28928K, used 1040K [0x9ea40000, 0xa0c80000, 0xb3500000)
  eden space 23552K, 0% used [0x9ea40000,0x9ea40000,0xa0140000)
  from space 5376K, 19% used [0xa06c0000,0xa07c4000,0xa0c00000)
  to   space 5632K, 0% used [0xa0140000,0xa0140000,0xa06c0000)
 ParOldGen       total 42240K, used 11307K [0x75500000, 0x77e40000, 0x9ea40000)
  object space 42240K, 26% used [0x75500000,0x7600af60,0x77e40000)
 PSPermGen       total 16384K, used 8468K [0x71500000, 0x72500000, 0x75500000)
  object space 16384K, 51% used [0x71500000,0x71d45030,0x72500000)
}
Event: 10,395 GC heap before
{Heap before GC invocations=13 (full 0):
 PSYoungGen      total 28928K, used 24592K [0x9ea40000, 0xa0c80000, 0xb3500000)
  eden space 23552K, 100% used [0x9ea40000,0xa0140000,0xa0140000)
  from space 5376K, 19% used [0xa06c0000,0xa07c4000,0xa0c00000)
  to   space 5632K, 0% used [0xa0140000,0xa0140000,0xa06c0000)
 ParOldGen       total 42240K, used 11307K [0x75500000, 0x77e40000, 0x9ea40000)
  object space 42240K, 26% used [0x75500000,0x7600af60,0x77e40000)
 PSPermGen       total 16384K, used 8473K [0x71500000, 0x72500000, 0x75500000)
  object space 16384K, 51% used [0x71500000,0x71d46538,0x72500000)
Event: 10,398 GC heap after
Heap after GC invocations=13 (full 0):
 PSYoungGen      total 29184K, used 1600K [0x9ea40000, 0xa19c0000, 0xb3500000)
  eden space 23552K, 0% used [0x9ea40000,0x9ea40000,0xa0140000)
  from space 5632K, 28% used [0xa0140000,0xa02d0000,0xa06c0000)
  to   space 5376K, 0% used [0xa1480000,0xa1480000,0xa19c0000)
 ParOldGen       total 42240K, used 12054K [0x75500000, 0x77e40000, 0x9ea40000)
  object space 42240K, 28% used [0x75500000,0x760c5800,0x77e40000)
 PSPermGen       total 16384K, used 8473K [0x71500000, 0x72500000, 0x75500000)
  object space 16384K, 51% used [0x71500000,0x71d46538,0x72500000)
}
Event: 10,505 GC heap before
{Heap before GC invocations=14 (full 0):
 PSYoungGen      total 29184K, used 25152K [0x9ea40000, 0xa19c0000, 0xb3500000)
  eden space 23552K, 100% used [0x9ea40000,0xa0140000,0xa0140000)
  from space 5632K, 28% used [0xa0140000,0xa02d0000,0xa06c0000)
  to   space 5376K, 0% used [0xa1480000,0xa1480000,0xa19c0000)
 ParOldGen       total 42240K, used 12054K [0x75500000, 0x77e40000, 0x9ea40000)
  object space 42240K, 28% used [0x75500000,0x760c5800,0x77e40000)
 PSPermGen       total 16384K, used 8476K [0x71500000, 0x72500000, 0x75500000)
  object space 16384K, 51% used [0x71500000,0x71d47010,0x72500000)
Event: 10,510 GC heap after
Heap after GC invocations=14 (full 0):
 PSYoungGen      total 43264K, used 1184K [0x9ea40000, 0xa19c0000, 0xb3500000)
  eden space 37888K, 0% used [0x9ea40000,0x9ea40000,0xa0f40000)
  from space 5376K, 22% used [0xa1480000,0xa15a8000,0xa19c0000)
  to   space 5376K, 0% used [0xa0f40000,0xa0f40000,0xa1480000)
 ParOldGen       total 42240K, used 13354K [0x75500000, 0x77e40000, 0x9ea40000)
  object space 42240K, 31% used [0x75500000,0x7620a800,0x77e40000)
 PSPermGen       total 16384K, used 8476K [0x71500000, 0x72500000, 0x75500000)
  object space 16384K, 51% used [0x71500000,0x71d47010,0x72500000)
}
Event: 12,964 GC heap before
{Heap before GC invocations=15 (full 0):
 PSYoungGen      total 43264K, used 39072K [0x9ea40000, 0xa19c0000, 0xb3500000)
  eden space 37888K, 100% used [0x9ea40000,0xa0f40000,0xa0f40000)
  from space 5376K, 22% used [0xa1480000,0xa15a8000,0xa19c0000)
  to   space 5376K, 0% used [0xa0f40000,0xa0f40000,0xa1480000)
 ParOldGen       total 42240K, used 13354K [0x75500000, 0x77e40000, 0x9ea40000)
  object space 42240K, 31% used [0x75500000,0x7620a800,0x77e40000)
 PSPermGen       total 16384K, used 8496K [0x71500000, 0x72500000, 0x75500000)
  object space 16384K, 51% used [0x71500000,0x71d4c3c0,0x72500000)
Event: 12,977 GC heap after
Heap after GC invocations=15 (full 0):
 PSYoungGen      total 43264K, used 1792K [0x9ea40000, 0xa3000000, 0xb3500000)
  eden space 37888K, 0% used [0x9ea40000,0x9ea40000,0xa0f40000)
  from space 5376K, 33% used [0xa0f40000,0xa1100000,0xa1480000)
  to   space 5376K, 0% used [0xa2ac0000,0xa2ac0000,0xa3000000)
 ParOldGen       total 42240K, used 14278K [0x75500000, 0x77e40000, 0x9ea40000)
  object space 42240K, 33% used [0x75500000,0x762f1a80,0x77e40000)
 PSPermGen       total 16384K, used 8496K [0x71500000, 0x72500000, 0x75500000)
  object space 16384K, 51% used [0x71500000,0x71d4c3c0,0x72500000)
}
Event: 15,250 GC heap before
{Heap before GC invocations=16 (full 0):
 PSYoungGen      total 43264K, used 39680K [0x9ea40000, 0xa3000000, 0xb3500000)
  eden space 37888K, 100% used [0x9ea40000,0xa0f40000,0xa0f40000)
  from space 5376K, 33% used [0xa0f40000,0xa1100000,0xa1480000)
  to   space 5376K, 0% used [0xa2ac0000,0xa2ac0000,0xa3000000)
 ParOldGen       total 42240K, used 14278K [0x75500000, 0x77e40000, 0x9ea40000)
  object space 42240K, 33% used [0x75500000,0x762f1a80,0x77e40000)
 PSPermGen       total 16384K, used 9180K [0x71500000, 0x72500000, 0x75500000)
  object space 16384K, 56% used [0x71500000,0x71df7100,0x72500000)
Event: 15,268 GC heap after
Heap after GC invocations=16 (full 0):
 PSYoungGen      total 65536K, used 2571K [0x9ea40000, 0xa2f80000, 0xb3500000)
  eden space 60672K, 0% used [0x9ea40000,0x9ea40000,0xa2580000)
  from space 4864K, 52% used [0xa2ac0000,0xa2d42ed8,0xa2f80000)
  to   space 5120K, 0% used [0xa2580000,0xa2580000,0xa2a80000)
 ParOldGen       total 42240K, used 15920K [0x75500000, 0x77e40000, 0x9ea40000)
  object space 42240K, 37% used [0x75500000,0x7648c3f0,0x77e40000)
 PSPermGen       total 16384K, used 9180K [0x71500000, 0x72500000, 0x75500000)
  object space 16384K, 56% used [0x71500000,0x71df7100,0x72500000)
}
Event: 18,252 GC heap before
{Heap before GC invocations=17 (full 0):
 PSYoungGen      total 65536K, used 63243K [0x9ea40000, 0xa2f80000, 0xb3500000)
  eden space 60672K, 100% used [0x9ea40000,0xa2580000,0xa2580000)
  from space 4864K, 52% used [0xa2ac0000,0xa2d42ed8,0xa2f80000)
  to   space 5120K, 0% used [0xa2580000,0xa2580000,0xa2a80000)
 ParOldGen       total 42240K, used 15920K [0x75500000, 0x77e40000, 0x9ea40000)
  object space 42240K, 37% used [0x75500000,0x7648c3f0,0x77e40000)
 PSPermGen       total 16384K, used 10060K [0x71500000, 0x72500000, 0x75500000)
  object space 16384K, 61% used [0x71500000,0x71ed3060,0x72500000)

