# JRE version: Java(TM) SE Runtime Environment (7.0_76-b13) (build 1.7.0_76-b13)
# Java VM: Java HotSpot(TM) Server VM (24.76-b04 mixed mode linux-x86 )
Heap
 PSYoungGen      total 18688K, used 2544K [0x9eb00000, 0x9ffc0000, 0xb35c0000)
  eden space 16128K, 0% used [0x9eb00000,0x9eb00000,0x9fac0000)
  from space 2560K, 99% used [0x9fac0000,0x9fd3c220,0x9fd40000)
  to   space 2560K, 0% used [0x9fd40000,0x9fd40000,0x9ffc0000)
 ParOldGen       total 42240K, used 1545K [0x755c0000, 0x77f00000, 0x9eb00000)
  object space 42240K, 3% used [0x755c0000,0x757425c0,0x77f00000)
 PSPermGen       total 16384K, used 6536K [0x715c0000, 0x725c0000, 0x755c0000)
  object space 16384K, 39% used [0x715c0000,0x71c223d8,0x725c0000)
GC Heap History (5 events):
Event: 7,685 GC heap before
{Heap before GC invocations=1 (full 0):
 PSYoungGen      total 18688K, used 16128K [0x9eb00000, 0x9ffc0000, 0xb35c0000)
  eden space 16128K, 100% used [0x9eb00000,0x9fac0000,0x9fac0000)
  from space 2560K, 0% used [0x9fd40000,0x9fd40000,0x9ffc0000)
  to   space 2560K, 0% used [0x9fac0000,0x9fac0000,0x9fd40000)
 ParOldGen       total 42240K, used 0K [0x755c0000, 0x77f00000, 0x9eb00000)
  object space 42240K, 0% used [0x755c0000,0x755c0000,0x77f00000)
 PSPermGen       total 16384K, used 4473K [0x715c0000, 0x725c0000, 0x755c0000)
  object space 16384K, 27% used [0x715c0000,0x71a1e7f0,0x725c0000)
Event: 7,688 GC heap after
Heap after GC invocations=1 (full 0):
 PSYoungGen      total 18688K, used 2557K [0x9eb00000, 0x9ffc0000, 0xb35c0000)
  eden space 16128K, 0% used [0x9eb00000,0x9eb00000,0x9fac0000)
  from space 2560K, 99% used [0x9fac0000,0x9fd3f4b8,0x9fd40000)
  to   space 2560K, 0% used [0x9fd40000,0x9fd40000,0x9ffc0000)
 ParOldGen       total 42240K, used 141K [0x755c0000, 0x77f00000, 0x9eb00000)
  object space 42240K, 0% used [0x755c0000,0x755e36f0,0x77f00000)
 PSPermGen       total 16384K, used 4473K [0x715c0000, 0x725c0000, 0x755c0000)
  object space 16384K, 27% used [0x715c0000,0x71a1e7f0,0x725c0000)
}
Event: 13,318 GC heap before
{Heap before GC invocations=2 (full 0):
 PSYoungGen      total 18688K, used 18685K [0x9eb00000, 0x9ffc0000, 0xb35c0000)
  eden space 16128K, 100% used [0x9eb00000,0x9fac0000,0x9fac0000)
  from space 2560K, 99% used [0x9fac0000,0x9fd3f4b8,0x9fd40000)
  to   space 2560K, 0% used [0x9fd40000,0x9fd40000,0x9ffc0000)
 ParOldGen       total 42240K, used 141K [0x755c0000, 0x77f00000, 0x9eb00000)
  object space 42240K, 0% used [0x755c0000,0x755e36f0,0x77f00000)
 PSPermGen       total 16384K, used 5026K [0x715c0000, 0x725c0000, 0x755c0000)
  object space 16384K, 30% used [0x715c0000,0x71aa8a40,0x725c0000)
Event: 13,377 GC heap after
Heap after GC invocations=2 (full 0):
 PSYoungGen      total 18688K, used 2173K [0x9eb00000, 0x9ffc0000, 0xb35c0000)
  eden space 16128K, 0% used [0x9eb00000,0x9eb00000,0x9fac0000)
  from space 2560K, 84% used [0x9fd40000,0x9ff5f6d8,0x9ffc0000)
  to   space 2560K, 0% used [0x9fac0000,0x9fac0000,0x9fd40000)
 ParOldGen       total 42240K, used 145K [0x755c0000, 0x77f00000, 0x9eb00000)
  object space 42240K, 0% used [0x755c0000,0x755e46f0,0x77f00000)
 PSPermGen       total 16384K, used 5026K [0x715c0000, 0x725c0000, 0x755c0000)
  object space 16384K, 30% used [0x715c0000,0x71aa8a40,0x725c0000)
}
Event: 21,117 GC heap before
{Heap before GC invocations=3 (full 0):
 PSYoungGen      total 18688K, used 18301K [0x9eb00000, 0x9ffc0000, 0xb35c0000)
  eden space 16128K, 100% used [0x9eb00000,0x9fac0000,0x9fac0000)
  from space 2560K, 84% used [0x9fd40000,0x9ff5f6d8,0x9ffc0000)
  to   space 2560K, 0% used [0x9fac0000,0x9fac0000,0x9fd40000)
 ParOldGen       total 42240K, used 145K [0x755c0000, 0x77f00000, 0x9eb00000)
  object space 42240K, 0% used [0x755c0000,0x755e46f0,0x77f00000)
 PSPermGen       total 16384K, used 6536K [0x715c0000, 0x725c0000, 0x755c0000)
  object space 16384K, 39% used [0x715c0000,0x71c223d8,0x725c0000)

