# JRE version: Java(TM) SE Runtime Environment (7.0_76-b13) (build 1.7.0_76-b13)
# Java VM: Java HotSpot(TM) Server VM (24.76-b04 mixed mode linux-x86 )
Heap
 PSYoungGen      total 137728K, used 9214K [0x9ea80000, 0xa7a80000, 0xb3540000)
  eden space 128512K, 0% used [0x9ea80000,0x9ea80000,0xa6800000)
  from space 9216K, 99% used [0xa6800000,0xa70ffb18,0xa7100000)
  to   space 8704K, 0% used [0xa7100000,0xa7100000,0xa7980000)
 ParOldGen       total 42240K, used 25109K [0x75540000, 0x77e80000, 0x9ea80000)
  object space 42240K, 59% used [0x75540000,0x76dc5540,0x77e80000)
 PSPermGen       total 20480K, used 20383K [0x71540000, 0x72940000, 0x75540000)
  object space 20480K, 99% used [0x71540000,0x72927f20,0x72940000)
GC Heap History (10 events):
Event: 0,704 GC heap after
Heap after GC invocations=2 (full 0):
 PSYoungGen      total 34816K, used 2149K [0x9ea80000, 0xa0f00000, 0xb3540000)
  eden space 32256K, 0% used [0x9ea80000,0x9ea80000,0xa0a00000)
  from space 2560K, 83% used [0xa0c80000,0xa0e996e8,0xa0f00000)
  to   space 2560K, 0% used [0xa0a00000,0xa0a00000,0xa0c80000)
 ParOldGen       total 42240K, used 145K [0x75540000, 0x77e80000, 0x9ea80000)
  object space 42240K, 0% used [0x75540000,0x755646f0,0x77e80000)
 PSPermGen       total 16384K, used 5026K [0x71540000, 0x72540000, 0x75540000)
  object space 16384K, 30% used [0x71540000,0x71a28b80,0x72540000)
}
Event: 1,272 GC heap before
{Heap before GC invocations=3 (full 0):
 PSYoungGen      total 34816K, used 34405K [0x9ea80000, 0xa0f00000, 0xb3540000)
  eden space 32256K, 100% used [0x9ea80000,0xa0a00000,0xa0a00000)
  from space 2560K, 83% used [0xa0c80000,0xa0e996e8,0xa0f00000)
  to   space 2560K, 0% used [0xa0a00000,0xa0a00000,0xa0c80000)
 ParOldGen       total 42240K, used 145K [0x75540000, 0x77e80000, 0x9ea80000)
  object space 42240K, 0% used [0x75540000,0x755646f0,0x77e80000)
 PSPermGen       total 16384K, used 7766K [0x71540000, 0x72540000, 0x75540000)
  object space 16384K, 47% used [0x71540000,0x71cd5950,0x72540000)
Event: 1,279 GC heap after
Heap after GC invocations=3 (full 0):
 PSYoungGen      total 34816K, used 2546K [0x9ea80000, 0xa2e80000, 0xb3540000)
  eden space 32256K, 0% used [0x9ea80000,0x9ea80000,0xa0a00000)
  from space 2560K, 99% used [0xa0a00000,0xa0c7c860,0xa0c80000)
  to   space 2560K, 0% used [0xa2c00000,0xa2c00000,0xa2e80000)
 ParOldGen       total 42240K, used 3680K [0x75540000, 0x77e80000, 0x9ea80000)
  object space 42240K, 8% used [0x75540000,0x758d80d0,0x77e80000)
 PSPermGen       total 16384K, used 7766K [0x71540000, 0x72540000, 0x75540000)
  object space 16384K, 47% used [0x71540000,0x71cd5950,0x72540000)
}
Event: 2,038 GC heap before
{Heap before GC invocations=4 (full 0):
 PSYoungGen      total 34816K, used 34802K [0x9ea80000, 0xa2e80000, 0xb3540000)
  eden space 32256K, 100% used [0x9ea80000,0xa0a00000,0xa0a00000)
  from space 2560K, 99% used [0xa0a00000,0xa0c7c860,0xa0c80000)
  to   space 2560K, 0% used [0xa2c00000,0xa2c00000,0xa2e80000)
 ParOldGen       total 42240K, used 3680K [0x75540000, 0x77e80000, 0x9ea80000)
  object space 42240K, 8% used [0x75540000,0x758d80d0,0x77e80000)
 PSPermGen       total 16384K, used 8942K [0x71540000, 0x72540000, 0x75540000)
  object space 16384K, 54% used [0x71540000,0x71dfbb10,0x72540000)
Event: 2,048 GC heap after
Heap after GC invocations=4 (full 0):
 PSYoungGen      total 67072K, used 2552K [0x9ea80000, 0xa2e80000, 0xb3540000)
  eden space 64512K, 0% used [0x9ea80000,0x9ea80000,0xa2980000)
  from space 2560K, 99% used [0xa2c00000,0xa2e7e050,0xa2e80000)
  to   space 2560K, 0% used [0xa2980000,0xa2980000,0xa2c00000)
 ParOldGen       total 42240K, used 7296K [0x75540000, 0x77e80000, 0x9ea80000)
  object space 42240K, 17% used [0x75540000,0x75c60200,0x77e80000)
 PSPermGen       total 16384K, used 8942K [0x71540000, 0x72540000, 0x75540000)
  object space 16384K, 54% used [0x71540000,0x71dfbb10,0x72540000)
}
Event: 2,770 GC heap before
{Heap before GC invocations=5 (full 0):
 PSYoungGen      total 67072K, used 67064K [0x9ea80000, 0xa2e80000, 0xb3540000)
  eden space 64512K, 100% used [0x9ea80000,0xa2980000,0xa2980000)
  from space 2560K, 99% used [0xa2c00000,0xa2e7e050,0xa2e80000)
  to   space 2560K, 0% used [0xa2980000,0xa2980000,0xa2c00000)
 ParOldGen       total 42240K, used 7296K [0x75540000, 0x77e80000, 0x9ea80000)
  object space 42240K, 17% used [0x75540000,0x75c60200,0x77e80000)
 PSPermGen       total 16384K, used 9081K [0x71540000, 0x72540000, 0x75540000)
  object space 16384K, 55% used [0x71540000,0x71e1e630,0x72540000)
Event: 2,783 GC heap after
Heap after GC invocations=5 (full 0):
 PSYoungGen      total 67072K, used 2552K [0x9ea80000, 0xa7980000, 0xb3540000)
  eden space 64512K, 0% used [0x9ea80000,0x9ea80000,0xa2980000)
  from space 2560K, 99% used [0xa2980000,0xa2bfe050,0xa2c00000)
  to   space 8704K, 0% used [0xa7100000,0xa7100000,0xa7980000)
 ParOldGen       total 42240K, used 11209K [0x75540000, 0x77e80000, 0x9ea80000)
  object space 42240K, 26% used [0x75540000,0x760326e8,0x77e80000)
 PSPermGen       total 16384K, used 9081K [0x71540000, 0x72540000, 0x75540000)
  object space 16384K, 55% used [0x71540000,0x71e1e630,0x72540000)
}
Event: 3,479 GC heap before
{Heap before GC invocations=6 (full 0):
 PSYoungGen      total 67072K, used 67064K [0x9ea80000, 0xa7980000, 0xb3540000)
  eden space 64512K, 100% used [0x9ea80000,0xa2980000,0xa2980000)
  from space 2560K, 99% used [0xa2980000,0xa2bfe050,0xa2c00000)
  to   space 8704K, 0% used [0xa7100000,0xa7100000,0xa7980000)
 ParOldGen       total 42240K, used 11209K [0x75540000, 0x77e80000, 0x9ea80000)
  object space 42240K, 26% used [0x75540000,0x760326e8,0x77e80000)
 PSPermGen       total 16384K, used 9645K [0x71540000, 0x72540000, 0x75540000)
  object space 16384K, 58% used [0x71540000,0x71eab440,0x72540000)
Event: 3,492 GC heap after
Heap after GC invocations=6 (full 0):
 PSYoungGen      total 137216K, used 6878K [0x9ea80000, 0xa7a80000, 0xb3540000)
  eden space 128512K, 0% used [0x9ea80000,0x9ea80000,0xa6800000)
  from space 8704K, 79% used [0xa7100000,0xa77b78f8,0xa7980000)
  to   space 9216K, 0% used [0xa6800000,0xa6800000,0xa7100000)
 ParOldGen       total 42240K, used 11209K [0x75540000, 0x77e80000, 0x9ea80000)
  object space 42240K, 26% used [0x75540000,0x760326e8,0x77e80000)
 PSPermGen       total 16384K, used 9645K [0x71540000, 0x72540000, 0x75540000)
  object space 16384K, 58% used [0x71540000,0x71eab440,0x72540000)
}
Event: 9,689 GC heap before
{Heap before GC invocations=7 (full 0):
 PSYoungGen      total 137216K, used 135390K [0x9ea80000, 0xa7a80000, 0xb3540000)
  eden space 128512K, 100% used [0x9ea80000,0xa6800000,0xa6800000)
  from space 8704K, 79% used [0xa7100000,0xa77b78f8,0xa7980000)
  to   space 9216K, 0% used [0xa6800000,0xa6800000,0xa7100000)
 ParOldGen       total 42240K, used 11209K [0x75540000, 0x77e80000, 0x9ea80000)
  object space 42240K, 26% used [0x75540000,0x760326e8,0x77e80000)
 PSPermGen       total 20480K, used 20383K [0x71540000, 0x72940000, 0x75540000)
  object space 20480K, 99% used [0x71540000,0x72927f20,0x72940000)

