# JRE version: Java(TM) SE Runtime Environment (7.0_76-b13) (build 1.7.0_76-b13)
# Java VM: Java HotSpot(TM) Server VM (24.76-b04 mixed mode linux-x86 )
Heap
 PSYoungGen      total 138240K, used 13554K [0x9ea80000, 0xa8100000, 0xb3540000)
  eden space 124672K, 0% used [0x9ea80000,0x9ea80000,0xa6440000)
  from space 13568K, 99% used [0xa73c0000,0xa80fcb88,0xa8100000)
  to   space 11776K, 0% used [0xa6440000,0xa6440000,0xa6fc0000)
 ParOldGen       total 42240K, used 21944K [0x75540000, 0x77e80000, 0x9ea80000)
  object space 42240K, 51% used [0x75540000,0x76aae0d8,0x77e80000)
 PSPermGen       total 23040K, used 13784K [0x71540000, 0x72bc0000, 0x75540000)
  object space 23040K, 59% used [0x71540000,0x722b6120,0x72bc0000)
GC Heap History (10 events):
Event: 8,391 GC heap after
Heap after GC invocations=6 (full 0):
 PSYoungGen      total 69888K, used 6266K [0x9ea80000, 0xa3800000, 0xb3540000)
  eden space 63488K, 0% used [0x9ea80000,0x9ea80000,0xa2880000)
  from space 6400K, 97% used [0xa2fc0000,0xa35deac8,0xa3600000)
  to   space 7424K, 0% used [0xa2880000,0xa2880000,0xa2fc0000)
 ParOldGen       total 42240K, used 6488K [0x75540000, 0x77e80000, 0x9ea80000)
  object space 42240K, 15% used [0x75540000,0x75b96320,0x77e80000)
 PSPermGen       total 16384K, used 9499K [0x71540000, 0x72540000, 0x75540000)
  object space 16384K, 57% used [0x71540000,0x71e86ce0,0x72540000)
}
Event: 11,718 GC heap before
{Heap before GC invocations=7 (full 0):
 PSYoungGen      total 69888K, used 69754K [0x9ea80000, 0xa3800000, 0xb3540000)
  eden space 63488K, 100% used [0x9ea80000,0xa2880000,0xa2880000)
  from space 6400K, 97% used [0xa2fc0000,0xa35deac8,0xa3600000)
  to   space 7424K, 0% used [0xa2880000,0xa2880000,0xa2fc0000)
 ParOldGen       total 42240K, used 6488K [0x75540000, 0x77e80000, 0x9ea80000)
  object space 42240K, 15% used [0x75540000,0x75b96320,0x77e80000)
 PSPermGen       total 16384K, used 9548K [0x71540000, 0x72540000, 0x75540000)
  object space 16384K, 58% used [0x71540000,0x71e93140,0x72540000)
Event: 11,734 GC heap after
Heap after GC invocations=7 (full 0):
 PSYoungGen      total 70912K, used 7418K [0x9ea80000, 0xa7900000, 0xb3540000)
  eden space 63488K, 0% used [0x9ea80000,0x9ea80000,0xa2880000)
  from space 7424K, 99% used [0xa2880000,0xa2fbe810,0xa2fc0000)
  to   space 9472K, 0% used [0xa6fc0000,0xa6fc0000,0xa7900000)
 ParOldGen       total 42240K, used 8261K [0x75540000, 0x77e80000, 0x9ea80000)
  object space 42240K, 19% used [0x75540000,0x75d515d8,0x77e80000)
 PSPermGen       total 16384K, used 9548K [0x71540000, 0x72540000, 0x75540000)
  object space 16384K, 58% used [0x71540000,0x71e93140,0x72540000)
}
Event: 13,490 GC heap before
{Heap before GC invocations=8 (full 0):
 PSYoungGen      total 70912K, used 70906K [0x9ea80000, 0xa7900000, 0xb3540000)
  eden space 63488K, 100% used [0x9ea80000,0xa2880000,0xa2880000)
  from space 7424K, 99% used [0xa2880000,0xa2fbe810,0xa2fc0000)
  to   space 9472K, 0% used [0xa6fc0000,0xa6fc0000,0xa7900000)
 ParOldGen       total 42240K, used 8261K [0x75540000, 0x77e80000, 0x9ea80000)
  object space 42240K, 19% used [0x75540000,0x75d515d8,0x77e80000)
 PSPermGen       total 16384K, used 9562K [0x71540000, 0x72540000, 0x75540000)
  object space 16384K, 58% used [0x71540000,0x71e96840,0x72540000)
Event: 13,525 GC heap after
Heap after GC invocations=8 (full 0):
 PSYoungGen      total 134144K, used 9472K [0x9ea80000, 0xa7d80000, 0xb3540000)
  eden space 124672K, 0% used [0x9ea80000,0x9ea80000,0xa6440000)
  from space 9472K, 100% used [0xa6fc0000,0xa7900000,0xa7900000)
  to   space 11776K, 0% used [0xa6440000,0xa6440000,0xa6fc0000)
 ParOldGen       total 42240K, used 10141K [0x75540000, 0x77e80000, 0x9ea80000)
  object space 42240K, 24% used [0x75540000,0x75f27618,0x77e80000)
 PSPermGen       total 16384K, used 9562K [0x71540000, 0x72540000, 0x75540000)
  object space 16384K, 58% used [0x71540000,0x71e96840,0x72540000)
}
Event: 18,226 GC heap before
{Heap before GC invocations=9 (full 0):
 PSYoungGen      total 134144K, used 72137K [0x9ea80000, 0xa7d80000, 0xb3540000)
  eden space 124672K, 50% used [0x9ea80000,0xa27b26a0,0xa6440000)
  from space 9472K, 100% used [0xa6fc0000,0xa7900000,0xa7900000)
  to   space 11776K, 0% used [0xa6440000,0xa6440000,0xa6fc0000)
 ParOldGen       total 42240K, used 10141K [0x75540000, 0x77e80000, 0x9ea80000)
  object space 42240K, 24% used [0x75540000,0x75f27618,0x77e80000)
 PSPermGen       total 16384K, used 11435K [0x71540000, 0x72540000, 0x75540000)
  object space 16384K, 69% used [0x71540000,0x7206acc8,0x72540000)
Event: 18,528 GC heap after
Heap after GC invocations=9 (full 0):
 PSYoungGen      total 136448K, used 11336K [0x9ea80000, 0xa8100000, 0xb3540000)
  eden space 124672K, 0% used [0x9ea80000,0x9ea80000,0xa6440000)
  from space 11776K, 96% used [0xa6440000,0xa6f52080,0xa6fc0000)
  to   space 13568K, 0% used [0xa73c0000,0xa73c0000,0xa8100000)
 ParOldGen       total 42240K, used 13172K [0x75540000, 0x77e80000, 0x9ea80000)
  object space 42240K, 31% used [0x75540000,0x7621d338,0x77e80000)
 PSPermGen       total 16384K, used 11435K [0x71540000, 0x72540000, 0x75540000)
  object space 16384K, 69% used [0x71540000,0x7206acc8,0x72540000)
}
Event: 18,528 GC heap before
{Heap before GC invocations=10 (full 1):
 PSYoungGen      total 136448K, used 11336K [0x9ea80000, 0xa8100000, 0xb3540000)
  eden space 124672K, 0% used [0x9ea80000,0x9ea80000,0xa6440000)
  from space 11776K, 96% used [0xa6440000,0xa6f52080,0xa6fc0000)
  to   space 13568K, 0% used [0xa73c0000,0xa73c0000,0xa8100000)
 ParOldGen       total 42240K, used 13172K [0x75540000, 0x77e80000, 0x9ea80000)
  object space 42240K, 31% used [0x75540000,0x7621d338,0x77e80000)
 PSPermGen       total 16384K, used 11435K [0x71540000, 0x72540000, 0x75540000)
  object space 16384K, 69% used [0x71540000,0x7206acc8,0x72540000)
Event: 18,641 GC heap after
Heap after GC invocations=10 (full 1):
 PSYoungGen      total 136448K, used 0K [0x9ea80000, 0xa8100000, 0xb3540000)
  eden space 124672K, 0% used [0x9ea80000,0x9ea80000,0xa6440000)
  from space 11776K, 0% used [0xa6440000,0xa6440000,0xa6fc0000)
  to   space 13568K, 0% used [0xa73c0000,0xa73c0000,0xa8100000)
 ParOldGen       total 42240K, used 18892K [0x75540000, 0x77e80000, 0x9ea80000)
  object space 42240K, 44% used [0x75540000,0x767b32a8,0x77e80000)
 PSPermGen       total 23040K, used 11430K [0x71540000, 0x72bc0000, 0x75540000)
  object space 23040K, 49% used [0x71540000,0x72069968,0x72bc0000)
}
Event: 26,945 GC heap before
{Heap before GC invocations=11 (full 1):
 PSYoungGen      total 136448K, used 124672K [0x9ea80000, 0xa8100000, 0xb3540000)
  eden space 124672K, 100% used [0x9ea80000,0xa6440000,0xa6440000)
  from space 11776K, 0% used [0xa6440000,0xa6440000,0xa6fc0000)
  to   space 13568K, 0% used [0xa73c0000,0xa73c0000,0xa8100000)
 ParOldGen       total 42240K, used 18892K [0x75540000, 0x77e80000, 0x9ea80000)
  object space 42240K, 44% used [0x75540000,0x767b32a8,0x77e80000)
 PSPermGen       total 23040K, used 13784K [0x71540000, 0x72bc0000, 0x75540000)
  object space 23040K, 59% used [0x71540000,0x722b6120,0x72bc0000)

