# JRE version: Java(TM) SE Runtime Environment (7.0_76-b13) (build 1.7.0_76-b13)
# Java VM: Java HotSpot(TM) Server VM (24.76-b04 mixed mode linux-x86 )
Heap
 PSYoungGen      total 44288K, used 3071K [0x9eb00000, 0xa1cc0000, 0xb35c0000)
  eden space 37888K, 0% used [0x9eb00000,0x9eb00000,0xa1000000)
  from space 6400K, 47% used [0xa1000000,0xa12ffca8,0xa1640000)
  to   space 6144K, 0% used [0xa1640000,0xa1640000,0xa1c40000)
 ParOldGen       total 42240K, used 16576K [0x755c0000, 0x77f00000, 0x9eb00000)
  object space 42240K, 39% used [0x755c0000,0x765f0060,0x77f00000)
 PSPermGen       total 16384K, used 10104K [0x715c0000, 0x725c0000, 0x755c0000)
  object space 16384K, 61% used [0x715c0000,0x71f9e3a0,0x725c0000)
GC Heap History (10 events):
Event: 11,721 GC heap after
Heap after GC invocations=8 (full 0):
 PSYoungGen      total 20736K, used 4336K [0x9eb00000, 0xa0580000, 0xb35c0000)
  eden space 14848K, 0% used [0x9eb00000,0x9eb00000,0x9f980000)
  from space 5888K, 73% used [0x9ffc0000,0xa03fc000,0xa0580000)
  to   space 6144K, 0% used [0x9f980000,0x9f980000,0x9ff80000)
 ParOldGen       total 42240K, used 7347K [0x755c0000, 0x77f00000, 0x9eb00000)
  object space 42240K, 17% used [0x755c0000,0x75ceccb8,0x77f00000)
 PSPermGen       total 16384K, used 9573K [0x715c0000, 0x725c0000, 0x755c0000)
  object space 16384K, 58% used [0x715c0000,0x71f19410,0x725c0000)
}
Event: 12,172 GC heap before
{Heap before GC invocations=9 (full 0):
 PSYoungGen      total 20736K, used 19184K [0x9eb00000, 0xa0580000, 0xb35c0000)
  eden space 14848K, 100% used [0x9eb00000,0x9f980000,0x9f980000)
  from space 5888K, 73% used [0x9ffc0000,0xa03fc000,0xa0580000)
  to   space 6144K, 0% used [0x9f980000,0x9f980000,0x9ff80000)
 ParOldGen       total 42240K, used 7347K [0x755c0000, 0x77f00000, 0x9eb00000)
  object space 42240K, 17% used [0x755c0000,0x75ceccb8,0x77f00000)
 PSPermGen       total 16384K, used 9586K [0x715c0000, 0x725c0000, 0x755c0000)
  object space 16384K, 58% used [0x715c0000,0x71f1c8d8,0x725c0000)
Event: 12,193 GC heap after
Heap after GC invocations=9 (full 0):
 PSYoungGen      total 20992K, used 3192K [0x9eb00000, 0xa0e40000, 0xb35c0000)
  eden space 14848K, 0% used [0x9eb00000,0x9eb00000,0x9f980000)
  from space 6144K, 51% used [0x9f980000,0x9fc9e010,0x9ff80000)
  to   space 6144K, 0% used [0xa0840000,0xa0840000,0xa0e40000)
 ParOldGen       total 42240K, used 9568K [0x755c0000, 0x77f00000, 0x9eb00000)
  object space 42240K, 22% used [0x755c0000,0x75f18220,0x77f00000)
 PSPermGen       total 16384K, used 9586K [0x715c0000, 0x725c0000, 0x755c0000)
  object space 16384K, 58% used [0x715c0000,0x71f1c8d8,0x725c0000)
}
Event: 12,540 GC heap before
{Heap before GC invocations=10 (full 0):
 PSYoungGen      total 20992K, used 18038K [0x9eb00000, 0xa0e40000, 0xb35c0000)
  eden space 14848K, 99% used [0x9eb00000,0x9f97f890,0x9f980000)
  from space 6144K, 51% used [0x9f980000,0x9fc9e010,0x9ff80000)
  to   space 6144K, 0% used [0xa0840000,0xa0840000,0xa0e40000)
 ParOldGen       total 42240K, used 9568K [0x755c0000, 0x77f00000, 0x9eb00000)
  object space 42240K, 22% used [0x755c0000,0x75f18220,0x77f00000)
 PSPermGen       total 16384K, used 9592K [0x715c0000, 0x725c0000, 0x755c0000)
  object space 16384K, 58% used [0x715c0000,0x71f1e148,0x725c0000)
Event: 12,546 GC heap after
Heap after GC invocations=10 (full 0):
 PSYoungGen      total 29952K, used 2256K [0x9eb00000, 0xa0e40000, 0xb35c0000)
  eden space 23808K, 0% used [0x9eb00000,0x9eb00000,0xa0240000)
  from space 6144K, 36% used [0xa0840000,0xa0a74000,0xa0e40000)
  to   space 6144K, 0% used [0xa0240000,0xa0240000,0xa0840000)
 ParOldGen       total 42240K, used 11364K [0x755c0000, 0x77f00000, 0x9eb00000)
  object space 42240K, 26% used [0x755c0000,0x760d9220,0x77f00000)
 PSPermGen       total 16384K, used 9592K [0x715c0000, 0x725c0000, 0x755c0000)
  object space 16384K, 58% used [0x715c0000,0x71f1e148,0x725c0000)
}
Event: 12,981 GC heap before
{Heap before GC invocations=11 (full 0):
 PSYoungGen      total 29952K, used 26064K [0x9eb00000, 0xa0e40000, 0xb35c0000)
  eden space 23808K, 100% used [0x9eb00000,0xa0240000,0xa0240000)
  from space 6144K, 36% used [0xa0840000,0xa0a74000,0xa0e40000)
  to   space 6144K, 0% used [0xa0240000,0xa0240000,0xa0840000)
 ParOldGen       total 42240K, used 11364K [0x755c0000, 0x77f00000, 0x9eb00000)
  object space 42240K, 26% used [0x755c0000,0x760d9220,0x77f00000)
 PSPermGen       total 16384K, used 9602K [0x715c0000, 0x725c0000, 0x755c0000)
  object space 16384K, 58% used [0x715c0000,0x71f20a50,0x725c0000)
Event: 12,986 GC heap after
Heap after GC invocations=11 (full 0):
 PSYoungGen      total 29952K, used 1712K [0x9eb00000, 0xa1c40000, 0xb35c0000)
  eden space 23808K, 0% used [0x9eb00000,0x9eb00000,0xa0240000)
  from space 6144K, 27% used [0xa0240000,0xa03ec000,0xa0840000)
  to   space 6144K, 0% used [0xa1640000,0xa1640000,0xa1c40000)
 ParOldGen       total 42240K, used 13525K [0x755c0000, 0x77f00000, 0x9eb00000)
  object space 42240K, 32% used [0x755c0000,0x762f5400,0x77f00000)
 PSPermGen       total 16384K, used 9602K [0x715c0000, 0x725c0000, 0x755c0000)
  object space 16384K, 58% used [0x715c0000,0x71f20a50,0x725c0000)
}
Event: 13,515 GC heap before
{Heap before GC invocations=12 (full 0):
 PSYoungGen      total 29952K, used 25520K [0x9eb00000, 0xa1c40000, 0xb35c0000)
  eden space 23808K, 100% used [0x9eb00000,0xa0240000,0xa0240000)
  from space 6144K, 27% used [0xa0240000,0xa03ec000,0xa0840000)
  to   space 6144K, 0% used [0xa1640000,0xa1640000,0xa1c40000)
 ParOldGen       total 42240K, used 13525K [0x755c0000, 0x77f00000, 0x9eb00000)
  object space 42240K, 32% used [0x755c0000,0x762f5400,0x77f00000)
 PSPermGen       total 16384K, used 9608K [0x715c0000, 0x725c0000, 0x755c0000)
  object space 16384K, 58% used [0x715c0000,0x71f22158,0x725c0000)
Event: 13,519 GC heap after
Heap after GC invocations=12 (full 0):
 PSYoungGen      total 44032K, used 1600K [0x9eb00000, 0xa1cc0000, 0xb35c0000)
  eden space 37888K, 0% used [0x9eb00000,0x9eb00000,0xa1000000)
  from space 6144K, 26% used [0xa1640000,0xa17d0000,0xa1c40000)
  to   space 6400K, 0% used [0xa1000000,0xa1000000,0xa1640000)
 ParOldGen       total 42240K, used 15097K [0x755c0000, 0x77f00000, 0x9eb00000)
  object space 42240K, 35% used [0x755c0000,0x7647e680,0x77f00000)
 PSPermGen       total 16384K, used 9608K [0x715c0000, 0x725c0000, 0x755c0000)
  object space 16384K, 58% used [0x715c0000,0x71f22158,0x725c0000)
}
Event: 28,095 GC heap before
{Heap before GC invocations=13 (full 0):
 PSYoungGen      total 44032K, used 39488K [0x9eb00000, 0xa1cc0000, 0xb35c0000)
  eden space 37888K, 100% used [0x9eb00000,0xa1000000,0xa1000000)
  from space 6144K, 26% used [0xa1640000,0xa17d0000,0xa1c40000)
  to   space 6400K, 0% used [0xa1000000,0xa1000000,0xa1640000)
 ParOldGen       total 42240K, used 15097K [0x755c0000, 0x77f00000, 0x9eb00000)
  object space 42240K, 35% used [0x755c0000,0x7647e680,0x77f00000)
 PSPermGen       total 16384K, used 10104K [0x715c0000, 0x725c0000, 0x755c0000)
  object space 16384K, 61% used [0x715c0000,0x71f9e3a0,0x725c0000)

