# JRE version: Java(TM) SE Runtime Environment (7.0_76-b13) (build 1.7.0_76-b13)
# Java VM: Java HotSpot(TM) Server VM (24.76-b04 mixed mode linux-x86 )
Heap
 PSYoungGen      total 69632K, used 6400K [0x9eb00000, 0xa3580000, 0xb35c0000)
  eden space 63232K, 0% used [0x9eb00000,0x9eb00000,0xa28c0000)
  from space 6400K, 100% used [0xa28c0000,0xa2f00000,0xa2f00000)
  to   space 6144K, 0% used [0xa2f00000,0xa2f00000,0xa3500000)
 ParOldGen       total 42240K, used 7926K [0x755c0000, 0x77f00000, 0x9eb00000)
  object space 42240K, 18% used [0x755c0000,0x75d7d878,0x77f00000)
 PSPermGen       total 16384K, used 8472K [0x715c0000, 0x725c0000, 0x755c0000)
  object space 16384K, 51% used [0x715c0000,0x71e063b0,0x725c0000)
GC Heap History (10 events):
Event: 6,767 GC heap after
Heap after GC invocations=4 (full 0):
 PSYoungGen      total 18688K, used 2546K [0x9eb00000, 0x9ffc0000, 0xb35c0000)
  eden space 16128K, 0% used [0x9eb00000,0x9eb00000,0x9fac0000)
  from space 2560K, 99% used [0x9fd40000,0x9ffbc840,0x9ffc0000)
  to   space 2560K, 0% used [0x9fac0000,0x9fac0000,0x9fd40000)
 ParOldGen       total 42240K, used 2917K [0x755c0000, 0x77f00000, 0x9eb00000)
  object space 42240K, 6% used [0x755c0000,0x758995e0,0x77f00000)
 PSPermGen       total 16384K, used 7998K [0x715c0000, 0x725c0000, 0x755c0000)
  object space 16384K, 48% used [0x715c0000,0x71d8fb00,0x725c0000)
}
Event: 8,494 GC heap before
{Heap before GC invocations=5 (full 0):
 PSYoungGen      total 18688K, used 18674K [0x9eb00000, 0x9ffc0000, 0xb35c0000)
  eden space 16128K, 100% used [0x9eb00000,0x9fac0000,0x9fac0000)
  from space 2560K, 99% used [0x9fd40000,0x9ffbc840,0x9ffc0000)
  to   space 2560K, 0% used [0x9fac0000,0x9fac0000,0x9fd40000)
 ParOldGen       total 42240K, used 2917K [0x755c0000, 0x77f00000, 0x9eb00000)
  object space 42240K, 6% used [0x755c0000,0x758995e0,0x77f00000)
 PSPermGen       total 16384K, used 8034K [0x715c0000, 0x725c0000, 0x755c0000)
  object space 16384K, 49% used [0x715c0000,0x71d98898,0x725c0000)
Event: 8,526 GC heap after
Heap after GC invocations=5 (full 0):
 PSYoungGen      total 18688K, used 2554K [0x9eb00000, 0xa1400000, 0xb35c0000)
  eden space 16128K, 0% used [0x9eb00000,0x9eb00000,0x9fac0000)
  from space 2560K, 99% used [0x9fac0000,0x9fd3e850,0x9fd40000)
  to   space 4864K, 0% used [0xa0f40000,0xa0f40000,0xa1400000)
 ParOldGen       total 42240K, used 3672K [0x755c0000, 0x77f00000, 0x9eb00000)
  object space 42240K, 8% used [0x755c0000,0x75956090,0x77f00000)
 PSPermGen       total 16384K, used 8034K [0x715c0000, 0x725c0000, 0x755c0000)
  object space 16384K, 49% used [0x715c0000,0x71d98898,0x725c0000)
}
Event: 10,098 GC heap before
{Heap before GC invocations=6 (full 0):
 PSYoungGen      total 18688K, used 18682K [0x9eb00000, 0xa1400000, 0xb35c0000)
  eden space 16128K, 100% used [0x9eb00000,0x9fac0000,0x9fac0000)
  from space 2560K, 99% used [0x9fac0000,0x9fd3e850,0x9fd40000)
  to   space 4864K, 0% used [0xa0f40000,0xa0f40000,0xa1400000)
 ParOldGen       total 42240K, used 3672K [0x755c0000, 0x77f00000, 0x9eb00000)
  object space 42240K, 8% used [0x755c0000,0x75956090,0x77f00000)
 PSPermGen       total 16384K, used 8363K [0x715c0000, 0x725c0000, 0x755c0000)
  object space 16384K, 51% used [0x715c0000,0x71deadb0,0x725c0000)
Event: 10,120 GC heap after
Heap after GC invocations=6 (full 0):
 PSYoungGen      total 36608K, used 4533K [0x9eb00000, 0xa1500000, 0xb35c0000)
  eden space 31744K, 0% used [0x9eb00000,0x9eb00000,0xa0a00000)
  from space 4864K, 93% used [0xa0f40000,0xa13ad460,0xa1400000)
  to   space 5376K, 0% used [0xa0a00000,0xa0a00000,0xa0f40000)
 ParOldGen       total 42240K, used 3672K [0x755c0000, 0x77f00000, 0x9eb00000)
  object space 42240K, 8% used [0x755c0000,0x75956090,0x77f00000)
 PSPermGen       total 16384K, used 8363K [0x715c0000, 0x725c0000, 0x755c0000)
  object space 16384K, 51% used [0x715c0000,0x71deadb0,0x725c0000)
}
Event: 12,426 GC heap before
{Heap before GC invocations=7 (full 0):
 PSYoungGen      total 36608K, used 36277K [0x9eb00000, 0xa1500000, 0xb35c0000)
  eden space 31744K, 100% used [0x9eb00000,0xa0a00000,0xa0a00000)
  from space 4864K, 93% used [0xa0f40000,0xa13ad460,0xa1400000)
  to   space 5376K, 0% used [0xa0a00000,0xa0a00000,0xa0f40000)
 ParOldGen       total 42240K, used 3672K [0x755c0000, 0x77f00000, 0x9eb00000)
  object space 42240K, 8% used [0x755c0000,0x75956090,0x77f00000)
 PSPermGen       total 16384K, used 8429K [0x715c0000, 0x725c0000, 0x755c0000)
  object space 16384K, 51% used [0x715c0000,0x71dfb710,0x725c0000)
Event: 12,460 GC heap after
Heap after GC invocations=7 (full 0):
 PSYoungGen      total 37120K, used 5368K [0x9eb00000, 0xa3500000, 0xb35c0000)
  eden space 31744K, 0% used [0x9eb00000,0x9eb00000,0xa0a00000)
  from space 5376K, 99% used [0xa0a00000,0xa0f3e108,0xa0f40000)
  to   space 6144K, 0% used [0xa2f00000,0xa2f00000,0xa3500000)
 ParOldGen       total 42240K, used 4618K [0x755c0000, 0x77f00000, 0x9eb00000)
  object space 42240K, 10% used [0x755c0000,0x75a42848,0x77f00000)
 PSPermGen       total 16384K, used 8429K [0x715c0000, 0x725c0000, 0x755c0000)
  object space 16384K, 51% used [0x715c0000,0x71dfb710,0x725c0000)
}
Event: 13,558 GC heap before
{Heap before GC invocations=8 (full 0):
 PSYoungGen      total 37120K, used 37112K [0x9eb00000, 0xa3500000, 0xb35c0000)
  eden space 31744K, 100% used [0x9eb00000,0xa0a00000,0xa0a00000)
  from space 5376K, 99% used [0xa0a00000,0xa0f3e108,0xa0f40000)
  to   space 6144K, 0% used [0xa2f00000,0xa2f00000,0xa3500000)
 ParOldGen       total 42240K, used 4618K [0x755c0000, 0x77f00000, 0x9eb00000)
  object space 42240K, 10% used [0x755c0000,0x75a42848,0x77f00000)
 PSPermGen       total 16384K, used 8457K [0x715c0000, 0x725c0000, 0x755c0000)
  object space 16384K, 51% used [0x715c0000,0x71e025f8,0x725c0000)
Event: 13,580 GC heap after
Heap after GC invocations=8 (full 0):
 PSYoungGen      total 69376K, used 4928K [0x9eb00000, 0xa3580000, 0xb35c0000)
  eden space 63232K, 0% used [0x9eb00000,0x9eb00000,0xa28c0000)
  from space 6144K, 80% used [0xa2f00000,0xa33d0000,0xa3500000)
  to   space 6400K, 0% used [0xa28c0000,0xa28c0000,0xa2f00000)
 ParOldGen       total 42240K, used 5910K [0x755c0000, 0x77f00000, 0x9eb00000)
  object space 42240K, 13% used [0x755c0000,0x75b85878,0x77f00000)
 PSPermGen       total 16384K, used 8457K [0x715c0000, 0x725c0000, 0x755c0000)
  object space 16384K, 51% used [0x715c0000,0x71e025f8,0x725c0000)
}
Event: 16,590 GC heap before
{Heap before GC invocations=9 (full 0):
 PSYoungGen      total 69376K, used 68160K [0x9eb00000, 0xa3580000, 0xb35c0000)
  eden space 63232K, 100% used [0x9eb00000,0xa28c0000,0xa28c0000)
  from space 6144K, 80% used [0xa2f00000,0xa33d0000,0xa3500000)
  to   space 6400K, 0% used [0xa28c0000,0xa28c0000,0xa2f00000)
 ParOldGen       total 42240K, used 5910K [0x755c0000, 0x77f00000, 0x9eb00000)
  object space 42240K, 13% used [0x755c0000,0x75b85878,0x77f00000)
 PSPermGen       total 16384K, used 8472K [0x715c0000, 0x725c0000, 0x755c0000)
  object space 16384K, 51% used [0x715c0000,0x71e063b0,0x725c0000)

