# JRE version: Java(TM) SE Runtime Environment (7.0_76-b13) (build 1.7.0_76-b13)
# Java VM: Java HotSpot(TM) Server VM (24.76-b04 mixed mode linux-x86 )
Heap
 PSYoungGen      total 20992K, used 4341K [0x9ea40000, 0xa03c0000, 0xb3500000)
  eden space 15872K, 0% used [0x9ea40000,0x9ea40000,0x9f9c0000)
  from space 5120K, 84% used [0x9fec0000,0xa02fd540,0xa03c0000)
  to   space 2560K, 0% used [0x9fa00000,0x9fa00000,0x9fc80000)
 ParOldGen       total 42240K, used 4270K [0x75500000, 0x77e40000, 0x9ea40000)
  object space 42240K, 10% used [0x75500000,0x7592ba10,0x77e40000)
 PSPermGen       total 16384K, used 9334K [0x71500000, 0x72500000, 0x75500000)
  object space 16384K, 56% used [0x71500000,0x71e1d850,0x72500000)
GC Heap History (10 events):
Event: 3,549 GC heap after
Heap after GC invocations=1 (full 0):
 PSYoungGen      total 18688K, used 1795K [0x9ea40000, 0x9ff00000, 0xb3500000)
  eden space 16128K, 0% used [0x9ea40000,0x9ea40000,0x9fa00000)
  from space 2560K, 70% used [0x9fa00000,0x9fbc0dd8,0x9fc80000)
  to   space 2560K, 0% used [0x9fc80000,0x9fc80000,0x9ff00000)
 ParOldGen       total 42240K, used 4K [0x75500000, 0x77e40000, 0x9ea40000)
  object space 42240K, 0% used [0x75500000,0x75501000,0x77e40000)
 PSPermGen       total 16384K, used 2746K [0x71500000, 0x72500000, 0x75500000)
  object space 16384K, 16% used [0x71500000,0x717aea40,0x72500000)
}
Event: 4,670 GC heap before
{Heap before GC invocations=2 (full 0):
 PSYoungGen      total 18688K, used 17923K [0x9ea40000, 0x9ff00000, 0xb3500000)
  eden space 16128K, 100% used [0x9ea40000,0x9fa00000,0x9fa00000)
  from space 2560K, 70% used [0x9fa00000,0x9fbc0dd8,0x9fc80000)
  to   space 2560K, 0% used [0x9fc80000,0x9fc80000,0x9ff00000)
 ParOldGen       total 42240K, used 4K [0x75500000, 0x77e40000, 0x9ea40000)
  object space 42240K, 0% used [0x75500000,0x75501000,0x77e40000)
 PSPermGen       total 16384K, used 5452K [0x71500000, 0x72500000, 0x75500000)
  object space 16384K, 33% used [0x71500000,0x71a530f8,0x72500000)
Event: 4,675 GC heap after
Heap after GC invocations=2 (full 0):
 PSYoungGen      total 18688K, used 2548K [0x9ea40000, 0x9ff00000, 0xb3500000)
  eden space 16128K, 0% used [0x9ea40000,0x9ea40000,0x9fa00000)
  from space 2560K, 99% used [0x9fc80000,0x9fefd068,0x9ff00000)
  to   space 2560K, 0% used [0x9fa00000,0x9fa00000,0x9fc80000)
 ParOldGen       total 42240K, used 709K [0x75500000, 0x77e40000, 0x9ea40000)
  object space 42240K, 1% used [0x75500000,0x755b15f8,0x77e40000)
 PSPermGen       total 16384K, used 5452K [0x71500000, 0x72500000, 0x75500000)
  object space 16384K, 33% used [0x71500000,0x71a530f8,0x72500000)
}
Event: 5,284 GC heap before
{Heap before GC invocations=3 (full 0):
 PSYoungGen      total 18688K, used 18676K [0x9ea40000, 0x9ff00000, 0xb3500000)
  eden space 16128K, 100% used [0x9ea40000,0x9fa00000,0x9fa00000)
  from space 2560K, 99% used [0x9fc80000,0x9fefd068,0x9ff00000)
  to   space 2560K, 0% used [0x9fa00000,0x9fa00000,0x9fc80000)
 ParOldGen       total 42240K, used 709K [0x75500000, 0x77e40000, 0x9ea40000)
  object space 42240K, 1% used [0x75500000,0x755b15f8,0x77e40000)
 PSPermGen       total 16384K, used 6244K [0x71500000, 0x72500000, 0x75500000)
  object space 16384K, 38% used [0x71500000,0x71b19360,0x72500000)
Event: 5,288 GC heap after
Heap after GC invocations=3 (full 0):
 PSYoungGen      total 18688K, used 2557K [0x9ea40000, 0x9ff00000, 0xb3500000)
  eden space 16128K, 0% used [0x9ea40000,0x9ea40000,0x9fa00000)
  from space 2560K, 99% used [0x9fa00000,0x9fc7f428,0x9fc80000)
  to   space 2560K, 0% used [0x9fc80000,0x9fc80000,0x9ff00000)
 ParOldGen       total 42240K, used 1475K [0x75500000, 0x77e40000, 0x9ea40000)
  object space 42240K, 3% used [0x75500000,0x75670c20,0x77e40000)
 PSPermGen       total 16384K, used 6244K [0x71500000, 0x72500000, 0x75500000)
  object space 16384K, 38% used [0x71500000,0x71b19360,0x72500000)
}
Event: 5,588 GC heap before
{Heap before GC invocations=4 (full 0):
 PSYoungGen      total 18688K, used 18685K [0x9ea40000, 0x9ff00000, 0xb3500000)
  eden space 16128K, 100% used [0x9ea40000,0x9fa00000,0x9fa00000)
  from space 2560K, 99% used [0x9fa00000,0x9fc7f428,0x9fc80000)
  to   space 2560K, 0% used [0x9fc80000,0x9fc80000,0x9ff00000)
 ParOldGen       total 42240K, used 1475K [0x75500000, 0x77e40000, 0x9ea40000)
  object space 42240K, 3% used [0x75500000,0x75670c20,0x77e40000)
 PSPermGen       total 16384K, used 7534K [0x71500000, 0x72500000, 0x75500000)
  object space 16384K, 45% used [0x71500000,0x71c5b808,0x72500000)
Event: 5,594 GC heap after
Heap after GC invocations=4 (full 0):
 PSYoungGen      total 18688K, used 2544K [0x9ea40000, 0x9ff00000, 0xb3500000)
  eden space 16128K, 0% used [0x9ea40000,0x9ea40000,0x9fa00000)
  from space 2560K, 99% used [0x9fc80000,0x9fefc2e8,0x9ff00000)
  to   space 2560K, 0% used [0x9fa00000,0x9fa00000,0x9fc80000)
 ParOldGen       total 42240K, used 2871K [0x75500000, 0x77e40000, 0x9ea40000)
  object space 42240K, 6% used [0x75500000,0x757cdfe0,0x77e40000)
 PSPermGen       total 16384K, used 7534K [0x71500000, 0x72500000, 0x75500000)
  object space 16384K, 45% used [0x71500000,0x71c5b808,0x72500000)
}
Event: 5,991 GC heap before
{Heap before GC invocations=5 (full 0):
 PSYoungGen      total 18688K, used 18672K [0x9ea40000, 0x9ff00000, 0xb3500000)
  eden space 16128K, 100% used [0x9ea40000,0x9fa00000,0x9fa00000)
  from space 2560K, 99% used [0x9fc80000,0x9fefc2e8,0x9ff00000)
  to   space 2560K, 0% used [0x9fa00000,0x9fa00000,0x9fc80000)
 ParOldGen       total 42240K, used 2871K [0x75500000, 0x77e40000, 0x9ea40000)
  object space 42240K, 6% used [0x75500000,0x757cdfe0,0x77e40000)
 PSPermGen       total 16384K, used 8840K [0x71500000, 0x72500000, 0x75500000)
  object space 16384K, 53% used [0x71500000,0x71da21d0,0x72500000)
Event: 5,996 GC heap after
Heap after GC invocations=5 (full 0):
 PSYoungGen      total 18432K, used 2559K [0x9ea40000, 0xa03c0000, 0xb3500000)
  eden space 15872K, 0% used [0x9ea40000,0x9ea40000,0x9f9c0000)
  from space 2560K, 99% used [0x9fa00000,0x9fc7ffd0,0x9fc80000)
  to   space 5120K, 0% used [0x9fec0000,0x9fec0000,0xa03c0000)
 ParOldGen       total 42240K, used 4270K [0x75500000, 0x77e40000, 0x9ea40000)
  object space 42240K, 10% used [0x75500000,0x7592ba10,0x77e40000)
 PSPermGen       total 16384K, used 8840K [0x71500000, 0x72500000, 0x75500000)
  object space 16384K, 53% used [0x71500000,0x71da21d0,0x72500000)
}
Event: 7,786 GC heap before
{Heap before GC invocations=6 (full 0):
 PSYoungGen      total 18432K, used 18431K [0x9ea40000, 0xa03c0000, 0xb3500000)
  eden space 15872K, 100% used [0x9ea40000,0x9f9c0000,0x9f9c0000)
  from space 2560K, 99% used [0x9fa00000,0x9fc7ffd0,0x9fc80000)
  to   space 5120K, 0% used [0x9fec0000,0x9fec0000,0xa03c0000)
 ParOldGen       total 42240K, used 4270K [0x75500000, 0x77e40000, 0x9ea40000)
  object space 42240K, 10% used [0x75500000,0x7592ba10,0x77e40000)
 PSPermGen       total 16384K, used 9334K [0x71500000, 0x72500000, 0x75500000)
  object space 16384K, 56% used [0x71500000,0x71e1d850,0x72500000)

