# JRE version: Java(TM) SE Runtime Environment (7.0_76-b13) (build 1.7.0_76-b13)
# Java VM: Java HotSpot(TM) Server VM (24.76-b04 mixed mode linux-x86 )
Heap
 PSYoungGen      total 70400K, used 6650K [0x9eb00000, 0xa3700000, 0xb35c0000)
  eden space 63744K, 0% used [0x9eb00000,0x9eb00000,0xa2940000)
  from space 6656K, 99% used [0xa2940000,0xa2fbe810,0xa2fc0000)
  to   space 5888K, 0% used [0xa2fc0000,0xa2fc0000,0xa3580000)
 ParOldGen       total 42240K, used 6754K [0x755c0000, 0x77f00000, 0x9eb00000)
  object space 42240K, 15% used [0x755c0000,0x75c58b58,0x77f00000)
 PSPermGen       total 16384K, used 8463K [0x715c0000, 0x725c0000, 0x755c0000)
  object space 16384K, 51% used [0x715c0000,0x71e03fe8,0x725c0000)
GC Heap History (10 events):
Event: 4,928 GC heap after
Heap after GC invocations=2 (full 0):
 PSYoungGen      total 18688K, used 2061K [0x9eb00000, 0xa0f80000, 0xb35c0000)
  eden space 16128K, 0% used [0x9eb00000,0x9eb00000,0x9fac0000)
  from space 2560K, 80% used [0x9fd40000,0x9ff437d0,0x9ffc0000)
  to   space 2560K, 0% used [0x9fac0000,0x9fac0000,0x9fd40000)
 ParOldGen       total 42240K, used 123K [0x755c0000, 0x77f00000, 0x9eb00000)
  object space 42240K, 0% used [0x755c0000,0x755def98,0x77f00000)
 PSPermGen       total 16384K, used 4922K [0x715c0000, 0x725c0000, 0x755c0000)
  object space 16384K, 30% used [0x715c0000,0x71a8ea28,0x725c0000)
}
Event: 5,458 GC heap before
{Heap before GC invocations=3 (full 0):
 PSYoungGen      total 18688K, used 18189K [0x9eb00000, 0xa0f80000, 0xb35c0000)
  eden space 16128K, 100% used [0x9eb00000,0x9fac0000,0x9fac0000)
  from space 2560K, 80% used [0x9fd40000,0x9ff437d0,0x9ffc0000)
  to   space 2560K, 0% used [0x9fac0000,0x9fac0000,0x9fd40000)
 ParOldGen       total 42240K, used 123K [0x755c0000, 0x77f00000, 0x9eb00000)
  object space 42240K, 0% used [0x755c0000,0x755def98,0x77f00000)
 PSPermGen       total 16384K, used 6292K [0x715c0000, 0x725c0000, 0x755c0000)
  object space 16384K, 38% used [0x715c0000,0x71be53e8,0x725c0000)
Event: 5,468 GC heap after
Heap after GC invocations=3 (full 0):
 PSYoungGen      total 18688K, used 2557K [0x9eb00000, 0xa0f80000, 0xb35c0000)
  eden space 16128K, 0% used [0x9eb00000,0x9eb00000,0x9fac0000)
  from space 2560K, 99% used [0x9fac0000,0x9fd3f448,0x9fd40000)
  to   space 2560K, 0% used [0xa0d00000,0xa0d00000,0xa0f80000)
 ParOldGen       total 42240K, used 1132K [0x755c0000, 0x77f00000, 0x9eb00000)
  object space 42240K, 2% used [0x755c0000,0x756db3d8,0x77f00000)
 PSPermGen       total 16384K, used 6292K [0x715c0000, 0x725c0000, 0x755c0000)
  object space 16384K, 38% used [0x715c0000,0x71be53e8,0x725c0000)
}
Event: 7,289 GC heap before
{Heap before GC invocations=4 (full 0):
 PSYoungGen      total 18688K, used 18685K [0x9eb00000, 0xa0f80000, 0xb35c0000)
  eden space 16128K, 100% used [0x9eb00000,0x9fac0000,0x9fac0000)
  from space 2560K, 99% used [0x9fac0000,0x9fd3f448,0x9fd40000)
  to   space 2560K, 0% used [0xa0d00000,0xa0d00000,0xa0f80000)
 ParOldGen       total 42240K, used 1132K [0x755c0000, 0x77f00000, 0x9eb00000)
  object space 42240K, 2% used [0x755c0000,0x756db3d8,0x77f00000)
 PSPermGen       total 16384K, used 7998K [0x715c0000, 0x725c0000, 0x755c0000)
  object space 16384K, 48% used [0x715c0000,0x71d8fbc0,0x725c0000)
Event: 7,303 GC heap after
Heap after GC invocations=4 (full 0):
 PSYoungGen      total 34816K, used 2552K [0x9eb00000, 0xa0f80000, 0xb35c0000)
  eden space 32256K, 0% used [0x9eb00000,0x9eb00000,0xa0a80000)
  from space 2560K, 99% used [0xa0d00000,0xa0f7e070,0xa0f80000)
  to   space 2560K, 0% used [0xa0a80000,0xa0a80000,0xa0d00000)
 ParOldGen       total 42240K, used 2969K [0x755c0000, 0x77f00000, 0x9eb00000)
  object space 42240K, 7% used [0x755c0000,0x758a65d8,0x77f00000)
 PSPermGen       total 16384K, used 7998K [0x715c0000, 0x725c0000, 0x755c0000)
  object space 16384K, 48% used [0x715c0000,0x71d8fbc0,0x725c0000)
}
Event: 10,573 GC heap before
{Heap before GC invocations=5 (full 0):
 PSYoungGen      total 34816K, used 34808K [0x9eb00000, 0xa0f80000, 0xb35c0000)
  eden space 32256K, 100% used [0x9eb00000,0xa0a80000,0xa0a80000)
  from space 2560K, 99% used [0xa0d00000,0xa0f7e070,0xa0f80000)
  to   space 2560K, 0% used [0xa0a80000,0xa0a80000,0xa0d00000)
 ParOldGen       total 42240K, used 2969K [0x755c0000, 0x77f00000, 0x9eb00000)
  object space 42240K, 7% used [0x755c0000,0x758a65d8,0x77f00000)
 PSPermGen       total 16384K, used 8357K [0x715c0000, 0x725c0000, 0x755c0000)
  object space 16384K, 51% used [0x715c0000,0x71de94f8,0x725c0000)
Event: 10,587 GC heap after
Heap after GC invocations=5 (full 0):
 PSYoungGen      total 34816K, used 2544K [0x9eb00000, 0xa3580000, 0xb35c0000)
  eden space 32256K, 0% used [0x9eb00000,0x9eb00000,0xa0a80000)
  from space 2560K, 99% used [0xa0a80000,0xa0cfc050,0xa0d00000)
  to   space 5888K, 0% used [0xa2fc0000,0xa2fc0000,0xa3580000)
 ParOldGen       total 42240K, used 5444K [0x755c0000, 0x77f00000, 0x9eb00000)
  object space 42240K, 12% used [0x755c0000,0x75b11268,0x77f00000)
 PSPermGen       total 16384K, used 8357K [0x715c0000, 0x725c0000, 0x755c0000)
  object space 16384K, 51% used [0x715c0000,0x71de94f8,0x725c0000)
}
Event: 13,589 GC heap before
{Heap before GC invocations=6 (full 0):
 PSYoungGen      total 34816K, used 34800K [0x9eb00000, 0xa3580000, 0xb35c0000)
  eden space 32256K, 100% used [0x9eb00000,0xa0a80000,0xa0a80000)
  from space 2560K, 99% used [0xa0a80000,0xa0cfc050,0xa0d00000)
  to   space 5888K, 0% used [0xa2fc0000,0xa2fc0000,0xa3580000)
 ParOldGen       total 42240K, used 5444K [0x755c0000, 0x77f00000, 0x9eb00000)
  object space 42240K, 12% used [0x755c0000,0x75b11268,0x77f00000)
 PSPermGen       total 16384K, used 8421K [0x715c0000, 0x725c0000, 0x755c0000)
  object space 16384K, 51% used [0x715c0000,0x71df9650,0x725c0000)
Event: 13,633 GC heap after
Heap after GC invocations=6 (full 0):
 PSYoungGen      total 69632K, used 5458K [0x9eb00000, 0xa3700000, 0xb35c0000)
  eden space 63744K, 0% used [0x9eb00000,0x9eb00000,0xa2940000)
  from space 5888K, 92% used [0xa2fc0000,0xa35148c0,0xa3580000)
  to   space 6656K, 0% used [0xa2940000,0xa2940000,0xa2fc0000)
 ParOldGen       total 42240K, used 5444K [0x755c0000, 0x77f00000, 0x9eb00000)
  object space 42240K, 12% used [0x755c0000,0x75b11268,0x77f00000)
 PSPermGen       total 16384K, used 8421K [0x715c0000, 0x725c0000, 0x755c0000)
  object space 16384K, 51% used [0x715c0000,0x71df9650,0x725c0000)
}
Event: 15,648 GC heap before
{Heap before GC invocations=7 (full 0):
 PSYoungGen      total 69632K, used 69202K [0x9eb00000, 0xa3700000, 0xb35c0000)
  eden space 63744K, 100% used [0x9eb00000,0xa2940000,0xa2940000)
  from space 5888K, 92% used [0xa2fc0000,0xa35148c0,0xa3580000)
  to   space 6656K, 0% used [0xa2940000,0xa2940000,0xa2fc0000)
 ParOldGen       total 42240K, used 5444K [0x755c0000, 0x77f00000, 0x9eb00000)
  object space 42240K, 12% used [0x755c0000,0x75b11268,0x77f00000)
 PSPermGen       total 16384K, used 8463K [0x715c0000, 0x725c0000, 0x755c0000)
  object space 16384K, 51% used [0x715c0000,0x71e03fe8,0x725c0000)

