# JRE version: Java(TM) SE Runtime Environment (7.0_76-b13) (build 1.7.0_76-b13)
# Java VM: Java HotSpot(TM) Server VM (24.76-b04 mixed mode linux-x86 )
Heap
 PSYoungGen      total 70144K, used 5997K [0x9eac0000, 0xa37c0000, 0xb3580000)
  eden space 62720K, 0% used [0x9eac0000,0x9eac0000,0xa2800000)
  from space 7424K, 80% used [0xa2800000,0xa2ddb4a8,0xa2f40000)
  to   space 6144K, 0% used [0xa2f40000,0xa2f40000,0xa3540000)
 ParOldGen       total 42240K, used 8882K [0x75580000, 0x77ec0000, 0x9eac0000)
  object space 42240K, 21% used [0x75580000,0x75e2c8b8,0x77ec0000)
 PSPermGen       total 16384K, used 16337K [0x71580000, 0x72580000, 0x75580000)
  object space 16384K, 99% used [0x71580000,0x725747c8,0x72580000)
GC Heap History (10 events):
Event: 1,132 GC heap after
Heap after GC invocations=4 (full 0):
 PSYoungGen      total 18688K, used 2544K [0x9eac0000, 0xa0f40000, 0xb3580000)
  eden space 16128K, 0% used [0x9eac0000,0x9eac0000,0x9fa80000)
  from space 2560K, 99% used [0x9fd00000,0x9ff7c040,0x9ff80000)
  to   space 2560K, 0% used [0x9fa80000,0x9fa80000,0x9fd00000)
 ParOldGen       total 42240K, used 3133K [0x75580000, 0x77ec0000, 0x9eac0000)
  object space 42240K, 7% used [0x75580000,0x7588f470,0x77ec0000)
 PSPermGen       total 16384K, used 7956K [0x71580000, 0x72580000, 0x75580000)
  object space 16384K, 48% used [0x71580000,0x71d45080,0x72580000)
}
Event: 1,442 GC heap before
{Heap before GC invocations=5 (full 0):
 PSYoungGen      total 18688K, used 18672K [0x9eac0000, 0xa0f40000, 0xb3580000)
  eden space 16128K, 100% used [0x9eac0000,0x9fa80000,0x9fa80000)
  from space 2560K, 99% used [0x9fd00000,0x9ff7c040,0x9ff80000)
  to   space 2560K, 0% used [0x9fa80000,0x9fa80000,0x9fd00000)
 ParOldGen       total 42240K, used 3133K [0x75580000, 0x77ec0000, 0x9eac0000)
  object space 42240K, 7% used [0x75580000,0x7588f470,0x77ec0000)
 PSPermGen       total 16384K, used 8651K [0x71580000, 0x72580000, 0x75580000)
  object space 16384K, 52% used [0x71580000,0x71df2c60,0x72580000)
Event: 1,447 GC heap after
Heap after GC invocations=5 (full 0):
 PSYoungGen      total 18688K, used 2552K [0x9eac0000, 0xa1440000, 0xb3580000)
  eden space 16128K, 0% used [0x9eac0000,0x9eac0000,0x9fa80000)
  from space 2560K, 99% used [0x9fa80000,0x9fcfe050,0x9fd00000)
  to   space 5120K, 0% used [0xa0f40000,0xa0f40000,0xa1440000)
 ParOldGen       total 42240K, used 4717K [0x75580000, 0x77ec0000, 0x9eac0000)
  object space 42240K, 11% used [0x75580000,0x75a1b658,0x77ec0000)
 PSPermGen       total 16384K, used 8651K [0x71580000, 0x72580000, 0x75580000)
  object space 16384K, 52% used [0x71580000,0x71df2c60,0x72580000)
}
Event: 1,694 GC heap before
{Heap before GC invocations=6 (full 0):
 PSYoungGen      total 18688K, used 18680K [0x9eac0000, 0xa1440000, 0xb3580000)
  eden space 16128K, 100% used [0x9eac0000,0x9fa80000,0x9fa80000)
  from space 2560K, 99% used [0x9fa80000,0x9fcfe050,0x9fd00000)
  to   space 5120K, 0% used [0xa0f40000,0xa0f40000,0xa1440000)
 ParOldGen       total 42240K, used 4717K [0x75580000, 0x77ec0000, 0x9eac0000)
  object space 42240K, 11% used [0x75580000,0x75a1b658,0x77ec0000)
 PSPermGen       total 16384K, used 9307K [0x71580000, 0x72580000, 0x75580000)
  object space 16384K, 56% used [0x71580000,0x71e96c08,0x72580000)
Event: 1,708 GC heap after
Heap after GC invocations=6 (full 0):
 PSYoungGen      total 37120K, used 4225K [0x9eac0000, 0xa14c0000, 0xb3580000)
  eden space 32000K, 0% used [0x9eac0000,0x9eac0000,0xa0a00000)
  from space 5120K, 82% used [0xa0f40000,0xa1360740,0xa1440000)
  to   space 5376K, 0% used [0xa0a00000,0xa0a00000,0xa0f40000)
 ParOldGen       total 42240K, used 4721K [0x75580000, 0x77ec0000, 0x9eac0000)
  object space 42240K, 11% used [0x75580000,0x75a1c658,0x77ec0000)
 PSPermGen       total 16384K, used 9307K [0x71580000, 0x72580000, 0x75580000)
  object space 16384K, 56% used [0x71580000,0x71e96c08,0x72580000)
}
Event: 2,140 GC heap before
{Heap before GC invocations=7 (full 0):
 PSYoungGen      total 37120K, used 36225K [0x9eac0000, 0xa14c0000, 0xb3580000)
  eden space 32000K, 100% used [0x9eac0000,0xa0a00000,0xa0a00000)
  from space 5120K, 82% used [0xa0f40000,0xa1360740,0xa1440000)
  to   space 5376K, 0% used [0xa0a00000,0xa0a00000,0xa0f40000)
 ParOldGen       total 42240K, used 4721K [0x75580000, 0x77ec0000, 0x9eac0000)
  object space 42240K, 11% used [0x75580000,0x75a1c658,0x77ec0000)
 PSPermGen       total 16384K, used 11336K [0x71580000, 0x72580000, 0x75580000)
  object space 16384K, 69% used [0x71580000,0x720922b8,0x72580000)
Event: 2,165 GC heap after
Heap after GC invocations=7 (full 0):
 PSYoungGen      total 37376K, used 5349K [0x9eac0000, 0xa3540000, 0xb3580000)
  eden space 32000K, 0% used [0x9eac0000,0x9eac0000,0xa0a00000)
  from space 5376K, 99% used [0xa0a00000,0xa0f39660,0xa0f40000)
  to   space 6144K, 0% used [0xa2f40000,0xa2f40000,0xa3540000)
 ParOldGen       total 42240K, used 5802K [0x75580000, 0x77ec0000, 0x9eac0000)
  object space 42240K, 13% used [0x75580000,0x75b2ab30,0x77ec0000)
 PSPermGen       total 16384K, used 11336K [0x71580000, 0x72580000, 0x75580000)
  object space 16384K, 69% used [0x71580000,0x720922b8,0x72580000)
}
Event: 2,614 GC heap before
{Heap before GC invocations=8 (full 0):
 PSYoungGen      total 37376K, used 37349K [0x9eac0000, 0xa3540000, 0xb3580000)
  eden space 32000K, 100% used [0x9eac0000,0xa0a00000,0xa0a00000)
  from space 5376K, 99% used [0xa0a00000,0xa0f39660,0xa0f40000)
  to   space 6144K, 0% used [0xa2f40000,0xa2f40000,0xa3540000)
 ParOldGen       total 42240K, used 5802K [0x75580000, 0x77ec0000, 0x9eac0000)
  object space 42240K, 13% used [0x75580000,0x75b2ab30,0x77ec0000)
 PSPermGen       total 16384K, used 13941K [0x71580000, 0x72580000, 0x75580000)
  object space 16384K, 85% used [0x71580000,0x7231d700,0x72580000)
Event: 2,626 GC heap after
Heap after GC invocations=8 (full 0):
 PSYoungGen      total 68864K, used 6135K [0x9eac0000, 0xa37c0000, 0xb3580000)
  eden space 62720K, 0% used [0x9eac0000,0x9eac0000,0xa2800000)
  from space 6144K, 99% used [0xa2f40000,0xa353ddf0,0xa3540000)
  to   space 7424K, 0% used [0xa2800000,0xa2800000,0xa2f40000)
 ParOldGen       total 42240K, used 7106K [0x75580000, 0x77ec0000, 0x9eac0000)
  object space 42240K, 16% used [0x75580000,0x75c708b8,0x77ec0000)
 PSPermGen       total 16384K, used 13941K [0x71580000, 0x72580000, 0x75580000)
  object space 16384K, 85% used [0x71580000,0x7231d700,0x72580000)
}
Event: 3846,173 GC heap before
{Heap before GC invocations=9 (full 0):
 PSYoungGen      total 68864K, used 68855K [0x9eac0000, 0xa37c0000, 0xb3580000)
  eden space 62720K, 100% used [0x9eac0000,0xa2800000,0xa2800000)
  from space 6144K, 99% used [0xa2f40000,0xa353ddf0,0xa3540000)
  to   space 7424K, 0% used [0xa2800000,0xa2800000,0xa2f40000)
 ParOldGen       total 42240K, used 7106K [0x75580000, 0x77ec0000, 0x9eac0000)
  object space 42240K, 16% used [0x75580000,0x75c708b8,0x77ec0000)
 PSPermGen       total 16384K, used 16337K [0x71580000, 0x72580000, 0x75580000)
  object space 16384K, 99% used [0x71580000,0x725747c8,0x72580000)

