# JRE version: Java(TM) SE Runtime Environment (7.0_76-b13) (build 1.7.0_76-b13)
# Java VM: Java HotSpot(TM) Server VM (24.76-b04 mixed mode linux-x86 )
Heap
 PSYoungGen      total 18688K, used 2559K [0x9ea80000, 0x9ff40000, 0xb3540000)
  eden space 16128K, 0% used [0x9ea80000,0x9ea80000,0x9fa40000)
  from space 2560K, 99% used [0x9fcc0000,0x9ff3fff0,0x9ff40000)
  to   space 2560K, 0% used [0x9fa40000,0x9fa40000,0x9fcc0000)
 ParOldGen       total 42240K, used 2871K [0x75540000, 0x77e80000, 0x9ea80000)
  object space 42240K, 6% used [0x75540000,0x7580dc98,0x77e80000)
 PSPermGen       total 16384K, used 7535K [0x71540000, 0x72540000, 0x75540000)
  object space 16384K, 45% used [0x71540000,0x71c9be78,0x72540000)
GC Heap History (7 events):
Event: 2,261 GC heap before
{Heap before GC invocations=1 (full 0):
 PSYoungGen      total 18688K, used 16128K [0x9ea80000, 0x9ff40000, 0xb3540000)
  eden space 16128K, 100% used [0x9ea80000,0x9fa40000,0x9fa40000)
  from space 2560K, 0% used [0x9fcc0000,0x9fcc0000,0x9ff40000)
  to   space 2560K, 0% used [0x9fa40000,0x9fa40000,0x9fcc0000)
 ParOldGen       total 42240K, used 0K [0x75540000, 0x77e80000, 0x9ea80000)
  object space 42240K, 0% used [0x75540000,0x75540000,0x77e80000)
 PSPermGen       total 16384K, used 2746K [0x71540000, 0x72540000, 0x75540000)
  object space 16384K, 16% used [0x71540000,0x717eea40,0x72540000)
Event: 2,263 GC heap after
Heap after GC invocations=1 (full 0):
 PSYoungGen      total 18688K, used 1789K [0x9ea80000, 0x9ff40000, 0xb3540000)
  eden space 16128K, 0% used [0x9ea80000,0x9ea80000,0x9fa40000)
  from space 2560K, 69% used [0x9fa40000,0x9fbff578,0x9fcc0000)
  to   space 2560K, 0% used [0x9fcc0000,0x9fcc0000,0x9ff40000)
 ParOldGen       total 42240K, used 4K [0x75540000, 0x77e80000, 0x9ea80000)
  object space 42240K, 0% used [0x75540000,0x75541000,0x77e80000)
 PSPermGen       total 16384K, used 2746K [0x71540000, 0x72540000, 0x75540000)
  object space 16384K, 16% used [0x71540000,0x717eea40,0x72540000)
}
Event: 3,303 GC heap before
{Heap before GC invocations=2 (full 0):
 PSYoungGen      total 18688K, used 17917K [0x9ea80000, 0x9ff40000, 0xb3540000)
  eden space 16128K, 100% used [0x9ea80000,0x9fa40000,0x9fa40000)
  from space 2560K, 69% used [0x9fa40000,0x9fbff578,0x9fcc0000)
  to   space 2560K, 0% used [0x9fcc0000,0x9fcc0000,0x9ff40000)
 ParOldGen       total 42240K, used 4K [0x75540000, 0x77e80000, 0x9ea80000)
  object space 42240K, 0% used [0x75540000,0x75541000,0x77e80000)
 PSPermGen       total 16384K, used 5452K [0x71540000, 0x72540000, 0x75540000)
  object space 16384K, 33% used [0x71540000,0x71a930f8,0x72540000)
Event: 3,312 GC heap after
Heap after GC invocations=2 (full 0):
 PSYoungGen      total 18688K, used 2546K [0x9ea80000, 0x9ff40000, 0xb3540000)
  eden space 16128K, 0% used [0x9ea80000,0x9ea80000,0x9fa40000)
  from space 2560K, 99% used [0x9fcc0000,0x9ff3c850,0x9ff40000)
  to   space 2560K, 0% used [0x9fa40000,0x9fa40000,0x9fcc0000)
 ParOldGen       total 42240K, used 710K [0x75540000, 0x77e80000, 0x9ea80000)
  object space 42240K, 1% used [0x75540000,0x755f1bd8,0x77e80000)
 PSPermGen       total 16384K, used 5452K [0x71540000, 0x72540000, 0x75540000)
  object space 16384K, 33% used [0x71540000,0x71a930f8,0x72540000)
}
Event: 4,089 GC heap before
{Heap before GC invocations=3 (full 0):
 PSYoungGen      total 18688K, used 18674K [0x9ea80000, 0x9ff40000, 0xb3540000)
  eden space 16128K, 100% used [0x9ea80000,0x9fa40000,0x9fa40000)
  from space 2560K, 99% used [0x9fcc0000,0x9ff3c850,0x9ff40000)
  to   space 2560K, 0% used [0x9fa40000,0x9fa40000,0x9fcc0000)
 ParOldGen       total 42240K, used 710K [0x75540000, 0x77e80000, 0x9ea80000)
  object space 42240K, 1% used [0x75540000,0x755f1bd8,0x77e80000)
 PSPermGen       total 16384K, used 6258K [0x71540000, 0x72540000, 0x75540000)
  object space 16384K, 38% used [0x71540000,0x71b5c950,0x72540000)
Event: 4,094 GC heap after
Heap after GC invocations=3 (full 0):
 PSYoungGen      total 18688K, used 2552K [0x9ea80000, 0x9ff40000, 0xb3540000)
  eden space 16128K, 0% used [0x9ea80000,0x9ea80000,0x9fa40000)
  from space 2560K, 99% used [0x9fa40000,0x9fcbe2d8,0x9fcc0000)
  to   space 2560K, 0% used [0x9fcc0000,0x9fcc0000,0x9ff40000)
 ParOldGen       total 42240K, used 1509K [0x75540000, 0x77e80000, 0x9ea80000)
  object space 42240K, 3% used [0x75540000,0x756b97c8,0x77e80000)
 PSPermGen       total 16384K, used 6258K [0x71540000, 0x72540000, 0x75540000)
  object space 16384K, 38% used [0x71540000,0x71b5c950,0x72540000)
}
Event: 4,472 GC heap before
{Heap before GC invocations=4 (full 0):
 PSYoungGen      total 18688K, used 18680K [0x9ea80000, 0x9ff40000, 0xb3540000)
  eden space 16128K, 100% used [0x9ea80000,0x9fa40000,0x9fa40000)
  from space 2560K, 99% used [0x9fa40000,0x9fcbe2d8,0x9fcc0000)
  to   space 2560K, 0% used [0x9fcc0000,0x9fcc0000,0x9ff40000)
 ParOldGen       total 42240K, used 1509K [0x75540000, 0x77e80000, 0x9ea80000)
  object space 42240K, 3% used [0x75540000,0x756b97c8,0x77e80000)
 PSPermGen       total 16384K, used 7535K [0x71540000, 0x72540000, 0x75540000)
  object space 16384K, 45% used [0x71540000,0x71c9be78,0x72540000)

