# JRE version: Java(TM) SE Runtime Environment (7.0_76-b13) (build 1.7.0_76-b13)
# Java VM: Java HotSpot(TM) Server VM (24.76-b04 mixed mode linux-x86 )
Heap
 PSYoungGen      total 18688K, used 17270K [0x9eb00000, 0x9ffc0000, 0xb35c0000)
  eden space 16128K, 93% used [0x9eb00000,0x9f9aca60,0x9fac0000)
  from space 2560K, 87% used [0x9fac0000,0x9fcf1058,0x9fd40000)
  to   space 2560K, 0% used [0x9fd40000,0x9fd40000,0x9ffc0000)
 ParOldGen       total 42240K, used 5818K [0x755c0000, 0x77f00000, 0x9eb00000)
  object space 42240K, 13% used [0x755c0000,0x75b6e968,0x77f00000)
 PSPermGen       total 16384K, used 8223K [0x715c0000, 0x725c0000, 0x755c0000)
  object space 16384K, 50% used [0x715c0000,0x71dc7e50,0x725c0000)
GC Heap History (8 events):
Event: 1,192 GC heap before
{Heap before GC invocations=1 (full 0):
 PSYoungGen      total 18688K, used 10648K [0x9eb00000, 0x9ffc0000, 0xb35c0000)
  eden space 16128K, 66% used [0x9eb00000,0x9f566290,0x9fac0000)
  from space 2560K, 0% used [0x9fd40000,0x9fd40000,0x9ffc0000)
  to   space 2560K, 0% used [0x9fac0000,0x9fac0000,0x9fd40000)
 ParOldGen       total 42240K, used 0K [0x755c0000, 0x77f00000, 0x9eb00000)
  object space 42240K, 0% used [0x755c0000,0x755c0000,0x77f00000)
 PSPermGen       total 16384K, used 4647K [0x715c0000, 0x725c0000, 0x755c0000)
  object space 16384K, 28% used [0x715c0000,0x71a49c70,0x725c0000)
Event: 1,195 GC heap after
Heap after GC invocations=1 (full 0):
 PSYoungGen      total 18688K, used 1805K [0x9eb00000, 0x9ffc0000, 0xb35c0000)
  eden space 16128K, 0% used [0x9eb00000,0x9eb00000,0x9fac0000)
  from space 2560K, 70% used [0x9fac0000,0x9fc834d0,0x9fd40000)
  to   space 2560K, 0% used [0x9fd40000,0x9fd40000,0x9ffc0000)
 ParOldGen       total 42240K, used 4K [0x755c0000, 0x77f00000, 0x9eb00000)
  object space 42240K, 0% used [0x755c0000,0x755c1000,0x77f00000)
 PSPermGen       total 16384K, used 4647K [0x715c0000, 0x725c0000, 0x755c0000)
  object space 16384K, 28% used [0x715c0000,0x71a49c70,0x725c0000)
}
Event: 1,195 GC heap before
{Heap before GC invocations=2 (full 1):
 PSYoungGen      total 18688K, used 1805K [0x9eb00000, 0x9ffc0000, 0xb35c0000)
  eden space 16128K, 0% used [0x9eb00000,0x9eb00000,0x9fac0000)
  from space 2560K, 70% used [0x9fac0000,0x9fc834d0,0x9fd40000)
  to   space 2560K, 0% used [0x9fd40000,0x9fd40000,0x9ffc0000)
 ParOldGen       total 42240K, used 4K [0x755c0000, 0x77f00000, 0x9eb00000)
  object space 42240K, 0% used [0x755c0000,0x755c1000,0x77f00000)
 PSPermGen       total 16384K, used 4647K [0x715c0000, 0x725c0000, 0x755c0000)
  object space 16384K, 28% used [0x715c0000,0x71a49c70,0x725c0000)
Event: 1,228 GC heap after
Heap after GC invocations=2 (full 1):
 PSYoungGen      total 18688K, used 0K [0x9eb00000, 0x9ffc0000, 0xb35c0000)
  eden space 16128K, 0% used [0x9eb00000,0x9eb00000,0x9fac0000)
  from space 2560K, 0% used [0x9fac0000,0x9fac0000,0x9fd40000)
  to   space 2560K, 0% used [0x9fd40000,0x9fd40000,0x9ffc0000)
 ParOldGen       total 42240K, used 1722K [0x755c0000, 0x77f00000, 0x9eb00000)
  object space 42240K, 4% used [0x755c0000,0x7576e958,0x77f00000)
 PSPermGen       total 16384K, used 4644K [0x715c0000, 0x725c0000, 0x755c0000)
  object space 16384K, 28% used [0x715c0000,0x71a492a8,0x725c0000)
}
Event: 3,498 GC heap before
{Heap before GC invocations=3 (full 1):
 PSYoungGen      total 18688K, used 12612K [0x9eb00000, 0x9ffc0000, 0xb35c0000)
  eden space 16128K, 78% used [0x9eb00000,0x9f7513b8,0x9fac0000)
  from space 2560K, 0% used [0x9fac0000,0x9fac0000,0x9fd40000)
  to   space 2560K, 0% used [0x9fd40000,0x9fd40000,0x9ffc0000)
 ParOldGen       total 42240K, used 1722K [0x755c0000, 0x77f00000, 0x9eb00000)
  object space 42240K, 4% used [0x755c0000,0x7576e958,0x77f00000)
 PSPermGen       total 16384K, used 6660K [0x715c0000, 0x725c0000, 0x755c0000)
  object space 16384K, 40% used [0x715c0000,0x71c41020,0x725c0000)
Event: 3,500 GC heap after
Heap after GC invocations=3 (full 1):
 PSYoungGen      total 18688K, used 1697K [0x9eb00000, 0x9ffc0000, 0xb35c0000)
  eden space 16128K, 0% used [0x9eb00000,0x9eb00000,0x9fac0000)
  from space 2560K, 66% used [0x9fd40000,0x9fee8568,0x9ffc0000)
  to   space 2560K, 0% used [0x9fac0000,0x9fac0000,0x9fd40000)
 ParOldGen       total 42240K, used 1722K [0x755c0000, 0x77f00000, 0x9eb00000)
  object space 42240K, 4% used [0x755c0000,0x7576e958,0x77f00000)
 PSPermGen       total 16384K, used 6660K [0x715c0000, 0x725c0000, 0x755c0000)
  object space 16384K, 40% used [0x715c0000,0x71c41020,0x725c0000)
}
Event: 4,006 GC heap before
{Heap before GC invocations=4 (full 1):
 PSYoungGen      total 18688K, used 17825K [0x9eb00000, 0x9ffc0000, 0xb35c0000)
  eden space 16128K, 100% used [0x9eb00000,0x9fac0000,0x9fac0000)
  from space 2560K, 66% used [0x9fd40000,0x9fee8568,0x9ffc0000)
  to   space 2560K, 0% used [0x9fac0000,0x9fac0000,0x9fd40000)
 ParOldGen       total 42240K, used 1722K [0x755c0000, 0x77f00000, 0x9eb00000)
  object space 42240K, 4% used [0x755c0000,0x7576e958,0x77f00000)
 PSPermGen       total 16384K, used 7893K [0x715c0000, 0x725c0000, 0x755c0000)
  object space 16384K, 48% used [0x715c0000,0x71d75618,0x725c0000)
Event: 4,010 GC heap after
Heap after GC invocations=4 (full 1):
 PSYoungGen      total 18688K, used 2244K [0x9eb00000, 0x9ffc0000, 0xb35c0000)
  eden space 16128K, 0% used [0x9eb00000,0x9eb00000,0x9fac0000)
  from space 2560K, 87% used [0x9fac0000,0x9fcf1058,0x9fd40000)
  to   space 2560K, 0% used [0x9fd40000,0x9fd40000,0x9ffc0000)
 ParOldGen       total 42240K, used 5818K [0x755c0000, 0x77f00000, 0x9eb00000)
  object space 42240K, 13% used [0x755c0000,0x75b6e968,0x77f00000)
 PSPermGen       total 16384K, used 7893K [0x715c0000, 0x725c0000, 0x755c0000)
  object space 16384K, 48% used [0x715c0000,0x71d75618,0x725c0000)
}

