# JRE version: Java(TM) SE Runtime Environment (7.0_76-b13) (build 1.7.0_76-b13)
# Java VM: Java HotSpot(TM) Server VM (24.76-b04 mixed mode linux-x86 )
Heap
 PSYoungGen      total 34816K, used 2544K [0x9ea80000, 0xa0f00000, 0xb3540000)
  eden space 32256K, 0% used [0x9ea80000,0x9ea80000,0xa0a00000)
  from space 2560K, 99% used [0xa0a00000,0xa0c7c040,0xa0c80000)
  to   space 2560K, 0% used [0xa0c80000,0xa0c80000,0xa0f00000)
 ParOldGen       total 42240K, used 6939K [0x75540000, 0x77e80000, 0x9ea80000)
  object space 42240K, 16% used [0x75540000,0x75c06d18,0x77e80000)
 PSPermGen       total 16384K, used 9561K [0x71540000, 0x72540000, 0x75540000)
  object space 16384K, 58% used [0x71540000,0x71e96428,0x72540000)
GC Heap History (9 events):
Event: 4,974 GC heap before
{Heap before GC invocations=1 (full 0):
 PSYoungGen      total 18688K, used 16128K [0x9ea80000, 0x9ff40000, 0xb3540000)
  eden space 16128K, 100% used [0x9ea80000,0x9fa40000,0x9fa40000)
  from space 2560K, 0% used [0x9fcc0000,0x9fcc0000,0x9ff40000)
  to   space 2560K, 0% used [0x9fa40000,0x9fa40000,0x9fcc0000)
 ParOldGen       total 42240K, used 0K [0x75540000, 0x77e80000, 0x9ea80000)
  object space 42240K, 0% used [0x75540000,0x75540000,0x77e80000)
 PSPermGen       total 16384K, used 4376K [0x71540000, 0x72540000, 0x75540000)
  object space 16384K, 26% used [0x71540000,0x71986338,0x72540000)
Event: 4,984 GC heap after
Heap after GC invocations=1 (full 0):
 PSYoungGen      total 18688K, used 2559K [0x9ea80000, 0x9ff40000, 0xb3540000)
  eden space 16128K, 0% used [0x9ea80000,0x9ea80000,0x9fa40000)
  from space 2560K, 99% used [0x9fa40000,0x9fcbfce0,0x9fcc0000)
  to   space 2560K, 0% used [0x9fcc0000,0x9fcc0000,0x9ff40000)
 ParOldGen       total 42240K, used 164K [0x75540000, 0x77e80000, 0x9ea80000)
  object space 42240K, 0% used [0x75540000,0x75569110,0x77e80000)
 PSPermGen       total 16384K, used 4376K [0x71540000, 0x72540000, 0x75540000)
  object space 16384K, 26% used [0x71540000,0x71986338,0x72540000)
}
Event: 5,901 GC heap before
{Heap before GC invocations=2 (full 0):
 PSYoungGen      total 18688K, used 18687K [0x9ea80000, 0x9ff40000, 0xb3540000)
  eden space 16128K, 100% used [0x9ea80000,0x9fa40000,0x9fa40000)
  from space 2560K, 99% used [0x9fa40000,0x9fcbfce0,0x9fcc0000)
  to   space 2560K, 0% used [0x9fcc0000,0x9fcc0000,0x9ff40000)
 ParOldGen       total 42240K, used 164K [0x75540000, 0x77e80000, 0x9ea80000)
  object space 42240K, 0% used [0x75540000,0x75569110,0x77e80000)
 PSPermGen       total 16384K, used 5187K [0x71540000, 0x72540000, 0x75540000)
  object space 16384K, 31% used [0x71540000,0x71a50f90,0x72540000)
Event: 5,924 GC heap after
Heap after GC invocations=2 (full 0):
 PSYoungGen      total 18688K, used 2244K [0x9ea80000, 0xa0f00000, 0xb3540000)
  eden space 16128K, 0% used [0x9ea80000,0x9ea80000,0x9fa40000)
  from space 2560K, 87% used [0x9fcc0000,0x9fef1150,0x9ff40000)
  to   space 2560K, 0% used [0x9fa40000,0x9fa40000,0x9fcc0000)
 ParOldGen       total 42240K, used 168K [0x75540000, 0x77e80000, 0x9ea80000)
  object space 42240K, 0% used [0x75540000,0x7556a110,0x77e80000)
 PSPermGen       total 16384K, used 5187K [0x71540000, 0x72540000, 0x75540000)
  object space 16384K, 31% used [0x71540000,0x71a50f90,0x72540000)
}
Event: 6,726 GC heap before
{Heap before GC invocations=3 (full 0):
 PSYoungGen      total 18688K, used 18372K [0x9ea80000, 0xa0f00000, 0xb3540000)
  eden space 16128K, 100% used [0x9ea80000,0x9fa40000,0x9fa40000)
  from space 2560K, 87% used [0x9fcc0000,0x9fef1150,0x9ff40000)
  to   space 2560K, 0% used [0x9fa40000,0x9fa40000,0x9fcc0000)
 ParOldGen       total 42240K, used 168K [0x75540000, 0x77e80000, 0x9ea80000)
  object space 42240K, 0% used [0x75540000,0x7556a110,0x77e80000)
 PSPermGen       total 16384K, used 6563K [0x71540000, 0x72540000, 0x75540000)
  object space 16384K, 40% used [0x71540000,0x71ba8e88,0x72540000)
Event: 6,739 GC heap after
Heap after GC invocations=3 (full 0):
 PSYoungGen      total 18688K, used 2557K [0x9ea80000, 0xa0f00000, 0xb3540000)
  eden space 16128K, 0% used [0x9ea80000,0x9ea80000,0x9fa40000)
  from space 2560K, 99% used [0x9fa40000,0x9fcbf798,0x9fcc0000)
  to   space 2560K, 0% used [0xa0c80000,0xa0c80000,0xa0f00000)
 ParOldGen       total 42240K, used 1541K [0x75540000, 0x77e80000, 0x9ea80000)
  object space 42240K, 3% used [0x75540000,0x756c1570,0x77e80000)
 PSPermGen       total 16384K, used 6563K [0x71540000, 0x72540000, 0x75540000)
  object space 16384K, 40% used [0x71540000,0x71ba8e88,0x72540000)
}
Event: 7,969 GC heap before
{Heap before GC invocations=4 (full 0):
 PSYoungGen      total 18688K, used 18685K [0x9ea80000, 0xa0f00000, 0xb3540000)
  eden space 16128K, 100% used [0x9ea80000,0x9fa40000,0x9fa40000)
  from space 2560K, 99% used [0x9fa40000,0x9fcbf798,0x9fcc0000)
  to   space 2560K, 0% used [0xa0c80000,0xa0c80000,0xa0f00000)
 ParOldGen       total 42240K, used 1541K [0x75540000, 0x77e80000, 0x9ea80000)
  object space 42240K, 3% used [0x75540000,0x756c1570,0x77e80000)
 PSPermGen       total 16384K, used 7862K [0x71540000, 0x72540000, 0x75540000)
  object space 16384K, 47% used [0x71540000,0x71cedba0,0x72540000)
Event: 7,995 GC heap after
Heap after GC invocations=4 (full 0):
 PSYoungGen      total 34816K, used 2558K [0x9ea80000, 0xa0f00000, 0xb3540000)
  eden space 32256K, 0% used [0x9ea80000,0x9ea80000,0xa0a00000)
  from space 2560K, 99% used [0xa0c80000,0xa0effb50,0xa0f00000)
  to   space 2560K, 0% used [0xa0a00000,0xa0a00000,0xa0c80000)
 ParOldGen       total 42240K, used 3199K [0x75540000, 0x77e80000, 0x9ea80000)
  object space 42240K, 7% used [0x75540000,0x7585fd20,0x77e80000)
 PSPermGen       total 16384K, used 7862K [0x71540000, 0x72540000, 0x75540000)
  object space 16384K, 47% used [0x71540000,0x71cedba0,0x72540000)
}
Event: 18,961 GC heap before
{Heap before GC invocations=5 (full 0):
 PSYoungGen      total 34816K, used 34814K [0x9ea80000, 0xa0f00000, 0xb3540000)
  eden space 32256K, 100% used [0x9ea80000,0xa0a00000,0xa0a00000)
  from space 2560K, 99% used [0xa0c80000,0xa0effb50,0xa0f00000)
  to   space 2560K, 0% used [0xa0a00000,0xa0a00000,0xa0c80000)
 ParOldGen       total 42240K, used 3199K [0x75540000, 0x77e80000, 0x9ea80000)
  object space 42240K, 7% used [0x75540000,0x7585fd20,0x77e80000)
 PSPermGen       total 16384K, used 9561K [0x71540000, 0x72540000, 0x75540000)
  object space 16384K, 58% used [0x71540000,0x71e96428,0x72540000)

