# JRE version: Java(TM) SE Runtime Environment (7.0_76-b13) (build 1.7.0_76-b13)
# Java VM: Java HotSpot(TM) Server VM (24.76-b04 mixed mode linux-x86 )
Heap
 PSYoungGen      total 109568K, used 8700K [0x9eb00000, 0xa5f00000, 0xb35c0000)
  eden space 100864K, 0% used [0x9eb00000,0x9eb00000,0xa4d80000)
  from space 8704K, 99% used [0xa4d80000,0xa55ff288,0xa5600000)
  to   space 8192K, 0% used [0xa5600000,0xa5600000,0xa5e00000)
 ParOldGen       total 42240K, used 22279K [0x755c0000, 0x77f00000, 0x9eb00000)
  object space 42240K, 52% used [0x755c0000,0x76b81c60,0x77f00000)
 PSPermGen       total 16384K, used 10117K [0x715c0000, 0x725c0000, 0x755c0000)
  object space 16384K, 61% used [0x715c0000,0x71fa1458,0x725c0000)
GC Heap History (10 events):
Event: 7,128 GC heap after
Heap after GC invocations=6 (full 0):
 PSYoungGen      total 36352K, used 4573K [0x9eb00000, 0xa1480000, 0xb35c0000)
  eden space 31744K, 0% used [0x9eb00000,0x9eb00000,0xa0a00000)
  from space 4608K, 99% used [0xa0f00000,0xa1377450,0xa1380000)
  to   space 5120K, 0% used [0xa0a00000,0xa0a00000,0xa0f00000)
 ParOldGen       total 42240K, used 3583K [0x755c0000, 0x77f00000, 0x9eb00000)
  object space 42240K, 8% used [0x755c0000,0x7593fd60,0x77f00000)
 PSPermGen       total 16384K, used 8363K [0x715c0000, 0x725c0000, 0x755c0000)
  object space 16384K, 51% used [0x715c0000,0x71dead70,0x725c0000)
}
Event: 8,587 GC heap before
{Heap before GC invocations=7 (full 0):
 PSYoungGen      total 36352K, used 36317K [0x9eb00000, 0xa1480000, 0xb35c0000)
  eden space 31744K, 100% used [0x9eb00000,0xa0a00000,0xa0a00000)
  from space 4608K, 99% used [0xa0f00000,0xa1377450,0xa1380000)
  to   space 5120K, 0% used [0xa0a00000,0xa0a00000,0xa0f00000)
 ParOldGen       total 42240K, used 3583K [0x755c0000, 0x77f00000, 0x9eb00000)
  object space 42240K, 8% used [0x755c0000,0x7593fd60,0x77f00000)
 PSPermGen       total 16384K, used 8428K [0x715c0000, 0x725c0000, 0x755c0000)
  object space 16384K, 51% used [0x715c0000,0x71dfb130,0x725c0000)
Event: 8,610 GC heap after
Heap after GC invocations=7 (full 0):
 PSYoungGen      total 36864K, used 5120K [0x9eb00000, 0xa3580000, 0xb35c0000)
  eden space 31744K, 0% used [0x9eb00000,0x9eb00000,0xa0a00000)
  from space 5120K, 100% used [0xa0a00000,0xa0f00000,0xa0f00000)
  to   space 6400K, 0% used [0xa2f40000,0xa2f40000,0xa3580000)
 ParOldGen       total 42240K, used 4748K [0x755c0000, 0x77f00000, 0x9eb00000)
  object space 42240K, 11% used [0x755c0000,0x75a631a8,0x77f00000)
 PSPermGen       total 16384K, used 8428K [0x715c0000, 0x725c0000, 0x755c0000)
  object space 16384K, 51% used [0x715c0000,0x71dfb130,0x725c0000)
}
Event: 9,261 GC heap before
{Heap before GC invocations=8 (full 0):
 PSYoungGen      total 36864K, used 36864K [0x9eb00000, 0xa3580000, 0xb35c0000)
  eden space 31744K, 100% used [0x9eb00000,0xa0a00000,0xa0a00000)
  from space 5120K, 100% used [0xa0a00000,0xa0f00000,0xa0f00000)
  to   space 6400K, 0% used [0xa2f40000,0xa2f40000,0xa3580000)
 ParOldGen       total 42240K, used 4748K [0x755c0000, 0x77f00000, 0x9eb00000)
  object space 42240K, 11% used [0x755c0000,0x75a631a8,0x77f00000)
 PSPermGen       total 16384K, used 8458K [0x715c0000, 0x725c0000, 0x755c0000)
  object space 16384K, 51% used [0x715c0000,0x71e02ae8,0x725c0000)
Event: 9,273 GC heap after
Heap after GC invocations=8 (full 0):
 PSYoungGen      total 69632K, used 5184K [0x9eb00000, 0xa3600000, 0xb35c0000)
  eden space 63232K, 0% used [0x9eb00000,0x9eb00000,0xa28c0000)
  from space 6400K, 81% used [0xa2f40000,0xa3450000,0xa3580000)
  to   space 6656K, 0% used [0xa28c0000,0xa28c0000,0xa2f40000)
 ParOldGen       total 42240K, used 5906K [0x755c0000, 0x77f00000, 0x9eb00000)
  object space 42240K, 13% used [0x755c0000,0x75b849c8,0x77f00000)
 PSPermGen       total 16384K, used 8458K [0x715c0000, 0x725c0000, 0x755c0000)
  object space 16384K, 51% used [0x715c0000,0x71e02ae8,0x725c0000)
}
Event: 10,845 GC heap before
{Heap before GC invocations=9 (full 0):
 PSYoungGen      total 69632K, used 68416K [0x9eb00000, 0xa3600000, 0xb35c0000)
  eden space 63232K, 100% used [0x9eb00000,0xa28c0000,0xa28c0000)
  from space 6400K, 81% used [0xa2f40000,0xa3450000,0xa3580000)
  to   space 6656K, 0% used [0xa28c0000,0xa28c0000,0xa2f40000)
 ParOldGen       total 42240K, used 5906K [0x755c0000, 0x77f00000, 0x9eb00000)
  object space 42240K, 13% used [0x755c0000,0x75b849c8,0x77f00000)
 PSPermGen       total 16384K, used 8472K [0x715c0000, 0x725c0000, 0x755c0000)
  object space 16384K, 51% used [0x715c0000,0x71e063f0,0x725c0000)
Event: 10,858 GC heap after
Heap after GC invocations=9 (full 0):
 PSYoungGen      total 69888K, used 6656K [0x9eb00000, 0xa5e00000, 0xb35c0000)
  eden space 63232K, 0% used [0x9eb00000,0x9eb00000,0xa28c0000)
  from space 6656K, 100% used [0xa28c0000,0xa2f40000,0xa2f40000)
  to   space 8192K, 0% used [0xa5600000,0xa5600000,0xa5e00000)
 ParOldGen       total 42240K, used 7735K [0x755c0000, 0x77f00000, 0x9eb00000)
  object space 42240K, 18% used [0x755c0000,0x75d4dcd8,0x77f00000)
 PSPermGen       total 16384K, used 8472K [0x715c0000, 0x725c0000, 0x755c0000)
  object space 16384K, 51% used [0x715c0000,0x71e063f0,0x725c0000)
}
Event: 16,047 GC heap before
{Heap before GC invocations=10 (full 0):
 PSYoungGen      total 69888K, used 69888K [0x9eb00000, 0xa5e00000, 0xb35c0000)
  eden space 63232K, 100% used [0x9eb00000,0xa28c0000,0xa28c0000)
  from space 6656K, 100% used [0xa28c0000,0xa2f40000,0xa2f40000)
  to   space 8192K, 0% used [0xa5600000,0xa5600000,0xa5e00000)
 ParOldGen       total 42240K, used 7735K [0x755c0000, 0x77f00000, 0x9eb00000)
  object space 42240K, 18% used [0x755c0000,0x75d4dcd8,0x77f00000)
 PSPermGen       total 16384K, used 8908K [0x715c0000, 0x725c0000, 0x755c0000)
  object space 16384K, 54% used [0x715c0000,0x71e73078,0x725c0000)
Event: 16,069 GC heap after
Heap after GC invocations=10 (full 0):
 PSYoungGen      total 109056K, used 6401K [0x9eb00000, 0xa5f00000, 0xb35c0000)
  eden space 100864K, 0% used [0x9eb00000,0x9eb00000,0xa4d80000)
  from space 8192K, 78% used [0xa5600000,0xa5c407b0,0xa5e00000)
  to   space 8704K, 0% used [0xa4d80000,0xa4d80000,0xa5600000)
 ParOldGen       total 42240K, used 11172K [0x755c0000, 0x77f00000, 0x9eb00000)
  object space 42240K, 26% used [0x755c0000,0x760a9348,0x77f00000)
 PSPermGen       total 16384K, used 8908K [0x715c0000, 0x725c0000, 0x755c0000)
  object space 16384K, 54% used [0x715c0000,0x71e73078,0x725c0000)
}
Event: 21,781 GC heap before
{Heap before GC invocations=11 (full 0):
 PSYoungGen      total 109056K, used 107265K [0x9eb00000, 0xa5f00000, 0xb35c0000)
  eden space 100864K, 100% used [0x9eb00000,0xa4d80000,0xa4d80000)
  from space 8192K, 78% used [0xa5600000,0xa5c407b0,0xa5e00000)
  to   space 8704K, 0% used [0xa4d80000,0xa4d80000,0xa5600000)
 ParOldGen       total 42240K, used 11172K [0x755c0000, 0x77f00000, 0x9eb00000)
  object space 42240K, 26% used [0x755c0000,0x760a9348,0x77f00000)
 PSPermGen       total 16384K, used 10117K [0x715c0000, 0x725c0000, 0x755c0000)
  object space 16384K, 61% used [0x715c0000,0x71fa1458,0x725c0000)

