# JRE version: Java(TM) SE Runtime Environment (7.0_76-b13) (build 1.7.0_76-b13)
# Java VM: Java HotSpot(TM) Server VM (24.76-b04 mixed mode linux-x86 )
Heap
 PSYoungGen      total 39424K, used 0K [0x9ea80000, 0xa3140000, 0xb3540000)
  eden space 38912K, 0% used [0x9ea80000,0x9ea80000,0xa1080000)
  from space 512K, 0% used [0xa2380000,0xa2380000,0xa2400000)
  to   space 7936K, 0% used [0xa2980000,0xa2980000,0xa3140000)
 ParOldGen       total 42240K, used 12221K [0x75540000, 0x77e80000, 0x9ea80000)
  object space 42240K, 28% used [0x75540000,0x7612f400,0x77e80000)
 PSPermGen       total 16384K, used 14218K [0x71540000, 0x72540000, 0x75540000)
  object space 16384K, 86% used [0x71540000,0x72322ba0,0x72540000)
GC Heap History (10 events):
Event: 11,366 GC heap after
Heap after GC invocations=11 (full 0):
 PSYoungGen      total 30976K, used 1656K [0x9ea80000, 0xa1dc0000, 0xb3540000)
  eden space 25088K, 0% used [0x9ea80000,0x9ea80000,0xa0300000)
  from space 5888K, 28% used [0xa0300000,0xa049e020,0xa08c0000)
  to   space 6144K, 0% used [0xa17c0000,0xa17c0000,0xa1dc0000)
 ParOldGen       total 42240K, used 12171K [0x75540000, 0x77e80000, 0x9ea80000)
  object space 42240K, 28% used [0x75540000,0x76122ed0,0x77e80000)
 PSPermGen       total 16384K, used 9876K [0x71540000, 0x72540000, 0x75540000)
  object space 16384K, 60% used [0x71540000,0x71ee5358,0x72540000)
}
Event: 12,402 GC heap before
{Heap before GC invocations=12 (full 0):
 PSYoungGen      total 30976K, used 26744K [0x9ea80000, 0xa1dc0000, 0xb3540000)
  eden space 25088K, 100% used [0x9ea80000,0xa0300000,0xa0300000)
  from space 5888K, 28% used [0xa0300000,0xa049e020,0xa08c0000)
  to   space 6144K, 0% used [0xa17c0000,0xa17c0000,0xa1dc0000)
 ParOldGen       total 42240K, used 12171K [0x75540000, 0x77e80000, 0x9ea80000)
  object space 42240K, 28% used [0x75540000,0x76122ed0,0x77e80000)
 PSPermGen       total 16384K, used 10076K [0x71540000, 0x72540000, 0x75540000)
  object space 16384K, 61% used [0x71540000,0x71f17048,0x72540000)
Event: 12,414 GC heap after
Heap after GC invocations=12 (full 0):
 PSYoungGen      total 46336K, used 1338K [0x9ea80000, 0xa1dc0000, 0xb3540000)
  eden space 40192K, 0% used [0x9ea80000,0x9ea80000,0xa11c0000)
  from space 6144K, 21% used [0xa17c0000,0xa190e9a8,0xa1dc0000)
  to   space 6144K, 0% used [0xa11c0000,0xa11c0000,0xa17c0000)
 ParOldGen       total 42240K, used 13069K [0x75540000, 0x77e80000, 0x9ea80000)
  object space 42240K, 30% used [0x75540000,0x762036e0,0x77e80000)
 PSPermGen       total 16384K, used 10076K [0x71540000, 0x72540000, 0x75540000)
  object space 16384K, 61% used [0x71540000,0x71f17048,0x72540000)
}
Event: 14,557 GC heap before
{Heap before GC invocations=13 (full 0):
 PSYoungGen      total 46336K, used 41530K [0x9ea80000, 0xa1dc0000, 0xb3540000)
  eden space 40192K, 100% used [0x9ea80000,0xa11c0000,0xa11c0000)
  from space 6144K, 21% used [0xa17c0000,0xa190e9a8,0xa1dc0000)
  to   space 6144K, 0% used [0xa11c0000,0xa11c0000,0xa17c0000)
 ParOldGen       total 42240K, used 13069K [0x75540000, 0x77e80000, 0x9ea80000)
  object space 42240K, 30% used [0x75540000,0x762036e0,0x77e80000)
 PSPermGen       total 16384K, used 11739K [0x71540000, 0x72540000, 0x75540000)
  object space 16384K, 71% used [0x71540000,0x720b6c50,0x72540000)
Event: 14,567 GC heap after
Heap after GC invocations=13 (full 0):
 PSYoungGen      total 46336K, used 6135K [0x9ea80000, 0xa3880000, 0xb3540000)
  eden space 40192K, 0% used [0x9ea80000,0x9ea80000,0xa11c0000)
  from space 6144K, 99% used [0xa11c0000,0xa17bdcc0,0xa17c0000)
  to   space 7680K, 0% used [0xa3100000,0xa3100000,0xa3880000)
 ParOldGen       total 42240K, used 15002K [0x75540000, 0x77e80000, 0x9ea80000)
  object space 42240K, 35% used [0x75540000,0x763e6b10,0x77e80000)
 PSPermGen       total 16384K, used 11739K [0x71540000, 0x72540000, 0x75540000)
  object space 16384K, 71% used [0x71540000,0x720b6c50,0x72540000)
}
Event: 17,246 GC heap before
{Heap before GC invocations=14 (full 0):
 PSYoungGen      total 46336K, used 46327K [0x9ea80000, 0xa3880000, 0xb3540000)
  eden space 40192K, 100% used [0x9ea80000,0xa11c0000,0xa11c0000)
  from space 6144K, 99% used [0xa11c0000,0xa17bdcc0,0xa17c0000)
  to   space 7680K, 0% used [0xa3100000,0xa3100000,0xa3880000)
 ParOldGen       total 42240K, used 15002K [0x75540000, 0x77e80000, 0x9ea80000)
  object space 42240K, 35% used [0x75540000,0x763e6b10,0x77e80000)
 PSPermGen       total 16384K, used 14152K [0x71540000, 0x72540000, 0x75540000)
  object space 16384K, 86% used [0x71540000,0x723121f8,0x72540000)
Event: 17,253 GC heap after
Heap after GC invocations=14 (full 0):
 PSYoungGen      total 40448K, used 1293K [0x9ea80000, 0xa3280000, 0xb3540000)
  eden space 38912K, 0% used [0x9ea80000,0x9ea80000,0xa1080000)
  from space 1536K, 84% used [0xa3100000,0xa3243748,0xa3280000)
  to   space 7680K, 0% used [0xa2380000,0xa2380000,0xa2b00000)
 ParOldGen       total 42240K, used 20146K [0x75540000, 0x77e80000, 0x9ea80000)
  object space 42240K, 47% used [0x75540000,0x768ecae8,0x77e80000)
 PSPermGen       total 16384K, used 14152K [0x71540000, 0x72540000, 0x75540000)
  object space 16384K, 86% used [0x71540000,0x723121f8,0x72540000)
}
Event: 18,763 GC heap before
{Heap before GC invocations=15 (full 0):
 PSYoungGen      total 40448K, used 10294K [0x9ea80000, 0xa3280000, 0xb3540000)
  eden space 38912K, 23% used [0x9ea80000,0x9f34a3d8,0xa1080000)
  from space 1536K, 84% used [0xa3100000,0xa3243748,0xa3280000)
  to   space 7680K, 0% used [0xa2380000,0xa2380000,0xa2b00000)
 ParOldGen       total 42240K, used 20146K [0x75540000, 0x77e80000, 0x9ea80000)
  object space 42240K, 47% used [0x75540000,0x768ecae8,0x77e80000)
 PSPermGen       total 16384K, used 14250K [0x71540000, 0x72540000, 0x75540000)
  object space 16384K, 86% used [0x71540000,0x7232abb8,0x72540000)
Event: 18,768 GC heap after
Heap after GC invocations=15 (full 0):
 PSYoungGen      total 39424K, used 318K [0x9ea80000, 0xa3140000, 0xb3540000)
  eden space 38912K, 0% used [0x9ea80000,0x9ea80000,0xa1080000)
  from space 512K, 62% used [0xa2380000,0xa23cfa10,0xa2400000)
  to   space 7936K, 0% used [0xa2980000,0xa2980000,0xa3140000)
 ParOldGen       total 42240K, used 21397K [0x75540000, 0x77e80000, 0x9ea80000)
  object space 42240K, 50% used [0x75540000,0x76a25740,0x77e80000)
 PSPermGen       total 16384K, used 14250K [0x71540000, 0x72540000, 0x75540000)
  object space 16384K, 86% used [0x71540000,0x7232abb8,0x72540000)
}
Event: 18,769 GC heap before
{Heap before GC invocations=16 (full 1):
 PSYoungGen      total 39424K, used 318K [0x9ea80000, 0xa3140000, 0xb3540000)
  eden space 38912K, 0% used [0x9ea80000,0x9ea80000,0xa1080000)
  from space 512K, 62% used [0xa2380000,0xa23cfa10,0xa2400000)
  to   space 7936K, 0% used [0xa2980000,0xa2980000,0xa3140000)
 ParOldGen       total 42240K, used 21397K [0x75540000, 0x77e80000, 0x9ea80000)
  object space 42240K, 50% used [0x75540000,0x76a25740,0x77e80000)
 PSPermGen       total 16384K, used 14250K [0x71540000, 0x72540000, 0x75540000)
  object space 16384K, 86% used [0x71540000,0x7232abb8,0x72540000)

