# JRE version: Java(TM) SE Runtime Environment (7.0_76-b13) (build 1.7.0_76-b13)
# Java VM: Java HotSpot(TM) Server VM (24.76-b04 mixed mode linux-x86 )
Heap
 PSYoungGen      total 68864K, used 8696K [0x9eac0000, 0xa3740000, 0xb3580000)
  eden space 60160K, 0% used [0x9eac0000,0x9eac0000,0xa2580000)
  from space 8704K, 99% used [0xa2580000,0xa2dfe038,0xa2e00000)
  to   space 7936K, 0% used [0xa2e00000,0xa2e00000,0xa35c0000)
 ParOldGen       total 42240K, used 13852K [0x75580000, 0x77ec0000, 0x9eac0000)
  object space 42240K, 32% used [0x75580000,0x763071b8,0x77ec0000)
 PSPermGen       total 16384K, used 12521K [0x71580000, 0x72580000, 0x75580000)
  object space 16384K, 76% used [0x71580000,0x721ba650,0x72580000)
GC Heap History (10 events):
Event: 4,600 GC heap after
Heap after GC invocations=4 (full 0):
 PSYoungGen      total 34816K, used 2552K [0x9eac0000, 0xa0f40000, 0xb3580000)
  eden space 32256K, 0% used [0x9eac0000,0x9eac0000,0xa0a40000)
  from space 2560K, 99% used [0xa0cc0000,0xa0f3e050,0xa0f40000)
  to   space 2560K, 0% used [0xa0a40000,0xa0a40000,0xa0cc0000)
 ParOldGen       total 42240K, used 3035K [0x75580000, 0x77ec0000, 0x9eac0000)
  object space 42240K, 7% used [0x75580000,0x75876f20,0x77ec0000)
 PSPermGen       total 16384K, used 7806K [0x71580000, 0x72580000, 0x75580000)
  object space 16384K, 47% used [0x71580000,0x71d1f840,0x72580000)
}
Event: 8,592 GC heap before
{Heap before GC invocations=5 (full 0):
 PSYoungGen      total 34816K, used 34808K [0x9eac0000, 0xa0f40000, 0xb3580000)
  eden space 32256K, 100% used [0x9eac0000,0xa0a40000,0xa0a40000)
  from space 2560K, 99% used [0xa0cc0000,0xa0f3e050,0xa0f40000)
  to   space 2560K, 0% used [0xa0a40000,0xa0a40000,0xa0cc0000)
 ParOldGen       total 42240K, used 3035K [0x75580000, 0x77ec0000, 0x9eac0000)
  object space 42240K, 7% used [0x75580000,0x75876f20,0x77ec0000)
 PSPermGen       total 16384K, used 9190K [0x71580000, 0x72580000, 0x75580000)
  object space 16384K, 56% used [0x71580000,0x71e79968,0x72580000)
Event: 8,610 GC heap after
Heap after GC invocations=5 (full 0):
 PSYoungGen      total 33792K, used 2560K [0x9eac0000, 0xa15c0000, 0xb3580000)
  eden space 31232K, 0% used [0x9eac0000,0x9eac0000,0xa0940000)
  from space 2560K, 100% used [0xa0a40000,0xa0cc0000,0xa0cc0000)
  to   space 6400K, 0% used [0xa0f80000,0xa0f80000,0xa15c0000)
 ParOldGen       total 42240K, used 6465K [0x75580000, 0x77ec0000, 0x9eac0000)
  object space 42240K, 15% used [0x75580000,0x75bd0658,0x77ec0000)
 PSPermGen       total 16384K, used 9190K [0x71580000, 0x72580000, 0x75580000)
  object space 16384K, 56% used [0x71580000,0x71e79968,0x72580000)
}
Event: 9,465 GC heap before
{Heap before GC invocations=6 (full 0):
 PSYoungGen      total 33792K, used 33792K [0x9eac0000, 0xa15c0000, 0xb3580000)
  eden space 31232K, 100% used [0x9eac0000,0xa0940000,0xa0940000)
  from space 2560K, 100% used [0xa0a40000,0xa0cc0000,0xa0cc0000)
  to   space 6400K, 0% used [0xa0f80000,0xa0f80000,0xa15c0000)
 ParOldGen       total 42240K, used 6465K [0x75580000, 0x77ec0000, 0x9eac0000)
  object space 42240K, 15% used [0x75580000,0x75bd0658,0x77ec0000)
 PSPermGen       total 16384K, used 9489K [0x71580000, 0x72580000, 0x75580000)
  object space 16384K, 57% used [0x71580000,0x71ec44c8,0x72580000)
Event: 9,480 GC heap after
Heap after GC invocations=6 (full 0):
 PSYoungGen      total 36864K, used 5646K [0x9eac0000, 0xa35c0000, 0xb3580000)
  eden space 30464K, 0% used [0x9eac0000,0x9eac0000,0xa0880000)
  from space 6400K, 88% used [0xa0f80000,0xa1503880,0xa15c0000)
  to   space 7168K, 0% used [0xa0880000,0xa0880000,0xa0f80000)
 ParOldGen       total 42240K, used 6465K [0x75580000, 0x77ec0000, 0x9eac0000)
  object space 42240K, 15% used [0x75580000,0x75bd0658,0x77ec0000)
 PSPermGen       total 16384K, used 9489K [0x71580000, 0x72580000, 0x75580000)
  object space 16384K, 57% used [0x71580000,0x71ec44c8,0x72580000)
}
Event: 9,813 GC heap before
{Heap before GC invocations=7 (full 0):
 PSYoungGen      total 36864K, used 36110K [0x9eac0000, 0xa35c0000, 0xb3580000)
  eden space 30464K, 100% used [0x9eac0000,0xa0880000,0xa0880000)
  from space 6400K, 88% used [0xa0f80000,0xa1503880,0xa15c0000)
  to   space 7168K, 0% used [0xa0880000,0xa0880000,0xa0f80000)
 ParOldGen       total 42240K, used 6465K [0x75580000, 0x77ec0000, 0x9eac0000)
  object space 42240K, 15% used [0x75580000,0x75bd0658,0x77ec0000)
 PSPermGen       total 16384K, used 9527K [0x71580000, 0x72580000, 0x75580000)
  object space 16384K, 58% used [0x71580000,0x71ecdf38,0x72580000)
Event: 9,827 GC heap after
Heap after GC invocations=7 (full 0):
 PSYoungGen      total 37632K, used 6378K [0x9eac0000, 0xa35c0000, 0xb3580000)
  eden space 30464K, 0% used [0x9eac0000,0x9eac0000,0xa0880000)
  from space 7168K, 88% used [0xa0880000,0xa0eba810,0xa0f80000)
  to   space 7936K, 0% used [0xa2e00000,0xa2e00000,0xa35c0000)
 ParOldGen       total 42240K, used 6879K [0x75580000, 0x77ec0000, 0x9eac0000)
  object space 42240K, 16% used [0x75580000,0x75c37ec0,0x77ec0000)
 PSPermGen       total 16384K, used 9527K [0x71580000, 0x72580000, 0x75580000)
  object space 16384K, 58% used [0x71580000,0x71ecdf38,0x72580000)
}
Event: 11,236 GC heap before
{Heap before GC invocations=8 (full 0):
 PSYoungGen      total 37632K, used 36842K [0x9eac0000, 0xa35c0000, 0xb3580000)
  eden space 30464K, 100% used [0x9eac0000,0xa0880000,0xa0880000)
  from space 7168K, 88% used [0xa0880000,0xa0eba810,0xa0f80000)
  to   space 7936K, 0% used [0xa2e00000,0xa2e00000,0xa35c0000)
 ParOldGen       total 42240K, used 6879K [0x75580000, 0x77ec0000, 0x9eac0000)
  object space 42240K, 16% used [0x75580000,0x75c37ec0,0x77ec0000)
 PSPermGen       total 16384K, used 10027K [0x71580000, 0x72580000, 0x75580000)
  object space 16384K, 61% used [0x71580000,0x71f4af10,0x72580000)
Event: 11,250 GC heap after
Heap after GC invocations=8 (full 0):
 PSYoungGen      total 68096K, used 7351K [0x9eac0000, 0xa3740000, 0xb3580000)
  eden space 60160K, 0% used [0x9eac0000,0x9eac0000,0xa2580000)
  from space 7936K, 92% used [0xa2e00000,0xa352dc20,0xa35c0000)
  to   space 8704K, 0% used [0xa2580000,0xa2580000,0xa2e00000)
 ParOldGen       total 42240K, used 7771K [0x75580000, 0x77ec0000, 0x9eac0000)
  object space 42240K, 18% used [0x75580000,0x75d16f00,0x77ec0000)
 PSPermGen       total 16384K, used 10027K [0x71580000, 0x72580000, 0x75580000)
  object space 16384K, 61% used [0x71580000,0x71f4af10,0x72580000)
}
Event: 16,185 GC heap before
{Heap before GC invocations=9 (full 0):
 PSYoungGen      total 68096K, used 67511K [0x9eac0000, 0xa3740000, 0xb3580000)
  eden space 60160K, 100% used [0x9eac0000,0xa2580000,0xa2580000)
  from space 7936K, 92% used [0xa2e00000,0xa352dc20,0xa35c0000)
  to   space 8704K, 0% used [0xa2580000,0xa2580000,0xa2e00000)
 ParOldGen       total 42240K, used 7771K [0x75580000, 0x77ec0000, 0x9eac0000)
  object space 42240K, 18% used [0x75580000,0x75d16f00,0x77ec0000)
 PSPermGen       total 16384K, used 12521K [0x71580000, 0x72580000, 0x75580000)
  object space 16384K, 76% used [0x71580000,0x721ba650,0x72580000)

