# JRE version: Java(TM) SE Runtime Environment (7.0_76-b13) (build 1.7.0_76-b13)
# Java VM: Java HotSpot(TM) Server VM (24.76-b04 mixed mode linux-x86 )
Heap
 PSYoungGen      total 23552K, used 1717K [0x9ea80000, 0xa0640000, 0xb3540000)
  eden space 18688K, 0% used [0x9ea80000,0x9ea80000,0x9fcc0000)
  from space 4864K, 35% used [0xa0180000,0xa032d698,0xa0640000)
  to   space 1792K, 0% used [0x9fd40000,0x9fd40000,0x9ff00000)
 ParOldGen       total 42240K, used 12044K [0x75540000, 0x77e80000, 0x9ea80000)
  object space 42240K, 28% used [0x75540000,0x76103360,0x77e80000)
 PSPermGen       total 18688K, used 18659K [0x71540000, 0x72780000, 0x75540000)
  object space 18688K, 99% used [0x71540000,0x72778d00,0x72780000)
GC Heap History (10 events):
Event: 16,367 GC heap after
Heap after GC invocations=9 (full 0):
 PSYoungGen      total 17920K, used 3040K [0x9ea80000, 0xa0740000, 0xb3540000)
  eden space 14848K, 0% used [0x9ea80000,0x9ea80000,0x9f900000)
  from space 3072K, 98% used [0xa0000000,0xa02f8138,0xa0300000)
  to   space 4352K, 0% used [0xa0300000,0xa0300000,0xa0740000)
 ParOldGen       total 42240K, used 7645K [0x75540000, 0x77e80000, 0x9ea80000)
  object space 42240K, 18% used [0x75540000,0x75cb7520,0x77e80000)
 PSPermGen       total 16384K, used 13203K [0x71540000, 0x72540000, 0x75540000)
  object space 16384K, 80% used [0x71540000,0x72224ef8,0x72540000)
}
Event: 18,855 GC heap before
{Heap before GC invocations=10 (full 0):
 PSYoungGen      total 17920K, used 17888K [0x9ea80000, 0xa0740000, 0xb3540000)
  eden space 14848K, 100% used [0x9ea80000,0x9f900000,0x9f900000)
  from space 3072K, 98% used [0xa0000000,0xa02f8138,0xa0300000)
  to   space 4352K, 0% used [0xa0300000,0xa0300000,0xa0740000)
 ParOldGen       total 42240K, used 7645K [0x75540000, 0x77e80000, 0x9ea80000)
  object space 42240K, 18% used [0x75540000,0x75cb7520,0x77e80000)
 PSPermGen       total 16384K, used 14372K [0x71540000, 0x72540000, 0x75540000)
  object space 16384K, 87% used [0x71540000,0x72349390,0x72540000)
Event: 19,007 GC heap after
Heap after GC invocations=10 (full 0):
 PSYoungGen      total 24576K, used 2270K [0x9ea80000, 0xa0b40000, 0xb3540000)
  eden space 20224K, 0% used [0x9ea80000,0x9ea80000,0x9fe40000)
  from space 4352K, 52% used [0xa0300000,0xa0537b58,0xa0740000)
  to   space 4864K, 0% used [0x9fe40000,0x9fe40000,0xa0300000)
 ParOldGen       total 42240K, used 8991K [0x75540000, 0x77e80000, 0x9ea80000)
  object space 42240K, 21% used [0x75540000,0x75e07ea0,0x77e80000)
 PSPermGen       total 16384K, used 14372K [0x71540000, 0x72540000, 0x75540000)
  object space 16384K, 87% used [0x71540000,0x72349390,0x72540000)
}
Event: 23,413 GC heap before
{Heap before GC invocations=11 (full 0):
 PSYoungGen      total 24576K, used 22494K [0x9ea80000, 0xa0b40000, 0xb3540000)
  eden space 20224K, 100% used [0x9ea80000,0x9fe40000,0x9fe40000)
  from space 4352K, 52% used [0xa0300000,0xa0537b58,0xa0740000)
  to   space 4864K, 0% used [0x9fe40000,0x9fe40000,0xa0300000)
 ParOldGen       total 42240K, used 8991K [0x75540000, 0x77e80000, 0x9ea80000)
  object space 42240K, 21% used [0x75540000,0x75e07ea0,0x77e80000)
 PSPermGen       total 16384K, used 15124K [0x71540000, 0x72540000, 0x75540000)
  object space 16384K, 92% used [0x71540000,0x724050b0,0x72540000)
Event: 23,417 GC heap after
Heap after GC invocations=11 (full 0):
 PSYoungGen      total 22016K, used 2234K [0x9ea80000, 0xa0740000, 0xb3540000)
  eden space 19712K, 0% used [0x9ea80000,0x9ea80000,0x9fdc0000)
  from space 2304K, 96% used [0x9fe40000,0xa006ea88,0xa0080000)
  to   space 4864K, 0% used [0xa0280000,0xa0280000,0xa0740000)
 ParOldGen       total 42240K, used 10036K [0x75540000, 0x77e80000, 0x9ea80000)
  object space 42240K, 23% used [0x75540000,0x75f0d390,0x77e80000)
 PSPermGen       total 16384K, used 15124K [0x71540000, 0x72540000, 0x75540000)
  object space 16384K, 92% used [0x71540000,0x724050b0,0x72540000)
}
Event: 44,312 GC heap before
{Heap before GC invocations=12 (full 0):
 PSYoungGen      total 22016K, used 21946K [0x9ea80000, 0xa0740000, 0xb3540000)
  eden space 19712K, 100% used [0x9ea80000,0x9fdc0000,0x9fdc0000)
  from space 2304K, 96% used [0x9fe40000,0xa006ea88,0xa0080000)
  to   space 4864K, 0% used [0xa0280000,0xa0280000,0xa0740000)
 ParOldGen       total 42240K, used 10036K [0x75540000, 0x77e80000, 0x9ea80000)
  object space 42240K, 23% used [0x75540000,0x75f0d390,0x77e80000)
 PSPermGen       total 16384K, used 16239K [0x71540000, 0x72540000, 0x75540000)
  object space 16384K, 99% used [0x71540000,0x7251bcc8,0x72540000)
Event: 44,486 GC heap after
Heap after GC invocations=12 (full 0):
 PSYoungGen      total 23552K, used 1804K [0x9ea80000, 0xa06c0000, 0xb3540000)
  eden space 19200K, 0% used [0x9ea80000,0x9ea80000,0x9fd40000)
  from space 4352K, 41% used [0xa0280000,0xa04432b0,0xa06c0000)
  to   space 4864K, 0% used [0x9fd40000,0x9fd40000,0xa0200000)
 ParOldGen       total 42240K, used 11235K [0x75540000, 0x77e80000, 0x9ea80000)
  object space 42240K, 26% used [0x75540000,0x76038c68,0x77e80000)
 PSPermGen       total 16384K, used 16239K [0x71540000, 0x72540000, 0x75540000)
  object space 16384K, 99% used [0x71540000,0x7251bcc8,0x72540000)
}
Event: 76,382 GC heap before
{Heap before GC invocations=13 (full 0):
 PSYoungGen      total 23552K, used 21004K [0x9ea80000, 0xa06c0000, 0xb3540000)
  eden space 19200K, 100% used [0x9ea80000,0x9fd40000,0x9fd40000)
  from space 4352K, 41% used [0xa0280000,0xa04432b0,0xa06c0000)
  to   space 4864K, 0% used [0x9fd40000,0x9fd40000,0xa0200000)
 ParOldGen       total 42240K, used 11235K [0x75540000, 0x77e80000, 0x9ea80000)
  object space 42240K, 26% used [0x75540000,0x76038c68,0x77e80000)
 PSPermGen       total 17920K, used 17690K [0x71540000, 0x726c0000, 0x75540000)
  object space 17920K, 98% used [0x71540000,0x72686a30,0x726c0000)
Event: 76,695 GC heap after
Heap after GC invocations=13 (full 0):
 PSYoungGen      total 20480K, used 1669K [0x9ea80000, 0xa0640000, 0xb3540000)
  eden space 18688K, 0% used [0x9ea80000,0x9ea80000,0x9fcc0000)
  from space 1792K, 93% used [0x9fd40000,0x9fee1720,0x9ff00000)
  to   space 4864K, 0% used [0xa0180000,0xa0180000,0xa0640000)
 ParOldGen       total 42240K, used 11699K [0x75540000, 0x77e80000, 0x9ea80000)
  object space 42240K, 27% used [0x75540000,0x760acfd0,0x77e80000)
 PSPermGen       total 17920K, used 17690K [0x71540000, 0x726c0000, 0x75540000)
  object space 17920K, 98% used [0x71540000,0x72686a30,0x726c0000)
}
Event: 103,256 GC heap before
{Heap before GC invocations=14 (full 0):
 PSYoungGen      total 20480K, used 20357K [0x9ea80000, 0xa0640000, 0xb3540000)
  eden space 18688K, 100% used [0x9ea80000,0x9fcc0000,0x9fcc0000)
  from space 1792K, 93% used [0x9fd40000,0x9fee1720,0x9ff00000)
  to   space 4864K, 0% used [0xa0180000,0xa0180000,0xa0640000)
 ParOldGen       total 42240K, used 11699K [0x75540000, 0x77e80000, 0x9ea80000)
  object space 42240K, 27% used [0x75540000,0x760acfd0,0x77e80000)
 PSPermGen       total 18688K, used 18659K [0x71540000, 0x72780000, 0x75540000)
  object space 18688K, 99% used [0x71540000,0x72778d00,0x72780000)

