# JRE version: Java(TM) SE Runtime Environment (7.0_76-b13) (build 1.7.0_76-b13)
# Java VM: Java HotSpot(TM) Server VM (24.76-b04 mixed mode linux-x86 )
Heap
 PSYoungGen      total 110080K, used 9713K [0x9eb00000, 0xa6080000, 0xb35c0000)
  eden space 100352K, 0% used [0x9eb00000,0x9eb00000,0xa4d00000)
  from space 9728K, 99% used [0xa4d00000,0xa567c5f0,0xa5680000)
  to   space 9216K, 0% used [0xa5680000,0xa5680000,0xa5f80000)
 ParOldGen       total 42240K, used 23447K [0x755c0000, 0x77f00000, 0x9eb00000)
  object space 42240K, 55% used [0x755c0000,0x76ca5c90,0x77f00000)
 PSPermGen       total 16384K, used 13869K [0x715c0000, 0x725c0000, 0x755c0000)
  object space 16384K, 84% used [0x715c0000,0x7234b528,0x725c0000)
GC Heap History (10 events):
Event: 7,991 GC heap after
Heap after GC invocations=6 (full 0):
 PSYoungGen      total 36864K, used 4524K [0x9eb00000, 0xa1580000, 0xb35c0000)
  eden space 31744K, 0% used [0x9eb00000,0x9eb00000,0xa0a00000)
  from space 5120K, 88% used [0xa0f80000,0xa13eb070,0xa1480000)
  to   space 5632K, 0% used [0xa0a00000,0xa0a00000,0xa0f80000)
 ParOldGen       total 42240K, used 4629K [0x755c0000, 0x77f00000, 0x9eb00000)
  object space 42240K, 10% used [0x755c0000,0x75a454b8,0x77f00000)
 PSPermGen       total 16384K, used 9176K [0x715c0000, 0x725c0000, 0x755c0000)
  object space 16384K, 56% used [0x715c0000,0x71eb63b8,0x725c0000)
}
Event: 8,799 GC heap before
{Heap before GC invocations=7 (full 0):
 PSYoungGen      total 36864K, used 36268K [0x9eb00000, 0xa1580000, 0xb35c0000)
  eden space 31744K, 100% used [0x9eb00000,0xa0a00000,0xa0a00000)
  from space 5120K, 88% used [0xa0f80000,0xa13eb070,0xa1480000)
  to   space 5632K, 0% used [0xa0a00000,0xa0a00000,0xa0f80000)
 ParOldGen       total 42240K, used 4629K [0x755c0000, 0x77f00000, 0x9eb00000)
  object space 42240K, 10% used [0x755c0000,0x75a454b8,0x77f00000)
 PSPermGen       total 16384K, used 9491K [0x715c0000, 0x725c0000, 0x755c0000)
  object space 16384K, 57% used [0x715c0000,0x71f04c28,0x725c0000)
Event: 8,810 GC heap after
Heap after GC invocations=7 (full 0):
 PSYoungGen      total 37376K, used 5629K [0x9eb00000, 0xa3680000, 0xb35c0000)
  eden space 31744K, 0% used [0x9eb00000,0x9eb00000,0xa0a00000)
  from space 5632K, 99% used [0xa0a00000,0xa0f7f788,0xa0f80000)
  to   space 6912K, 0% used [0xa2fc0000,0xa2fc0000,0xa3680000)
 ParOldGen       total 42240K, used 5459K [0x755c0000, 0x77f00000, 0x9eb00000)
  object space 42240K, 12% used [0x755c0000,0x75b14cd0,0x77f00000)
 PSPermGen       total 16384K, used 9491K [0x715c0000, 0x725c0000, 0x755c0000)
  object space 16384K, 57% used [0x715c0000,0x71f04c28,0x725c0000)
}
Event: 9,122 GC heap before
{Heap before GC invocations=8 (full 0):
 PSYoungGen      total 37376K, used 37373K [0x9eb00000, 0xa3680000, 0xb35c0000)
  eden space 31744K, 100% used [0x9eb00000,0xa0a00000,0xa0a00000)
  from space 5632K, 99% used [0xa0a00000,0xa0f7f788,0xa0f80000)
  to   space 6912K, 0% used [0xa2fc0000,0xa2fc0000,0xa3680000)
 ParOldGen       total 42240K, used 5459K [0x755c0000, 0x77f00000, 0x9eb00000)
  object space 42240K, 12% used [0x755c0000,0x75b14cd0,0x77f00000)
 PSPermGen       total 16384K, used 9528K [0x715c0000, 0x725c0000, 0x755c0000)
  object space 16384K, 58% used [0x715c0000,0x71f0e240,0x725c0000)
Event: 9,131 GC heap after
Heap after GC invocations=8 (full 0):
 PSYoungGen      total 69888K, used 5904K [0x9eb00000, 0xa3780000, 0xb35c0000)
  eden space 62976K, 0% used [0x9eb00000,0x9eb00000,0xa2880000)
  from space 6912K, 85% used [0xa2fc0000,0xa3584000,0xa3680000)
  to   space 7424K, 0% used [0xa2880000,0xa2880000,0xa2fc0000)
 ParOldGen       total 42240K, used 6698K [0x755c0000, 0x77f00000, 0x9eb00000)
  object space 42240K, 15% used [0x755c0000,0x75c4aa50,0x77f00000)
 PSPermGen       total 16384K, used 9528K [0x715c0000, 0x725c0000, 0x755c0000)
  object space 16384K, 58% used [0x715c0000,0x71f0e240,0x725c0000)
}
Event: 9,578 GC heap before
{Heap before GC invocations=9 (full 0):
 PSYoungGen      total 69888K, used 68880K [0x9eb00000, 0xa3780000, 0xb35c0000)
  eden space 62976K, 100% used [0x9eb00000,0xa2880000,0xa2880000)
  from space 6912K, 85% used [0xa2fc0000,0xa3584000,0xa3680000)
  to   space 7424K, 0% used [0xa2880000,0xa2880000,0xa2fc0000)
 ParOldGen       total 42240K, used 6698K [0x755c0000, 0x77f00000, 0x9eb00000)
  object space 42240K, 15% used [0x755c0000,0x75c4aa50,0x77f00000)
 PSPermGen       total 16384K, used 9547K [0x715c0000, 0x725c0000, 0x755c0000)
  object space 16384K, 58% used [0x715c0000,0x71f12c80,0x725c0000)
Event: 9,658 GC heap after
Heap after GC invocations=9 (full 0):
 PSYoungGen      total 70400K, used 7424K [0x9eb00000, 0xa5f80000, 0xb35c0000)
  eden space 62976K, 0% used [0x9eb00000,0x9eb00000,0xa2880000)
  from space 7424K, 100% used [0xa2880000,0xa2fc0000,0xa2fc0000)
  to   space 9216K, 0% used [0xa5680000,0xa5680000,0xa5f80000)
 ParOldGen       total 42240K, used 9226K [0x755c0000, 0x77f00000, 0x9eb00000)
  object space 42240K, 21% used [0x755c0000,0x75ec2b90,0x77f00000)
 PSPermGen       total 16384K, used 9547K [0x715c0000, 0x725c0000, 0x755c0000)
  object space 16384K, 58% used [0x715c0000,0x71f12c80,0x725c0000)
}
Event: 11,378 GC heap before
{Heap before GC invocations=10 (full 0):
 PSYoungGen      total 70400K, used 70400K [0x9eb00000, 0xa5f80000, 0xb35c0000)
  eden space 62976K, 100% used [0x9eb00000,0xa2880000,0xa2880000)
  from space 7424K, 100% used [0xa2880000,0xa2fc0000,0xa2fc0000)
  to   space 9216K, 0% used [0xa5680000,0xa5680000,0xa5f80000)
 ParOldGen       total 42240K, used 9226K [0x755c0000, 0x77f00000, 0x9eb00000)
  object space 42240K, 21% used [0x755c0000,0x75ec2b90,0x77f00000)
 PSPermGen       total 16384K, used 9907K [0x715c0000, 0x725c0000, 0x755c0000)
  object space 16384K, 60% used [0x715c0000,0x71f6ceb0,0x725c0000)
Event: 11,394 GC heap after
Heap after GC invocations=10 (full 0):
 PSYoungGen      total 109568K, used 7213K [0x9eb00000, 0xa6080000, 0xb35c0000)
  eden space 100352K, 0% used [0x9eb00000,0x9eb00000,0xa4d00000)
  from space 9216K, 78% used [0xa5680000,0xa5d8b7d0,0xa5f80000)
  to   space 9728K, 0% used [0xa4d00000,0xa4d00000,0xa5680000)
 ParOldGen       total 42240K, used 13222K [0x755c0000, 0x77f00000, 0x9eb00000)
  object space 42240K, 31% used [0x755c0000,0x762a99f8,0x77f00000)
 PSPermGen       total 16384K, used 9907K [0x715c0000, 0x725c0000, 0x755c0000)
  object space 16384K, 60% used [0x715c0000,0x71f6ceb0,0x725c0000)
}
Event: 15,456 GC heap before
{Heap before GC invocations=11 (full 0):
 PSYoungGen      total 109568K, used 107565K [0x9eb00000, 0xa6080000, 0xb35c0000)
  eden space 100352K, 100% used [0x9eb00000,0xa4d00000,0xa4d00000)
  from space 9216K, 78% used [0xa5680000,0xa5d8b7d0,0xa5f80000)
  to   space 9728K, 0% used [0xa4d00000,0xa4d00000,0xa5680000)
 ParOldGen       total 42240K, used 13222K [0x755c0000, 0x77f00000, 0x9eb00000)
  object space 42240K, 31% used [0x755c0000,0x762a99f8,0x77f00000)
 PSPermGen       total 16384K, used 13869K [0x715c0000, 0x725c0000, 0x755c0000)
  object space 16384K, 84% used [0x715c0000,0x7234b528,0x725c0000)

