# JRE version: Java(TM) SE Runtime Environment (7.0_76-b13) (build 1.7.0_76-b13)
# Java VM: Java HotSpot(TM) Server VM (24.76-b04 mixed mode linux-x86 )
Heap
 PSYoungGen      total 136704K, used 11515K [0x9ea80000, 0xa7d80000, 0xb3540000)
  eden space 125184K, 0% used [0x9ea80000,0x9ea80000,0xa64c0000)
  from space 11520K, 99% used [0xa64c0000,0xa6ffeee0,0xa7000000)
  to   space 9216K, 0% used [0xa7000000,0xa7000000,0xa7900000)
 ParOldGen       total 42240K, used 23322K [0x75540000, 0x77e80000, 0x9ea80000)
  object space 42240K, 55% used [0x75540000,0x76c069d0,0x77e80000)
 PSPermGen       total 16384K, used 13869K [0x71540000, 0x72540000, 0x75540000)
  object space 16384K, 84% used [0x71540000,0x722cb4a8,0x72540000)
GC Heap History (10 events):
Event: 3,925 GC heap after
Heap after GC invocations=4 (full 0):
 PSYoungGen      total 34816K, used 2546K [0x9ea80000, 0xa0f00000, 0xb3540000)
  eden space 32256K, 0% used [0x9ea80000,0x9ea80000,0xa0a00000)
  from space 2560K, 99% used [0xa0c80000,0xa0efc860,0xa0f00000)
  to   space 2560K, 0% used [0xa0a00000,0xa0a00000,0xa0c80000)
 ParOldGen       total 42240K, used 3061K [0x75540000, 0x77e80000, 0x9ea80000)
  object space 42240K, 7% used [0x75540000,0x7583d500,0x77e80000)
 PSPermGen       total 16384K, used 7806K [0x71540000, 0x72540000, 0x75540000)
  object space 16384K, 47% used [0x71540000,0x71cdf9a0,0x72540000)
}
Event: 5,245 GC heap before
{Heap before GC invocations=5 (full 0):
 PSYoungGen      total 34816K, used 34802K [0x9ea80000, 0xa0f00000, 0xb3540000)
  eden space 32256K, 100% used [0x9ea80000,0xa0a00000,0xa0a00000)
  from space 2560K, 99% used [0xa0c80000,0xa0efc860,0xa0f00000)
  to   space 2560K, 0% used [0xa0a00000,0xa0a00000,0xa0c80000)
 ParOldGen       total 42240K, used 3061K [0x75540000, 0x77e80000, 0x9ea80000)
  object space 42240K, 7% used [0x75540000,0x7583d500,0x77e80000)
 PSPermGen       total 16384K, used 9188K [0x71540000, 0x72540000, 0x75540000)
  object space 16384K, 56% used [0x71540000,0x71e39270,0x72540000)
Event: 5,255 GC heap after
Heap after GC invocations=5 (full 0):
 PSYoungGen      total 34816K, used 2560K [0x9ea80000, 0xa3600000, 0xb3540000)
  eden space 32256K, 0% used [0x9ea80000,0x9ea80000,0xa0a00000)
  from space 2560K, 100% used [0xa0a00000,0xa0c80000,0xa0c80000)
  to   space 6400K, 0% used [0xa2fc0000,0xa2fc0000,0xa3600000)
 ParOldGen       total 42240K, used 6471K [0x75540000, 0x77e80000, 0x9ea80000)
  object space 42240K, 15% used [0x75540000,0x75b91e78,0x77e80000)
 PSPermGen       total 16384K, used 9188K [0x71540000, 0x72540000, 0x75540000)
  object space 16384K, 56% used [0x71540000,0x71e39270,0x72540000)
}
Event: 5,833 GC heap before
{Heap before GC invocations=6 (full 0):
 PSYoungGen      total 34816K, used 34816K [0x9ea80000, 0xa3600000, 0xb3540000)
  eden space 32256K, 100% used [0x9ea80000,0xa0a00000,0xa0a00000)
  from space 2560K, 100% used [0xa0a00000,0xa0c80000,0xa0c80000)
  to   space 6400K, 0% used [0xa2fc0000,0xa2fc0000,0xa3600000)
 ParOldGen       total 42240K, used 6471K [0x75540000, 0x77e80000, 0x9ea80000)
  object space 42240K, 15% used [0x75540000,0x75b91e78,0x77e80000)
 PSPermGen       total 16384K, used 9493K [0x71540000, 0x72540000, 0x75540000)
  object space 16384K, 57% used [0x71540000,0x71e85400,0x72540000)
Event: 5,848 GC heap after
Heap after GC invocations=6 (full 0):
 PSYoungGen      total 70144K, used 5914K [0x9ea80000, 0xa3780000, 0xb3540000)
  eden space 63744K, 0% used [0x9ea80000,0x9ea80000,0xa28c0000)
  from space 6400K, 92% used [0xa2fc0000,0xa3586b98,0xa3600000)
  to   space 7168K, 0% used [0xa28c0000,0xa28c0000,0xa2fc0000)
 ParOldGen       total 42240K, used 6471K [0x75540000, 0x77e80000, 0x9ea80000)
  object space 42240K, 15% used [0x75540000,0x75b91e78,0x77e80000)
 PSPermGen       total 16384K, used 9493K [0x71540000, 0x72540000, 0x75540000)
  object space 16384K, 57% used [0x71540000,0x71e85400,0x72540000)
}
Event: 6,323 GC heap before
{Heap before GC invocations=7 (full 0):
 PSYoungGen      total 70144K, used 69658K [0x9ea80000, 0xa3780000, 0xb3540000)
  eden space 63744K, 100% used [0x9ea80000,0xa28c0000,0xa28c0000)
  from space 6400K, 92% used [0xa2fc0000,0xa3586b98,0xa3600000)
  to   space 7168K, 0% used [0xa28c0000,0xa28c0000,0xa2fc0000)
 ParOldGen       total 42240K, used 6471K [0x75540000, 0x77e80000, 0x9ea80000)
  object space 42240K, 15% used [0x75540000,0x75b91e78,0x77e80000)
 PSPermGen       total 16384K, used 9538K [0x71540000, 0x72540000, 0x75540000)
  object space 16384K, 58% used [0x71540000,0x71e90948,0x72540000)
Event: 6,340 GC heap after
Heap after GC invocations=7 (full 0):
 PSYoungGen      total 70912K, used 7162K [0x9ea80000, 0xa7900000, 0xb3540000)
  eden space 63744K, 0% used [0x9ea80000,0x9ea80000,0xa28c0000)
  from space 7168K, 99% used [0xa28c0000,0xa2fbe810,0xa2fc0000)
  to   space 9216K, 0% used [0xa7000000,0xa7000000,0xa7900000)
 ParOldGen       total 42240K, used 8357K [0x75540000, 0x77e80000, 0x9ea80000)
  object space 42240K, 19% used [0x75540000,0x75d695c8,0x77e80000)
 PSPermGen       total 16384K, used 9538K [0x71540000, 0x72540000, 0x75540000)
  object space 16384K, 58% used [0x71540000,0x71e90948,0x72540000)
}
Event: 6,715 GC heap before
{Heap before GC invocations=8 (full 0):
 PSYoungGen      total 70912K, used 70906K [0x9ea80000, 0xa7900000, 0xb3540000)
  eden space 63744K, 100% used [0x9ea80000,0xa28c0000,0xa28c0000)
  from space 7168K, 99% used [0xa28c0000,0xa2fbe810,0xa2fc0000)
  to   space 9216K, 0% used [0xa7000000,0xa7000000,0xa7900000)
 ParOldGen       total 42240K, used 8357K [0x75540000, 0x77e80000, 0x9ea80000)
  object space 42240K, 19% used [0x75540000,0x75d695c8,0x77e80000)
 PSPermGen       total 16384K, used 9551K [0x71540000, 0x72540000, 0x75540000)
  object space 16384K, 58% used [0x71540000,0x71e93dc0,0x72540000)
Event: 6,733 GC heap after
Heap after GC invocations=8 (full 0):
 PSYoungGen      total 134400K, used 9216K [0x9ea80000, 0xa7d80000, 0xb3540000)
  eden space 125184K, 0% used [0x9ea80000,0x9ea80000,0xa64c0000)
  from space 9216K, 100% used [0xa7000000,0xa7900000,0xa7900000)
  to   space 11520K, 0% used [0xa64c0000,0xa64c0000,0xa7000000)
 ParOldGen       total 42240K, used 10395K [0x75540000, 0x77e80000, 0x9ea80000)
  object space 42240K, 24% used [0x75540000,0x75f66fe8,0x77e80000)
 PSPermGen       total 16384K, used 9551K [0x71540000, 0x72540000, 0x75540000)
  object space 16384K, 58% used [0x71540000,0x71e93dc0,0x72540000)
}
Event: 9,729 GC heap before
{Heap before GC invocations=9 (full 0):
 PSYoungGen      total 134400K, used 134400K [0x9ea80000, 0xa7d80000, 0xb3540000)
  eden space 125184K, 100% used [0x9ea80000,0xa64c0000,0xa64c0000)
  from space 9216K, 100% used [0xa7000000,0xa7900000,0xa7900000)
  to   space 11520K, 0% used [0xa64c0000,0xa64c0000,0xa7000000)
 ParOldGen       total 42240K, used 10395K [0x75540000, 0x77e80000, 0x9ea80000)
  object space 42240K, 24% used [0x75540000,0x75f66fe8,0x77e80000)
 PSPermGen       total 16384K, used 13869K [0x71540000, 0x72540000, 0x75540000)
  object space 16384K, 84% used [0x71540000,0x722cb4a8,0x72540000)

