# JRE version: Java(TM) SE Runtime Environment (7.0_76-b13) (build 1.7.0_76-b13)
# Java VM: Java HotSpot(TM) Server VM (24.76-b04 mixed mode linux-x86 )
Heap
 PSYoungGen      total 34816K, used 2552K [0x9ea80000, 0xa0f00000, 0xb3540000)
  eden space 32256K, 0% used [0x9ea80000,0x9ea80000,0xa0a00000)
  from space 2560K, 99% used [0xa0a00000,0xa0c7e010,0xa0c80000)
  to   space 2560K, 0% used [0xa0c80000,0xa0c80000,0xa0f00000)
 ParOldGen       total 42240K, used 7839K [0x75540000, 0x77e80000, 0x9ea80000)
  object space 42240K, 18% used [0x75540000,0x75ce7dd8,0x77e80000)
 PSPermGen       total 16384K, used 9514K [0x71540000, 0x72540000, 0x75540000)
  object space 16384K, 58% used [0x71540000,0x71e8a8f8,0x72540000)
GC Heap History (9 events):
Event: 3,017 GC heap before
{Heap before GC invocations=1 (full 0):
 PSYoungGen      total 18688K, used 16128K [0x9ea80000, 0x9ff40000, 0xb3540000)
  eden space 16128K, 100% used [0x9ea80000,0x9fa40000,0x9fa40000)
  from space 2560K, 0% used [0x9fcc0000,0x9fcc0000,0x9ff40000)
  to   space 2560K, 0% used [0x9fa40000,0x9fa40000,0x9fcc0000)
 ParOldGen       total 42240K, used 0K [0x75540000, 0x77e80000, 0x9ea80000)
  object space 42240K, 0% used [0x75540000,0x75540000,0x77e80000)
 PSPermGen       total 16384K, used 4376K [0x71540000, 0x72540000, 0x75540000)
  object space 16384K, 26% used [0x71540000,0x71986338,0x72540000)
Event: 3,020 GC heap after
Heap after GC invocations=1 (full 0):
 PSYoungGen      total 18688K, used 2551K [0x9ea80000, 0x9ff40000, 0xb3540000)
  eden space 16128K, 0% used [0x9ea80000,0x9ea80000,0x9fa40000)
  from space 2560K, 99% used [0x9fa40000,0x9fcbdcd0,0x9fcc0000)
  to   space 2560K, 0% used [0x9fcc0000,0x9fcc0000,0x9ff40000)
 ParOldGen       total 42240K, used 196K [0x75540000, 0x77e80000, 0x9ea80000)
  object space 42240K, 0% used [0x75540000,0x75571228,0x77e80000)
 PSPermGen       total 16384K, used 4376K [0x71540000, 0x72540000, 0x75540000)
  object space 16384K, 26% used [0x71540000,0x71986338,0x72540000)
}
Event: 3,746 GC heap before
{Heap before GC invocations=2 (full 0):
 PSYoungGen      total 18688K, used 18679K [0x9ea80000, 0x9ff40000, 0xb3540000)
  eden space 16128K, 100% used [0x9ea80000,0x9fa40000,0x9fa40000)
  from space 2560K, 99% used [0x9fa40000,0x9fcbdcd0,0x9fcc0000)
  to   space 2560K, 0% used [0x9fcc0000,0x9fcc0000,0x9ff40000)
 ParOldGen       total 42240K, used 196K [0x75540000, 0x77e80000, 0x9ea80000)
  object space 42240K, 0% used [0x75540000,0x75571228,0x77e80000)
 PSPermGen       total 16384K, used 5187K [0x71540000, 0x72540000, 0x75540000)
  object space 16384K, 31% used [0x71540000,0x71a50f90,0x72540000)
Event: 3,761 GC heap after
Heap after GC invocations=2 (full 0):
 PSYoungGen      total 18688K, used 2245K [0x9ea80000, 0xa0f00000, 0xb3540000)
  eden space 16128K, 0% used [0x9ea80000,0x9ea80000,0x9fa40000)
  from space 2560K, 87% used [0x9fcc0000,0x9fef15e8,0x9ff40000)
  to   space 2560K, 0% used [0x9fa40000,0x9fa40000,0x9fcc0000)
 ParOldGen       total 42240K, used 200K [0x75540000, 0x77e80000, 0x9ea80000)
  object space 42240K, 0% used [0x75540000,0x75572228,0x77e80000)
 PSPermGen       total 16384K, used 5187K [0x71540000, 0x72540000, 0x75540000)
  object space 16384K, 31% used [0x71540000,0x71a50f90,0x72540000)
}
Event: 4,248 GC heap before
{Heap before GC invocations=3 (full 0):
 PSYoungGen      total 18688K, used 18373K [0x9ea80000, 0xa0f00000, 0xb3540000)
  eden space 16128K, 100% used [0x9ea80000,0x9fa40000,0x9fa40000)
  from space 2560K, 87% used [0x9fcc0000,0x9fef15e8,0x9ff40000)
  to   space 2560K, 0% used [0x9fa40000,0x9fa40000,0x9fcc0000)
 ParOldGen       total 42240K, used 200K [0x75540000, 0x77e80000, 0x9ea80000)
  object space 42240K, 0% used [0x75540000,0x75572228,0x77e80000)
 PSPermGen       total 16384K, used 6558K [0x71540000, 0x72540000, 0x75540000)
  object space 16384K, 40% used [0x71540000,0x71ba78e8,0x72540000)
Event: 4,256 GC heap after
Heap after GC invocations=3 (full 0):
 PSYoungGen      total 18688K, used 2545K [0x9ea80000, 0xa0f00000, 0xb3540000)
  eden space 16128K, 0% used [0x9ea80000,0x9ea80000,0x9fa40000)
  from space 2560K, 99% used [0x9fa40000,0x9fcbc4d0,0x9fcc0000)
  to   space 2560K, 0% used [0xa0c80000,0xa0c80000,0xa0f00000)
 ParOldGen       total 42240K, used 1581K [0x75540000, 0x77e80000, 0x9ea80000)
  object space 42240K, 3% used [0x75540000,0x756cb7a0,0x77e80000)
 PSPermGen       total 16384K, used 6558K [0x71540000, 0x72540000, 0x75540000)
  object space 16384K, 40% used [0x71540000,0x71ba78e8,0x72540000)
}
Event: 4,744 GC heap before
{Heap before GC invocations=4 (full 0):
 PSYoungGen      total 18688K, used 18673K [0x9ea80000, 0xa0f00000, 0xb3540000)
  eden space 16128K, 100% used [0x9ea80000,0x9fa40000,0x9fa40000)
  from space 2560K, 99% used [0x9fa40000,0x9fcbc4d0,0x9fcc0000)
  to   space 2560K, 0% used [0xa0c80000,0xa0c80000,0xa0f00000)
 ParOldGen       total 42240K, used 1581K [0x75540000, 0x77e80000, 0x9ea80000)
  object space 42240K, 3% used [0x75540000,0x756cb7a0,0x77e80000)
 PSPermGen       total 16384K, used 7860K [0x71540000, 0x72540000, 0x75540000)
  object space 16384K, 47% used [0x71540000,0x71ced140,0x72540000)
Event: 4,753 GC heap after
Heap after GC invocations=4 (full 0):
 PSYoungGen      total 34816K, used 2544K [0x9ea80000, 0xa0f00000, 0xb3540000)
  eden space 32256K, 0% used [0x9ea80000,0x9ea80000,0xa0a00000)
  from space 2560K, 99% used [0xa0c80000,0xa0efc040,0xa0f00000)
  to   space 2560K, 0% used [0xa0a00000,0xa0a00000,0xa0c80000)
 ParOldGen       total 42240K, used 3264K [0x75540000, 0x77e80000, 0x9ea80000)
  object space 42240K, 7% used [0x75540000,0x75870308,0x77e80000)
 PSPermGen       total 16384K, used 7860K [0x71540000, 0x72540000, 0x75540000)
  object space 16384K, 47% used [0x71540000,0x71ced140,0x72540000)
}
Event: 10,094 GC heap before
{Heap before GC invocations=5 (full 0):
 PSYoungGen      total 34816K, used 34800K [0x9ea80000, 0xa0f00000, 0xb3540000)
  eden space 32256K, 100% used [0x9ea80000,0xa0a00000,0xa0a00000)
  from space 2560K, 99% used [0xa0c80000,0xa0efc040,0xa0f00000)
  to   space 2560K, 0% used [0xa0a00000,0xa0a00000,0xa0c80000)
 ParOldGen       total 42240K, used 3264K [0x75540000, 0x77e80000, 0x9ea80000)
  object space 42240K, 7% used [0x75540000,0x75870308,0x77e80000)
 PSPermGen       total 16384K, used 9514K [0x71540000, 0x72540000, 0x75540000)
  object space 16384K, 58% used [0x71540000,0x71e8a8f8,0x72540000)

