# JRE version: Java(TM) SE Runtime Environment (7.0_76-b13) (build 1.7.0_76-b13)
# Java VM: Java HotSpot(TM) Server VM (24.76-b04 mixed mode linux-x86 )
Heap
 PSYoungGen      total 137728K, used 8695K [0x9ea80000, 0xa7c80000, 0xb3540000)
  eden space 127488K, 0% used [0x9ea80000,0x9ea80000,0xa6700000)
  from space 10240K, 84% used [0xa7280000,0xa7afdde0,0xa7c80000)
  to   space 7680K, 0% used [0xa6700000,0xa6700000,0xa6e80000)
 ParOldGen       total 42240K, used 10533K [0x75540000, 0x77e80000, 0x9ea80000)
  object space 42240K, 24% used [0x75540000,0x75f89428,0x77e80000)
 PSPermGen       total 38144K, used 24614K [0x71540000, 0x73a80000, 0x75540000)
  object space 38144K, 64% used [0x71540000,0x72d49ab8,0x73a80000)
GC Heap History (10 events):
Event: 1,220 GC heap after
Heap after GC invocations=4 (full 0):
 PSYoungGen      total 67072K, used 2551K [0x9ea80000, 0xa2e80000, 0xb3540000)
  eden space 64512K, 0% used [0x9ea80000,0x9ea80000,0xa2980000)
  from space 2560K, 99% used [0xa2c00000,0xa2e7de98,0xa2e80000)
  to   space 2560K, 0% used [0xa2980000,0xa2980000,0xa2c00000)
 ParOldGen       total 42240K, used 3094K [0x75540000, 0x77e80000, 0x9ea80000)
  object space 42240K, 7% used [0x75540000,0x75845920,0x77e80000)
 PSPermGen       total 16384K, used 9202K [0x71540000, 0x72540000, 0x75540000)
  object space 16384K, 56% used [0x71540000,0x71e3cb80,0x72540000)
}
Event: 1,761 GC heap before
{Heap before GC invocations=5 (full 0):
 PSYoungGen      total 67072K, used 67063K [0x9ea80000, 0xa2e80000, 0xb3540000)
  eden space 64512K, 100% used [0x9ea80000,0xa2980000,0xa2980000)
  from space 2560K, 99% used [0xa2c00000,0xa2e7de98,0xa2e80000)
  to   space 2560K, 0% used [0xa2980000,0xa2980000,0xa2c00000)
 ParOldGen       total 42240K, used 3094K [0x75540000, 0x77e80000, 0x9ea80000)
  object space 42240K, 7% used [0x75540000,0x75845920,0x77e80000)
 PSPermGen       total 16384K, used 12067K [0x71540000, 0x72540000, 0x75540000)
  object space 16384K, 73% used [0x71540000,0x72108f00,0x72540000)
Event: 1,770 GC heap after
Heap after GC invocations=5 (full 0):
 PSYoungGen      total 67072K, used 2559K [0x9ea80000, 0xa7480000, 0xb3540000)
  eden space 64512K, 0% used [0x9ea80000,0x9ea80000,0xa2980000)
  from space 2560K, 99% used [0xa2980000,0xa2bffcf8,0xa2c00000)
  to   space 6144K, 0% used [0xa6e80000,0xa6e80000,0xa7480000)
 ParOldGen       total 42240K, used 5969K [0x75540000, 0x77e80000, 0x9ea80000)
  object space 42240K, 14% used [0x75540000,0x75b14708,0x77e80000)
 PSPermGen       total 16384K, used 12067K [0x71540000, 0x72540000, 0x75540000)
  object space 16384K, 73% used [0x71540000,0x72108f00,0x72540000)
}
Event: 2,457 GC heap before
{Heap before GC invocations=6 (full 0):
 PSYoungGen      total 67072K, used 67071K [0x9ea80000, 0xa7480000, 0xb3540000)
  eden space 64512K, 100% used [0x9ea80000,0xa2980000,0xa2980000)
  from space 2560K, 99% used [0xa2980000,0xa2bffcf8,0xa2c00000)
  to   space 6144K, 0% used [0xa6e80000,0xa6e80000,0xa7480000)
 ParOldGen       total 42240K, used 5969K [0x75540000, 0x77e80000, 0x9ea80000)
  object space 42240K, 14% used [0x75540000,0x75b14708,0x77e80000)
 PSPermGen       total 16384K, used 15852K [0x71540000, 0x72540000, 0x75540000)
  object space 16384K, 96% used [0x71540000,0x724bb340,0x72540000)
Event: 2,467 GC heap after
Heap after GC invocations=6 (full 0):
 PSYoungGen      total 133632K, used 6130K [0x9ea80000, 0xa7780000, 0xb3540000)
  eden space 127488K, 0% used [0x9ea80000,0x9ea80000,0xa6700000)
  from space 6144K, 99% used [0xa6e80000,0xa747c838,0xa7480000)
  to   space 7680K, 0% used [0xa6700000,0xa6700000,0xa6e80000)
 ParOldGen       total 42240K, used 7265K [0x75540000, 0x77e80000, 0x9ea80000)
  object space 42240K, 17% used [0x75540000,0x75c584a0,0x77e80000)
 PSPermGen       total 16384K, used 15852K [0x71540000, 0x72540000, 0x75540000)
  object space 16384K, 96% used [0x71540000,0x724bb340,0x72540000)
}
Event: 3,510 GC heap before
{Heap before GC invocations=7 (full 0):
 PSYoungGen      total 133632K, used 106435K [0x9ea80000, 0xa7780000, 0xb3540000)
  eden space 127488K, 78% used [0x9ea80000,0xa4c745c0,0xa6700000)
  from space 6144K, 99% used [0xa6e80000,0xa747c838,0xa7480000)
  to   space 7680K, 0% used [0xa6700000,0xa6700000,0xa6e80000)
 ParOldGen       total 42240K, used 7265K [0x75540000, 0x77e80000, 0x9ea80000)
  object space 42240K, 17% used [0x75540000,0x75c584a0,0x77e80000)
 PSPermGen       total 19200K, used 19030K [0x71540000, 0x72800000, 0x75540000)
  object space 19200K, 99% used [0x71540000,0x727d5b80,0x72800000)
Event: 3,540 GC heap after
Heap after GC invocations=7 (full 0):
 PSYoungGen      total 135168K, used 7679K [0x9ea80000, 0xa7c80000, 0xb3540000)
  eden space 127488K, 0% used [0x9ea80000,0x9ea80000,0xa6700000)
  from space 7680K, 99% used [0xa6700000,0xa6e7feb8,0xa6e80000)
  to   space 10240K, 0% used [0xa7280000,0xa7280000,0xa7c80000)
 ParOldGen       total 42240K, used 9511K [0x75540000, 0x77e80000, 0x9ea80000)
  object space 42240K, 22% used [0x75540000,0x75e89e30,0x77e80000)
 PSPermGen       total 19200K, used 19030K [0x71540000, 0x72800000, 0x75540000)
  object space 19200K, 99% used [0x71540000,0x727d5b80,0x72800000)
}
Event: 3,540 GC heap before
{Heap before GC invocations=8 (full 1):
 PSYoungGen      total 135168K, used 7679K [0x9ea80000, 0xa7c80000, 0xb3540000)
  eden space 127488K, 0% used [0x9ea80000,0x9ea80000,0xa6700000)
  from space 7680K, 99% used [0xa6700000,0xa6e7feb8,0xa6e80000)
  to   space 10240K, 0% used [0xa7280000,0xa7280000,0xa7c80000)
 ParOldGen       total 42240K, used 9511K [0x75540000, 0x77e80000, 0x9ea80000)
  object space 42240K, 22% used [0x75540000,0x75e89e30,0x77e80000)
 PSPermGen       total 19200K, used 19030K [0x71540000, 0x72800000, 0x75540000)
  object space 19200K, 99% used [0x71540000,0x727d5b80,0x72800000)
Event: 3,629 GC heap after
Heap after GC invocations=8 (full 1):
 PSYoungGen      total 135168K, used 0K [0x9ea80000, 0xa7c80000, 0xb3540000)
  eden space 127488K, 0% used [0x9ea80000,0x9ea80000,0xa6700000)
  from space 7680K, 0% used [0xa6700000,0xa6700000,0xa6e80000)
  to   space 10240K, 0% used [0xa7280000,0xa7280000,0xa7c80000)
 ParOldGen       total 42240K, used 10533K [0x75540000, 0x77e80000, 0x9ea80000)
  object space 42240K, 24% used [0x75540000,0x75f89428,0x77e80000)
 PSPermGen       total 38144K, used 19020K [0x71540000, 0x73a80000, 0x75540000)
  object space 38144K, 49% used [0x71540000,0x727d30a8,0x73a80000)
}
Event: 6,028 GC heap before
{Heap before GC invocations=9 (full 1):
 PSYoungGen      total 135168K, used 127488K [0x9ea80000, 0xa7c80000, 0xb3540000)
  eden space 127488K, 100% used [0x9ea80000,0xa6700000,0xa6700000)
  from space 7680K, 0% used [0xa6700000,0xa6700000,0xa6e80000)
  to   space 10240K, 0% used [0xa7280000,0xa7280000,0xa7c80000)
 ParOldGen       total 42240K, used 10533K [0x75540000, 0x77e80000, 0x9ea80000)
  object space 42240K, 24% used [0x75540000,0x75f89428,0x77e80000)
 PSPermGen       total 38144K, used 24614K [0x71540000, 0x73a80000, 0x75540000)
  object space 38144K, 64% used [0x71540000,0x72d49ab8,0x73a80000)

