# JRE version: Java(TM) SE Runtime Environment (7.0_76-b13) (build 1.7.0_76-b13)
# Java VM: Java HotSpot(TM) Server VM (24.76-b04 mixed mode linux-x86 )
Heap
 PSYoungGen      total 43776K, used 4074K [0x9ea80000, 0xa1a40000, 0xb3540000)
  eden space 38656K, 0% used [0x9ea80000,0x9ea80000,0xa1040000)
  from space 5120K, 79% used [0xa1040000,0xa143a880,0xa1540000)
  to   space 4864K, 0% used [0xa1580000,0xa1580000,0xa1a40000)
 ParOldGen       total 42240K, used 11552K [0x75540000, 0x77e80000, 0x9ea80000)
  object space 42240K, 27% used [0x75540000,0x760881b8,0x77e80000)
 PSPermGen       total 18688K, used 18572K [0x71540000, 0x72780000, 0x75540000)
  object space 18688K, 99% used [0x71540000,0x72763038,0x72780000)
GC Heap History (10 events):
Event: 20,703 GC heap after
Heap after GC invocations=8 (full 0):
 PSYoungGen      total 20224K, used 3577K [0x9ea80000, 0xa03c0000, 0xb3540000)
  eden space 15104K, 0% used [0x9ea80000,0x9ea80000,0x9f940000)
  from space 5120K, 69% used [0x9fec0000,0xa023e420,0xa03c0000)
  to   space 5376K, 0% used [0x9f940000,0x9f940000,0x9fe80000)
 ParOldGen       total 42240K, used 6605K [0x75540000, 0x77e80000, 0x9ea80000)
  object space 42240K, 15% used [0x75540000,0x75bb37e8,0x77e80000)
 PSPermGen       total 16384K, used 11577K [0x71540000, 0x72540000, 0x75540000)
  object space 16384K, 70% used [0x71540000,0x7208e710,0x72540000)
}
Event: 21,675 GC heap before
{Heap before GC invocations=9 (full 0):
 PSYoungGen      total 20224K, used 18681K [0x9ea80000, 0xa03c0000, 0xb3540000)
  eden space 15104K, 100% used [0x9ea80000,0x9f940000,0x9f940000)
  from space 5120K, 69% used [0x9fec0000,0xa023e420,0xa03c0000)
  to   space 5376K, 0% used [0x9f940000,0x9f940000,0x9fe80000)
 ParOldGen       total 42240K, used 6605K [0x75540000, 0x77e80000, 0x9ea80000)
  object space 42240K, 15% used [0x75540000,0x75bb37e8,0x77e80000)
 PSPermGen       total 16384K, used 12354K [0x71540000, 0x72540000, 0x75540000)
  object space 16384K, 75% used [0x71540000,0x72150ad0,0x72540000)
Event: 21,778 GC heap after
Heap after GC invocations=9 (full 0):
 PSYoungGen      total 20480K, used 3145K [0x9ea80000, 0xa0c40000, 0xb3540000)
  eden space 15104K, 0% used [0x9ea80000,0x9ea80000,0x9f940000)
  from space 5376K, 58% used [0x9f940000,0x9fc52510,0x9fe80000)
  to   space 5120K, 0% used [0xa0740000,0xa0740000,0xa0c40000)
 ParOldGen       total 42240K, used 7593K [0x75540000, 0x77e80000, 0x9ea80000)
  object space 42240K, 17% used [0x75540000,0x75caa7e8,0x77e80000)
 PSPermGen       total 16384K, used 12354K [0x71540000, 0x72540000, 0x75540000)
  object space 16384K, 75% used [0x71540000,0x72150ad0,0x72540000)
}
Event: 22,464 GC heap before
{Heap before GC invocations=10 (full 0):
 PSYoungGen      total 20480K, used 18249K [0x9ea80000, 0xa0c40000, 0xb3540000)
  eden space 15104K, 100% used [0x9ea80000,0x9f940000,0x9f940000)
  from space 5376K, 58% used [0x9f940000,0x9fc52510,0x9fe80000)
  to   space 5120K, 0% used [0xa0740000,0xa0740000,0xa0c40000)
 ParOldGen       total 42240K, used 7593K [0x75540000, 0x77e80000, 0x9ea80000)
  object space 42240K, 17% used [0x75540000,0x75caa7e8,0x77e80000)
 PSPermGen       total 16384K, used 12998K [0x71540000, 0x72540000, 0x75540000)
  object space 16384K, 79% used [0x71540000,0x721f1a90,0x72540000)
Event: 22,474 GC heap after
Heap after GC invocations=10 (full 0):
 PSYoungGen      total 29184K, used 1611K [0x9ea80000, 0xa0cc0000, 0xb3540000)
  eden space 24064K, 0% used [0x9ea80000,0x9ea80000,0xa0200000)
  from space 5120K, 31% used [0xa0740000,0xa08d2c20,0xa0c40000)
  to   space 5376K, 0% used [0xa0200000,0xa0200000,0xa0740000)
 ParOldGen       total 42240K, used 9468K [0x75540000, 0x77e80000, 0x9ea80000)
  object space 42240K, 22% used [0x75540000,0x75e7f188,0x77e80000)
 PSPermGen       total 16384K, used 12998K [0x71540000, 0x72540000, 0x75540000)
  object space 16384K, 79% used [0x71540000,0x721f1a90,0x72540000)
}
Event: 23,813 GC heap before
{Heap before GC invocations=11 (full 0):
 PSYoungGen      total 29184K, used 25675K [0x9ea80000, 0xa0cc0000, 0xb3540000)
  eden space 24064K, 100% used [0x9ea80000,0xa0200000,0xa0200000)
  from space 5120K, 31% used [0xa0740000,0xa08d2c20,0xa0c40000)
  to   space 5376K, 0% used [0xa0200000,0xa0200000,0xa0740000)
 ParOldGen       total 42240K, used 9468K [0x75540000, 0x77e80000, 0x9ea80000)
  object space 42240K, 22% used [0x75540000,0x75e7f188,0x77e80000)
 PSPermGen       total 16384K, used 15008K [0x71540000, 0x72540000, 0x75540000)
  object space 16384K, 91% used [0x71540000,0x723e8350,0x72540000)
Event: 23,818 GC heap after
Heap after GC invocations=11 (full 0):
 PSYoungGen      total 29440K, used 2301K [0x9ea80000, 0xa1ac0000, 0xb3540000)
  eden space 24064K, 0% used [0x9ea80000,0x9ea80000,0xa0200000)
  from space 5376K, 42% used [0xa0200000,0xa043f470,0xa0740000)
  to   space 5376K, 0% used [0xa1580000,0xa1580000,0xa1ac0000)
 ParOldGen       total 42240K, used 10060K [0x75540000, 0x77e80000, 0x9ea80000)
  object space 42240K, 23% used [0x75540000,0x75f13368,0x77e80000)
 PSPermGen       total 16384K, used 15008K [0x71540000, 0x72540000, 0x75540000)
  object space 16384K, 91% used [0x71540000,0x723e8350,0x72540000)
}
Event: 24,784 GC heap before
{Heap before GC invocations=12 (full 0):
 PSYoungGen      total 29440K, used 26365K [0x9ea80000, 0xa1ac0000, 0xb3540000)
  eden space 24064K, 100% used [0x9ea80000,0xa0200000,0xa0200000)
  from space 5376K, 42% used [0xa0200000,0xa043f470,0xa0740000)
  to   space 5376K, 0% used [0xa1580000,0xa1580000,0xa1ac0000)
 ParOldGen       total 42240K, used 10060K [0x75540000, 0x77e80000, 0x9ea80000)
  object space 42240K, 23% used [0x75540000,0x75f13368,0x77e80000)
 PSPermGen       total 16896K, used 16838K [0x71540000, 0x725c0000, 0x75540000)
  object space 16896K, 99% used [0x71540000,0x725b1980,0x725c0000)
Event: 24,790 GC heap after
Heap after GC invocations=12 (full 0):
 PSYoungGen      total 43520K, used 2263K [0x9ea80000, 0xa1a40000, 0xb3540000)
  eden space 38656K, 0% used [0x9ea80000,0x9ea80000,0xa1040000)
  from space 4864K, 46% used [0xa1580000,0xa17b5e60,0xa1a40000)
  to   space 5120K, 0% used [0xa1040000,0xa1040000,0xa1540000)
 ParOldGen       total 42240K, used 10576K [0x75540000, 0x77e80000, 0x9ea80000)
  object space 42240K, 25% used [0x75540000,0x75f94168,0x77e80000)
 PSPermGen       total 16896K, used 16838K [0x71540000, 0x725c0000, 0x75540000)
  object space 16896K, 99% used [0x71540000,0x725b1980,0x725c0000)
}
Event: 48,311 GC heap before
{Heap before GC invocations=13 (full 0):
 PSYoungGen      total 43520K, used 40919K [0x9ea80000, 0xa1a40000, 0xb3540000)
  eden space 38656K, 100% used [0x9ea80000,0xa1040000,0xa1040000)
  from space 4864K, 46% used [0xa1580000,0xa17b5e60,0xa1a40000)
  to   space 5120K, 0% used [0xa1040000,0xa1040000,0xa1540000)
 ParOldGen       total 42240K, used 10576K [0x75540000, 0x77e80000, 0x9ea80000)
  object space 42240K, 25% used [0x75540000,0x75f94168,0x77e80000)
 PSPermGen       total 18688K, used 18572K [0x71540000, 0x72780000, 0x75540000)
  object space 18688K, 99% used [0x71540000,0x72763038,0x72780000)

