# JRE version: Java(TM) SE Runtime Environment (7.0_76-b13) (build 1.7.0_76-b13)
# Java VM: Java HotSpot(TM) Server VM (24.76-b04 mixed mode linux-x86 )
Heap
 PSYoungGen      total 70912K, used 7162K [0x9ea80000, 0xa3780000, 0xb3540000)
  eden space 63744K, 0% used [0x9ea80000,0x9ea80000,0xa28c0000)
  from space 7168K, 99% used [0xa28c0000,0xa2fbe810,0xa2fc0000)
  to   space 6400K, 0% used [0xa2fc0000,0xa2fc0000,0xa3600000)
 ParOldGen       total 42240K, used 8427K [0x75540000, 0x77e80000, 0x9ea80000)
  object space 42240K, 19% used [0x75540000,0x75d7aca0,0x77e80000)
 PSPermGen       total 16384K, used 9878K [0x71540000, 0x72540000, 0x75540000)
  object space 16384K, 60% used [0x71540000,0x71ee5ba8,0x72540000)
GC Heap History (10 events):
Event: 3,988 GC heap after
Heap after GC invocations=2 (full 0):
 PSYoungGen      total 18688K, used 2139K [0x9ea80000, 0x9ff40000, 0xb3540000)
  eden space 16128K, 0% used [0x9ea80000,0x9ea80000,0x9fa40000)
  from space 2560K, 83% used [0x9fcc0000,0x9fed6f88,0x9ff40000)
  to   space 2560K, 0% used [0x9fa40000,0x9fa40000,0x9fcc0000)
 ParOldGen       total 42240K, used 148K [0x75540000, 0x77e80000, 0x9ea80000)
  object space 42240K, 0% used [0x75540000,0x75565170,0x77e80000)
 PSPermGen       total 16384K, used 5026K [0x71540000, 0x72540000, 0x75540000)
  object space 16384K, 30% used [0x71540000,0x71a28b70,0x72540000)
}
Event: 4,264 GC heap before
{Heap before GC invocations=3 (full 0):
 PSYoungGen      total 18688K, used 18267K [0x9ea80000, 0x9ff40000, 0xb3540000)
  eden space 16128K, 100% used [0x9ea80000,0x9fa40000,0x9fa40000)
  from space 2560K, 83% used [0x9fcc0000,0x9fed6f88,0x9ff40000)
  to   space 2560K, 0% used [0x9fa40000,0x9fa40000,0x9fcc0000)
 ParOldGen       total 42240K, used 148K [0x75540000, 0x77e80000, 0x9ea80000)
  object space 42240K, 0% used [0x75540000,0x75565170,0x77e80000)
 PSPermGen       total 16384K, used 6568K [0x71540000, 0x72540000, 0x75540000)
  object space 16384K, 40% used [0x71540000,0x71baa2b0,0x72540000)
Event: 4,275 GC heap after
Heap after GC invocations=3 (full 0):
 PSYoungGen      total 18688K, used 2546K [0x9ea80000, 0xa0f00000, 0xb3540000)
  eden space 16128K, 0% used [0x9ea80000,0x9ea80000,0x9fa40000)
  from space 2560K, 99% used [0x9fa40000,0x9fcbc958,0x9fcc0000)
  to   space 2560K, 0% used [0xa0c80000,0xa0c80000,0xa0f00000)
 ParOldGen       total 42240K, used 1595K [0x75540000, 0x77e80000, 0x9ea80000)
  object space 42240K, 3% used [0x75540000,0x756cef20,0x77e80000)
 PSPermGen       total 16384K, used 6568K [0x71540000, 0x72540000, 0x75540000)
  object space 16384K, 40% used [0x71540000,0x71baa2b0,0x72540000)
}
Event: 4,839 GC heap before
{Heap before GC invocations=4 (full 0):
 PSYoungGen      total 18688K, used 18674K [0x9ea80000, 0xa0f00000, 0xb3540000)
  eden space 16128K, 100% used [0x9ea80000,0x9fa40000,0x9fa40000)
  from space 2560K, 99% used [0x9fa40000,0x9fcbc958,0x9fcc0000)
  to   space 2560K, 0% used [0xa0c80000,0xa0c80000,0xa0f00000)
 ParOldGen       total 42240K, used 1595K [0x75540000, 0x77e80000, 0x9ea80000)
  object space 42240K, 3% used [0x75540000,0x756cef20,0x77e80000)
 PSPermGen       total 16384K, used 7769K [0x71540000, 0x72540000, 0x75540000)
  object space 16384K, 47% used [0x71540000,0x71cd6788,0x72540000)
Event: 4,854 GC heap after
Heap after GC invocations=4 (full 0):
 PSYoungGen      total 34816K, used 2546K [0x9ea80000, 0xa0f00000, 0xb3540000)
  eden space 32256K, 0% used [0x9ea80000,0x9ea80000,0xa0a00000)
  from space 2560K, 99% used [0xa0c80000,0xa0efc860,0xa0f00000)
  to   space 2560K, 0% used [0xa0a00000,0xa0a00000,0xa0c80000)
 ParOldGen       total 42240K, used 3012K [0x75540000, 0x77e80000, 0x9ea80000)
  object space 42240K, 7% used [0x75540000,0x75831068,0x77e80000)
 PSPermGen       total 16384K, used 7769K [0x71540000, 0x72540000, 0x75540000)
  object space 16384K, 47% used [0x71540000,0x71cd6788,0x72540000)
}
Event: 12,254 GC heap before
{Heap before GC invocations=5 (full 0):
 PSYoungGen      total 34816K, used 34802K [0x9ea80000, 0xa0f00000, 0xb3540000)
  eden space 32256K, 100% used [0x9ea80000,0xa0a00000,0xa0a00000)
  from space 2560K, 99% used [0xa0c80000,0xa0efc860,0xa0f00000)
  to   space 2560K, 0% used [0xa0a00000,0xa0a00000,0xa0c80000)
 ParOldGen       total 42240K, used 3012K [0x75540000, 0x77e80000, 0x9ea80000)
  object space 42240K, 7% used [0x75540000,0x75831068,0x77e80000)
 PSPermGen       total 16384K, used 9172K [0x71540000, 0x72540000, 0x75540000)
  object space 16384K, 55% used [0x71540000,0x71e352d8,0x72540000)
Event: 12,366 GC heap after
Heap after GC invocations=5 (full 0):
 PSYoungGen      total 34816K, used 2546K [0x9ea80000, 0xa3600000, 0xb3540000)
  eden space 32256K, 0% used [0x9ea80000,0x9ea80000,0xa0a00000)
  from space 2560K, 99% used [0xa0a00000,0xa0c7c830,0xa0c80000)
  to   space 6400K, 0% used [0xa2fc0000,0xa2fc0000,0xa3600000)
 ParOldGen       total 42240K, used 6470K [0x75540000, 0x77e80000, 0x9ea80000)
  object space 42240K, 15% used [0x75540000,0x75b91938,0x77e80000)
 PSPermGen       total 16384K, used 9172K [0x71540000, 0x72540000, 0x75540000)
  object space 16384K, 55% used [0x71540000,0x71e352d8,0x72540000)
}
Event: 16,222 GC heap before
{Heap before GC invocations=6 (full 0):
 PSYoungGen      total 34816K, used 34802K [0x9ea80000, 0xa3600000, 0xb3540000)
  eden space 32256K, 100% used [0x9ea80000,0xa0a00000,0xa0a00000)
  from space 2560K, 99% used [0xa0a00000,0xa0c7c830,0xa0c80000)
  to   space 6400K, 0% used [0xa2fc0000,0xa2fc0000,0xa3600000)
 ParOldGen       total 42240K, used 6470K [0x75540000, 0x77e80000, 0x9ea80000)
  object space 42240K, 15% used [0x75540000,0x75b91938,0x77e80000)
 PSPermGen       total 16384K, used 9489K [0x71540000, 0x72540000, 0x75540000)
  object space 16384K, 57% used [0x71540000,0x71e844f8,0x72540000)
Event: 16,233 GC heap after
Heap after GC invocations=6 (full 0):
 PSYoungGen      total 70144K, used 5762K [0x9ea80000, 0xa3780000, 0xb3540000)
  eden space 63744K, 0% used [0x9ea80000,0x9ea80000,0xa28c0000)
  from space 6400K, 90% used [0xa2fc0000,0xa3560bb8,0xa3600000)
  to   space 7168K, 0% used [0xa28c0000,0xa28c0000,0xa2fc0000)
 ParOldGen       total 42240K, used 6474K [0x75540000, 0x77e80000, 0x9ea80000)
  object space 42240K, 15% used [0x75540000,0x75b92938,0x77e80000)
 PSPermGen       total 16384K, used 9489K [0x71540000, 0x72540000, 0x75540000)
  object space 16384K, 57% used [0x71540000,0x71e844f8,0x72540000)
}
Event: 37,639 GC heap before
{Heap before GC invocations=7 (full 0):
 PSYoungGen      total 70144K, used 69506K [0x9ea80000, 0xa3780000, 0xb3540000)
  eden space 63744K, 100% used [0x9ea80000,0xa28c0000,0xa28c0000)
  from space 6400K, 90% used [0xa2fc0000,0xa3560bb8,0xa3600000)
  to   space 7168K, 0% used [0xa28c0000,0xa28c0000,0xa2fc0000)
 ParOldGen       total 42240K, used 6474K [0x75540000, 0x77e80000, 0x9ea80000)
  object space 42240K, 15% used [0x75540000,0x75b92938,0x77e80000)
 PSPermGen       total 16384K, used 9878K [0x71540000, 0x72540000, 0x75540000)
  object space 16384K, 60% used [0x71540000,0x71ee5ba8,0x72540000)

