# JRE version: Java(TM) SE Runtime Environment (7.0_76-b13) (build 1.7.0_76-b13)
# Java VM: Java HotSpot(TM) Server VM (24.76-b04 mixed mode linux-x86 )
Heap
 PSYoungGen      total 34816K, used 2547K [0x9ea40000, 0xa0ec0000, 0xb3500000)
  eden space 32256K, 0% used [0x9ea40000,0x9ea40000,0xa09c0000)
  from space 2560K, 99% used [0xa09c0000,0xa0c3cc50,0xa0c40000)
  to   space 2560K, 0% used [0xa0c40000,0xa0c40000,0xa0ec0000)
 ParOldGen       total 42240K, used 2812K [0x75500000, 0x77e40000, 0x9ea40000)
  object space 42240K, 6% used [0x75500000,0x757bf0e0,0x77e40000)
 PSPermGen       total 16384K, used 7477K [0x71500000, 0x72500000, 0x75500000)
  object space 16384K, 45% used [0x71500000,0x71c4d540,0x72500000)
GC Heap History (5 events):
Event: 5,270 GC heap before
{Heap before GC invocations=1 (full 0):
 PSYoungGen      total 18688K, used 16128K [0x9ea40000, 0x9ff00000, 0xb3500000)
  eden space 16128K, 100% used [0x9ea40000,0x9fa00000,0x9fa00000)
  from space 2560K, 0% used [0x9fc80000,0x9fc80000,0x9ff00000)
  to   space 2560K, 0% used [0x9fa00000,0x9fa00000,0x9fc80000)
 ParOldGen       total 42240K, used 0K [0x75500000, 0x77e40000, 0x9ea40000)
  object space 42240K, 0% used [0x75500000,0x75500000,0x77e40000)
 PSPermGen       total 16384K, used 2746K [0x71500000, 0x72500000, 0x75500000)
  object space 16384K, 16% used [0x71500000,0x717aea40,0x72500000)
Event: 5,371 GC heap after
Heap after GC invocations=1 (full 0):
 PSYoungGen      total 18688K, used 1804K [0x9ea40000, 0xa0ec0000, 0xb3500000)
  eden space 16128K, 0% used [0x9ea40000,0x9ea40000,0x9fa00000)
  from space 2560K, 70% used [0x9fa00000,0x9fbc3220,0x9fc80000)
  to   space 2560K, 0% used [0xa0c40000,0xa0c40000,0xa0ec0000)
 ParOldGen       total 42240K, used 4K [0x75500000, 0x77e40000, 0x9ea40000)
  object space 42240K, 0% used [0x75500000,0x75501000,0x77e40000)
 PSPermGen       total 16384K, used 2746K [0x71500000, 0x72500000, 0x75500000)
  object space 16384K, 16% used [0x71500000,0x717aea40,0x72500000)
}
Event: 6,225 GC heap before
{Heap before GC invocations=2 (full 0):
 PSYoungGen      total 18688K, used 17932K [0x9ea40000, 0xa0ec0000, 0xb3500000)
  eden space 16128K, 100% used [0x9ea40000,0x9fa00000,0x9fa00000)
  from space 2560K, 70% used [0x9fa00000,0x9fbc3220,0x9fc80000)
  to   space 2560K, 0% used [0xa0c40000,0xa0c40000,0xa0ec0000)
 ParOldGen       total 42240K, used 4K [0x75500000, 0x77e40000, 0x9ea40000)
  object space 42240K, 0% used [0x75500000,0x75501000,0x77e40000)
 PSPermGen       total 16384K, used 5452K [0x71500000, 0x72500000, 0x75500000)
  object space 16384K, 33% used [0x71500000,0x71a530f8,0x72500000)
Event: 6,229 GC heap after
Heap after GC invocations=2 (full 0):
 PSYoungGen      total 34816K, used 2546K [0x9ea40000, 0xa0ec0000, 0xb3500000)
  eden space 32256K, 0% used [0x9ea40000,0x9ea40000,0xa09c0000)
  from space 2560K, 99% used [0xa0c40000,0xa0ebc870,0xa0ec0000)
  to   space 2560K, 0% used [0xa09c0000,0xa09c0000,0xa0c40000)
 ParOldGen       total 42240K, used 696K [0x75500000, 0x77e40000, 0x9ea40000)
  object space 42240K, 1% used [0x75500000,0x755ae358,0x77e40000)
 PSPermGen       total 16384K, used 5452K [0x71500000, 0x72500000, 0x75500000)
  object space 16384K, 33% used [0x71500000,0x71a530f8,0x72500000)
}
Event: 22,681 GC heap before
{Heap before GC invocations=3 (full 0):
 PSYoungGen      total 34816K, used 34802K [0x9ea40000, 0xa0ec0000, 0xb3500000)
  eden space 32256K, 100% used [0x9ea40000,0xa09c0000,0xa09c0000)
  from space 2560K, 99% used [0xa0c40000,0xa0ebc870,0xa0ec0000)
  to   space 2560K, 0% used [0xa09c0000,0xa09c0000,0xa0c40000)
 ParOldGen       total 42240K, used 696K [0x75500000, 0x77e40000, 0x9ea40000)
  object space 42240K, 1% used [0x75500000,0x755ae358,0x77e40000)
 PSPermGen       total 16384K, used 7477K [0x71500000, 0x72500000, 0x75500000)
  object space 16384K, 45% used [0x71500000,0x71c4d540,0x72500000)

