# JRE version: Java(TM) SE Runtime Environment (7.0_76-b13) (build 1.7.0_76-b13)
# Java VM: Java HotSpot(TM) Server VM (24.76-b04 mixed mode linux-x86 )
Heap
 PSYoungGen      total 87040K, used 2638K [0x9ea40000, 0xa4900000, 0xb3500000)
  eden space 77056K, 0% used [0x9ea40000,0x9ea40000,0xa3580000)
  from space 9984K, 26% used [0xa3f40000,0xa41d3808,0xa4900000)
  to   space 5376K, 0% used [0xa38c0000,0xa38c0000,0xa3e00000)
 ParOldGen       total 42240K, used 33627K [0x75500000, 0x77e40000, 0x9ea40000)
  object space 42240K, 79% used [0x75500000,0x775d6d00,0x77e40000)
 PSPermGen       total 16384K, used 14258K [0x71500000, 0x72500000, 0x75500000)
  object space 16384K, 87% used [0x71500000,0x722eca70,0x72500000)
GC Heap History (10 events):
Event: 7,577 GC heap after
Heap after GC invocations=9 (full 0):
 PSYoungGen      total 36864K, used 4384K [0x9ea40000, 0xa2640000, 0xb3500000)
  eden space 31232K, 0% used [0x9ea40000,0x9ea40000,0xa08c0000)
  from space 5632K, 77% used [0xa08c0000,0xa0d08000,0xa0e40000)
  to   space 5632K, 0% used [0xa20c0000,0xa20c0000,0xa2640000)
 ParOldGen       total 42240K, used 8106K [0x75500000, 0x77e40000, 0x9ea40000)
  object space 42240K, 19% used [0x75500000,0x75cea938,0x77e40000)
 PSPermGen       total 16384K, used 9530K [0x71500000, 0x72500000, 0x75500000)
  object space 16384K, 58% used [0x71500000,0x71e4e8b8,0x72500000)
}
Event: 8,313 GC heap before
{Heap before GC invocations=10 (full 0):
 PSYoungGen      total 36864K, used 35616K [0x9ea40000, 0xa2640000, 0xb3500000)
  eden space 31232K, 100% used [0x9ea40000,0xa08c0000,0xa08c0000)
  from space 5632K, 77% used [0xa08c0000,0xa0d08000,0xa0e40000)
  to   space 5632K, 0% used [0xa20c0000,0xa20c0000,0xa2640000)
 ParOldGen       total 42240K, used 8106K [0x75500000, 0x77e40000, 0x9ea40000)
  object space 42240K, 19% used [0x75500000,0x75cea938,0x77e40000)
 PSPermGen       total 16384K, used 9540K [0x71500000, 0x72500000, 0x75500000)
  object space 16384K, 58% used [0x71500000,0x71e513e0,0x72500000)
Event: 8,323 GC heap after
Heap after GC invocations=10 (full 0):
 PSYoungGen      total 55808K, used 4240K [0x9ea40000, 0xa2640000, 0xb3500000)
  eden space 50176K, 0% used [0x9ea40000,0x9ea40000,0xa1b40000)
  from space 5632K, 75% used [0xa20c0000,0xa24e4000,0xa2640000)
  to   space 5632K, 0% used [0xa1b40000,0xa1b40000,0xa20c0000)
 ParOldGen       total 42240K, used 10627K [0x75500000, 0x77e40000, 0x9ea40000)
  object space 42240K, 25% used [0x75500000,0x75f60ef8,0x77e40000)
 PSPermGen       total 16384K, used 9540K [0x71500000, 0x72500000, 0x75500000)
  object space 16384K, 58% used [0x71500000,0x71e513e0,0x72500000)
}
Event: 9,440 GC heap before
{Heap before GC invocations=11 (full 0):
 PSYoungGen      total 55808K, used 54416K [0x9ea40000, 0xa2640000, 0xb3500000)
  eden space 50176K, 100% used [0x9ea40000,0xa1b40000,0xa1b40000)
  from space 5632K, 75% used [0xa20c0000,0xa24e4000,0xa2640000)
  to   space 5632K, 0% used [0xa1b40000,0xa1b40000,0xa20c0000)
 ParOldGen       total 42240K, used 10627K [0x75500000, 0x77e40000, 0x9ea40000)
  object space 42240K, 25% used [0x75500000,0x75f60ef8,0x77e40000)
 PSPermGen       total 16384K, used 9554K [0x71500000, 0x72500000, 0x75500000)
  object space 16384K, 58% used [0x71500000,0x71e54988,0x72500000)
Event: 9,456 GC heap after
Heap after GC invocations=11 (full 0):
 PSYoungGen      total 55808K, used 3504K [0x9ea40000, 0xa43c0000, 0xb3500000)
  eden space 50176K, 0% used [0x9ea40000,0x9ea40000,0xa1b40000)
  from space 5632K, 62% used [0xa1b40000,0xa1eac000,0xa20c0000)
  to   space 5632K, 0% used [0xa3e40000,0xa3e40000,0xa43c0000)
 ParOldGen       total 42240K, used 14341K [0x75500000, 0x77e40000, 0x9ea40000)
  object space 42240K, 33% used [0x75500000,0x76301580,0x77e40000)
 PSPermGen       total 16384K, used 9554K [0x71500000, 0x72500000, 0x75500000)
  object space 16384K, 58% used [0x71500000,0x71e54988,0x72500000)
}
Event: 11,748 GC heap before
{Heap before GC invocations=12 (full 0):
 PSYoungGen      total 55808K, used 53680K [0x9ea40000, 0xa43c0000, 0xb3500000)
  eden space 50176K, 100% used [0x9ea40000,0xa1b40000,0xa1b40000)
  from space 5632K, 62% used [0xa1b40000,0xa1eac000,0xa20c0000)
  to   space 5632K, 0% used [0xa3e40000,0xa3e40000,0xa43c0000)
 ParOldGen       total 42240K, used 14341K [0x75500000, 0x77e40000, 0x9ea40000)
  object space 42240K, 33% used [0x75500000,0x76301580,0x77e40000)
 PSPermGen       total 16384K, used 9906K [0x71500000, 0x72500000, 0x75500000)
  object space 16384K, 60% used [0x71500000,0x71eac960,0x72500000)
Event: 11,756 GC heap after
Heap after GC invocations=12 (full 0):
 PSYoungGen      total 85504K, used 3335K [0x9ea40000, 0xa4340000, 0xb3500000)
  eden space 80384K, 0% used [0x9ea40000,0x9ea40000,0xa38c0000)
  from space 5120K, 65% used [0xa3e40000,0xa4181f30,0xa4340000)
  to   space 5376K, 0% used [0xa38c0000,0xa38c0000,0xa3e00000)
 ParOldGen       total 42240K, used 17303K [0x75500000, 0x77e40000, 0x9ea40000)
  object space 42240K, 40% used [0x75500000,0x765e5f28,0x77e40000)
 PSPermGen       total 16384K, used 9906K [0x71500000, 0x72500000, 0x75500000)
  object space 16384K, 60% used [0x71500000,0x71eac960,0x72500000)
}
Event: 18,559 GC heap before
{Heap before GC invocations=13 (full 0):
 PSYoungGen      total 85504K, used 83719K [0x9ea40000, 0xa4340000, 0xb3500000)
  eden space 80384K, 100% used [0x9ea40000,0xa38c0000,0xa38c0000)
  from space 5120K, 65% used [0xa3e40000,0xa4181f30,0xa4340000)
  to   space 5376K, 0% used [0xa38c0000,0xa38c0000,0xa3e00000)
 ParOldGen       total 42240K, used 17303K [0x75500000, 0x77e40000, 0x9ea40000)
  object space 42240K, 40% used [0x75500000,0x765e5f28,0x77e40000)
 PSPermGen       total 16384K, used 11362K [0x71500000, 0x72500000, 0x75500000)
  object space 16384K, 69% used [0x71500000,0x72018918,0x72500000)
Event: 18,656 GC heap after
Heap after GC invocations=13 (full 0):
 PSYoungGen      total 82432K, used 5363K [0x9ea40000, 0xa4900000, 0xb3500000)
  eden space 77056K, 0% used [0x9ea40000,0x9ea40000,0xa3580000)
  from space 5376K, 99% used [0xa38c0000,0xa3dfce88,0xa3e00000)
  to   space 9984K, 0% used [0xa3f40000,0xa3f40000,0xa4900000)
 ParOldGen       total 42240K, used 28286K [0x75500000, 0x77e40000, 0x9ea40000)
  object space 42240K, 66% used [0x75500000,0x7709fa50,0x77e40000)
 PSPermGen       total 16384K, used 11362K [0x71500000, 0x72500000, 0x75500000)
  object space 16384K, 69% used [0x71500000,0x72018918,0x72500000)
}
Event: 48,604 GC heap before
{Heap before GC invocations=14 (full 0):
 PSYoungGen      total 82432K, used 82419K [0x9ea40000, 0xa4900000, 0xb3500000)
  eden space 77056K, 100% used [0x9ea40000,0xa3580000,0xa3580000)
  from space 5376K, 99% used [0xa38c0000,0xa3dfce88,0xa3e00000)
  to   space 9984K, 0% used [0xa3f40000,0xa3f40000,0xa4900000)
 ParOldGen       total 42240K, used 28286K [0x75500000, 0x77e40000, 0x9ea40000)
  object space 42240K, 66% used [0x75500000,0x7709fa50,0x77e40000)
 PSPermGen       total 16384K, used 14258K [0x71500000, 0x72500000, 0x75500000)
  object space 16384K, 87% used [0x71500000,0x722eca70,0x72500000)

