# JRE version: Java(TM) SE Runtime Environment (7.0_76-b13) (build 1.7.0_76-b13)
# Java VM: Java HotSpot(TM) Server VM (24.76-b04 mixed mode linux-x86 )
Heap
 PSYoungGen      total 37376K, used 5296K [0x9ea40000, 0xa1440000, 0xb3500000)
  eden space 32000K, 0% used [0x9ea40000,0x9ea40000,0xa0980000)
  from space 5376K, 98% used [0xa0980000,0xa0eac298,0xa0ec0000)
  to   space 5120K, 0% used [0xa0ec0000,0xa0ec0000,0xa13c0000)
 ParOldGen       total 42240K, used 5878K [0x75500000, 0x77e40000, 0x9ea40000)
  object space 42240K, 13% used [0x75500000,0x75abd9c0,0x77e40000)
 PSPermGen       total 16384K, used 11350K [0x71500000, 0x72500000, 0x75500000)
  object space 16384K, 69% used [0x71500000,0x72015a80,0x72500000)
GC Heap History (10 events):
Event: 4,619 GC heap after
Heap after GC invocations=2 (full 0):
 PSYoungGen      total 18688K, used 2551K [0x9ea40000, 0x9ff00000, 0xb3500000)
  eden space 16128K, 0% used [0x9ea40000,0x9ea40000,0x9fa00000)
  from space 2560K, 99% used [0x9fc80000,0x9fefddb8,0x9ff00000)
  to   space 2560K, 0% used [0x9fa00000,0x9fa00000,0x9fc80000)
 ParOldGen       total 42240K, used 907K [0x75500000, 0x77e40000, 0x9ea40000)
  object space 42240K, 2% used [0x75500000,0x755e2d20,0x77e40000)
 PSPermGen       total 16384K, used 5453K [0x71500000, 0x72500000, 0x75500000)
  object space 16384K, 33% used [0x71500000,0x71a53598,0x72500000)
}
Event: 6,460 GC heap before
{Heap before GC invocations=3 (full 0):
 PSYoungGen      total 18688K, used 18679K [0x9ea40000, 0x9ff00000, 0xb3500000)
  eden space 16128K, 100% used [0x9ea40000,0x9fa00000,0x9fa00000)
  from space 2560K, 99% used [0x9fc80000,0x9fefddb8,0x9ff00000)
  to   space 2560K, 0% used [0x9fa00000,0x9fa00000,0x9fc80000)
 ParOldGen       total 42240K, used 907K [0x75500000, 0x77e40000, 0x9ea40000)
  object space 42240K, 2% used [0x75500000,0x755e2d20,0x77e40000)
 PSPermGen       total 16384K, used 6563K [0x71500000, 0x72500000, 0x75500000)
  object space 16384K, 40% used [0x71500000,0x71b68e40,0x72500000)
Event: 6,465 GC heap after
Heap after GC invocations=3 (full 0):
 PSYoungGen      total 18688K, used 2544K [0x9ea40000, 0x9ff00000, 0xb3500000)
  eden space 16128K, 0% used [0x9ea40000,0x9ea40000,0x9fa00000)
  from space 2560K, 99% used [0x9fa00000,0x9fc7c050,0x9fc80000)
  to   space 2560K, 0% used [0x9fc80000,0x9fc80000,0x9ff00000)
 ParOldGen       total 42240K, used 1838K [0x75500000, 0x77e40000, 0x9ea40000)
  object space 42240K, 4% used [0x75500000,0x756cb9d0,0x77e40000)
 PSPermGen       total 16384K, used 6563K [0x71500000, 0x72500000, 0x75500000)
  object space 16384K, 40% used [0x71500000,0x71b68e40,0x72500000)
}
Event: 6,864 GC heap before
{Heap before GC invocations=4 (full 0):
 PSYoungGen      total 18688K, used 18672K [0x9ea40000, 0x9ff00000, 0xb3500000)
  eden space 16128K, 100% used [0x9ea40000,0x9fa00000,0x9fa00000)
  from space 2560K, 99% used [0x9fa00000,0x9fc7c050,0x9fc80000)
  to   space 2560K, 0% used [0x9fc80000,0x9fc80000,0x9ff00000)
 ParOldGen       total 42240K, used 1838K [0x75500000, 0x77e40000, 0x9ea40000)
  object space 42240K, 4% used [0x75500000,0x756cb9d0,0x77e40000)
 PSPermGen       total 16384K, used 7972K [0x71500000, 0x72500000, 0x75500000)
  object space 16384K, 48% used [0x71500000,0x71cc92e8,0x72500000)
Event: 6,975 GC heap after
Heap after GC invocations=4 (full 0):
 PSYoungGen      total 18688K, used 2544K [0x9ea40000, 0xa0ec0000, 0xb3500000)
  eden space 16128K, 0% used [0x9ea40000,0x9ea40000,0x9fa00000)
  from space 2560K, 99% used [0x9fc80000,0x9fefc060,0x9ff00000)
  to   space 2560K, 0% used [0x9fa00000,0x9fa00000,0x9fc80000)
 ParOldGen       total 42240K, used 3173K [0x75500000, 0x77e40000, 0x9ea40000)
  object space 42240K, 7% used [0x75500000,0x758196f8,0x77e40000)
 PSPermGen       total 16384K, used 7972K [0x71500000, 0x72500000, 0x75500000)
  object space 16384K, 48% used [0x71500000,0x71cc92e8,0x72500000)
}
Event: 7,538 GC heap before
{Heap before GC invocations=5 (full 0):
 PSYoungGen      total 18688K, used 18672K [0x9ea40000, 0xa0ec0000, 0xb3500000)
  eden space 16128K, 100% used [0x9ea40000,0x9fa00000,0x9fa00000)
  from space 2560K, 99% used [0x9fc80000,0x9fefc060,0x9ff00000)
  to   space 2560K, 0% used [0x9fa00000,0x9fa00000,0x9fc80000)
 ParOldGen       total 42240K, used 3173K [0x75500000, 0x77e40000, 0x9ea40000)
  object space 42240K, 7% used [0x75500000,0x758196f8,0x77e40000)
 PSPermGen       total 16384K, used 8656K [0x71500000, 0x72500000, 0x75500000)
  object space 16384K, 52% used [0x71500000,0x71d74228,0x72500000)
Event: 7,544 GC heap after
Heap after GC invocations=5 (full 0):
 PSYoungGen      total 18688K, used 2552K [0x9ea40000, 0xa13c0000, 0xb3500000)
  eden space 16128K, 0% used [0x9ea40000,0x9ea40000,0x9fa00000)
  from space 2560K, 99% used [0x9fa00000,0x9fc7e070,0x9fc80000)
  to   space 5120K, 0% used [0xa0ec0000,0xa0ec0000,0xa13c0000)
 ParOldGen       total 42240K, used 4766K [0x75500000, 0x77e40000, 0x9ea40000)
  object space 42240K, 11% used [0x75500000,0x759a78f0,0x77e40000)
 PSPermGen       total 16384K, used 8656K [0x71500000, 0x72500000, 0x75500000)
  object space 16384K, 52% used [0x71500000,0x71d74228,0x72500000)
}
Event: 7,888 GC heap before
{Heap before GC invocations=6 (full 0):
 PSYoungGen      total 18688K, used 18680K [0x9ea40000, 0xa13c0000, 0xb3500000)
  eden space 16128K, 100% used [0x9ea40000,0x9fa00000,0x9fa00000)
  from space 2560K, 99% used [0x9fa00000,0x9fc7e070,0x9fc80000)
  to   space 5120K, 0% used [0xa0ec0000,0xa0ec0000,0xa13c0000)
 ParOldGen       total 42240K, used 4766K [0x75500000, 0x77e40000, 0x9ea40000)
  object space 42240K, 11% used [0x75500000,0x759a78f0,0x77e40000)
 PSPermGen       total 16384K, used 9310K [0x71500000, 0x72500000, 0x75500000)
  object space 16384K, 56% used [0x71500000,0x71e17b60,0x72500000)
Event: 7,988 GC heap after
Heap after GC invocations=6 (full 0):
 PSYoungGen      total 37120K, used 4218K [0x9ea40000, 0xa1440000, 0xb3500000)
  eden space 32000K, 0% used [0x9ea40000,0x9ea40000,0xa0980000)
  from space 5120K, 82% used [0xa0ec0000,0xa12de890,0xa13c0000)
  to   space 5376K, 0% used [0xa0980000,0xa0980000,0xa0ec0000)
 ParOldGen       total 42240K, used 4770K [0x75500000, 0x77e40000, 0x9ea40000)
  object space 42240K, 11% used [0x75500000,0x759a88f0,0x77e40000)
 PSPermGen       total 16384K, used 9310K [0x71500000, 0x72500000, 0x75500000)
  object space 16384K, 56% used [0x71500000,0x71e17b60,0x72500000)
}
Event: 9,773 GC heap before
{Heap before GC invocations=7 (full 0):
 PSYoungGen      total 37120K, used 36218K [0x9ea40000, 0xa1440000, 0xb3500000)
  eden space 32000K, 100% used [0x9ea40000,0xa0980000,0xa0980000)
  from space 5120K, 82% used [0xa0ec0000,0xa12de890,0xa13c0000)
  to   space 5376K, 0% used [0xa0980000,0xa0980000,0xa0ec0000)
 ParOldGen       total 42240K, used 4770K [0x75500000, 0x77e40000, 0x9ea40000)
  object space 42240K, 11% used [0x75500000,0x759a88f0,0x77e40000)
 PSPermGen       total 16384K, used 11350K [0x71500000, 0x72500000, 0x75500000)
  object space 16384K, 69% used [0x71500000,0x72015a80,0x72500000)

