# JRE version: Java(TM) SE Runtime Environment (7.0_76-b13) (build 1.7.0_76-b13)
# Java VM: Java HotSpot(TM) Server VM (24.76-b04 mixed mode linux-x86 )
Heap
 PSYoungGen      total 71680K, used 5283K [0x9ea80000, 0xa3800000, 0xb3540000)
  eden space 64256K, 0% used [0x9ea80000,0x9ea80000,0xa2940000)
  from space 7424K, 71% used [0xa2940000,0xa2e68ee8,0xa3080000)
  to   space 7168K, 0% used [0xa3080000,0xa3080000,0xa3780000)
 ParOldGen       total 42240K, used 8239K [0x75540000, 0x77e80000, 0x9ea80000)
  object space 42240K, 19% used [0x75540000,0x75d4bdf0,0x77e80000)
 PSPermGen       total 16384K, used 11386K [0x71540000, 0x72540000, 0x75540000)
  object space 16384K, 69% used [0x71540000,0x7205eb78,0x72540000)
GC Heap History (10 events):
Event: 4,349 GC heap after
Heap after GC invocations=2 (full 0):
 PSYoungGen      total 18688K, used 2236K [0x9ea80000, 0xa0f00000, 0xb3540000)
  eden space 16128K, 0% used [0x9ea80000,0x9ea80000,0x9fa40000)
  from space 2560K, 87% used [0x9fcc0000,0x9feef140,0x9ff40000)
  to   space 2560K, 0% used [0x9fa40000,0x9fa40000,0x9fcc0000)
 ParOldGen       total 42240K, used 182K [0x75540000, 0x77e80000, 0x9ea80000)
  object space 42240K, 0% used [0x75540000,0x7556daa0,0x77e80000)
 PSPermGen       total 16384K, used 5187K [0x71540000, 0x72540000, 0x75540000)
  object space 16384K, 31% used [0x71540000,0x71a50f90,0x72540000)
}
Event: 4,685 GC heap before
{Heap before GC invocations=3 (full 0):
 PSYoungGen      total 18688K, used 18364K [0x9ea80000, 0xa0f00000, 0xb3540000)
  eden space 16128K, 100% used [0x9ea80000,0x9fa40000,0x9fa40000)
  from space 2560K, 87% used [0x9fcc0000,0x9feef140,0x9ff40000)
  to   space 2560K, 0% used [0x9fa40000,0x9fa40000,0x9fcc0000)
 ParOldGen       total 42240K, used 182K [0x75540000, 0x77e80000, 0x9ea80000)
  object space 42240K, 0% used [0x75540000,0x7556daa0,0x77e80000)
 PSPermGen       total 16384K, used 6554K [0x71540000, 0x72540000, 0x75540000)
  object space 16384K, 40% used [0x71540000,0x71ba6860,0x72540000)
Event: 4,701 GC heap after
Heap after GC invocations=3 (full 0):
 PSYoungGen      total 18688K, used 2553K [0x9ea80000, 0xa0f00000, 0xb3540000)
  eden space 16128K, 0% used [0x9ea80000,0x9ea80000,0x9fa40000)
  from space 2560K, 99% used [0x9fa40000,0x9fcbe4e0,0x9fcc0000)
  to   space 2560K, 0% used [0xa0c80000,0xa0c80000,0xa0f00000)
 ParOldGen       total 42240K, used 1529K [0x75540000, 0x77e80000, 0x9ea80000)
  object space 42240K, 3% used [0x75540000,0x756be448,0x77e80000)
 PSPermGen       total 16384K, used 6554K [0x71540000, 0x72540000, 0x75540000)
  object space 16384K, 40% used [0x71540000,0x71ba6860,0x72540000)
}
Event: 5,245 GC heap before
{Heap before GC invocations=4 (full 0):
 PSYoungGen      total 18688K, used 18681K [0x9ea80000, 0xa0f00000, 0xb3540000)
  eden space 16128K, 100% used [0x9ea80000,0x9fa40000,0x9fa40000)
  from space 2560K, 99% used [0x9fa40000,0x9fcbe4e0,0x9fcc0000)
  to   space 2560K, 0% used [0xa0c80000,0xa0c80000,0xa0f00000)
 ParOldGen       total 42240K, used 1529K [0x75540000, 0x77e80000, 0x9ea80000)
  object space 42240K, 3% used [0x75540000,0x756be448,0x77e80000)
 PSPermGen       total 16384K, used 7855K [0x71540000, 0x72540000, 0x75540000)
  object space 16384K, 47% used [0x71540000,0x71cebef8,0x72540000)
Event: 5,266 GC heap after
Heap after GC invocations=4 (full 0):
 PSYoungGen      total 34816K, used 2555K [0x9ea80000, 0xa0f00000, 0xb3540000)
  eden space 32256K, 0% used [0x9ea80000,0x9ea80000,0xa0a00000)
  from space 2560K, 99% used [0xa0c80000,0xa0efefa0,0xa0f00000)
  to   space 2560K, 0% used [0xa0a00000,0xa0a00000,0xa0c80000)
 ParOldGen       total 42240K, used 3193K [0x75540000, 0x77e80000, 0x9ea80000)
  object space 42240K, 7% used [0x75540000,0x7585e7a8,0x77e80000)
 PSPermGen       total 16384K, used 7855K [0x71540000, 0x72540000, 0x75540000)
  object space 16384K, 47% used [0x71540000,0x71cebef8,0x72540000)
}
Event: 7,569 GC heap before
{Heap before GC invocations=5 (full 0):
 PSYoungGen      total 34816K, used 34811K [0x9ea80000, 0xa0f00000, 0xb3540000)
  eden space 32256K, 100% used [0x9ea80000,0xa0a00000,0xa0a00000)
  from space 2560K, 99% used [0xa0c80000,0xa0efefa0,0xa0f00000)
  to   space 2560K, 0% used [0xa0a00000,0xa0a00000,0xa0c80000)
 ParOldGen       total 42240K, used 3193K [0x75540000, 0x77e80000, 0x9ea80000)
  object space 42240K, 7% used [0x75540000,0x7585e7a8,0x77e80000)
 PSPermGen       total 16384K, used 9506K [0x71540000, 0x72540000, 0x75540000)
  object space 16384K, 58% used [0x71540000,0x71e88818,0x72540000)
Event: 7,590 GC heap after
Heap after GC invocations=5 (full 0):
 PSYoungGen      total 34816K, used 2544K [0x9ea80000, 0xa3780000, 0xb3540000)
  eden space 32256K, 0% used [0x9ea80000,0x9ea80000,0xa0a00000)
  from space 2560K, 99% used [0xa0a00000,0xa0c7c148,0xa0c80000)
  to   space 7168K, 0% used [0xa3080000,0xa3080000,0xa3780000)
 ParOldGen       total 42240K, used 7478K [0x75540000, 0x77e80000, 0x9ea80000)
  object space 42240K, 17% used [0x75540000,0x75c8d9c8,0x77e80000)
 PSPermGen       total 16384K, used 9506K [0x71540000, 0x72540000, 0x75540000)
  object space 16384K, 58% used [0x71540000,0x71e88818,0x72540000)
}
Event: 34,174 GC heap before
{Heap before GC invocations=6 (full 0):
 PSYoungGen      total 34816K, used 34800K [0x9ea80000, 0xa3780000, 0xb3540000)
  eden space 32256K, 100% used [0x9ea80000,0xa0a00000,0xa0a00000)
  from space 2560K, 99% used [0xa0a00000,0xa0c7c148,0xa0c80000)
  to   space 7168K, 0% used [0xa3080000,0xa3080000,0xa3780000)
 ParOldGen       total 42240K, used 7478K [0x75540000, 0x77e80000, 0x9ea80000)
  object space 42240K, 17% used [0x75540000,0x75c8d9c8,0x77e80000)
 PSPermGen       total 16384K, used 11180K [0x71540000, 0x72540000, 0x75540000)
  object space 16384K, 68% used [0x71540000,0x7202b188,0x72540000)
Event: 34,283 GC heap after
Heap after GC invocations=6 (full 0):
 PSYoungGen      total 71424K, used 5590K [0x9ea80000, 0xa3800000, 0xb3540000)
  eden space 64256K, 0% used [0x9ea80000,0x9ea80000,0xa2940000)
  from space 7168K, 77% used [0xa3080000,0xa35f5b48,0xa3780000)
  to   space 7424K, 0% used [0xa2940000,0xa2940000,0xa3080000)
 ParOldGen       total 42240K, used 7482K [0x75540000, 0x77e80000, 0x9ea80000)
  object space 42240K, 17% used [0x75540000,0x75c8e9c8,0x77e80000)
 PSPermGen       total 16384K, used 11180K [0x71540000, 0x72540000, 0x75540000)
  object space 16384K, 68% used [0x71540000,0x7202b188,0x72540000)
}
Event: 344,842 GC heap before
{Heap before GC invocations=7 (full 0):
 PSYoungGen      total 71424K, used 69846K [0x9ea80000, 0xa3800000, 0xb3540000)
  eden space 64256K, 100% used [0x9ea80000,0xa2940000,0xa2940000)
  from space 7168K, 77% used [0xa3080000,0xa35f5b48,0xa3780000)
  to   space 7424K, 0% used [0xa2940000,0xa2940000,0xa3080000)
 ParOldGen       total 42240K, used 7482K [0x75540000, 0x77e80000, 0x9ea80000)
  object space 42240K, 17% used [0x75540000,0x75c8e9c8,0x77e80000)
 PSPermGen       total 16384K, used 11386K [0x71540000, 0x72540000, 0x75540000)
  object space 16384K, 69% used [0x71540000,0x7205eb78,0x72540000)

